Creating search space using parameters ['ffn_num_layers', 'dropout', 'depth', 'linked_hidden_size'].
No manual trials loaded as part of hyperparameter search
Initiating trial with seed 0
Loaded 0 previous trials
Parameters assigned with random search, 50 random trials remaining
Trial results with seed 0
{'depth': 5, 'dropout': 0.1, 'ffn_num_layers': 1, 'linked_hidden_size': 1700}
num params: 6,278,112
0.83225414563775 +/- 0.0 auc
Initiating trial with seed 1
Loaded 1 previous trials
Parameters assigned with random search, 49 random trials remaining
Trial results with seed 1
{'depth': 3, 'dropout': 0.2, 'ffn_num_layers': 2, 'linked_hidden_size': 1400}
num params: 6,291,612
0.8394160758589995 +/- 0.0 auc
Initiating trial with seed 2
Loaded 2 previous trials
Parameters assigned with random search, 48 random trials remaining
Trial results with seed 2
{'depth': 5, 'dropout': 0.15000000000000002, 'ffn_num_layers': 1, 'linked_hidden_size': 1600}
num params: 5,588,812
0.8270779132244027 +/- 0.0 auc
Initiating trial with seed 3
Loaded 3 previous trials
Parameters assigned with random search, 47 random trials remaining
Trial results with seed 3
{'depth': 5, 'dropout': 0.05, 'ffn_num_layers': 2, 'linked_hidden_size': 2200}
num params: 15,166,812
0.8270707373779769 +/- 0.0 auc
Initiating trial with seed 4
Loaded 4 previous trials
Parameters assigned with random search, 46 random trials remaining
Trial results with seed 4
{'depth': 5, 'dropout': 0.05, 'ffn_num_layers': 2, 'linked_hidden_size': 700}
num params: 1,675,812
0.832584900423125 +/- 0.0 auc
Initiating trial with seed 5
Loaded 5 previous trials
Parameters assigned with random search, 45 random trials remaining
Trial results with seed 5
{'depth': 4, 'dropout': 0.2, 'ffn_num_layers': 1, 'linked_hidden_size': 1600}
num params: 5,588,812
0.8235852988508912 +/- 0.0 auc
Initiating trial with seed 6
Loaded 6 previous trials
Parameters assigned with random search, 44 random trials remaining
Trial results with seed 6
{'depth': 4, 'dropout': 0.4, 'ffn_num_layers': 1, 'linked_hidden_size': 1700}
num params: 6,278,112
0.8228311662059286 +/- 0.0 auc
Initiating trial with seed 7
Loaded 7 previous trials
Parameters assigned with random search, 43 random trials remaining
Trial results with seed 7
{'depth': 5, 'dropout': 0.25, 'ffn_num_layers': 2, 'linked_hidden_size': 800}
num params: 2,155,212
0.838436852429822 +/- 0.0 auc
Initiating trial with seed 8
Loaded 8 previous trials
Parameters assigned with random search, 42 random trials remaining
Trial results with seed 8
{'depth': 5, 'dropout': 0.4, 'ffn_num_layers': 1, 'linked_hidden_size': 1400}
num params: 4,330,212
0.8302237438926006 +/- 0.0 auc
Initiating trial with seed 9
Loaded 9 previous trials
Parameters assigned with random search, 41 random trials remaining
Trial results with seed 9
{'depth': 3, 'dropout': 0.05, 'ffn_num_layers': 3, 'linked_hidden_size': 1500}
num params: 9,442,512
0.8472399441737201 +/- 0.0 auc
Initiating trial with seed 10
Loaded 10 previous trials
Parameters assigned with random search, 40 random trials remaining
Trial results with seed 10
{'depth': 3, 'dropout': 0.35000000000000003, 'ffn_num_layers': 2, 'linked_hidden_size': 2100}
num params: 13,847,412
0.8459230507723942 +/- 0.0 auc
Initiating trial with seed 11
Loaded 11 previous trials
Parameters assigned with random search, 39 random trials remaining
Trial results with seed 11
{'depth': 4, 'dropout': 0.25, 'ffn_num_layers': 2, 'linked_hidden_size': 2000}
num params: 12,588,012
0.84670690119505 +/- 0.0 auc
Initiating trial with seed 12
Loaded 12 previous trials
Parameters assigned with random search, 38 random trials remaining
Trial results with seed 12
{'depth': 4, 'dropout': 0.4, 'ffn_num_layers': 1, 'linked_hidden_size': 1500}
num params: 4,939,512
0.8163851830720262 +/- 0.0 auc
Initiating trial with seed 13
Loaded 13 previous trials
Parameters assigned with random search, 37 random trials remaining
Trial results with seed 13
{'depth': 3, 'dropout': 0.25, 'ffn_num_layers': 2, 'linked_hidden_size': 400}
num params: 597,612
0.8312338555341842 +/- 0.0 auc
Initiating trial with seed 14
Loaded 14 previous trials
Parameters assigned with random search, 36 random trials remaining
Trial results with seed 14
{'depth': 2, 'dropout': 0.25, 'ffn_num_layers': 1, 'linked_hidden_size': 1500}
num params: 4,939,512
0.8088918452670025 +/- 0.0 auc
Initiating trial with seed 15
Loaded 15 previous trials
Parameters assigned with random search, 35 random trials remaining
Trial results with seed 15
{'depth': 4, 'dropout': 0.4, 'ffn_num_layers': 2, 'linked_hidden_size': 2000}
num params: 12,588,012
0.8365176788923399 +/- 0.0 auc
Initiating trial with seed 16
Loaded 16 previous trials
Parameters assigned with random search, 34 random trials remaining
Trial results with seed 16
{'depth': 5, 'dropout': 0.25, 'ffn_num_layers': 1, 'linked_hidden_size': 900}
num params: 1,883,712
0.8217359279274811 +/- 0.0 auc
Initiating trial with seed 17
Loaded 17 previous trials
Parameters assigned with random search, 33 random trials remaining
Trial results with seed 17
{'depth': 4, 'dropout': 0.2, 'ffn_num_layers': 2, 'linked_hidden_size': 2200}
num params: 15,166,812
0.8226987791695657 +/- 0.0 auc
Initiating trial with seed 18
Loaded 18 previous trials
Parameters assigned with random search, 32 random trials remaining
Trial results with seed 18
{'depth': 5, 'dropout': 0.35000000000000003, 'ffn_num_layers': 2, 'linked_hidden_size': 700}
num params: 1,675,812
0.8276297656875499 +/- 0.0 auc
Initiating trial with seed 19
Loaded 19 previous trials
Parameters assigned with random search, 31 random trials remaining
Trial results with seed 19
{'depth': 3, 'dropout': 0.30000000000000004, 'ffn_num_layers': 3, 'linked_hidden_size': 1900}
num params: 15,000,512
0.8436343043024851 +/- 0.0 auc
Initiating trial with seed 20
Loaded 20 previous trials
Parameters assigned with random search, 30 random trials remaining
Trial results with seed 20
{'depth': 2, 'dropout': 0.30000000000000004, 'ffn_num_layers': 3, 'linked_hidden_size': 700}
num params: 2,166,512
0.8362463112796673 +/- 0.0 auc
Initiating trial with seed 21
Loaded 21 previous trials
Parameters assigned with random search, 29 random trials remaining
Trial results with seed 21
{'depth': 5, 'dropout': 0.15000000000000002, 'ffn_num_layers': 3, 'linked_hidden_size': 500}
num params: 1,147,512
0.8353739091081184 +/- 0.0 auc
Initiating trial with seed 22
Loaded 22 previous trials
Parameters assigned with random search, 28 random trials remaining
Trial results with seed 22
{'depth': 4, 'dropout': 0.05, 'ffn_num_layers': 2, 'linked_hidden_size': 600}
num params: 1,256,412
0.837853990436935 +/- 0.0 auc
Initiating trial with seed 23
Loaded 23 previous trials
Parameters assigned with random search, 27 random trials remaining
Trial results with seed 23
{'depth': 5, 'dropout': 0.35000000000000003, 'ffn_num_layers': 1, 'linked_hidden_size': 600}
num params: 895,812
0.8230507418236481 +/- 0.0 auc
Initiating trial with seed 24
Loaded 24 previous trials
Parameters assigned with random search, 26 random trials remaining
Trial results with seed 24
{'depth': 5, 'dropout': 0.30000000000000004, 'ffn_num_layers': 2, 'linked_hidden_size': 400}
num params: 597,612
0.8178342232933216 +/- 0.0 auc
Initiating trial with seed 25
Loaded 25 previous trials
Parameters assigned with random search, 25 random trials remaining
Trial results with seed 25
{'depth': 3, 'dropout': 0.15000000000000002, 'ffn_num_layers': 3, 'linked_hidden_size': 1100}
num params: 5,164,512
0.8491344588545174 +/- 0.0 auc
Initiating trial with seed 26
Loaded 26 previous trials
Parameters assigned with random search, 24 random trials remaining
Trial results with seed 26
{'depth': 6, 'dropout': 0.35000000000000003, 'ffn_num_layers': 2, 'linked_hidden_size': 1000}
num params: 3,294,012
0.83501224733569 +/- 0.0 auc
Initiating trial with seed 27
Loaded 27 previous trials
Parameters assigned with random search, 23 random trials remaining
Trial results with seed 27
{'depth': 4, 'dropout': 0.15000000000000002, 'ffn_num_layers': 1, 'linked_hidden_size': 1200}
num params: 3,231,612
0.8244635801572384 +/- 0.0 auc
Initiating trial with seed 28
Loaded 28 previous trials
Parameters assigned with random search, 22 random trials remaining
Trial results with seed 28
{'depth': 3, 'dropout': 0.2, 'ffn_num_layers': 2, 'linked_hidden_size': 1600}
num params: 8,150,412
0.8441933326160725 +/- 0.0 auc
Initiating trial with seed 29
Loaded 29 previous trials
Parameters assigned with random search, 21 random trials remaining
Trial results with seed 29
{'depth': 5, 'dropout': 0.25, 'ffn_num_layers': 2, 'linked_hidden_size': 1300}
num params: 5,452,212
0.8379650548601955 +/- 0.0 auc
Initiating trial with seed 30
Loaded 30 previous trials
Parameters assigned with random search, 20 random trials remaining
Trial results with seed 30
{'depth': 4, 'dropout': 0.15000000000000002, 'ffn_num_layers': 1, 'linked_hidden_size': 800}
num params: 1,514,412
0.8235992793269774 +/- 0.0 auc
Initiating trial with seed 31
Loaded 31 previous trials
Parameters assigned with random search, 19 random trials remaining
Trial results with seed 31
{'depth': 4, 'dropout': 0.35000000000000003, 'ffn_num_layers': 2, 'linked_hidden_size': 1900}
num params: 11,388,612
0.8350162588221357 +/- 0.0 auc
Initiating trial with seed 32
Loaded 32 previous trials
Parameters assigned with random search, 18 random trials remaining
Trial results with seed 32
{'depth': 3, 'dropout': 0.25, 'ffn_num_layers': 2, 'linked_hidden_size': 1700}
num params: 9,169,812
0.8359135022253957 +/- 0.0 auc
Initiating trial with seed 33
Loaded 33 previous trials
Parameters assigned with random search, 17 random trials remaining
Trial results with seed 33
{'depth': 3, 'dropout': 0.25, 'ffn_num_layers': 1, 'linked_hidden_size': 1900}
num params: 7,776,712
0.8284001820299255 +/- 0.0 auc
Initiating trial with seed 34
Loaded 34 previous trials
Parameters assigned with random search, 16 random trials remaining
Trial results with seed 34
{'depth': 4, 'dropout': 0.05, 'ffn_num_layers': 2, 'linked_hidden_size': 2000}
num params: 12,588,012
0.8304259134349801 +/- 0.0 auc
Initiating trial with seed 35
Loaded 35 previous trials
Parameters assigned with random search, 15 random trials remaining
Trial results with seed 35
{'depth': 3, 'dropout': 0.1, 'ffn_num_layers': 2, 'linked_hidden_size': 300}
num params: 358,212
0.8254002136674522 +/- 0.0 auc
Initiating trial with seed 36
Loaded 36 previous trials
Parameters assigned with random search, 14 random trials remaining
Trial results with seed 36
{'depth': 2, 'dropout': 0.15000000000000002, 'ffn_num_layers': 2, 'linked_hidden_size': 1400}
num params: 6,291,612
0.8272541613435848 +/- 0.0 auc
Initiating trial with seed 37
Loaded 37 previous trials
Parameters assigned with random search, 13 random trials remaining
Trial results with seed 37
{'depth': 4, 'dropout': 0.2, 'ffn_num_layers': 2, 'linked_hidden_size': 800}
num params: 2,155,212
0.8401140027150545 +/- 0.0 auc
Initiating trial with seed 38
Loaded 38 previous trials
Parameters assigned with random search, 12 random trials remaining
Trial results with seed 38
{'depth': 2, 'dropout': 0.25, 'ffn_num_layers': 1, 'linked_hidden_size': 1600}
num params: 5,588,812
0.8090041750736258 +/- 0.0 auc
Initiating trial with seed 39
Loaded 39 previous trials
Parameters assigned with random search, 11 random trials remaining
Trial results with seed 39
{'depth': 3, 'dropout': 0.2, 'ffn_num_layers': 2, 'linked_hidden_size': 900}
num params: 2,694,612
0.842546599345466 +/- 0.0 auc
Initiating trial with seed 40
Loaded 40 previous trials
Parameters assigned with random search, 10 random trials remaining
Trial results with seed 40
{'depth': 5, 'dropout': 0.2, 'ffn_num_layers': 2, 'linked_hidden_size': 1600}
num params: 8,150,412
0.8376008881985069 +/- 0.0 auc
Initiating trial with seed 41
Loaded 41 previous trials
Parameters assigned with random search, 9 random trials remaining
Trial results with seed 41
{'depth': 5, 'dropout': 0.25, 'ffn_num_layers': 2, 'linked_hidden_size': 1200}
num params: 4,672,812
0.8445711245196182 +/- 0.0 auc
Initiating trial with seed 42
Loaded 42 previous trials
Parameters assigned with random search, 8 random trials remaining
Trial results with seed 42
{'depth': 5, 'dropout': 0.35000000000000003, 'ffn_num_layers': 2, 'linked_hidden_size': 2000}
num params: 12,588,012
0.8409812614443468 +/- 0.0 auc
Initiating trial with seed 43
Loaded 43 previous trials
Parameters assigned with random search, 7 random trials remaining
Trial results with seed 43
{'depth': 6, 'dropout': 0.35000000000000003, 'ffn_num_layers': 1, 'linked_hidden_size': 800}
num params: 1,514,412
0.8233180788447471 +/- 0.0 auc
Initiating trial with seed 44
Loaded 44 previous trials
Parameters assigned with random search, 6 random trials remaining
Trial results with seed 44
{'depth': 5, 'dropout': 0.2, 'ffn_num_layers': 3, 'linked_hidden_size': 2200}
num params: 20,009,012
0.8294536413102156 +/- 0.0 auc
Initiating trial with seed 45
Loaded 45 previous trials
Parameters assigned with random search, 5 random trials remaining
Trial results with seed 45
{'depth': 6, 'dropout': 0.2, 'ffn_num_layers': 2, 'linked_hidden_size': 800}
num params: 2,155,212
0.84081319454681 +/- 0.0 auc
Initiating trial with seed 46
Loaded 46 previous trials
Parameters assigned with random search, 4 random trials remaining
Trial results with seed 46
{'depth': 5, 'dropout': 0.1, 'ffn_num_layers': 2, 'linked_hidden_size': 1000}
num params: 3,294,012
0.8406375022493093 +/- 0.0 auc
Initiating trial with seed 47
Loaded 47 previous trials
Parameters assigned with random search, 3 random trials remaining
Trial results with seed 47
{'depth': 3, 'dropout': 0.30000000000000004, 'ffn_num_layers': 1, 'linked_hidden_size': 2200}
num params: 10,324,612
0.8178332303100131 +/- 0.0 auc
Initiating trial with seed 48
Loaded 48 previous trials
Parameters assigned with random search, 2 random trials remaining
Trial results with seed 48
{'depth': 4, 'dropout': 0.1, 'ffn_num_layers': 3, 'linked_hidden_size': 300}
num params: 448,512
0.8272231190148038 +/- 0.0 auc
Initiating trial with seed 49
Loaded 49 previous trials
Parameters assigned with random search, 1 random trials remaining
Trial results with seed 49
{'depth': 2, 'dropout': 0.05, 'ffn_num_layers': 3, 'linked_hidden_size': 1400}
num params: 8,253,012
0.8256778730875842 +/- 0.0 auc
Initiating trial with seed 50
Loaded 50 previous trials
Parameters assigned with TPE directed search
Trial results with seed 50
{'depth': 2, 'dropout': 0.0, 'ffn_num_layers': 3, 'linked_hidden_size': 2400}
num params: 23,748,012
0.8281631013484018 +/- 0.0 auc
Initiating trial with seed 51
Loaded 51 previous trials
Parameters assigned with TPE directed search
Trial results with seed 51
{'depth': 3, 'dropout': 0.0, 'ffn_num_layers': 3, 'linked_hidden_size': 1200}
num params: 6,114,012
0.8479695632159924 +/- 0.0 auc
Initiating trial with seed 52
Loaded 52 previous trials
Parameters assigned with TPE directed search
Trial results with seed 52
{'depth': 2, 'dropout': 0.0, 'ffn_num_layers': 3, 'linked_hidden_size': 1100}
num params: 5,164,512
0.8242981056672795 +/- 0.0 auc
Initiating trial with seed 53
Loaded 53 previous trials
Parameters assigned with TPE directed search
Trial results with seed 53
{'depth': 3, 'dropout': 0.0, 'ffn_num_layers': 3, 'linked_hidden_size': 1200}
num params: 6,114,012
0.8479695632159924 +/- 0.0 auc
Initiating trial with seed 54
Loaded 54 previous trials
Parameters assigned with TPE directed search
Trial results with seed 54
{'depth': 2, 'dropout': 0.05, 'ffn_num_layers': 3, 'linked_hidden_size': 1100}
num params: 5,164,512
0.8399740282465097 +/- 0.0 auc
Initiating trial with seed 55
Loaded 55 previous trials
Parameters assigned with TPE directed search
Trial results with seed 55
{'depth': 2, 'dropout': 0.0, 'ffn_num_layers': 3, 'linked_hidden_size': 1300}
num params: 7,143,512
0.8245615553813362 +/- 0.0 auc
Initiating trial with seed 56
Loaded 56 previous trials
Parameters assigned with TPE directed search
Trial results with seed 56
{'depth': 3, 'dropout': 0.1, 'ffn_num_layers': 3, 'linked_hidden_size': 1800}
num params: 13,491,012
0.8426906056188262 +/- 0.0 auc
Initiating trial with seed 57
Loaded 57 previous trials
Parameters assigned with TPE directed search
Trial results with seed 57
{'depth': 3, 'dropout': 0.15000000000000002, 'ffn_num_layers': 3, 'linked_hidden_size': 1000}
num params: 4,295,012
0.844726033285776 +/- 0.0 auc
Initiating trial with seed 58
Loaded 58 previous trials
Parameters assigned with TPE directed search
Trial results with seed 58
{'depth': 2, 'dropout': 0.1, 'ffn_num_layers': 3, 'linked_hidden_size': 600}
num params: 1,617,012
0.8254473080019298 +/- 0.0 auc
Initiating trial with seed 59
Loaded 59 previous trials
Parameters assigned with TPE directed search
Trial results with seed 59
{'depth': 3, 'dropout': 0.0, 'ffn_num_layers': 3, 'linked_hidden_size': 1500}
num params: 9,442,512
0.8438782501387673 +/- 0.0 auc
Initiating trial with seed 60
Loaded 60 previous trials
Parameters assigned with TPE directed search
Trial results with seed 60
{'depth': 2, 'dropout': 0.15000000000000002, 'ffn_num_layers': 3, 'linked_hidden_size': 1100}
num params: 5,164,512
0.8346227377932766 +/- 0.0 auc
Initiating trial with seed 61
Loaded 61 previous trials
Parameters assigned with TPE directed search
Trial results with seed 61
{'depth': 3, 'dropout': 0.05, 'ffn_num_layers': 3, 'linked_hidden_size': 900}
num params: 3,505,512
0.8435332559103207 +/- 0.0 auc
Initiating trial with seed 62
Loaded 62 previous trials
Parameters assigned with TPE directed search
Trial results with seed 62
{'depth': 3, 'dropout': 0.15000000000000002, 'ffn_num_layers': 3, 'linked_hidden_size': 500}
num params: 1,147,512
0.8411276076822545 +/- 0.0 auc
Initiating trial with seed 63
Loaded 63 previous trials
Parameters assigned with TPE directed search
Trial results with seed 63
{'depth': 3, 'dropout': 0.1, 'ffn_num_layers': 3, 'linked_hidden_size': 1800}
num params: 13,491,012
0.8426906056188262 +/- 0.0 auc
Initiating trial with seed 64
Loaded 64 previous trials
Parameters assigned with TPE directed search
Trial results with seed 64
{'depth': 4, 'dropout': 0.30000000000000004, 'ffn_num_layers': 3, 'linked_hidden_size': 1300}
num params: 7,143,512
0.828356706705282 +/- 0.0 auc
Initiating trial with seed 65
Loaded 65 previous trials
Parameters assigned with TPE directed search
Trial results with seed 65
{'depth': 3, 'dropout': 0.0, 'ffn_num_layers': 3, 'linked_hidden_size': 1200}
num params: 6,114,012
0.8479695632159924 +/- 0.0 auc
Initiating trial with seed 66
Loaded 66 previous trials
Parameters assigned with TPE directed search
Trial results with seed 66
{'depth': 3, 'dropout': 0.0, 'ffn_num_layers': 3, 'linked_hidden_size': 1500}
num params: 9,442,512
0.8438782501387673 +/- 0.0 auc
Initiating trial with seed 67
Loaded 67 previous trials
Parameters assigned with TPE directed search
Trial results with seed 67
{'depth': 2, 'dropout': 0.05, 'ffn_num_layers': 3, 'linked_hidden_size': 1200}
num params: 6,114,012
0.8185420174300223 +/- 0.0 auc
Initiating trial with seed 68
Loaded 68 previous trials
Parameters assigned with TPE directed search
Trial results with seed 68
{'depth': 3, 'dropout': 0.05, 'ffn_num_layers': 3, 'linked_hidden_size': 1100}
num params: 5,164,512
0.8477120523426218 +/- 0.0 auc
Initiating trial with seed 69
Loaded 69 previous trials
Parameters assigned with TPE directed search
Trial results with seed 69
{'depth': 4, 'dropout': 0.0, 'ffn_num_layers': 3, 'linked_hidden_size': 1400}
num params: 8,253,012
0.8366957570859727 +/- 0.0 auc
Initiating trial with seed 70
Loaded 70 previous trials
Parameters assigned with TPE directed search
Trial results with seed 70
{'depth': 2, 'dropout': 0.0, 'ffn_num_layers': 3, 'linked_hidden_size': 1000}
num params: 4,295,012
0.8198726997616309 +/- 0.0 auc
Initiating trial with seed 71
Loaded 71 previous trials
Parameters assigned with TPE directed search
Trial results with seed 71
{'depth': 3, 'dropout': 0.05, 'ffn_num_layers': 3, 'linked_hidden_size': 900}
num params: 3,505,512
0.8435332559103207 +/- 0.0 auc
Initiating trial with seed 72
Loaded 72 previous trials
Parameters assigned with TPE directed search
Trial results with seed 72
{'depth': 4, 'dropout': 0.1, 'ffn_num_layers': 3, 'linked_hidden_size': 1700}
num params: 12,061,512
0.8347006252134253 +/- 0.0 auc
Initiating trial with seed 73
Loaded 73 previous trials
Parameters assigned with TPE directed search
Trial results with seed 73
{'depth': 3, 'dropout': 0.05, 'ffn_num_layers': 3, 'linked_hidden_size': 700}
num params: 2,166,512
0.8465471713640892 +/- 0.0 auc
Initiating trial with seed 74
Loaded 74 previous trials
Parameters assigned with TPE directed search
Trial results with seed 74
{'depth': 2, 'dropout': 0.0, 'ffn_num_layers': 3, 'linked_hidden_size': 1500}
num params: 9,442,512
0.8279980837297107 +/- 0.0 auc
Initiating trial with seed 75
Loaded 75 previous trials
Parameters assigned with TPE directed search
Trial results with seed 75
{'depth': 3, 'dropout': 0.05, 'ffn_num_layers': 3, 'linked_hidden_size': 1300}
num params: 7,143,512
0.8491268712333072 +/- 0.0 auc
Initiating trial with seed 76
Loaded 76 previous trials
Parameters assigned with TPE directed search
Trial results with seed 76
{'depth': 4, 'dropout': 0.15000000000000002, 'ffn_num_layers': 3, 'linked_hidden_size': 1300}
num params: 7,143,512
0.8455476525025194 +/- 0.0 auc
Initiating trial with seed 77
Loaded 77 previous trials
Parameters assigned with TPE directed search
Trial results with seed 77
{'depth': 2, 'dropout': 0.1, 'ffn_num_layers': 3, 'linked_hidden_size': 1400}
num params: 8,253,012
0.8193302816479785 +/- 0.0 auc
Initiating trial with seed 78
Loaded 78 previous trials
Parameters assigned with TPE directed search
Trial results with seed 78
{'depth': 3, 'dropout': 0.05, 'ffn_num_layers': 3, 'linked_hidden_size': 1800}
num params: 13,491,012
0.8424309962152705 +/- 0.0 auc
Initiating trial with seed 79
Loaded 79 previous trials
Parameters assigned with TPE directed search
Trial results with seed 79
{'depth': 3, 'dropout': 0.15000000000000002, 'ffn_num_layers': 3, 'linked_hidden_size': 1000}
num params: 4,295,012
0.844726033285776 +/- 0.0 auc
Initiating trial with seed 80
Loaded 80 previous trials
Parameters assigned with TPE directed search
Trial results with seed 80
{'depth': 4, 'dropout': 0.1, 'ffn_num_layers': 3, 'linked_hidden_size': 1700}
num params: 12,061,512
0.8347006252134253 +/- 0.0 auc
Initiating trial with seed 81
Loaded 81 previous trials
Parameters assigned with TPE directed search
Trial results with seed 81
{'depth': 2, 'dropout': 0.1, 'ffn_num_layers': 3, 'linked_hidden_size': 1300}
num params: 7,143,512
0.8396003066346207 +/- 0.0 auc
Initiating trial with seed 82
Loaded 82 previous trials
Parameters assigned with TPE directed search
Trial results with seed 82
{'depth': 3, 'dropout': 0.05, 'ffn_num_layers': 3, 'linked_hidden_size': 900}
num params: 3,505,512
0.8435332559103207 +/- 0.0 auc
Initiating trial with seed 83
Loaded 83 previous trials
Parameters assigned with TPE directed search
Trial results with seed 83
{'depth': 4, 'dropout': 0.2, 'ffn_num_layers': 3, 'linked_hidden_size': 600}
num params: 1,617,012
0.8311497516630427 +/- 0.0 auc
Initiating trial with seed 84
Loaded 84 previous trials
Parameters assigned with TPE directed search
Trial results with seed 84
{'depth': 2, 'dropout': 0.1, 'ffn_num_layers': 3, 'linked_hidden_size': 1600}
num params: 10,712,012
0.8222789637896798 +/- 0.0 auc
Initiating trial with seed 85
Loaded 85 previous trials
Parameters assigned with TPE directed search
Trial results with seed 85
{'depth': 2, 'dropout': 0.15000000000000002, 'ffn_num_layers': 3, 'linked_hidden_size': 500}
num params: 1,147,512
0.8309740278970392 +/- 0.0 auc
Initiating trial with seed 86
Loaded 86 previous trials
Parameters assigned with TPE directed search
Trial results with seed 86
{'depth': 3, 'dropout': 0.0, 'ffn_num_layers': 3, 'linked_hidden_size': 1100}
num params: 5,164,512
0.8537824157059116 +/- 0.0 auc
Initiating trial with seed 87
Loaded 87 previous trials
Parameters assigned with TPE directed search
Trial results with seed 87
{'depth': 4, 'dropout': 0.05, 'ffn_num_layers': 3, 'linked_hidden_size': 700}
num params: 2,166,512
0.8401629809613653 +/- 0.0 auc
Initiating trial with seed 88
Loaded 88 previous trials
Parameters assigned with TPE directed search
Trial results with seed 88
{'depth': 3, 'dropout': 0.2, 'ffn_num_layers': 3, 'linked_hidden_size': 400}
num params: 758,012
0.8450652930266473 +/- 0.0 auc
Initiating trial with seed 89
Loaded 89 previous trials
Parameters assigned with TPE directed search
Trial results with seed 89
{'depth': 3, 'dropout': 0.15000000000000002, 'ffn_num_layers': 2, 'linked_hidden_size': 900}
num params: 2,694,612
0.8405873422690613 +/- 0.0 auc
Initiating trial with seed 90
Loaded 90 previous trials
Parameters assigned with TPE directed search
Trial results with seed 90
{'depth': 2, 'dropout': 0.25, 'ffn_num_layers': 1, 'linked_hidden_size': 1100}
num params: 2,742,312
0.8052445687823195 +/- 0.0 auc
Initiating trial with seed 91
Loaded 91 previous trials
Parameters assigned with TPE directed search
Trial results with seed 91
{'depth': 4, 'dropout': 0.05, 'ffn_num_layers': 3, 'linked_hidden_size': 800}
num params: 2,796,012
0.8351711940831997 +/- 0.0 auc
Initiating trial with seed 92
Loaded 92 previous trials
Parameters assigned with TPE directed search
Trial results with seed 92
{'depth': 3, 'dropout': 0.30000000000000004, 'ffn_num_layers': 3, 'linked_hidden_size': 2400}
num params: 23,748,012
0.8465901009780629 +/- 0.0 auc
Initiating trial with seed 93
Loaded 93 previous trials
Parameters assigned with TPE directed search
Trial results with seed 93
{'depth': 2, 'dropout': 0.4, 'ffn_num_layers': 2, 'linked_hidden_size': 1500}
num params: 7,191,012
0.8307995789014578 +/- 0.0 auc
Initiating trial with seed 94
Loaded 94 previous trials
Parameters assigned with TPE directed search
Trial results with seed 94
{'depth': 3, 'dropout': 0.0, 'ffn_num_layers': 3, 'linked_hidden_size': 2100}
num params: 18,259,512
0.8337323869048704 +/- 0.0 auc
Initiating trial with seed 95
Loaded 95 previous trials
Parameters assigned with TPE directed search
Trial results with seed 95
{'depth': 4, 'dropout': 0.1, 'ffn_num_layers': 3, 'linked_hidden_size': 1400}
num params: 8,253,012
0.8402437960494612 +/- 0.0 auc
Initiating trial with seed 96
Loaded 96 previous trials
Parameters assigned with TPE directed search
Trial results with seed 96
{'depth': 3, 'dropout': 0.0, 'ffn_num_layers': 2, 'linked_hidden_size': 1600}
num params: 8,150,412
0.8373986691609842 +/- 0.0 auc
Initiating trial with seed 97
Loaded 97 previous trials
Parameters assigned with TPE directed search
Trial results with seed 97
{'depth': 2, 'dropout': 0.05, 'ffn_num_layers': 3, 'linked_hidden_size': 1000}
num params: 4,295,012
0.8150034337178577 +/- 0.0 auc
Initiating trial with seed 98
Loaded 98 previous trials
Parameters assigned with TPE directed search
Trial results with seed 98
{'depth': 3, 'dropout': 0.1, 'ffn_num_layers': 3, 'linked_hidden_size': 800}
num params: 2,796,012
0.8459477445768053 +/- 0.0 auc
Initiating trial with seed 99
Loaded 99 previous trials
Parameters assigned with TPE directed search
Trial results with seed 99
{'depth': 2, 'dropout': 0.15000000000000002, 'ffn_num_layers': 3, 'linked_hidden_size': 1100}
num params: 5,164,512
0.8346227377932766 +/- 0.0 auc
Best trial, with seed 86
{'depth': 3, 'dropout': 0.0, 'ffn_num_layers': 3, 'linked_hidden_size': 1100}
num params: 5,164,512
0.8537824157059116 +/- 0.0 auc
Elapsed time = 3:24:12
