Fold 0
Model 0 best validation auc = 0.832512 on epoch 28
Model 0 test auc = 0.828043
Ensemble test auc = 0.828043
Fold 1
Model 0 best validation auc = 0.861804 on epoch 23
Model 0 test auc = 0.808143
Ensemble test auc = 0.808143
Fold 2
Model 0 best validation auc = 0.820553 on epoch 24
Model 0 test auc = 0.853648
Ensemble test auc = 0.853648
Fold 3
Model 0 best validation auc = 0.834953 on epoch 21
Model 0 test auc = 0.836345
Ensemble test auc = 0.836345
Fold 4
Model 0 best validation auc = 0.857987 on epoch 28
Model 0 test auc = 0.849112
Ensemble test auc = 0.849112
Fold 5
Model 0 best validation auc = 0.820692 on epoch 29
Model 0 test auc = 0.816791
Ensemble test auc = 0.816791
Fold 6
Model 0 best validation auc = 0.821692 on epoch 14
Model 0 test auc = 0.838892
Ensemble test auc = 0.838892
Fold 7
Model 0 best validation auc = 0.842982 on epoch 20
Model 0 test auc = 0.841350
Ensemble test auc = 0.841350
Fold 8
Model 0 best validation auc = 0.811598 on epoch 25
Model 0 test auc = 0.850322
Ensemble test auc = 0.850322
Fold 9
Model 0 best validation auc = 0.846502 on epoch 24
Model 0 test auc = 0.844512
Ensemble test auc = 0.844512
10-fold cross validation
	Seed 0 ==> test auc = 0.828043
	Seed 1 ==> test auc = 0.808143
	Seed 2 ==> test auc = 0.853648
	Seed 3 ==> test auc = 0.836345
	Seed 4 ==> test auc = 0.849112
	Seed 5 ==> test auc = 0.816791
	Seed 6 ==> test auc = 0.838892
	Seed 7 ==> test auc = 0.841350
	Seed 8 ==> test auc = 0.850322
	Seed 9 ==> test auc = 0.844512
Overall test auc = 0.836716 +/- 0.014147
Elapsed time = 0:28:29
