Command line
python /home/vo87poq/chemprop_projektarbeit/train.py --features_generator morgan --gpu 0 --data_path /home/vo87poq/chemprop_projektarbeit/newdata/tox21_data_full/tox21_full_desalted_grouped_nans.csv --dataset_type classification --split_type scaffold_balanced --save_dir /home/vo87poq/chemprop_projektarbeit/tox21_checkpoints/full_set/D-MPNN_morgan --quiet --save_preds
Args
{'activation': 'ReLU',
 'adding_h': False,
 'aggregation': 'mean',
 'aggregation_norm': 100,
 'atom_descriptor_scaling': True,
 'atom_descriptors': None,
 'atom_descriptors_path': None,
 'atom_descriptors_size': 0,
 'atom_features_size': 0,
 'atom_messages': False,
 'batch_size': 50,
 'bias': False,
 'bias_solvent': False,
 'bond_feature_scaling': True,
 'bond_features_path': None,
 'bond_features_size': 0,
 'cache_cutoff': 10000,
 'checkpoint_dir': None,
 'checkpoint_frzn': None,
 'checkpoint_path': None,
 'checkpoint_paths': None,
 'class_balance': False,
 'config_path': None,
 'crossval_index_dir': None,
 'crossval_index_file': None,
 'crossval_index_sets': None,
 'cuda': True,
 'data_path': '/home/vo87poq/chemprop_projektarbeit/newdata/tox21_data_full/tox21_full_desalted_grouped_nans.csv',
 'data_weights_path': None,
 'dataset_type': 'classification',
 'depth': 3,
 'depth_solvent': 3,
 'device': device(type='cuda', index=0),
 'dropout': 0.0,
 'empty_cache': False,
 'ensemble_size': 1,
 'epochs': 30,
 'evidential_regularization': 0,
 'explicit_h': False,
 'extra_metrics': [],
 'features_generator': ['morgan'],
 'features_only': False,
 'features_path': None,
 'features_scaling': True,
 'features_size': None,
 'ffn_hidden_size': 300,
 'ffn_num_layers': 2,
 'final_lr': 0.0001,
 'folds_file': None,
 'freeze_first_only': False,
 'frzn_ffn_layers': 0,
 'gpu': 0,
 'grad_clip': None,
 'hidden_size': 300,
 'hidden_size_solvent': 300,
 'ignore_columns': None,
 'init_lr': 0.0001,
 'log_frequency': 10,
 'loss_function': 'binary_cross_entropy',
 'max_data_size': None,
 'max_lr': 0.001,
 'metric': 'auc',
 'metrics': ['auc'],
 'minimize_score': False,
 'mpn_shared': False,
 'multiclass_num_classes': 3,
 'no_atom_descriptor_scaling': False,
 'no_bond_features_scaling': False,
 'no_cache_mol': False,
 'no_cuda': False,
 'no_features_scaling': False,
 'num_folds': 1,
 'num_lrs': 1,
 'num_tasks': 12,
 'num_workers': 8,
 'number_of_molecules': 1,
 'overwrite_default_atom_features': False,
 'overwrite_default_bond_features': False,
 'phase_features_path': None,
 'pytorch_seed': 0,
 'quiet': True,
 'reaction': False,
 'reaction_mode': 'reac_diff',
 'reaction_solvent': False,
 'resume_experiment': False,
 'save_dir': '/home/vo87poq/chemprop_projektarbeit/tox21_checkpoints/full_set/D-MPNN_morgan',
 'save_preds': True,
 'save_smiles_splits': False,
 'seed': 0,
 'separate_test_atom_descriptors_path': None,
 'separate_test_bond_features_path': None,
 'separate_test_features_path': None,
 'separate_test_path': None,
 'separate_test_phase_features_path': None,
 'separate_val_atom_descriptors_path': None,
 'separate_val_bond_features_path': None,
 'separate_val_features_path': None,
 'separate_val_path': None,
 'separate_val_phase_features_path': None,
 'show_individual_scores': False,
 'smiles_columns': ['smiles'],
 'spectra_activation': 'exp',
 'spectra_phase_mask_path': None,
 'spectra_target_floor': 1e-08,
 'split_key_molecule': 0,
 'split_sizes': [0.8, 0.1, 0.1],
 'split_type': 'scaffold_balanced',
 'target_columns': None,
 'target_weights': None,
 'task_names': ['NR-AR',
                'NR-AR-LBD',
                'NR-AhR',
                'NR-Aromatase',
                'NR-ER',
                'NR-ER-LBD',
                'NR-PPAR-gamma',
                'SR-ARE',
                'SR-ATAD5',
                'SR-HSE',
                'SR-MMP',
                'SR-p53'],
 'test': False,
 'test_fold_index': None,
 'train_data_size': None,
 'undirected': False,
 'use_input_features': True,
 'val_fold_index': None,
 'warmup_epochs': 2.0}
Setting molecule featurization parameters to default.
Loading data
Number of tasks = 12
Fold 0
Splitting data with seed 0
Total scaffolds = 2,637 | train scaffolds = 1,748 | val scaffolds = 546 | test scaffolds = 343
Label averages per scaffold, in decreasing order of scaffold frequency,capped at 10 scaffolds and 20 labels:
Scaffold 0
Task 0: count = 1,821 | target average = 0.006041
Task 1: count = 1,780 | target average = 0.010674
Task 2: count = 1,754 | target average = 0.009692
Task 3: count = 1,658 | target average = 0.010253
Task 4: count = 1,646 | target average = 0.042527
Task 5: count = 1,794 | target average = 0.015050
Task 6: count = 1,772 | target average = 0.019752
Task 7: count = 1,639 | target average = 0.086638
Task 8: count = 1,829 | target average = 0.018043
Task 9: count = 1,734 | target average = 0.038639
Task 10: count = 1,603 | target average = 0.033063
Task 11: count = 1,791 | target average = 0.019542


Scaffold 1
Task 0: count = 1,473 | target average = 0.010183
Task 1: count = 1,410 | target average = 0.012057
Task 2: count = 1,335 | target average = 0.116105
Task 3: count = 1,234 | target average = 0.021070
Task 4: count = 1,277 | target average = 0.086922
Task 5: count = 1,447 | target average = 0.031099
Task 6: count = 1,399 | target average = 0.018585
Task 7: count = 1,317 | target average = 0.110858
Task 8: count = 1,463 | target average = 0.021873
Task 9: count = 1,438 | target average = 0.036857
Task 10: count = 1,259 | target average = 0.154885
Task 11: count = 1,433 | target average = 0.037683


Scaffold 2
Task 0: count = 85 | target average = 0.000000
Task 1: count = 86 | target average = 0.000000
Task 2: count = 81 | target average = 0.123457
Task 3: count = 82 | target average = 0.036585
Task 4: count = 78 | target average = 0.012821
Task 5: count = 89 | target average = 0.044944
Task 6: count = 85 | target average = 0.000000
Task 7: count = 85 | target average = 0.082353
Task 8: count = 87 | target average = 0.022989
Task 9: count = 87 | target average = 0.011494
Task 10: count = 81 | target average = 0.074074
Task 11: count = 88 | target average = 0.011364


Scaffold 3
Task 0: count = 80 | target average = 0.000000
Task 1: count = 71 | target average = 0.000000
Task 2: count = 70 | target average = 0.085714
Task 3: count = 52 | target average = 0.038462
Task 4: count = 62 | target average = 0.306452
Task 5: count = 67 | target average = 0.208955
Task 6: count = 58 | target average = 0.051724
Task 7: count = 53 | target average = 0.264151
Task 8: count = 76 | target average = 0.000000
Task 9: count = 68 | target average = 0.117647
Task 10: count = 61 | target average = 0.590164
Task 11: count = 61 | target average = 0.147541


Scaffold 4
Task 0: count = 68 | target average = 0.000000
Task 1: count = 66 | target average = 0.000000
Task 2: count = 58 | target average = 0.344828
Task 3: count = 54 | target average = 0.037037
Task 4: count = 57 | target average = 0.105263
Task 5: count = 68 | target average = 0.014706
Task 6: count = 63 | target average = 0.047619
Task 7: count = 59 | target average = 0.220339
Task 8: count = 68 | target average = 0.014706
Task 9: count = 65 | target average = 0.030769
Task 10: count = 57 | target average = 0.140351
Task 11: count = 66 | target average = 0.030303


Scaffold 5
Task 0: count = 63 | target average = 0.000000
Task 1: count = 50 | target average = 0.000000
Task 2: count = 54 | target average = 0.000000
Task 3: count = 62 | target average = 0.322581
Task 4: count = 37 | target average = 0.054054
Task 5: count = 45 | target average = 0.000000
Task 6: count = 49 | target average = 0.000000
Task 7: count = 55 | target average = 0.454545
Task 8: count = 50 | target average = 0.000000
Task 9: count = 51 | target average = 0.039216
Task 10: count = 43 | target average = 0.325581
Task 11: count = 41 | target average = 0.000000


Scaffold 6
Task 0: count = 61 | target average = 0.016393
Task 1: count = 61 | target average = 0.000000
Task 2: count = 60 | target average = 0.000000
Task 3: count = 59 | target average = 0.000000
Task 4: count = 56 | target average = 0.035714
Task 5: count = 60 | target average = 0.000000
Task 6: count = 60 | target average = 0.000000
Task 7: count = 54 | target average = 0.037037
Task 8: count = 61 | target average = 0.000000
Task 9: count = 55 | target average = 0.000000
Task 10: count = 52 | target average = 0.019231
Task 11: count = 60 | target average = 0.016667


Scaffold 7
Task 0: count = 48 | target average = 0.020833
Task 1: count = 44 | target average = 0.000000
Task 2: count = 41 | target average = 0.219512
Task 3: count = 33 | target average = 0.212121
Task 4: count = 31 | target average = 0.225806
Task 5: count = 41 | target average = 0.048780
Task 6: count = 42 | target average = 0.047619
Task 7: count = 39 | target average = 0.205128
Task 8: count = 48 | target average = 0.020833
Task 9: count = 43 | target average = 0.046512
Task 10: count = 36 | target average = 0.416667
Task 11: count = 44 | target average = 0.068182


Scaffold 8
Task 0: count = 42 | target average = 0.047619
Task 1: count = 41 | target average = 0.000000
Task 2: count = 39 | target average = 0.333333
Task 3: count = 35 | target average = 0.114286
Task 4: count = 38 | target average = 0.236842
Task 5: count = 41 | target average = 0.146341
Task 6: count = 38 | target average = 0.105263
Task 7: count = 39 | target average = 0.256410
Task 8: count = 36 | target average = 0.055556
Task 9: count = 43 | target average = 0.023256
Task 10: count = 29 | target average = 0.310345
Task 11: count = 42 | target average = 0.071429


Scaffold 9
Task 0: count = 32 | target average = 1.000000
Task 1: count = 33 | target average = 0.969697
Task 2: count = 31 | target average = 0.000000
Task 3: count = 10 | target average = 0.000000
Task 4: count = 25 | target average = 0.800000
Task 5: count = 28 | target average = 0.464286
Task 6: count = 31 | target average = 0.000000
Task 7: count = 22 | target average = 0.318182
Task 8: count = 33 | target average = 0.000000
Task 9: count = 32 | target average = 0.031250
Task 10: count = 31 | target average = 0.064516
Task 11: count = 32 | target average = 0.000000


Class sizes
NR-AR 0: 96.72%, 1: 3.28%
NR-AR-LBD 0: 97.01%, 1: 2.99%
NR-AhR 0: 88.78%, 1: 11.22%
NR-Aromatase 0: 94.95%, 1: 5.05%
NR-ER 0: 89.46%, 1: 10.54%
NR-ER-LBD 0: 95.89%, 1: 4.11%
NR-PPAR-gamma 0: 97.02%, 1: 2.98%
SR-ARE 0: 84.17%, 1: 15.83%
SR-ATAD5 0: 96.16%, 1: 3.84%
SR-HSE 0: 95.03%, 1: 4.97%
SR-MMP 0: 85.07%, 1: 14.93%
SR-p53 0: 93.78%, 1: 6.22%
Total size = 8,695 | train size = 6,956 | val size = 869 | test size = 870
Building model 0
MoleculeModel(
  (sigmoid): Sigmoid()
  (encoder): MPN(
    (encoder): ModuleList(
      (0): MPNEncoder(
        (dropout_layer): Dropout(p=0.0, inplace=False)
        (act_func): ReLU()
        (W_i): Linear(in_features=147, out_features=300, bias=False)
        (W_h): Linear(in_features=300, out_features=300, bias=False)
        (W_o): Linear(in_features=433, out_features=300, bias=True)
      )
    )
  )
  (ffn): Sequential(
    (0): Dropout(p=0.0, inplace=False)
    (1): Linear(in_features=2348, out_features=300, bias=True)
    (2): ReLU()
    (3): Dropout(p=0.0, inplace=False)
    (4): Linear(in_features=300, out_features=12, bias=True)
  )
)
Number of parameters = 972,912
Moving model to cuda
Epoch 0
Loss = 9.2937e-01, PNorm = 37.4793, GNorm = 1.6125, lr_0 = 1.3561e-04
Loss = 6.6230e-01, PNorm = 37.4955, GNorm = 1.2828, lr_0 = 1.6799e-04
Loss = 3.6185e-01, PNorm = 37.5270, GNorm = 0.6855, lr_0 = 2.0036e-04
Loss = 3.1072e-01, PNorm = 37.5374, GNorm = 0.7264, lr_0 = 2.3273e-04
Loss = 2.8277e-01, PNorm = 37.5337, GNorm = 0.6808, lr_0 = 2.6511e-04
Loss = 2.5264e-01, PNorm = 37.5476, GNorm = 0.5571, lr_0 = 2.9748e-04
Loss = 2.6919e-01, PNorm = 37.5611, GNorm = 0.6233, lr_0 = 3.2986e-04
Loss = 2.2253e-01, PNorm = 37.5781, GNorm = 0.5617, lr_0 = 3.6223e-04
Loss = 2.2273e-01, PNorm = 37.5921, GNorm = 0.5200, lr_0 = 3.9460e-04
Loss = 2.1345e-01, PNorm = 37.6111, GNorm = 0.4713, lr_0 = 4.2698e-04
Loss = 2.0539e-01, PNorm = 37.6287, GNorm = 0.4911, lr_0 = 4.5935e-04
Loss = 2.0233e-01, PNorm = 37.6501, GNorm = 0.5331, lr_0 = 4.9173e-04
Loss = 1.7718e-01, PNorm = 37.6755, GNorm = 0.4307, lr_0 = 5.2410e-04
Validation auc = 0.695991
Epoch 1
Loss = 1.9217e-01, PNorm = 37.6972, GNorm = 0.4245, lr_0 = 5.5971e-04
Loss = 1.4640e-01, PNorm = 37.7192, GNorm = 0.3017, lr_0 = 5.9209e-04
Loss = 1.4328e-01, PNorm = 37.7467, GNorm = 0.3121, lr_0 = 6.2446e-04
Loss = 1.6203e-01, PNorm = 37.7667, GNorm = 0.5778, lr_0 = 6.5683e-04
Loss = 1.3043e-01, PNorm = 37.8048, GNorm = 0.4384, lr_0 = 6.8921e-04
Loss = 1.5331e-01, PNorm = 37.8315, GNorm = 0.5232, lr_0 = 7.2158e-04
Loss = 1.3817e-01, PNorm = 37.8715, GNorm = 0.4902, lr_0 = 7.5396e-04
Loss = 1.4177e-01, PNorm = 37.9121, GNorm = 0.4583, lr_0 = 7.8633e-04
Loss = 1.3203e-01, PNorm = 37.9530, GNorm = 0.3711, lr_0 = 8.1871e-04
Loss = 1.3519e-01, PNorm = 38.0038, GNorm = 0.4159, lr_0 = 8.5108e-04
Loss = 1.4664e-01, PNorm = 38.0460, GNorm = 0.4785, lr_0 = 8.8345e-04
Loss = 1.6710e-01, PNorm = 38.0795, GNorm = 0.4752, lr_0 = 9.1583e-04
Loss = 1.3895e-01, PNorm = 38.1431, GNorm = 0.4312, lr_0 = 9.4820e-04
Loss = 1.3308e-01, PNorm = 38.1974, GNorm = 0.4662, lr_0 = 9.8058e-04
Validation auc = 0.739789
Epoch 2
Loss = 6.6747e-02, PNorm = 38.2677, GNorm = 0.2436, lr_0 = 9.9705e-04
Loss = 7.1439e-02, PNorm = 38.3354, GNorm = 0.2292, lr_0 = 9.9116e-04
Loss = 7.6203e-02, PNorm = 38.3877, GNorm = 0.3462, lr_0 = 9.8532e-04
Loss = 7.2915e-02, PNorm = 38.4393, GNorm = 0.4967, lr_0 = 9.7951e-04
Loss = 8.6261e-02, PNorm = 38.4945, GNorm = 0.3339, lr_0 = 9.7373e-04
Loss = 8.2447e-02, PNorm = 38.5428, GNorm = 0.2468, lr_0 = 9.6798e-04
Loss = 7.1080e-02, PNorm = 38.6088, GNorm = 0.2353, lr_0 = 9.6227e-04
Loss = 9.4204e-02, PNorm = 38.6581, GNorm = 0.3689, lr_0 = 9.5660e-04
Loss = 9.9992e-02, PNorm = 38.7136, GNorm = 0.4110, lr_0 = 9.5096e-04
Loss = 7.7376e-02, PNorm = 38.7747, GNorm = 0.2397, lr_0 = 9.4535e-04
Loss = 8.2912e-02, PNorm = 38.8210, GNorm = 0.3127, lr_0 = 9.3977e-04
Loss = 1.0157e-01, PNorm = 38.8595, GNorm = 0.2942, lr_0 = 9.3423e-04
Loss = 9.8237e-02, PNorm = 38.9074, GNorm = 0.3413, lr_0 = 9.2872e-04
Loss = 1.0514e-01, PNorm = 38.9763, GNorm = 0.2967, lr_0 = 9.2324e-04
Validation auc = 0.737109
Epoch 3
Loss = 4.4672e-02, PNorm = 39.0371, GNorm = 0.1909, lr_0 = 9.1725e-04
Loss = 5.7635e-02, PNorm = 39.1188, GNorm = 0.2292, lr_0 = 9.1184e-04
Loss = 4.7727e-02, PNorm = 39.1683, GNorm = 0.1890, lr_0 = 9.0646e-04
Loss = 5.2013e-02, PNorm = 39.2162, GNorm = 0.2249, lr_0 = 9.0111e-04
Loss = 5.1152e-02, PNorm = 39.2600, GNorm = 0.2151, lr_0 = 8.9580e-04
Loss = 5.2116e-02, PNorm = 39.2993, GNorm = 0.2040, lr_0 = 8.9051e-04
Loss = 5.2890e-02, PNorm = 39.3360, GNorm = 0.2996, lr_0 = 8.8526e-04
Loss = 4.8464e-02, PNorm = 39.3702, GNorm = 0.2231, lr_0 = 8.8004e-04
Loss = 5.5780e-02, PNorm = 39.4132, GNorm = 0.2591, lr_0 = 8.7485e-04
Loss = 4.9840e-02, PNorm = 39.4581, GNorm = 0.2320, lr_0 = 8.6969e-04
Loss = 6.0283e-02, PNorm = 39.4981, GNorm = 0.2653, lr_0 = 8.6456e-04
Loss = 5.9594e-02, PNorm = 39.5573, GNorm = 0.2199, lr_0 = 8.5946e-04
Loss = 5.7552e-02, PNorm = 39.5993, GNorm = 0.2479, lr_0 = 8.5439e-04
Loss = 4.7562e-02, PNorm = 39.6495, GNorm = 0.1904, lr_0 = 8.4935e-04
Validation auc = 0.739194
Epoch 4
Loss = 3.1337e-02, PNorm = 39.6885, GNorm = 0.1657, lr_0 = 8.4384e-04
Loss = 2.9823e-02, PNorm = 39.7323, GNorm = 0.2073, lr_0 = 8.3886e-04
Loss = 3.0882e-02, PNorm = 39.7696, GNorm = 0.1290, lr_0 = 8.3391e-04
Loss = 3.7718e-02, PNorm = 39.8048, GNorm = 0.1704, lr_0 = 8.2899e-04
Loss = 2.7945e-02, PNorm = 39.8452, GNorm = 0.1661, lr_0 = 8.2410e-04
Loss = 3.5817e-02, PNorm = 39.8703, GNorm = 0.1447, lr_0 = 8.1924e-04
Loss = 3.8124e-02, PNorm = 39.9157, GNorm = 0.1813, lr_0 = 8.1441e-04
Loss = 3.7649e-02, PNorm = 39.9533, GNorm = 0.2178, lr_0 = 8.0961e-04
Loss = 2.8613e-02, PNorm = 40.0004, GNorm = 0.1896, lr_0 = 8.0483e-04
Loss = 3.9902e-02, PNorm = 40.0345, GNorm = 0.1567, lr_0 = 8.0008e-04
Loss = 3.7526e-02, PNorm = 40.0733, GNorm = 0.1619, lr_0 = 7.9536e-04
Loss = 4.3526e-02, PNorm = 40.1019, GNorm = 0.1468, lr_0 = 7.9067e-04
Loss = 3.5344e-02, PNorm = 40.1482, GNorm = 0.1597, lr_0 = 7.8601e-04
Loss = 3.3857e-02, PNorm = 40.1833, GNorm = 0.1810, lr_0 = 7.8137e-04
Validation auc = 0.737974
Epoch 5
Loss = 2.0374e-02, PNorm = 40.2130, GNorm = 0.1081, lr_0 = 7.7630e-04
Loss = 2.4643e-02, PNorm = 40.2596, GNorm = 0.1732, lr_0 = 7.7172e-04
Loss = 2.4346e-02, PNorm = 40.2789, GNorm = 0.1162, lr_0 = 7.6717e-04
Loss = 2.5590e-02, PNorm = 40.3239, GNorm = 0.1906, lr_0 = 7.6265e-04
Loss = 2.8061e-02, PNorm = 40.3496, GNorm = 0.1140, lr_0 = 7.5815e-04
Loss = 2.0565e-02, PNorm = 40.3823, GNorm = 0.1466, lr_0 = 7.5367e-04
Loss = 2.6889e-02, PNorm = 40.4050, GNorm = 0.1012, lr_0 = 7.4923e-04
Loss = 2.7644e-02, PNorm = 40.4377, GNorm = 0.1340, lr_0 = 7.4481e-04
Loss = 2.6355e-02, PNorm = 40.4723, GNorm = 0.1388, lr_0 = 7.4042e-04
Loss = 2.5212e-02, PNorm = 40.5005, GNorm = 0.1439, lr_0 = 7.3605e-04
Loss = 3.0387e-02, PNorm = 40.5379, GNorm = 0.1340, lr_0 = 7.3171e-04
Loss = 2.9731e-02, PNorm = 40.5578, GNorm = 0.1405, lr_0 = 7.2739e-04
Loss = 2.7423e-02, PNorm = 40.5973, GNorm = 0.0940, lr_0 = 7.2310e-04
Loss = 2.9099e-02, PNorm = 40.6282, GNorm = 0.1891, lr_0 = 7.1883e-04
Validation auc = 0.733484
Epoch 6
Loss = 2.1176e-02, PNorm = 40.6712, GNorm = 0.1729, lr_0 = 7.1417e-04
Loss = 1.9245e-02, PNorm = 40.7012, GNorm = 0.0887, lr_0 = 7.0996e-04
Loss = 1.5063e-02, PNorm = 40.7275, GNorm = 0.0878, lr_0 = 7.0577e-04
Loss = 1.8833e-02, PNorm = 40.7519, GNorm = 0.2171, lr_0 = 7.0161e-04
Loss = 2.0180e-02, PNorm = 40.7697, GNorm = 0.2277, lr_0 = 6.9747e-04
Loss = 2.0586e-02, PNorm = 40.8004, GNorm = 0.1080, lr_0 = 6.9336e-04
Loss = 2.1268e-02, PNorm = 40.8329, GNorm = 0.0713, lr_0 = 6.8927e-04
Loss = 1.8323e-02, PNorm = 40.8582, GNorm = 0.1102, lr_0 = 6.8520e-04
Loss = 2.0144e-02, PNorm = 40.8946, GNorm = 0.2006, lr_0 = 6.8116e-04
Loss = 2.2725e-02, PNorm = 40.9171, GNorm = 0.1462, lr_0 = 6.7714e-04
Loss = 2.2680e-02, PNorm = 40.9483, GNorm = 0.1278, lr_0 = 6.7315e-04
Loss = 1.9387e-02, PNorm = 40.9650, GNorm = 0.0978, lr_0 = 6.6917e-04
Loss = 2.3985e-02, PNorm = 40.9903, GNorm = 0.1376, lr_0 = 6.6523e-04
Loss = 2.0243e-02, PNorm = 41.0198, GNorm = 0.1220, lr_0 = 6.6130e-04
Validation auc = 0.734574
Epoch 7
Loss = 1.2033e-02, PNorm = 41.0506, GNorm = 0.0715, lr_0 = 6.5701e-04
Loss = 1.4766e-02, PNorm = 41.0755, GNorm = 0.0946, lr_0 = 6.5314e-04
Loss = 1.5373e-02, PNorm = 41.0976, GNorm = 0.1736, lr_0 = 6.4929e-04
Loss = 1.6526e-02, PNorm = 41.1192, GNorm = 0.1354, lr_0 = 6.4546e-04
Loss = 1.4459e-02, PNorm = 41.1428, GNorm = 0.0829, lr_0 = 6.4165e-04
Loss = 1.6127e-02, PNorm = 41.1636, GNorm = 0.0714, lr_0 = 6.3786e-04
Loss = 1.8964e-02, PNorm = 41.1785, GNorm = 0.1238, lr_0 = 6.3410e-04
Loss = 1.6498e-02, PNorm = 41.1945, GNorm = 0.0977, lr_0 = 6.3036e-04
Loss = 1.6369e-02, PNorm = 41.2247, GNorm = 0.0661, lr_0 = 6.2664e-04
Loss = 9.9874e-03, PNorm = 41.2485, GNorm = 0.0711, lr_0 = 6.2295e-04
Loss = 1.5191e-02, PNorm = 41.2619, GNorm = 0.0939, lr_0 = 6.1927e-04
Loss = 2.0113e-02, PNorm = 41.2956, GNorm = 0.0604, lr_0 = 6.1562e-04
Loss = 2.2831e-02, PNorm = 41.3218, GNorm = 0.1611, lr_0 = 6.1199e-04
Loss = 1.3968e-02, PNorm = 41.3565, GNorm = 0.0879, lr_0 = 6.0838e-04
Validation auc = 0.731092
Epoch 8
Loss = 1.4033e-02, PNorm = 41.3836, GNorm = 0.1418, lr_0 = 6.0443e-04
Loss = 1.2058e-02, PNorm = 41.4053, GNorm = 0.1739, lr_0 = 6.0087e-04
Loss = 1.3224e-02, PNorm = 41.4287, GNorm = 0.0623, lr_0 = 5.9732e-04
Loss = 1.5249e-02, PNorm = 41.4468, GNorm = 0.1022, lr_0 = 5.9380e-04
Loss = 8.3014e-03, PNorm = 41.4652, GNorm = 0.0591, lr_0 = 5.9029e-04
Loss = 1.3109e-02, PNorm = 41.4927, GNorm = 0.0369, lr_0 = 5.8681e-04
Loss = 1.2041e-02, PNorm = 41.5154, GNorm = 0.0645, lr_0 = 5.8335e-04
Loss = 1.1575e-02, PNorm = 41.5395, GNorm = 0.0808, lr_0 = 5.7991e-04
Loss = 1.4432e-02, PNorm = 41.5593, GNorm = 0.0460, lr_0 = 5.7649e-04
Loss = 1.4867e-02, PNorm = 41.5781, GNorm = 0.1290, lr_0 = 5.7309e-04
Loss = 1.1410e-02, PNorm = 41.5969, GNorm = 0.1036, lr_0 = 5.6971e-04
Loss = 1.0815e-02, PNorm = 41.6157, GNorm = 0.0756, lr_0 = 5.6635e-04
Loss = 1.5899e-02, PNorm = 41.6299, GNorm = 0.0852, lr_0 = 5.6301e-04
Loss = 1.5449e-02, PNorm = 41.6527, GNorm = 0.1162, lr_0 = 5.5969e-04
Validation auc = 0.730599
Epoch 9
Loss = 8.9176e-03, PNorm = 41.6767, GNorm = 0.0720, lr_0 = 5.5638e-04
Loss = 9.6323e-03, PNorm = 41.6967, GNorm = 0.0398, lr_0 = 5.5310e-04
Loss = 8.3229e-03, PNorm = 41.7129, GNorm = 0.1580, lr_0 = 5.4984e-04
Loss = 1.0103e-02, PNorm = 41.7250, GNorm = 0.0644, lr_0 = 5.4660e-04
Loss = 1.1132e-02, PNorm = 41.7405, GNorm = 0.1047, lr_0 = 5.4337e-04
Loss = 6.6215e-03, PNorm = 41.7582, GNorm = 0.0605, lr_0 = 5.4017e-04
Loss = 1.2660e-02, PNorm = 41.7723, GNorm = 0.1083, lr_0 = 5.3698e-04
Loss = 1.0005e-02, PNorm = 41.7905, GNorm = 0.0983, lr_0 = 5.3381e-04
Loss = 1.1850e-02, PNorm = 41.8081, GNorm = 0.0600, lr_0 = 5.3066e-04
Loss = 1.4831e-02, PNorm = 41.8306, GNorm = 0.0562, lr_0 = 5.2753e-04
Loss = 1.1429e-02, PNorm = 41.8479, GNorm = 0.0398, lr_0 = 5.2442e-04
Loss = 1.3147e-02, PNorm = 41.8662, GNorm = 0.1412, lr_0 = 5.2133e-04
Loss = 1.2289e-02, PNorm = 41.8796, GNorm = 0.0680, lr_0 = 5.1825e-04
Loss = 1.2263e-02, PNorm = 41.8986, GNorm = 0.0994, lr_0 = 5.1520e-04
Validation auc = 0.731791
Epoch 10
Loss = 8.8452e-03, PNorm = 41.9192, GNorm = 0.0500, lr_0 = 5.1186e-04
Loss = 6.1792e-03, PNorm = 41.9391, GNorm = 0.0338, lr_0 = 5.0884e-04
Loss = 1.0163e-02, PNorm = 41.9575, GNorm = 0.0324, lr_0 = 5.0583e-04
Loss = 8.6449e-03, PNorm = 41.9730, GNorm = 0.0934, lr_0 = 5.0285e-04
Loss = 7.0763e-03, PNorm = 41.9869, GNorm = 0.0631, lr_0 = 4.9988e-04
Loss = 8.9524e-03, PNorm = 42.0074, GNorm = 0.0549, lr_0 = 4.9694e-04
Loss = 9.3660e-03, PNorm = 42.0194, GNorm = 0.0515, lr_0 = 4.9400e-04
Loss = 1.1839e-02, PNorm = 42.0343, GNorm = 0.0596, lr_0 = 4.9109e-04
Loss = 7.8039e-03, PNorm = 42.0535, GNorm = 0.0462, lr_0 = 4.8819e-04
Loss = 1.1213e-02, PNorm = 42.0675, GNorm = 0.1704, lr_0 = 4.8531e-04
Loss = 9.0584e-03, PNorm = 42.0860, GNorm = 0.0398, lr_0 = 4.8245e-04
Loss = 9.2270e-03, PNorm = 42.1110, GNorm = 0.1367, lr_0 = 4.7961e-04
Loss = 8.6403e-03, PNorm = 42.1261, GNorm = 0.0565, lr_0 = 4.7678e-04
Loss = 1.3565e-02, PNorm = 42.1465, GNorm = 0.0602, lr_0 = 4.7396e-04
Loss = 5.2232e-02, PNorm = 42.1465, GNorm = 0.5988, lr_0 = 4.7368e-04
Validation auc = 0.732571
Epoch 11
Loss = 8.6675e-03, PNorm = 42.1600, GNorm = 0.0464, lr_0 = 4.7089e-04
Loss = 1.0478e-02, PNorm = 42.1812, GNorm = 0.0273, lr_0 = 4.6811e-04
Loss = 8.5341e-03, PNorm = 42.1889, GNorm = 0.1612, lr_0 = 4.6535e-04
Loss = 8.8941e-03, PNorm = 42.1999, GNorm = 0.0789, lr_0 = 4.6261e-04
Loss = 6.1083e-03, PNorm = 42.2133, GNorm = 0.0986, lr_0 = 4.5988e-04
Loss = 1.0770e-02, PNorm = 42.2225, GNorm = 0.0766, lr_0 = 4.5716e-04
Loss = 8.9608e-03, PNorm = 42.2422, GNorm = 0.0426, lr_0 = 4.5447e-04
Loss = 8.1562e-03, PNorm = 42.2607, GNorm = 0.0417, lr_0 = 4.5179e-04
Loss = 1.1120e-02, PNorm = 42.2714, GNorm = 0.0718, lr_0 = 4.4912e-04
Loss = 7.1949e-03, PNorm = 42.2874, GNorm = 0.1026, lr_0 = 4.4647e-04
Loss = 9.5738e-03, PNorm = 42.3008, GNorm = 0.1135, lr_0 = 4.4384e-04
Loss = 8.5171e-03, PNorm = 42.3144, GNorm = 0.0544, lr_0 = 4.4122e-04
Loss = 8.7570e-03, PNorm = 42.3294, GNorm = 0.1039, lr_0 = 4.3862e-04
Validation auc = 0.732494
Epoch 12
Loss = 7.5616e-03, PNorm = 42.3491, GNorm = 0.0577, lr_0 = 4.3577e-04
Loss = 8.2381e-03, PNorm = 42.3624, GNorm = 0.0308, lr_0 = 4.3320e-04
Loss = 8.1764e-03, PNorm = 42.3730, GNorm = 0.0976, lr_0 = 4.3065e-04
Loss = 4.9806e-03, PNorm = 42.3873, GNorm = 0.0305, lr_0 = 4.2811e-04
Loss = 7.1537e-03, PNorm = 42.4031, GNorm = 0.0739, lr_0 = 4.2558e-04
Loss = 5.3369e-03, PNorm = 42.4179, GNorm = 0.0468, lr_0 = 4.2307e-04
Loss = 6.7197e-03, PNorm = 42.4287, GNorm = 0.0301, lr_0 = 4.2058e-04
Loss = 1.0174e-02, PNorm = 42.4403, GNorm = 0.0592, lr_0 = 4.1809e-04
Loss = 9.0834e-03, PNorm = 42.4611, GNorm = 0.0460, lr_0 = 4.1563e-04
Loss = 6.3750e-03, PNorm = 42.4734, GNorm = 0.1144, lr_0 = 4.1318e-04
Loss = 5.3860e-03, PNorm = 42.4826, GNorm = 0.0647, lr_0 = 4.1074e-04
Loss = 7.3957e-03, PNorm = 42.4938, GNorm = 0.0892, lr_0 = 4.0832e-04
Loss = 8.1150e-03, PNorm = 42.5060, GNorm = 0.0224, lr_0 = 4.0591e-04
Loss = 6.9559e-03, PNorm = 42.5185, GNorm = 0.0611, lr_0 = 4.0351e-04
Validation auc = 0.732624
Epoch 13
Loss = 4.6332e-03, PNorm = 42.5339, GNorm = 0.0452, lr_0 = 4.0090e-04
Loss = 5.8259e-03, PNorm = 42.5445, GNorm = 0.0256, lr_0 = 3.9853e-04
Loss = 5.7188e-03, PNorm = 42.5525, GNorm = 0.1227, lr_0 = 3.9618e-04
Loss = 6.1975e-03, PNorm = 42.5621, GNorm = 0.0563, lr_0 = 3.9384e-04
Loss = 7.4726e-03, PNorm = 42.5692, GNorm = 0.0976, lr_0 = 3.9152e-04
Loss = 7.6201e-03, PNorm = 42.5819, GNorm = 0.0917, lr_0 = 3.8921e-04
Loss = 5.7074e-03, PNorm = 42.5974, GNorm = 0.0520, lr_0 = 3.8692e-04
Loss = 7.3615e-03, PNorm = 42.6084, GNorm = 0.0729, lr_0 = 3.8463e-04
Loss = 9.6090e-03, PNorm = 42.6177, GNorm = 0.0780, lr_0 = 3.8236e-04
Loss = 5.2279e-03, PNorm = 42.6365, GNorm = 0.0481, lr_0 = 3.8011e-04
Loss = 6.7928e-03, PNorm = 42.6440, GNorm = 0.0976, lr_0 = 3.7787e-04
Loss = 6.7025e-03, PNorm = 42.6518, GNorm = 0.0786, lr_0 = 3.7564e-04
Loss = 6.9550e-03, PNorm = 42.6676, GNorm = 0.0266, lr_0 = 3.7342e-04
Loss = 5.4595e-03, PNorm = 42.6796, GNorm = 0.0635, lr_0 = 3.7122e-04
Validation auc = 0.730000
Epoch 14
Loss = 3.9223e-03, PNorm = 42.6941, GNorm = 0.0263, lr_0 = 3.6881e-04
Loss = 4.7847e-03, PNorm = 42.7098, GNorm = 0.0374, lr_0 = 3.6664e-04
Loss = 5.9338e-03, PNorm = 42.7213, GNorm = 0.0745, lr_0 = 3.6447e-04
Loss = 7.4440e-03, PNorm = 42.7272, GNorm = 0.0274, lr_0 = 3.6232e-04
Loss = 6.0415e-03, PNorm = 42.7360, GNorm = 0.0321, lr_0 = 3.6019e-04
Loss = 5.2298e-03, PNorm = 42.7494, GNorm = 0.0555, lr_0 = 3.5806e-04
Loss = 4.9906e-03, PNorm = 42.7624, GNorm = 0.0194, lr_0 = 3.5595e-04
Loss = 5.2346e-03, PNorm = 42.7716, GNorm = 0.0330, lr_0 = 3.5385e-04
Loss = 5.9666e-03, PNorm = 42.7794, GNorm = 0.1525, lr_0 = 3.5176e-04
Loss = 9.6992e-03, PNorm = 42.7830, GNorm = 0.0399, lr_0 = 3.4969e-04
Loss = 7.2868e-03, PNorm = 42.7926, GNorm = 0.0541, lr_0 = 3.4762e-04
Loss = 5.8873e-03, PNorm = 42.8008, GNorm = 0.0522, lr_0 = 3.4557e-04
Loss = 6.4109e-03, PNorm = 42.8125, GNorm = 0.0745, lr_0 = 3.4354e-04
Loss = 5.4808e-03, PNorm = 42.8257, GNorm = 0.1389, lr_0 = 3.4151e-04
Validation auc = 0.730631
Epoch 15
Loss = 5.7436e-03, PNorm = 42.8349, GNorm = 0.1015, lr_0 = 3.3929e-04
Loss = 5.1944e-03, PNorm = 42.8502, GNorm = 0.0509, lr_0 = 3.3729e-04
Loss = 5.6752e-03, PNorm = 42.8635, GNorm = 0.0242, lr_0 = 3.3530e-04
Loss = 5.3051e-03, PNorm = 42.8750, GNorm = 0.0379, lr_0 = 3.3332e-04
Loss = 5.7211e-03, PNorm = 42.8861, GNorm = 0.0282, lr_0 = 3.3136e-04
Loss = 6.3027e-03, PNorm = 42.8967, GNorm = 0.1265, lr_0 = 3.2940e-04
Loss = 3.7062e-03, PNorm = 42.9089, GNorm = 0.0318, lr_0 = 3.2746e-04
Loss = 7.0083e-03, PNorm = 42.9115, GNorm = 0.1113, lr_0 = 3.2553e-04
Loss = 5.0283e-03, PNorm = 42.9225, GNorm = 0.0487, lr_0 = 3.2361e-04
Loss = 5.2072e-03, PNorm = 42.9389, GNorm = 0.0600, lr_0 = 3.2170e-04
Loss = 6.0387e-03, PNorm = 42.9452, GNorm = 0.0474, lr_0 = 3.1980e-04
Loss = 6.3407e-03, PNorm = 42.9513, GNorm = 0.0136, lr_0 = 3.1792e-04
Loss = 4.3031e-03, PNorm = 42.9639, GNorm = 0.0483, lr_0 = 3.1604e-04
Loss = 7.2558e-03, PNorm = 42.9705, GNorm = 0.0349, lr_0 = 3.1418e-04
Validation auc = 0.730187
Epoch 16
Loss = 3.2753e-03, PNorm = 42.9768, GNorm = 0.0410, lr_0 = 3.1214e-04
Loss = 4.6799e-03, PNorm = 42.9904, GNorm = 0.0724, lr_0 = 3.1030e-04
Loss = 4.8632e-03, PNorm = 42.9997, GNorm = 0.1167, lr_0 = 3.0847e-04
Loss = 7.4060e-03, PNorm = 43.0064, GNorm = 0.0199, lr_0 = 3.0665e-04
Loss = 4.7957e-03, PNorm = 43.0201, GNorm = 0.0242, lr_0 = 3.0484e-04
Loss = 4.1228e-03, PNorm = 43.0288, GNorm = 0.0207, lr_0 = 3.0304e-04
Loss = 4.3688e-03, PNorm = 43.0383, GNorm = 0.0257, lr_0 = 3.0125e-04
Loss = 5.1337e-03, PNorm = 43.0454, GNorm = 0.0377, lr_0 = 2.9948e-04
Loss = 4.7606e-03, PNorm = 43.0515, GNorm = 0.0633, lr_0 = 2.9771e-04
Loss = 5.9910e-03, PNorm = 43.0600, GNorm = 0.0435, lr_0 = 2.9595e-04
Loss = 5.0879e-03, PNorm = 43.0731, GNorm = 0.0228, lr_0 = 2.9421e-04
Loss = 5.8423e-03, PNorm = 43.0798, GNorm = 0.0465, lr_0 = 2.9247e-04
Loss = 4.8120e-03, PNorm = 43.0875, GNorm = 0.0793, lr_0 = 2.9075e-04
Loss = 4.7232e-03, PNorm = 43.0966, GNorm = 0.0616, lr_0 = 2.8903e-04
Validation auc = 0.730818
Epoch 17
Loss = 5.9046e-03, PNorm = 43.1004, GNorm = 0.0681, lr_0 = 2.8733e-04
Loss = 3.3939e-03, PNorm = 43.1086, GNorm = 0.0287, lr_0 = 2.8563e-04
Loss = 6.5320e-03, PNorm = 43.1207, GNorm = 0.0380, lr_0 = 2.8395e-04
Loss = 4.7600e-03, PNorm = 43.1352, GNorm = 0.0184, lr_0 = 2.8227e-04
Loss = 2.4921e-03, PNorm = 43.1436, GNorm = 0.0298, lr_0 = 2.8061e-04
Loss = 4.1083e-03, PNorm = 43.1499, GNorm = 0.1073, lr_0 = 2.7895e-04
Loss = 5.0869e-03, PNorm = 43.1559, GNorm = 0.0197, lr_0 = 2.7731e-04
Loss = 4.0159e-03, PNorm = 43.1616, GNorm = 0.0252, lr_0 = 2.7567e-04
Loss = 5.0131e-03, PNorm = 43.1703, GNorm = 0.0166, lr_0 = 2.7404e-04
Loss = 5.2840e-03, PNorm = 43.1786, GNorm = 0.0896, lr_0 = 2.7243e-04
Loss = 5.2191e-03, PNorm = 43.1842, GNorm = 0.0772, lr_0 = 2.7082e-04
Loss = 3.5932e-03, PNorm = 43.1940, GNorm = 0.0920, lr_0 = 2.6922e-04
Loss = 6.6052e-03, PNorm = 43.2067, GNorm = 0.1925, lr_0 = 2.6764e-04
Loss = 5.6027e-03, PNorm = 43.2179, GNorm = 0.0834, lr_0 = 2.6606e-04
Validation auc = 0.730664
Epoch 18
Loss = 5.9346e-03, PNorm = 43.2241, GNorm = 0.0745, lr_0 = 2.6433e-04
Loss = 3.8431e-03, PNorm = 43.2345, GNorm = 0.0350, lr_0 = 2.6277e-04
Loss = 4.5801e-03, PNorm = 43.2440, GNorm = 0.0777, lr_0 = 2.6122e-04
Loss = 3.6006e-03, PNorm = 43.2495, GNorm = 0.0294, lr_0 = 2.5968e-04
Loss = 4.5192e-03, PNorm = 43.2551, GNorm = 0.0157, lr_0 = 2.5815e-04
Loss = 5.6646e-03, PNorm = 43.2631, GNorm = 0.0409, lr_0 = 2.5663e-04
Loss = 3.8582e-03, PNorm = 43.2695, GNorm = 0.0440, lr_0 = 2.5511e-04
Loss = 5.2606e-03, PNorm = 43.2794, GNorm = 0.0298, lr_0 = 2.5361e-04
Loss = 5.0683e-03, PNorm = 43.2793, GNorm = 0.1076, lr_0 = 2.5211e-04
Loss = 3.9249e-03, PNorm = 43.2874, GNorm = 0.1793, lr_0 = 2.5062e-04
Loss = 5.9922e-03, PNorm = 43.2969, GNorm = 0.0225, lr_0 = 2.4915e-04
Loss = 3.9779e-03, PNorm = 43.3060, GNorm = 0.0854, lr_0 = 2.4768e-04
Loss = 4.2960e-03, PNorm = 43.3151, GNorm = 0.0500, lr_0 = 2.4622e-04
Loss = 3.8055e-03, PNorm = 43.3257, GNorm = 0.0412, lr_0 = 2.4476e-04
Validation auc = 0.731416
Epoch 19
Loss = 2.9564e-03, PNorm = 43.3312, GNorm = 0.0200, lr_0 = 2.4318e-04
Loss = 6.1436e-03, PNorm = 43.3325, GNorm = 0.1102, lr_0 = 2.4174e-04
Loss = 5.3818e-03, PNorm = 43.3371, GNorm = 0.0158, lr_0 = 2.4032e-04
Loss = 3.7263e-03, PNorm = 43.3458, GNorm = 0.0185, lr_0 = 2.3890e-04
Loss = 3.3105e-03, PNorm = 43.3565, GNorm = 0.0416, lr_0 = 2.3749e-04
Loss = 3.5311e-03, PNorm = 43.3650, GNorm = 0.0543, lr_0 = 2.3609e-04
Loss = 3.2247e-03, PNorm = 43.3713, GNorm = 0.0745, lr_0 = 2.3469e-04
Loss = 4.1085e-03, PNorm = 43.3813, GNorm = 0.0384, lr_0 = 2.3331e-04
Loss = 4.8042e-03, PNorm = 43.3848, GNorm = 0.0109, lr_0 = 2.3193e-04
Loss = 3.8693e-03, PNorm = 43.3934, GNorm = 0.0274, lr_0 = 2.3057e-04
Loss = 5.6026e-03, PNorm = 43.4026, GNorm = 0.0396, lr_0 = 2.2921e-04
Loss = 2.5719e-03, PNorm = 43.4095, GNorm = 0.0346, lr_0 = 2.2785e-04
Loss = 4.2643e-03, PNorm = 43.4162, GNorm = 0.0516, lr_0 = 2.2651e-04
Loss = 5.4474e-03, PNorm = 43.4208, GNorm = 0.0492, lr_0 = 2.2517e-04
Validation auc = 0.730206
Epoch 20
Loss = 2.6280e-03, PNorm = 43.4305, GNorm = 0.0161, lr_0 = 2.2371e-04
Loss = 3.3924e-03, PNorm = 43.4361, GNorm = 0.0991, lr_0 = 2.2239e-04
Loss = 4.2036e-03, PNorm = 43.4458, GNorm = 0.0244, lr_0 = 2.2108e-04
Loss = 6.5637e-03, PNorm = 43.4480, GNorm = 0.1272, lr_0 = 2.1978e-04
Loss = 3.4835e-03, PNorm = 43.4526, GNorm = 0.0452, lr_0 = 2.1848e-04
Loss = 2.5800e-03, PNorm = 43.4591, GNorm = 0.0157, lr_0 = 2.1719e-04
Loss = 3.7103e-03, PNorm = 43.4639, GNorm = 0.0434, lr_0 = 2.1591e-04
Loss = 4.4524e-03, PNorm = 43.4710, GNorm = 0.0605, lr_0 = 2.1464e-04
Loss = 3.6281e-03, PNorm = 43.4837, GNorm = 0.0351, lr_0 = 2.1337e-04
Loss = 4.1887e-03, PNorm = 43.4907, GNorm = 0.0234, lr_0 = 2.1211e-04
Loss = 2.4379e-03, PNorm = 43.4978, GNorm = 0.0563, lr_0 = 2.1086e-04
Loss = 4.5318e-03, PNorm = 43.5010, GNorm = 0.0787, lr_0 = 2.0962e-04
Loss = 5.1022e-03, PNorm = 43.5035, GNorm = 0.1341, lr_0 = 2.0838e-04
Loss = 5.8001e-03, PNorm = 43.5125, GNorm = 0.0844, lr_0 = 2.0715e-04
Validation auc = 0.730278
Epoch 21
Loss = 3.1789e-03, PNorm = 43.5222, GNorm = 0.0948, lr_0 = 2.0581e-04
Loss = 3.4785e-03, PNorm = 43.5285, GNorm = 0.0264, lr_0 = 2.0459e-04
Loss = 3.2531e-03, PNorm = 43.5362, GNorm = 0.0631, lr_0 = 2.0339e-04
Loss = 2.0702e-03, PNorm = 43.5451, GNorm = 0.0282, lr_0 = 2.0219e-04
Loss = 2.6474e-03, PNorm = 43.5514, GNorm = 0.0222, lr_0 = 2.0100e-04
Loss = 3.2418e-03, PNorm = 43.5555, GNorm = 0.0740, lr_0 = 1.9981e-04
Loss = 3.5226e-03, PNorm = 43.5591, GNorm = 0.1036, lr_0 = 1.9863e-04
Loss = 3.5157e-03, PNorm = 43.5652, GNorm = 0.0313, lr_0 = 1.9746e-04
Loss = 5.1658e-03, PNorm = 43.5718, GNorm = 0.0586, lr_0 = 1.9629e-04
Loss = 4.0131e-03, PNorm = 43.5754, GNorm = 0.0685, lr_0 = 1.9514e-04
Loss = 4.4867e-03, PNorm = 43.5775, GNorm = 0.0329, lr_0 = 1.9399e-04
Loss = 5.3143e-03, PNorm = 43.5825, GNorm = 0.0614, lr_0 = 1.9284e-04
Loss = 4.1834e-03, PNorm = 43.5884, GNorm = 0.0188, lr_0 = 1.9170e-04
Loss = 4.6724e-03, PNorm = 43.5942, GNorm = 0.0311, lr_0 = 1.9057e-04
Loss = 5.7004e-04, PNorm = 43.5948, GNorm = 0.0149, lr_0 = 1.9046e-04
Validation auc = 0.729751
Epoch 22
Loss = 3.1900e-03, PNorm = 43.6017, GNorm = 0.0676, lr_0 = 1.8934e-04
Loss = 3.3839e-03, PNorm = 43.6083, GNorm = 0.0312, lr_0 = 1.8822e-04
Loss = 2.7443e-03, PNorm = 43.6166, GNorm = 0.0293, lr_0 = 1.8711e-04
Loss = 3.2164e-03, PNorm = 43.6222, GNorm = 0.0160, lr_0 = 1.8601e-04
Loss = 2.8087e-03, PNorm = 43.6275, GNorm = 0.0266, lr_0 = 1.8491e-04
Loss = 4.6082e-03, PNorm = 43.6330, GNorm = 0.0295, lr_0 = 1.8382e-04
Loss = 2.8523e-03, PNorm = 43.6401, GNorm = 0.0490, lr_0 = 1.8273e-04
Loss = 3.4715e-03, PNorm = 43.6458, GNorm = 0.0306, lr_0 = 1.8166e-04
Loss = 4.8871e-03, PNorm = 43.6541, GNorm = 0.0161, lr_0 = 1.8058e-04
Loss = 3.9572e-03, PNorm = 43.6620, GNorm = 0.0785, lr_0 = 1.7952e-04
Loss = 4.7839e-03, PNorm = 43.6656, GNorm = 0.0088, lr_0 = 1.7846e-04
Loss = 2.8464e-03, PNorm = 43.6684, GNorm = 0.0170, lr_0 = 1.7741e-04
Loss = 2.7738e-03, PNorm = 43.6715, GNorm = 0.0091, lr_0 = 1.7636e-04
Validation auc = 0.731261
Epoch 23
Loss = 3.7828e-03, PNorm = 43.6767, GNorm = 0.0614, lr_0 = 1.7522e-04
Loss = 3.5189e-03, PNorm = 43.6817, GNorm = 0.0230, lr_0 = 1.7418e-04
Loss = 2.8977e-03, PNorm = 43.6875, GNorm = 0.0194, lr_0 = 1.7316e-04
Loss = 2.1488e-03, PNorm = 43.6927, GNorm = 0.0110, lr_0 = 1.7213e-04
Loss = 2.0618e-03, PNorm = 43.6975, GNorm = 0.0249, lr_0 = 1.7112e-04
Loss = 2.5132e-03, PNorm = 43.7028, GNorm = 0.0173, lr_0 = 1.7011e-04
Loss = 2.2560e-03, PNorm = 43.7082, GNorm = 0.0443, lr_0 = 1.6911e-04
Loss = 4.4052e-03, PNorm = 43.7133, GNorm = 0.0824, lr_0 = 1.6811e-04
Loss = 4.8334e-03, PNorm = 43.7168, GNorm = 0.0703, lr_0 = 1.6712e-04
Loss = 2.8901e-03, PNorm = 43.7227, GNorm = 0.0422, lr_0 = 1.6613e-04
Loss = 4.2864e-03, PNorm = 43.7307, GNorm = 0.0299, lr_0 = 1.6515e-04
Loss = 4.1713e-03, PNorm = 43.7394, GNorm = 0.0675, lr_0 = 1.6418e-04
Loss = 2.7251e-03, PNorm = 43.7479, GNorm = 0.0352, lr_0 = 1.6321e-04
Loss = 5.0177e-03, PNorm = 43.7524, GNorm = 0.1013, lr_0 = 1.6225e-04
Validation auc = 0.730818
Epoch 24
Loss = 3.3610e-03, PNorm = 43.7588, GNorm = 0.0465, lr_0 = 1.6119e-04
Loss = 1.8404e-03, PNorm = 43.7652, GNorm = 0.0297, lr_0 = 1.6024e-04
Loss = 4.7267e-03, PNorm = 43.7683, GNorm = 0.0582, lr_0 = 1.5930e-04
Loss = 2.8873e-03, PNorm = 43.7733, GNorm = 0.0261, lr_0 = 1.5836e-04
Loss = 3.1808e-03, PNorm = 43.7797, GNorm = 0.0155, lr_0 = 1.5742e-04
Loss = 3.1234e-03, PNorm = 43.7850, GNorm = 0.0681, lr_0 = 1.5650e-04
Loss = 2.5449e-03, PNorm = 43.7892, GNorm = 0.0219, lr_0 = 1.5557e-04
Loss = 4.5748e-03, PNorm = 43.7928, GNorm = 0.0348, lr_0 = 1.5465e-04
Loss = 3.0221e-03, PNorm = 43.7993, GNorm = 0.0313, lr_0 = 1.5374e-04
Loss = 3.2779e-03, PNorm = 43.8044, GNorm = 0.0473, lr_0 = 1.5284e-04
Loss = 3.5008e-03, PNorm = 43.8068, GNorm = 0.0334, lr_0 = 1.5193e-04
Loss = 2.7703e-03, PNorm = 43.8118, GNorm = 0.0102, lr_0 = 1.5104e-04
Loss = 2.0644e-03, PNorm = 43.8162, GNorm = 0.0122, lr_0 = 1.5015e-04
Loss = 5.2712e-03, PNorm = 43.8183, GNorm = 0.1339, lr_0 = 1.4926e-04
Validation auc = 0.730351
Epoch 25
Loss = 4.7062e-03, PNorm = 43.8203, GNorm = 0.0262, lr_0 = 1.4838e-04
Loss = 3.0424e-03, PNorm = 43.8271, GNorm = 0.0593, lr_0 = 1.4751e-04
Loss = 3.7253e-03, PNorm = 43.8336, GNorm = 0.0564, lr_0 = 1.4664e-04
Loss = 2.4676e-03, PNorm = 43.8393, GNorm = 0.0311, lr_0 = 1.4577e-04
Loss = 3.7841e-03, PNorm = 43.8433, GNorm = 0.0842, lr_0 = 1.4491e-04
Loss = 2.2325e-03, PNorm = 43.8486, GNorm = 0.0217, lr_0 = 1.4406e-04
Loss = 3.8990e-03, PNorm = 43.8542, GNorm = 0.0157, lr_0 = 1.4321e-04
Loss = 3.1037e-03, PNorm = 43.8603, GNorm = 0.0128, lr_0 = 1.4236e-04
Loss = 2.8014e-03, PNorm = 43.8655, GNorm = 0.0129, lr_0 = 1.4152e-04
Loss = 3.1681e-03, PNorm = 43.8680, GNorm = 0.0432, lr_0 = 1.4069e-04
Loss = 3.5167e-03, PNorm = 43.8731, GNorm = 0.0315, lr_0 = 1.3986e-04
Loss = 3.3647e-03, PNorm = 43.8768, GNorm = 0.0221, lr_0 = 1.3903e-04
Loss = 2.8923e-03, PNorm = 43.8800, GNorm = 0.0826, lr_0 = 1.3821e-04
Loss = 3.5655e-03, PNorm = 43.8851, GNorm = 0.0477, lr_0 = 1.3740e-04
Validation auc = 0.731342
Epoch 26
Loss = 2.0869e-03, PNorm = 43.8932, GNorm = 0.0700, lr_0 = 1.3651e-04
Loss = 3.2075e-03, PNorm = 43.8976, GNorm = 0.0637, lr_0 = 1.3570e-04
Loss = 3.4584e-03, PNorm = 43.9019, GNorm = 0.0169, lr_0 = 1.3490e-04
Loss = 2.2903e-03, PNorm = 43.9063, GNorm = 0.0203, lr_0 = 1.3410e-04
Loss = 1.8649e-03, PNorm = 43.9093, GNorm = 0.0170, lr_0 = 1.3331e-04
Loss = 2.3494e-03, PNorm = 43.9143, GNorm = 0.0303, lr_0 = 1.3253e-04
Loss = 4.5258e-03, PNorm = 43.9186, GNorm = 0.0120, lr_0 = 1.3174e-04
Loss = 4.4665e-03, PNorm = 43.9223, GNorm = 0.1197, lr_0 = 1.3097e-04
Loss = 3.0691e-03, PNorm = 43.9247, GNorm = 0.0355, lr_0 = 1.3019e-04
Loss = 2.8211e-03, PNorm = 43.9299, GNorm = 0.0554, lr_0 = 1.2943e-04
Loss = 4.7712e-03, PNorm = 43.9368, GNorm = 0.0817, lr_0 = 1.2866e-04
Loss = 2.8916e-03, PNorm = 43.9417, GNorm = 0.0331, lr_0 = 1.2790e-04
Loss = 2.6847e-03, PNorm = 43.9452, GNorm = 0.0301, lr_0 = 1.2715e-04
Loss = 2.6405e-03, PNorm = 43.9502, GNorm = 0.0510, lr_0 = 1.2640e-04
Validation auc = 0.731349
Epoch 27
Loss = 2.1582e-03, PNorm = 43.9559, GNorm = 0.0150, lr_0 = 1.2558e-04
Loss = 2.2797e-03, PNorm = 43.9612, GNorm = 0.0293, lr_0 = 1.2484e-04
Loss = 3.0284e-03, PNorm = 43.9646, GNorm = 0.0321, lr_0 = 1.2410e-04
Loss = 2.5637e-03, PNorm = 43.9667, GNorm = 0.0535, lr_0 = 1.2337e-04
Loss = 4.0758e-03, PNorm = 43.9713, GNorm = 0.0976, lr_0 = 1.2264e-04
Loss = 2.6001e-03, PNorm = 43.9766, GNorm = 0.0116, lr_0 = 1.2192e-04
Loss = 2.5648e-03, PNorm = 43.9803, GNorm = 0.0257, lr_0 = 1.2120e-04
Loss = 1.9733e-03, PNorm = 43.9843, GNorm = 0.0307, lr_0 = 1.2049e-04
Loss = 2.9903e-03, PNorm = 43.9890, GNorm = 0.0943, lr_0 = 1.1977e-04
Loss = 2.7907e-03, PNorm = 43.9951, GNorm = 0.0140, lr_0 = 1.1907e-04
Loss = 3.7522e-03, PNorm = 43.9967, GNorm = 0.0122, lr_0 = 1.1837e-04
Loss = 2.5944e-03, PNorm = 43.9981, GNorm = 0.0439, lr_0 = 1.1767e-04
Loss = 3.4504e-03, PNorm = 44.0016, GNorm = 0.0609, lr_0 = 1.1697e-04
Loss = 4.4693e-03, PNorm = 44.0066, GNorm = 0.0070, lr_0 = 1.1628e-04
Validation auc = 0.730842
Epoch 28
Loss = 2.4429e-03, PNorm = 44.0110, GNorm = 0.0865, lr_0 = 1.1553e-04
Loss = 2.1783e-03, PNorm = 44.0139, GNorm = 0.0089, lr_0 = 1.1485e-04
Loss = 3.2858e-03, PNorm = 44.0192, GNorm = 0.0161, lr_0 = 1.1417e-04
Loss = 4.0196e-03, PNorm = 44.0257, GNorm = 0.1105, lr_0 = 1.1350e-04
Loss = 1.8654e-03, PNorm = 44.0302, GNorm = 0.0471, lr_0 = 1.1283e-04
Loss = 3.5935e-03, PNorm = 44.0312, GNorm = 0.0570, lr_0 = 1.1216e-04
Loss = 2.7383e-03, PNorm = 44.0337, GNorm = 0.0114, lr_0 = 1.1150e-04
Loss = 3.4914e-03, PNorm = 44.0372, GNorm = 0.0838, lr_0 = 1.1084e-04
Loss = 2.6974e-03, PNorm = 44.0396, GNorm = 0.0282, lr_0 = 1.1019e-04
Loss = 2.4416e-03, PNorm = 44.0439, GNorm = 0.0351, lr_0 = 1.0954e-04
Loss = 3.1005e-03, PNorm = 44.0509, GNorm = 0.0822, lr_0 = 1.0889e-04
Loss = 3.4688e-03, PNorm = 44.0543, GNorm = 0.0728, lr_0 = 1.0825e-04
Loss = 3.0308e-03, PNorm = 44.0569, GNorm = 0.0327, lr_0 = 1.0761e-04
Loss = 1.8478e-03, PNorm = 44.0620, GNorm = 0.0352, lr_0 = 1.0698e-04
Validation auc = 0.731856
Epoch 29
Loss = 2.6426e-03, PNorm = 44.0678, GNorm = 0.0279, lr_0 = 1.0628e-04
Loss = 3.6117e-03, PNorm = 44.0703, GNorm = 0.0070, lr_0 = 1.0566e-04
Loss = 2.5307e-03, PNorm = 44.0735, GNorm = 0.0103, lr_0 = 1.0503e-04
Loss = 3.3395e-03, PNorm = 44.0794, GNorm = 0.0313, lr_0 = 1.0441e-04
Loss = 3.9344e-03, PNorm = 44.0836, GNorm = 0.0135, lr_0 = 1.0380e-04
Loss = 2.3400e-03, PNorm = 44.0859, GNorm = 0.0111, lr_0 = 1.0319e-04
Loss = 3.4331e-03, PNorm = 44.0873, GNorm = 0.0170, lr_0 = 1.0258e-04
Loss = 2.8764e-03, PNorm = 44.0895, GNorm = 0.0150, lr_0 = 1.0197e-04
Loss = 2.9996e-03, PNorm = 44.0922, GNorm = 0.0176, lr_0 = 1.0137e-04
Loss = 1.9041e-03, PNorm = 44.0980, GNorm = 0.0071, lr_0 = 1.0077e-04
Loss = 2.4216e-03, PNorm = 44.1031, GNorm = 0.0803, lr_0 = 1.0018e-04
Loss = 2.4635e-03, PNorm = 44.1072, GNorm = 0.0090, lr_0 = 1.0000e-04
Loss = 2.3524e-03, PNorm = 44.1110, GNorm = 0.0810, lr_0 = 1.0000e-04
Loss = 2.3503e-03, PNorm = 44.1142, GNorm = 0.0217, lr_0 = 1.0000e-04
Validation auc = 0.730999
Model 0 best validation auc = 0.739789 on epoch 1
Loading pretrained parameter "encoder.encoder.0.cached_zero_vector".
Loading pretrained parameter "encoder.encoder.0.W_i.weight".
Loading pretrained parameter "encoder.encoder.0.W_h.weight".
Loading pretrained parameter "encoder.encoder.0.W_o.weight".
Loading pretrained parameter "encoder.encoder.0.W_o.bias".
Loading pretrained parameter "ffn.1.weight".
Loading pretrained parameter "ffn.1.bias".
Loading pretrained parameter "ffn.4.weight".
Loading pretrained parameter "ffn.4.bias".
Moving model to cuda
Model 0 test auc = 0.713238
Ensemble test auc = 0.713238
1-fold cross validation
	Seed 0 ==> test auc = 0.713238
Overall test auc = 0.713238 +/- 0.000000
Elapsed time = 0:03:49
