Command line
python /home/vo87poq/chemprop_projektarbeit/train.py --gpu 0 --epochs 13 --data_path /home/vo87poq/chemprop_projektarbeit/newdata/tox21_data_full/tox21_full_desalted_grouped_nans.csv --separate_val_path /home/vo87poq/chemprop_projektarbeit/newdata/tox21_data_full/tox21_full_desalted_grouped_nans.csv --separate_test_path /home/vo87poq/chemprop_projektarbeit/newdata/tox21_data_full/tox21_full_desalted_grouped_nans.csv --dataset_type classification --save_dir /home/vo87poq/chemprop_projektarbeit/tox21_checkpoints/full_set/final_D-MPNN_base --quiet --save_preds --config_path /home/vo87poq/chemprop_projektarbeit/tox21_checkpoints/optimization/full_set/config.json
Args
{'activation': 'ReLU',
 'adding_h': False,
 'aggregation': 'mean',
 'aggregation_norm': 100,
 'atom_descriptor_scaling': True,
 'atom_descriptors': None,
 'atom_descriptors_path': None,
 'atom_descriptors_size': 0,
 'atom_features_size': 0,
 'atom_messages': False,
 'batch_size': 50,
 'bias': False,
 'bias_solvent': False,
 'bond_feature_scaling': True,
 'bond_features_path': None,
 'bond_features_size': 0,
 'cache_cutoff': 10000,
 'checkpoint_dir': None,
 'checkpoint_frzn': None,
 'checkpoint_path': None,
 'checkpoint_paths': None,
 'class_balance': False,
 'config_path': '/home/vo87poq/chemprop_projektarbeit/tox21_checkpoints/optimization/full_set/config.json',
 'crossval_index_dir': None,
 'crossval_index_file': None,
 'crossval_index_sets': None,
 'cuda': True,
 'data_path': '/home/vo87poq/chemprop_projektarbeit/newdata/tox21_data_full/tox21_full_desalted_grouped_nans.csv',
 'data_weights_path': None,
 'dataset_type': 'classification',
 'depth': 3,
 'depth_solvent': 3,
 'device': device(type='cuda', index=0),
 'dropout': 0.0,
 'empty_cache': False,
 'ensemble_size': 1,
 'epochs': 13,
 'evidential_regularization': 0,
 'explicit_h': False,
 'extra_metrics': [],
 'features_generator': None,
 'features_only': False,
 'features_path': None,
 'features_scaling': True,
 'features_size': None,
 'ffn_hidden_size': 1100,
 'ffn_num_layers': 3,
 'final_lr': 0.0001,
 'folds_file': None,
 'freeze_first_only': False,
 'frzn_ffn_layers': 0,
 'gpu': 0,
 'grad_clip': None,
 'hidden_size': 1100,
 'hidden_size_solvent': 300,
 'ignore_columns': None,
 'init_lr': 0.0001,
 'log_frequency': 10,
 'loss_function': 'binary_cross_entropy',
 'max_data_size': None,
 'max_lr': 0.001,
 'metric': 'auc',
 'metrics': ['auc'],
 'minimize_score': False,
 'mpn_shared': False,
 'multiclass_num_classes': 3,
 'no_atom_descriptor_scaling': False,
 'no_bond_features_scaling': False,
 'no_cache_mol': False,
 'no_cuda': False,
 'no_features_scaling': False,
 'num_folds': 1,
 'num_lrs': 1,
 'num_tasks': 12,
 'num_workers': 8,
 'number_of_molecules': 1,
 'overwrite_default_atom_features': False,
 'overwrite_default_bond_features': False,
 'phase_features_path': None,
 'pytorch_seed': 0,
 'quiet': True,
 'reaction': False,
 'reaction_mode': 'reac_diff',
 'reaction_solvent': False,
 'resume_experiment': False,
 'save_dir': '/home/vo87poq/chemprop_projektarbeit/tox21_checkpoints/full_set/final_D-MPNN_base',
 'save_preds': True,
 'save_smiles_splits': False,
 'seed': 0,
 'separate_test_atom_descriptors_path': None,
 'separate_test_bond_features_path': None,
 'separate_test_features_path': None,
 'separate_test_path': '/home/vo87poq/chemprop_projektarbeit/newdata/tox21_data_full/tox21_full_desalted_grouped_nans.csv',
 'separate_test_phase_features_path': None,
 'separate_val_atom_descriptors_path': None,
 'separate_val_bond_features_path': None,
 'separate_val_features_path': None,
 'separate_val_path': '/home/vo87poq/chemprop_projektarbeit/newdata/tox21_data_full/tox21_full_desalted_grouped_nans.csv',
 'separate_val_phase_features_path': None,
 'show_individual_scores': False,
 'smiles_columns': ['smiles'],
 'spectra_activation': 'exp',
 'spectra_phase_mask_path': None,
 'spectra_target_floor': 1e-08,
 'split_key_molecule': 0,
 'split_sizes': [1.0, 0.0, 0.0],
 'split_type': 'random',
 'target_columns': None,
 'target_weights': None,
 'task_names': ['NR-AR',
                'NR-AR-LBD',
                'NR-AhR',
                'NR-Aromatase',
                'NR-ER',
                'NR-ER-LBD',
                'NR-PPAR-gamma',
                'SR-ARE',
                'SR-ATAD5',
                'SR-HSE',
                'SR-MMP',
                'SR-p53'],
 'test': False,
 'test_fold_index': None,
 'train_data_size': None,
 'undirected': False,
 'use_input_features': False,
 'val_fold_index': None,
 'warmup_epochs': 2.0}
Setting molecule featurization parameters to default.
Loading data
Number of tasks = 12
Fold 0
Splitting data with seed 0
Class sizes
NR-AR 0: 96.72%, 1: 3.28%
NR-AR-LBD 0: 97.01%, 1: 2.99%
NR-AhR 0: 88.78%, 1: 11.22%
NR-Aromatase 0: 94.95%, 1: 5.05%
NR-ER 0: 89.46%, 1: 10.54%
NR-ER-LBD 0: 95.89%, 1: 4.11%
NR-PPAR-gamma 0: 97.02%, 1: 2.98%
SR-ARE 0: 84.17%, 1: 15.83%
SR-ATAD5 0: 96.16%, 1: 3.84%
SR-HSE 0: 95.03%, 1: 4.97%
SR-MMP 0: 85.07%, 1: 14.93%
SR-p53 0: 93.78%, 1: 6.22%
Total size = 8,695 | train size = 8,695 | val size = 8,695 | test size = 8,695
Building model 0
MoleculeModel(
  (sigmoid): Sigmoid()
  (encoder): MPN(
    (encoder): ModuleList(
      (0): MPNEncoder(
        (dropout_layer): Dropout(p=0.0, inplace=False)
        (act_func): ReLU()
        (W_i): Linear(in_features=147, out_features=1100, bias=False)
        (W_h): Linear(in_features=1100, out_features=1100, bias=False)
        (W_o): Linear(in_features=1233, out_features=1100, bias=True)
      )
    )
  )
  (ffn): Sequential(
    (0): Dropout(p=0.0, inplace=False)
    (1): Linear(in_features=1100, out_features=1100, bias=True)
    (2): ReLU()
    (3): Dropout(p=0.0, inplace=False)
    (4): Linear(in_features=1100, out_features=1100, bias=True)
    (5): ReLU()
    (6): Dropout(p=0.0, inplace=False)
    (7): Linear(in_features=1100, out_features=12, bias=True)
  )
)
Number of parameters = 5,165,612
Moving model to cuda
Epoch 0
Loss = 4.3660e-01, PNorm = 68.9316, GNorm = 0.7061, lr_0 = 1.2861e-04
Loss = 2.8295e-01, PNorm = 68.9429, GNorm = 0.4935, lr_0 = 1.5462e-04
Loss = 2.4652e-01, PNorm = 68.9587, GNorm = 0.2292, lr_0 = 1.8064e-04
Loss = 2.3836e-01, PNorm = 68.9807, GNorm = 0.2033, lr_0 = 2.0665e-04
Loss = 2.3830e-01, PNorm = 69.0026, GNorm = 0.1820, lr_0 = 2.3266e-04
Loss = 2.2000e-01, PNorm = 69.0202, GNorm = 0.1718, lr_0 = 2.5867e-04
Loss = 2.2610e-01, PNorm = 69.0346, GNorm = 0.3427, lr_0 = 2.8468e-04
Loss = 2.5576e-01, PNorm = 69.0433, GNorm = 0.4224, lr_0 = 3.1069e-04
Loss = 2.1738e-01, PNorm = 69.0621, GNorm = 0.3125, lr_0 = 3.3671e-04
Loss = 2.3029e-01, PNorm = 69.0862, GNorm = 0.2096, lr_0 = 3.6272e-04
Loss = 2.4685e-01, PNorm = 69.1169, GNorm = 0.4790, lr_0 = 3.8873e-04
Loss = 2.0807e-01, PNorm = 69.1470, GNorm = 0.1841, lr_0 = 4.1474e-04
Loss = 2.2623e-01, PNorm = 69.1797, GNorm = 0.1597, lr_0 = 4.4075e-04
Loss = 2.2458e-01, PNorm = 69.2120, GNorm = 0.1951, lr_0 = 4.6676e-04
Loss = 2.1759e-01, PNorm = 69.2513, GNorm = 0.3474, lr_0 = 4.9277e-04
Loss = 2.0703e-01, PNorm = 69.3051, GNorm = 0.1905, lr_0 = 5.1879e-04
Loss = 2.0219e-01, PNorm = 69.3644, GNorm = 0.1763, lr_0 = 5.4480e-04
Validation auc = 0.774230
Epoch 1
Loss = 1.9825e-01, PNorm = 69.4189, GNorm = 0.2728, lr_0 = 5.7341e-04
Loss = 2.1988e-01, PNorm = 69.4759, GNorm = 0.3109, lr_0 = 5.9942e-04
Loss = 1.7641e-01, PNorm = 69.5521, GNorm = 0.2273, lr_0 = 6.2543e-04
Loss = 2.1595e-01, PNorm = 69.6223, GNorm = 0.2139, lr_0 = 6.5145e-04
Loss = 2.2128e-01, PNorm = 69.6984, GNorm = 0.1316, lr_0 = 6.7746e-04
Loss = 2.1887e-01, PNorm = 69.7894, GNorm = 0.2543, lr_0 = 7.0347e-04
Loss = 2.3028e-01, PNorm = 69.8909, GNorm = 0.2923, lr_0 = 7.2948e-04
Loss = 2.2814e-01, PNorm = 69.9976, GNorm = 0.1814, lr_0 = 7.5549e-04
Loss = 2.0989e-01, PNorm = 70.1119, GNorm = 0.2251, lr_0 = 7.8150e-04
Loss = 1.8245e-01, PNorm = 70.2553, GNorm = 0.2533, lr_0 = 8.0751e-04
Loss = 2.2902e-01, PNorm = 70.3768, GNorm = 0.3682, lr_0 = 8.3353e-04
Loss = 2.1817e-01, PNorm = 70.5066, GNorm = 0.3479, lr_0 = 8.5954e-04
Loss = 2.3867e-01, PNorm = 70.6301, GNorm = 0.1719, lr_0 = 8.8555e-04
Loss = 2.0772e-01, PNorm = 70.7784, GNorm = 0.1795, lr_0 = 9.1156e-04
Loss = 1.8337e-01, PNorm = 70.9260, GNorm = 0.1694, lr_0 = 9.3757e-04
Loss = 2.0998e-01, PNorm = 71.0858, GNorm = 0.2044, lr_0 = 9.6358e-04
Loss = 1.9626e-01, PNorm = 71.2244, GNorm = 0.1638, lr_0 = 9.8960e-04
Validation auc = 0.807912
Epoch 2
Loss = 1.8016e-01, PNorm = 71.3677, GNorm = 0.1437, lr_0 = 9.9277e-04
Loss = 2.1774e-01, PNorm = 71.4916, GNorm = 0.2372, lr_0 = 9.8083e-04
Loss = 2.2188e-01, PNorm = 71.6642, GNorm = 0.1170, lr_0 = 9.6903e-04
Loss = 1.9080e-01, PNorm = 71.8487, GNorm = 0.1817, lr_0 = 9.5738e-04
Loss = 2.0373e-01, PNorm = 72.0065, GNorm = 0.3910, lr_0 = 9.4586e-04
Loss = 1.8878e-01, PNorm = 72.1502, GNorm = 0.1197, lr_0 = 9.3449e-04
Loss = 2.0193e-01, PNorm = 72.2875, GNorm = 0.1544, lr_0 = 9.2325e-04
Loss = 1.8494e-01, PNorm = 72.4466, GNorm = 0.1587, lr_0 = 9.1214e-04
Loss = 1.9456e-01, PNorm = 72.5976, GNorm = 0.1935, lr_0 = 9.0117e-04
Loss = 1.8820e-01, PNorm = 72.7417, GNorm = 0.1820, lr_0 = 8.9033e-04
Loss = 1.9799e-01, PNorm = 72.8848, GNorm = 0.1944, lr_0 = 8.7963e-04
Loss = 1.8516e-01, PNorm = 73.0040, GNorm = 0.1293, lr_0 = 8.6905e-04
Loss = 2.0706e-01, PNorm = 73.1241, GNorm = 0.1747, lr_0 = 8.5860e-04
Loss = 1.8853e-01, PNorm = 73.2575, GNorm = 0.3278, lr_0 = 8.4827e-04
Loss = 2.0882e-01, PNorm = 73.4022, GNorm = 0.3430, lr_0 = 8.3807e-04
Loss = 1.8644e-01, PNorm = 73.5231, GNorm = 0.2646, lr_0 = 8.2799e-04
Loss = 1.7103e-01, PNorm = 73.6251, GNorm = 0.1234, lr_0 = 8.1803e-04
Loss = 1.9752e-01, PNorm = 73.7427, GNorm = 0.5559, lr_0 = 8.0819e-04
Validation auc = 0.841938
Epoch 3
Loss = 2.0912e-01, PNorm = 73.8754, GNorm = 0.2813, lr_0 = 7.9847e-04
Loss = 1.7678e-01, PNorm = 74.0487, GNorm = 0.1139, lr_0 = 7.8887e-04
Loss = 1.7646e-01, PNorm = 74.2026, GNorm = 0.1366, lr_0 = 7.7938e-04
Loss = 1.8671e-01, PNorm = 74.3257, GNorm = 0.3499, lr_0 = 7.7001e-04
Loss = 1.8667e-01, PNorm = 74.4474, GNorm = 0.2450, lr_0 = 7.6075e-04
Loss = 1.6939e-01, PNorm = 74.5679, GNorm = 0.1577, lr_0 = 7.5160e-04
Loss = 1.8498e-01, PNorm = 74.6845, GNorm = 0.1575, lr_0 = 7.4256e-04
Loss = 1.7782e-01, PNorm = 74.8106, GNorm = 0.1972, lr_0 = 7.3363e-04
Loss = 1.9774e-01, PNorm = 74.9130, GNorm = 0.2625, lr_0 = 7.2480e-04
Loss = 1.7968e-01, PNorm = 75.0484, GNorm = 0.4060, lr_0 = 7.1609e-04
Loss = 1.7205e-01, PNorm = 75.1725, GNorm = 0.3209, lr_0 = 7.0747e-04
Loss = 1.7953e-01, PNorm = 75.3209, GNorm = 0.3961, lr_0 = 6.9897e-04
Loss = 1.8535e-01, PNorm = 75.4327, GNorm = 0.2109, lr_0 = 6.9056e-04
Loss = 1.9087e-01, PNorm = 75.5563, GNorm = 0.1871, lr_0 = 6.8225e-04
Loss = 1.7745e-01, PNorm = 75.6610, GNorm = 0.1967, lr_0 = 6.7405e-04
Loss = 1.8465e-01, PNorm = 75.7533, GNorm = 0.1691, lr_0 = 6.6594e-04
Loss = 1.8009e-01, PNorm = 75.8298, GNorm = 0.2302, lr_0 = 6.5793e-04
Validation auc = 0.864171
Epoch 4
Loss = 1.7504e-01, PNorm = 75.9039, GNorm = 0.2325, lr_0 = 6.5002e-04
Loss = 1.6708e-01, PNorm = 75.9990, GNorm = 0.1102, lr_0 = 6.4220e-04
Loss = 1.6541e-01, PNorm = 76.1063, GNorm = 0.1746, lr_0 = 6.3448e-04
Loss = 1.7224e-01, PNorm = 76.2167, GNorm = 0.2430, lr_0 = 6.2685e-04
Loss = 1.7235e-01, PNorm = 76.3343, GNorm = 0.2419, lr_0 = 6.1931e-04
Loss = 1.5723e-01, PNorm = 76.4333, GNorm = 0.1784, lr_0 = 6.1186e-04
Loss = 1.8864e-01, PNorm = 76.5330, GNorm = 0.4352, lr_0 = 6.0450e-04
Loss = 1.5642e-01, PNorm = 76.6191, GNorm = 0.1083, lr_0 = 5.9723e-04
Loss = 1.4892e-01, PNorm = 76.6959, GNorm = 0.1437, lr_0 = 5.9005e-04
Loss = 1.7415e-01, PNorm = 76.7781, GNorm = 0.2341, lr_0 = 5.8295e-04
Loss = 1.7523e-01, PNorm = 76.8600, GNorm = 0.2262, lr_0 = 5.7594e-04
Loss = 1.7541e-01, PNorm = 76.9666, GNorm = 0.2101, lr_0 = 5.6901e-04
Loss = 1.7089e-01, PNorm = 77.0826, GNorm = 0.1754, lr_0 = 5.6217e-04
Loss = 1.8186e-01, PNorm = 77.1862, GNorm = 0.1609, lr_0 = 5.5541e-04
Loss = 1.6536e-01, PNorm = 77.2709, GNorm = 0.2182, lr_0 = 5.4873e-04
Loss = 1.8569e-01, PNorm = 77.3530, GNorm = 0.2780, lr_0 = 5.4213e-04
Loss = 1.6752e-01, PNorm = 77.4258, GNorm = 0.2586, lr_0 = 5.3561e-04
Validation auc = 0.887822
Epoch 5
Loss = 2.1865e-01, PNorm = 77.5235, GNorm = 0.1831, lr_0 = 5.2917e-04
Loss = 1.6051e-01, PNorm = 77.6098, GNorm = 0.2384, lr_0 = 5.2280e-04
Loss = 1.4631e-01, PNorm = 77.7083, GNorm = 0.2338, lr_0 = 5.1652e-04
Loss = 1.6395e-01, PNorm = 77.8110, GNorm = 0.2004, lr_0 = 5.1030e-04
Loss = 1.6212e-01, PNorm = 77.9286, GNorm = 0.2548, lr_0 = 5.0417e-04
Loss = 1.6284e-01, PNorm = 78.0082, GNorm = 0.1712, lr_0 = 4.9810e-04
Loss = 1.7203e-01, PNorm = 78.0880, GNorm = 0.1650, lr_0 = 4.9211e-04
Loss = 1.7654e-01, PNorm = 78.1694, GNorm = 0.2438, lr_0 = 4.8619e-04
Loss = 1.5493e-01, PNorm = 78.2478, GNorm = 0.2908, lr_0 = 4.8035e-04
Loss = 1.5420e-01, PNorm = 78.3193, GNorm = 0.1683, lr_0 = 4.7457e-04
Loss = 1.5589e-01, PNorm = 78.3840, GNorm = 0.1450, lr_0 = 4.6886e-04
Loss = 1.6367e-01, PNorm = 78.4534, GNorm = 0.1901, lr_0 = 4.6322e-04
Loss = 1.4770e-01, PNorm = 78.5344, GNorm = 0.2007, lr_0 = 4.5765e-04
Loss = 1.6537e-01, PNorm = 78.5978, GNorm = 0.1631, lr_0 = 4.5215e-04
Loss = 1.5835e-01, PNorm = 78.6553, GNorm = 0.2308, lr_0 = 4.4671e-04
Loss = 1.4555e-01, PNorm = 78.7237, GNorm = 0.4015, lr_0 = 4.4134e-04
Loss = 1.6297e-01, PNorm = 78.7900, GNorm = 0.1278, lr_0 = 4.3603e-04
Loss = 1.8149e-01, PNorm = 78.8498, GNorm = 0.2102, lr_0 = 4.3079e-04
Validation auc = 0.891182
Epoch 6
Loss = 1.7676e-01, PNorm = 78.9140, GNorm = 0.1619, lr_0 = 4.2561e-04
Loss = 1.5792e-01, PNorm = 78.9970, GNorm = 0.1962, lr_0 = 4.2049e-04
Loss = 1.4711e-01, PNorm = 79.0688, GNorm = 0.1437, lr_0 = 4.1543e-04
Loss = 1.5472e-01, PNorm = 79.1342, GNorm = 0.2159, lr_0 = 4.1043e-04
Loss = 1.3989e-01, PNorm = 79.2023, GNorm = 0.1605, lr_0 = 4.0550e-04
Loss = 1.5004e-01, PNorm = 79.2620, GNorm = 0.1697, lr_0 = 4.0062e-04
Loss = 1.5609e-01, PNorm = 79.3247, GNorm = 0.1453, lr_0 = 3.9580e-04
Loss = 1.5909e-01, PNorm = 79.3745, GNorm = 0.2452, lr_0 = 3.9104e-04
Loss = 1.5104e-01, PNorm = 79.4502, GNorm = 0.1754, lr_0 = 3.8634e-04
Loss = 1.4483e-01, PNorm = 79.5157, GNorm = 0.1947, lr_0 = 3.8169e-04
Loss = 1.4822e-01, PNorm = 79.5780, GNorm = 0.2811, lr_0 = 3.7710e-04
Loss = 1.5595e-01, PNorm = 79.6457, GNorm = 0.1703, lr_0 = 3.7257e-04
Loss = 1.4481e-01, PNorm = 79.7074, GNorm = 0.1524, lr_0 = 3.6809e-04
Loss = 1.4974e-01, PNorm = 79.7615, GNorm = 0.1922, lr_0 = 3.6366e-04
Loss = 1.4733e-01, PNorm = 79.8259, GNorm = 0.3883, lr_0 = 3.5928e-04
Loss = 1.6470e-01, PNorm = 79.8909, GNorm = 0.1717, lr_0 = 3.5496e-04
Loss = 1.6203e-01, PNorm = 79.9614, GNorm = 0.1739, lr_0 = 3.5069e-04
Validation auc = 0.909099
Epoch 7
Loss = 1.3889e-01, PNorm = 80.0448, GNorm = 0.1913, lr_0 = 3.4648e-04
Loss = 1.6335e-01, PNorm = 80.1161, GNorm = 0.1859, lr_0 = 3.4231e-04
Loss = 1.3857e-01, PNorm = 80.1926, GNorm = 0.2036, lr_0 = 3.3819e-04
Loss = 1.3205e-01, PNorm = 80.2586, GNorm = 0.1462, lr_0 = 3.3413e-04
Loss = 1.5167e-01, PNorm = 80.3111, GNorm = 0.2523, lr_0 = 3.3011e-04
Loss = 1.4139e-01, PNorm = 80.3775, GNorm = 0.1903, lr_0 = 3.2614e-04
Loss = 1.5443e-01, PNorm = 80.4347, GNorm = 0.1725, lr_0 = 3.2221e-04
Loss = 1.4318e-01, PNorm = 80.4870, GNorm = 0.1851, lr_0 = 3.1834e-04
Loss = 1.3644e-01, PNorm = 80.5457, GNorm = 0.1414, lr_0 = 3.1451e-04
Loss = 1.3167e-01, PNorm = 80.6140, GNorm = 0.2452, lr_0 = 3.1073e-04
Loss = 1.3401e-01, PNorm = 80.6647, GNorm = 0.1630, lr_0 = 3.0699e-04
Loss = 1.4340e-01, PNorm = 80.7189, GNorm = 0.3080, lr_0 = 3.0330e-04
Loss = 1.5149e-01, PNorm = 80.7715, GNorm = 0.1958, lr_0 = 2.9965e-04
Loss = 1.4952e-01, PNorm = 80.8201, GNorm = 0.2839, lr_0 = 2.9605e-04
Loss = 1.5368e-01, PNorm = 80.8645, GNorm = 0.2781, lr_0 = 2.9249e-04
Loss = 1.3642e-01, PNorm = 80.9196, GNorm = 0.2578, lr_0 = 2.8897e-04
Loss = 1.5189e-01, PNorm = 80.9707, GNorm = 0.1870, lr_0 = 2.8549e-04
Loss = 1.5202e-01, PNorm = 81.0119, GNorm = 0.1448, lr_0 = 2.8206e-04
Validation auc = 0.921461
Epoch 8
Loss = 1.3260e-01, PNorm = 81.0576, GNorm = 0.1684, lr_0 = 2.7867e-04
Loss = 1.4004e-01, PNorm = 81.1121, GNorm = 0.1681, lr_0 = 2.7532e-04
Loss = 1.4923e-01, PNorm = 81.1587, GNorm = 0.1860, lr_0 = 2.7201e-04
Loss = 1.2764e-01, PNorm = 81.2173, GNorm = 0.2337, lr_0 = 2.6873e-04
Loss = 1.2748e-01, PNorm = 81.2735, GNorm = 0.2924, lr_0 = 2.6550e-04
Loss = 1.3260e-01, PNorm = 81.3120, GNorm = 0.2365, lr_0 = 2.6231e-04
Loss = 1.4105e-01, PNorm = 81.3652, GNorm = 0.2762, lr_0 = 2.5915e-04
Loss = 1.5152e-01, PNorm = 81.4115, GNorm = 0.1551, lr_0 = 2.5604e-04
Loss = 1.4550e-01, PNorm = 81.4628, GNorm = 0.1515, lr_0 = 2.5296e-04
Loss = 1.4461e-01, PNorm = 81.5213, GNorm = 0.1487, lr_0 = 2.4992e-04
Loss = 1.2680e-01, PNorm = 81.5611, GNorm = 0.1587, lr_0 = 2.4691e-04
Loss = 1.2664e-01, PNorm = 81.6009, GNorm = 0.2710, lr_0 = 2.4394e-04
Loss = 1.4554e-01, PNorm = 81.6388, GNorm = 0.2351, lr_0 = 2.4101e-04
Loss = 1.3491e-01, PNorm = 81.6812, GNorm = 0.2426, lr_0 = 2.3811e-04
Loss = 1.5587e-01, PNorm = 81.7146, GNorm = 0.1637, lr_0 = 2.3524e-04
Loss = 1.3164e-01, PNorm = 81.7561, GNorm = 0.1536, lr_0 = 2.3241e-04
Loss = 1.3805e-01, PNorm = 81.7899, GNorm = 0.3846, lr_0 = 2.2962e-04
Validation auc = 0.932277
Epoch 9
Loss = 1.3588e-01, PNorm = 81.8297, GNorm = 0.2761, lr_0 = 2.2686e-04
Loss = 1.2113e-01, PNorm = 81.8743, GNorm = 0.2093, lr_0 = 2.2413e-04
Loss = 1.2373e-01, PNorm = 81.9183, GNorm = 0.1836, lr_0 = 2.2143e-04
Loss = 1.2534e-01, PNorm = 81.9577, GNorm = 0.1977, lr_0 = 2.1877e-04
Loss = 1.4214e-01, PNorm = 82.0057, GNorm = 0.2990, lr_0 = 2.1614e-04
Loss = 1.3040e-01, PNorm = 82.0477, GNorm = 0.2660, lr_0 = 2.1354e-04
Loss = 1.4070e-01, PNorm = 82.0891, GNorm = 0.2235, lr_0 = 2.1097e-04
Loss = 1.3077e-01, PNorm = 82.1300, GNorm = 0.2482, lr_0 = 2.0843e-04
Loss = 1.2286e-01, PNorm = 82.1672, GNorm = 0.2424, lr_0 = 2.0593e-04
Loss = 1.2593e-01, PNorm = 82.2034, GNorm = 0.1910, lr_0 = 2.0345e-04
Loss = 1.2923e-01, PNorm = 82.2347, GNorm = 0.1763, lr_0 = 2.0100e-04
Loss = 1.4501e-01, PNorm = 82.2582, GNorm = 0.2555, lr_0 = 1.9859e-04
Loss = 1.3698e-01, PNorm = 82.2923, GNorm = 0.1810, lr_0 = 1.9620e-04
Loss = 1.2683e-01, PNorm = 82.3251, GNorm = 0.1843, lr_0 = 1.9384e-04
Loss = 1.3831e-01, PNorm = 82.3648, GNorm = 0.2476, lr_0 = 1.9151e-04
Loss = 1.2256e-01, PNorm = 82.3982, GNorm = 0.1867, lr_0 = 1.8920e-04
Loss = 1.3689e-01, PNorm = 82.4336, GNorm = 0.2177, lr_0 = 1.8693e-04
Validation auc = 0.938755
Epoch 10
Loss = 1.2984e-01, PNorm = 82.4681, GNorm = 0.2482, lr_0 = 1.8468e-04
Loss = 1.1099e-01, PNorm = 82.5031, GNorm = 0.1315, lr_0 = 1.8246e-04
Loss = 1.3143e-01, PNorm = 82.5323, GNorm = 0.2063, lr_0 = 1.8027e-04
Loss = 1.2804e-01, PNorm = 82.5707, GNorm = 0.1901, lr_0 = 1.7810e-04
Loss = 1.2610e-01, PNorm = 82.6022, GNorm = 0.2070, lr_0 = 1.7596e-04
Loss = 1.2377e-01, PNorm = 82.6343, GNorm = 0.3084, lr_0 = 1.7384e-04
Loss = 1.2549e-01, PNorm = 82.6689, GNorm = 0.1860, lr_0 = 1.7175e-04
Loss = 1.2724e-01, PNorm = 82.6978, GNorm = 0.1616, lr_0 = 1.6968e-04
Loss = 1.2669e-01, PNorm = 82.7318, GNorm = 0.1410, lr_0 = 1.6764e-04
Loss = 1.2644e-01, PNorm = 82.7613, GNorm = 0.1982, lr_0 = 1.6563e-04
Loss = 1.4216e-01, PNorm = 82.7928, GNorm = 0.2757, lr_0 = 1.6363e-04
Loss = 1.3042e-01, PNorm = 82.8237, GNorm = 0.3885, lr_0 = 1.6167e-04
Loss = 1.3480e-01, PNorm = 82.8512, GNorm = 0.2045, lr_0 = 1.5972e-04
Loss = 1.1042e-01, PNorm = 82.8787, GNorm = 0.2350, lr_0 = 1.5780e-04
Loss = 1.2375e-01, PNorm = 82.9084, GNorm = 0.1530, lr_0 = 1.5590e-04
Loss = 1.2312e-01, PNorm = 82.9345, GNorm = 0.3585, lr_0 = 1.5403e-04
Loss = 1.1554e-01, PNorm = 82.9591, GNorm = 0.2015, lr_0 = 1.5218e-04
Loss = 1.2287e-01, PNorm = 82.9851, GNorm = 0.2154, lr_0 = 1.5034e-04
Validation auc = 0.946040
Epoch 11
Loss = 1.1110e-01, PNorm = 83.0125, GNorm = 0.1731, lr_0 = 1.4836e-04
Loss = 1.1461e-01, PNorm = 83.0370, GNorm = 0.2045, lr_0 = 1.4657e-04
Loss = 1.3019e-01, PNorm = 83.0658, GNorm = 0.2227, lr_0 = 1.4481e-04
Loss = 1.1426e-01, PNorm = 83.0946, GNorm = 0.1946, lr_0 = 1.4307e-04
Loss = 1.2081e-01, PNorm = 83.1245, GNorm = 0.2334, lr_0 = 1.4135e-04
Loss = 1.1203e-01, PNorm = 83.1489, GNorm = 0.1683, lr_0 = 1.3965e-04
Loss = 1.2688e-01, PNorm = 83.1736, GNorm = 0.2467, lr_0 = 1.3797e-04
Loss = 1.2053e-01, PNorm = 83.2015, GNorm = 0.3120, lr_0 = 1.3631e-04
Loss = 1.1265e-01, PNorm = 83.2261, GNorm = 0.2236, lr_0 = 1.3467e-04
Loss = 1.2810e-01, PNorm = 83.2493, GNorm = 0.2626, lr_0 = 1.3305e-04
Loss = 1.2118e-01, PNorm = 83.2713, GNorm = 0.1740, lr_0 = 1.3145e-04
Loss = 1.2660e-01, PNorm = 83.2972, GNorm = 0.2357, lr_0 = 1.2987e-04
Loss = 1.2084e-01, PNorm = 83.3219, GNorm = 0.2432, lr_0 = 1.2831e-04
Loss = 1.1244e-01, PNorm = 83.3459, GNorm = 0.1757, lr_0 = 1.2676e-04
Loss = 1.1831e-01, PNorm = 83.3682, GNorm = 0.1839, lr_0 = 1.2524e-04
Loss = 1.2236e-01, PNorm = 83.3904, GNorm = 0.2635, lr_0 = 1.2373e-04
Loss = 1.2533e-01, PNorm = 83.4087, GNorm = 0.2778, lr_0 = 1.2224e-04
Validation auc = 0.949902
Epoch 12
Loss = 1.2095e-01, PNorm = 83.4310, GNorm = 0.2573, lr_0 = 1.2077e-04
Loss = 1.0880e-01, PNorm = 83.4494, GNorm = 0.1660, lr_0 = 1.1932e-04
Loss = 1.1632e-01, PNorm = 83.4696, GNorm = 0.2097, lr_0 = 1.1789e-04
Loss = 1.1412e-01, PNorm = 83.4917, GNorm = 0.4145, lr_0 = 1.1647e-04
Loss = 1.1303e-01, PNorm = 83.5132, GNorm = 0.3926, lr_0 = 1.1507e-04
Loss = 1.2172e-01, PNorm = 83.5340, GNorm = 0.2599, lr_0 = 1.1368e-04
Loss = 1.0124e-01, PNorm = 83.5548, GNorm = 0.2316, lr_0 = 1.1232e-04
Loss = 1.2146e-01, PNorm = 83.5725, GNorm = 0.2102, lr_0 = 1.1097e-04
Loss = 1.2239e-01, PNorm = 83.5944, GNorm = 0.2214, lr_0 = 1.0963e-04
Loss = 1.1711e-01, PNorm = 83.6139, GNorm = 0.2158, lr_0 = 1.0831e-04
Loss = 1.1752e-01, PNorm = 83.6324, GNorm = 0.1684, lr_0 = 1.0701e-04
Loss = 1.1159e-01, PNorm = 83.6492, GNorm = 0.2299, lr_0 = 1.0572e-04
Loss = 1.0975e-01, PNorm = 83.6691, GNorm = 0.1814, lr_0 = 1.0445e-04
Loss = 1.2315e-01, PNorm = 83.6866, GNorm = 0.2448, lr_0 = 1.0320e-04
Loss = 1.1745e-01, PNorm = 83.7050, GNorm = 0.2389, lr_0 = 1.0195e-04
Loss = 1.0282e-01, PNorm = 83.7222, GNorm = 0.3730, lr_0 = 1.0073e-04
Loss = 1.0804e-01, PNorm = 83.7412, GNorm = 0.3531, lr_0 = 1.0000e-04
Loss = 1.1318e-01, PNorm = 83.7601, GNorm = 0.3368, lr_0 = 1.0000e-04
Validation auc = 0.954127
Model 0 best validation auc = 0.954127 on epoch 12
Loading pretrained parameter "encoder.encoder.0.cached_zero_vector".
Loading pretrained parameter "encoder.encoder.0.W_i.weight".
Loading pretrained parameter "encoder.encoder.0.W_h.weight".
Loading pretrained parameter "encoder.encoder.0.W_o.weight".
Loading pretrained parameter "encoder.encoder.0.W_o.bias".
Loading pretrained parameter "ffn.1.weight".
Loading pretrained parameter "ffn.1.bias".
Loading pretrained parameter "ffn.4.weight".
Loading pretrained parameter "ffn.4.bias".
Loading pretrained parameter "ffn.7.weight".
Loading pretrained parameter "ffn.7.bias".
Moving model to cuda
Model 0 test auc = 0.954127
Ensemble test auc = 0.954127
1-fold cross validation
	Seed 0 ==> test auc = 0.954127
Overall test auc = 0.954127 +/- 0.000000
Elapsed time = 0:02:13
