Command line
python /home/vo87poq/chemprop_projektarbeit/train.py --gpu 0 --data_path /home/vo87poq/chemprop_projektarbeit/newdata/tox21_data_full/tox21_full_desalted_grouped_nans.csv --dataset_type classification --split_type scaffold_balanced --save_dir /home/vo87poq/chemprop_projektarbeit/tox21_checkpoints/full_set/D-MPNN_base --quiet --save_preds --save_smiles_splits
Args
{'activation': 'ReLU',
 'adding_h': False,
 'aggregation': 'mean',
 'aggregation_norm': 100,
 'atom_descriptor_scaling': True,
 'atom_descriptors': None,
 'atom_descriptors_path': None,
 'atom_descriptors_size': 0,
 'atom_features_size': 0,
 'atom_messages': False,
 'batch_size': 50,
 'bias': False,
 'bias_solvent': False,
 'bond_feature_scaling': True,
 'bond_features_path': None,
 'bond_features_size': 0,
 'cache_cutoff': 10000,
 'checkpoint_dir': None,
 'checkpoint_frzn': None,
 'checkpoint_path': None,
 'checkpoint_paths': None,
 'class_balance': False,
 'config_path': None,
 'crossval_index_dir': None,
 'crossval_index_file': None,
 'crossval_index_sets': None,
 'cuda': True,
 'data_path': '/home/vo87poq/chemprop_projektarbeit/newdata/tox21_data_full/tox21_full_desalted_grouped_nans.csv',
 'data_weights_path': None,
 'dataset_type': 'classification',
 'depth': 3,
 'depth_solvent': 3,
 'device': device(type='cuda', index=0),
 'dropout': 0.0,
 'empty_cache': False,
 'ensemble_size': 1,
 'epochs': 30,
 'evidential_regularization': 0,
 'explicit_h': False,
 'extra_metrics': [],
 'features_generator': None,
 'features_only': False,
 'features_path': None,
 'features_scaling': True,
 'features_size': None,
 'ffn_hidden_size': 300,
 'ffn_num_layers': 2,
 'final_lr': 0.0001,
 'folds_file': None,
 'freeze_first_only': False,
 'frzn_ffn_layers': 0,
 'gpu': 0,
 'grad_clip': None,
 'hidden_size': 300,
 'hidden_size_solvent': 300,
 'ignore_columns': None,
 'init_lr': 0.0001,
 'log_frequency': 10,
 'loss_function': 'binary_cross_entropy',
 'max_data_size': None,
 'max_lr': 0.001,
 'metric': 'auc',
 'metrics': ['auc'],
 'minimize_score': False,
 'mpn_shared': False,
 'multiclass_num_classes': 3,
 'no_atom_descriptor_scaling': False,
 'no_bond_features_scaling': False,
 'no_cache_mol': False,
 'no_cuda': False,
 'no_features_scaling': False,
 'num_folds': 1,
 'num_lrs': 1,
 'num_tasks': 12,
 'num_workers': 8,
 'number_of_molecules': 1,
 'overwrite_default_atom_features': False,
 'overwrite_default_bond_features': False,
 'phase_features_path': None,
 'pytorch_seed': 0,
 'quiet': True,
 'reaction': False,
 'reaction_mode': 'reac_diff',
 'reaction_solvent': False,
 'resume_experiment': False,
 'save_dir': '/home/vo87poq/chemprop_projektarbeit/tox21_checkpoints/full_set/D-MPNN_base',
 'save_preds': True,
 'save_smiles_splits': True,
 'seed': 0,
 'separate_test_atom_descriptors_path': None,
 'separate_test_bond_features_path': None,
 'separate_test_features_path': None,
 'separate_test_path': None,
 'separate_test_phase_features_path': None,
 'separate_val_atom_descriptors_path': None,
 'separate_val_bond_features_path': None,
 'separate_val_features_path': None,
 'separate_val_path': None,
 'separate_val_phase_features_path': None,
 'show_individual_scores': False,
 'smiles_columns': ['smiles'],
 'spectra_activation': 'exp',
 'spectra_phase_mask_path': None,
 'spectra_target_floor': 1e-08,
 'split_key_molecule': 0,
 'split_sizes': [0.8, 0.1, 0.1],
 'split_type': 'scaffold_balanced',
 'target_columns': None,
 'target_weights': None,
 'task_names': ['NR-AR',
                'NR-AR-LBD',
                'NR-AhR',
                'NR-Aromatase',
                'NR-ER',
                'NR-ER-LBD',
                'NR-PPAR-gamma',
                'SR-ARE',
                'SR-ATAD5',
                'SR-HSE',
                'SR-MMP',
                'SR-p53'],
 'test': False,
 'test_fold_index': None,
 'train_data_size': None,
 'undirected': False,
 'use_input_features': False,
 'val_fold_index': None,
 'warmup_epochs': 2.0}
Setting molecule featurization parameters to default.
Loading data
Number of tasks = 12
Fold 0
Splitting data with seed 0
Total scaffolds = 2,637 | train scaffolds = 1,748 | val scaffolds = 546 | test scaffolds = 343
Label averages per scaffold, in decreasing order of scaffold frequency,capped at 10 scaffolds and 20 labels:
Scaffold 0
Task 0: count = 1,821 | target average = 0.006041
Task 1: count = 1,780 | target average = 0.010674
Task 2: count = 1,754 | target average = 0.009692
Task 3: count = 1,658 | target average = 0.010253
Task 4: count = 1,646 | target average = 0.042527
Task 5: count = 1,794 | target average = 0.015050
Task 6: count = 1,772 | target average = 0.019752
Task 7: count = 1,639 | target average = 0.086638
Task 8: count = 1,829 | target average = 0.018043
Task 9: count = 1,734 | target average = 0.038639
Task 10: count = 1,603 | target average = 0.033063
Task 11: count = 1,791 | target average = 0.019542


Scaffold 1
Task 0: count = 1,473 | target average = 0.010183
Task 1: count = 1,410 | target average = 0.012057
Task 2: count = 1,335 | target average = 0.116105
Task 3: count = 1,234 | target average = 0.021070
Task 4: count = 1,277 | target average = 0.086922
Task 5: count = 1,447 | target average = 0.031099
Task 6: count = 1,399 | target average = 0.018585
Task 7: count = 1,317 | target average = 0.110858
Task 8: count = 1,463 | target average = 0.021873
Task 9: count = 1,438 | target average = 0.036857
Task 10: count = 1,259 | target average = 0.154885
Task 11: count = 1,433 | target average = 0.037683


Scaffold 2
Task 0: count = 85 | target average = 0.000000
Task 1: count = 86 | target average = 0.000000
Task 2: count = 81 | target average = 0.123457
Task 3: count = 82 | target average = 0.036585
Task 4: count = 78 | target average = 0.012821
Task 5: count = 89 | target average = 0.044944
Task 6: count = 85 | target average = 0.000000
Task 7: count = 85 | target average = 0.082353
Task 8: count = 87 | target average = 0.022989
Task 9: count = 87 | target average = 0.011494
Task 10: count = 81 | target average = 0.074074
Task 11: count = 88 | target average = 0.011364


Scaffold 3
Task 0: count = 80 | target average = 0.000000
Task 1: count = 71 | target average = 0.000000
Task 2: count = 70 | target average = 0.085714
Task 3: count = 52 | target average = 0.038462
Task 4: count = 62 | target average = 0.306452
Task 5: count = 67 | target average = 0.208955
Task 6: count = 58 | target average = 0.051724
Task 7: count = 53 | target average = 0.264151
Task 8: count = 76 | target average = 0.000000
Task 9: count = 68 | target average = 0.117647
Task 10: count = 61 | target average = 0.590164
Task 11: count = 61 | target average = 0.147541


Scaffold 4
Task 0: count = 68 | target average = 0.000000
Task 1: count = 66 | target average = 0.000000
Task 2: count = 58 | target average = 0.344828
Task 3: count = 54 | target average = 0.037037
Task 4: count = 57 | target average = 0.105263
Task 5: count = 68 | target average = 0.014706
Task 6: count = 63 | target average = 0.047619
Task 7: count = 59 | target average = 0.220339
Task 8: count = 68 | target average = 0.014706
Task 9: count = 65 | target average = 0.030769
Task 10: count = 57 | target average = 0.140351
Task 11: count = 66 | target average = 0.030303


Scaffold 5
Task 0: count = 63 | target average = 0.000000
Task 1: count = 50 | target average = 0.000000
Task 2: count = 54 | target average = 0.000000
Task 3: count = 62 | target average = 0.322581
Task 4: count = 37 | target average = 0.054054
Task 5: count = 45 | target average = 0.000000
Task 6: count = 49 | target average = 0.000000
Task 7: count = 55 | target average = 0.454545
Task 8: count = 50 | target average = 0.000000
Task 9: count = 51 | target average = 0.039216
Task 10: count = 43 | target average = 0.325581
Task 11: count = 41 | target average = 0.000000


Scaffold 6
Task 0: count = 61 | target average = 0.016393
Task 1: count = 61 | target average = 0.000000
Task 2: count = 60 | target average = 0.000000
Task 3: count = 59 | target average = 0.000000
Task 4: count = 56 | target average = 0.035714
Task 5: count = 60 | target average = 0.000000
Task 6: count = 60 | target average = 0.000000
Task 7: count = 54 | target average = 0.037037
Task 8: count = 61 | target average = 0.000000
Task 9: count = 55 | target average = 0.000000
Task 10: count = 52 | target average = 0.019231
Task 11: count = 60 | target average = 0.016667


Scaffold 7
Task 0: count = 48 | target average = 0.020833
Task 1: count = 44 | target average = 0.000000
Task 2: count = 41 | target average = 0.219512
Task 3: count = 33 | target average = 0.212121
Task 4: count = 31 | target average = 0.225806
Task 5: count = 41 | target average = 0.048780
Task 6: count = 42 | target average = 0.047619
Task 7: count = 39 | target average = 0.205128
Task 8: count = 48 | target average = 0.020833
Task 9: count = 43 | target average = 0.046512
Task 10: count = 36 | target average = 0.416667
Task 11: count = 44 | target average = 0.068182


Scaffold 8
Task 0: count = 42 | target average = 0.047619
Task 1: count = 41 | target average = 0.000000
Task 2: count = 39 | target average = 0.333333
Task 3: count = 35 | target average = 0.114286
Task 4: count = 38 | target average = 0.236842
Task 5: count = 41 | target average = 0.146341
Task 6: count = 38 | target average = 0.105263
Task 7: count = 39 | target average = 0.256410
Task 8: count = 36 | target average = 0.055556
Task 9: count = 43 | target average = 0.023256
Task 10: count = 29 | target average = 0.310345
Task 11: count = 42 | target average = 0.071429


Scaffold 9
Task 0: count = 32 | target average = 1.000000
Task 1: count = 33 | target average = 0.969697
Task 2: count = 31 | target average = 0.000000
Task 3: count = 10 | target average = 0.000000
Task 4: count = 25 | target average = 0.800000
Task 5: count = 28 | target average = 0.464286
Task 6: count = 31 | target average = 0.000000
Task 7: count = 22 | target average = 0.318182
Task 8: count = 33 | target average = 0.000000
Task 9: count = 32 | target average = 0.031250
Task 10: count = 31 | target average = 0.064516
Task 11: count = 32 | target average = 0.000000


Class sizes
NR-AR 0: 96.72%, 1: 3.28%
NR-AR-LBD 0: 97.01%, 1: 2.99%
NR-AhR 0: 88.78%, 1: 11.22%
NR-Aromatase 0: 94.95%, 1: 5.05%
NR-ER 0: 89.46%, 1: 10.54%
NR-ER-LBD 0: 95.89%, 1: 4.11%
NR-PPAR-gamma 0: 97.02%, 1: 2.98%
SR-ARE 0: 84.17%, 1: 15.83%
SR-ATAD5 0: 96.16%, 1: 3.84%
SR-HSE 0: 95.03%, 1: 4.97%
SR-MMP 0: 85.07%, 1: 14.93%
SR-p53 0: 93.78%, 1: 6.22%
Total size = 8,695 | train size = 6,956 | val size = 869 | test size = 870
Building model 0
MoleculeModel(
  (sigmoid): Sigmoid()
  (encoder): MPN(
    (encoder): ModuleList(
      (0): MPNEncoder(
        (dropout_layer): Dropout(p=0.0, inplace=False)
        (act_func): ReLU()
        (W_i): Linear(in_features=147, out_features=300, bias=False)
        (W_h): Linear(in_features=300, out_features=300, bias=False)
        (W_o): Linear(in_features=433, out_features=300, bias=True)
      )
    )
  )
  (ffn): Sequential(
    (0): Dropout(p=0.0, inplace=False)
    (1): Linear(in_features=300, out_features=300, bias=True)
    (2): ReLU()
    (3): Dropout(p=0.0, inplace=False)
    (4): Linear(in_features=300, out_features=12, bias=True)
  )
)
Number of parameters = 358,512
Moving model to cuda
Epoch 0
Loss = 6.5094e-01, PNorm = 34.3447, GNorm = 0.8478, lr_0 = 1.3561e-04
Loss = 4.5307e-01, PNorm = 34.3564, GNorm = 0.6614, lr_0 = 1.6799e-04
Loss = 2.9961e-01, PNorm = 34.3764, GNorm = 0.4917, lr_0 = 2.0036e-04
Loss = 2.8806e-01, PNorm = 34.3866, GNorm = 0.3270, lr_0 = 2.3273e-04
Loss = 2.5839e-01, PNorm = 34.3914, GNorm = 0.3034, lr_0 = 2.6511e-04
Loss = 2.3893e-01, PNorm = 34.4034, GNorm = 0.3017, lr_0 = 2.9748e-04
Loss = 2.5869e-01, PNorm = 34.4165, GNorm = 0.3566, lr_0 = 3.2986e-04
Loss = 2.2982e-01, PNorm = 34.4341, GNorm = 0.2692, lr_0 = 3.6223e-04
Loss = 2.1977e-01, PNorm = 34.4523, GNorm = 0.2430, lr_0 = 3.9460e-04
Loss = 2.1526e-01, PNorm = 34.4717, GNorm = 0.1912, lr_0 = 4.2698e-04
Loss = 2.1578e-01, PNorm = 34.4941, GNorm = 0.3499, lr_0 = 4.5935e-04
Loss = 2.0490e-01, PNorm = 34.5134, GNorm = 0.1970, lr_0 = 4.9173e-04
Loss = 1.8576e-01, PNorm = 34.5345, GNorm = 0.1459, lr_0 = 5.2410e-04
Validation auc = 0.694264
Epoch 1
Loss = 2.5293e-01, PNorm = 34.5557, GNorm = 0.2423, lr_0 = 5.5971e-04
Loss = 1.9500e-01, PNorm = 34.5731, GNorm = 0.1676, lr_0 = 5.9209e-04
Loss = 2.0893e-01, PNorm = 34.5988, GNorm = 0.1799, lr_0 = 6.2446e-04
Loss = 2.3190e-01, PNorm = 34.6210, GNorm = 0.3520, lr_0 = 6.5683e-04
Loss = 1.9540e-01, PNorm = 34.6427, GNorm = 0.1358, lr_0 = 6.8921e-04
Loss = 2.1421e-01, PNorm = 34.6737, GNorm = 0.3912, lr_0 = 7.2158e-04
Loss = 2.0223e-01, PNorm = 34.7092, GNorm = 0.6192, lr_0 = 7.5396e-04
Loss = 2.0614e-01, PNorm = 34.7449, GNorm = 0.2746, lr_0 = 7.8633e-04
Loss = 1.9314e-01, PNorm = 34.7758, GNorm = 0.4946, lr_0 = 8.1871e-04
Loss = 1.9762e-01, PNorm = 34.8101, GNorm = 0.1593, lr_0 = 8.5108e-04
Loss = 2.0371e-01, PNorm = 34.8480, GNorm = 0.2123, lr_0 = 8.8345e-04
Loss = 2.1945e-01, PNorm = 34.8749, GNorm = 0.2396, lr_0 = 9.1583e-04
Loss = 1.8931e-01, PNorm = 34.9286, GNorm = 0.1211, lr_0 = 9.4820e-04
Loss = 1.8833e-01, PNorm = 34.9843, GNorm = 0.2410, lr_0 = 9.8058e-04
Validation auc = 0.764218
Epoch 2
Loss = 2.0693e-01, PNorm = 35.0465, GNorm = 0.6209, lr_0 = 9.9705e-04
Loss = 1.7966e-01, PNorm = 35.1038, GNorm = 0.1974, lr_0 = 9.9116e-04
Loss = 2.0516e-01, PNorm = 35.1499, GNorm = 0.2172, lr_0 = 9.8532e-04
Loss = 1.9209e-01, PNorm = 35.2170, GNorm = 0.3321, lr_0 = 9.7951e-04
Loss = 1.9561e-01, PNorm = 35.2668, GNorm = 0.1709, lr_0 = 9.7373e-04
Loss = 1.9566e-01, PNorm = 35.3218, GNorm = 0.2280, lr_0 = 9.6798e-04
Loss = 1.7100e-01, PNorm = 35.3902, GNorm = 0.1712, lr_0 = 9.6227e-04
Loss = 2.0411e-01, PNorm = 35.4379, GNorm = 0.1738, lr_0 = 9.5660e-04
Loss = 2.0621e-01, PNorm = 35.4814, GNorm = 0.4014, lr_0 = 9.5096e-04
Loss = 1.7490e-01, PNorm = 35.5635, GNorm = 0.1271, lr_0 = 9.4535e-04
Loss = 1.7284e-01, PNorm = 35.6287, GNorm = 0.1884, lr_0 = 9.3977e-04
Loss = 2.2488e-01, PNorm = 35.6644, GNorm = 0.5109, lr_0 = 9.3423e-04
Loss = 2.0379e-01, PNorm = 35.7197, GNorm = 0.1477, lr_0 = 9.2872e-04
Loss = 1.9661e-01, PNorm = 35.7836, GNorm = 0.0992, lr_0 = 9.2324e-04
Validation auc = 0.765563
Epoch 3
Loss = 1.6925e-01, PNorm = 35.8422, GNorm = 0.1742, lr_0 = 9.1725e-04
Loss = 2.1825e-01, PNorm = 35.9065, GNorm = 0.4061, lr_0 = 9.1184e-04
Loss = 1.7514e-01, PNorm = 35.9920, GNorm = 0.4316, lr_0 = 9.0646e-04
Loss = 1.7959e-01, PNorm = 36.0733, GNorm = 0.2656, lr_0 = 9.0111e-04
Loss = 1.9780e-01, PNorm = 36.1396, GNorm = 0.1727, lr_0 = 8.9580e-04
Loss = 1.8531e-01, PNorm = 36.1978, GNorm = 0.2443, lr_0 = 8.9051e-04
Loss = 1.9548e-01, PNorm = 36.2519, GNorm = 0.1094, lr_0 = 8.8526e-04
Loss = 1.8126e-01, PNorm = 36.2958, GNorm = 0.1842, lr_0 = 8.8004e-04
Loss = 1.8984e-01, PNorm = 36.3457, GNorm = 0.2050, lr_0 = 8.7485e-04
Loss = 1.9401e-01, PNorm = 36.3995, GNorm = 0.1246, lr_0 = 8.6969e-04
Loss = 1.8126e-01, PNorm = 36.4646, GNorm = 0.1375, lr_0 = 8.6456e-04
Loss = 1.9838e-01, PNorm = 36.5246, GNorm = 0.5146, lr_0 = 8.5946e-04
Loss = 1.7798e-01, PNorm = 36.5781, GNorm = 0.2899, lr_0 = 8.5439e-04
Loss = 1.6598e-01, PNorm = 36.6318, GNorm = 0.1033, lr_0 = 8.4935e-04
Validation auc = 0.772365
Epoch 4
Loss = 2.0710e-01, PNorm = 36.6872, GNorm = 0.2189, lr_0 = 8.4384e-04
Loss = 1.9281e-01, PNorm = 36.7581, GNorm = 0.2683, lr_0 = 8.3886e-04
Loss = 1.7068e-01, PNorm = 36.8177, GNorm = 0.2963, lr_0 = 8.3391e-04
Loss = 1.8550e-01, PNorm = 36.8736, GNorm = 0.1573, lr_0 = 8.2899e-04
Loss = 1.7214e-01, PNorm = 36.9422, GNorm = 0.2462, lr_0 = 8.2410e-04
Loss = 1.8668e-01, PNorm = 37.0015, GNorm = 0.4262, lr_0 = 8.1924e-04
Loss = 1.9398e-01, PNorm = 37.0615, GNorm = 0.6470, lr_0 = 8.1441e-04
Loss = 1.9171e-01, PNorm = 37.1217, GNorm = 0.1997, lr_0 = 8.0961e-04
Loss = 1.6553e-01, PNorm = 37.1888, GNorm = 0.1719, lr_0 = 8.0483e-04
Loss = 1.8116e-01, PNorm = 37.2528, GNorm = 0.2761, lr_0 = 8.0008e-04
Loss = 1.6624e-01, PNorm = 37.3041, GNorm = 0.2114, lr_0 = 7.9536e-04
Loss = 1.9426e-01, PNorm = 37.3561, GNorm = 0.1478, lr_0 = 7.9067e-04
Loss = 1.6402e-01, PNorm = 37.4226, GNorm = 0.2775, lr_0 = 7.8601e-04
Loss = 1.6675e-01, PNorm = 37.4750, GNorm = 0.3668, lr_0 = 7.8137e-04
Validation auc = 0.781615
Epoch 5
Loss = 1.8989e-01, PNorm = 37.5367, GNorm = 0.2687, lr_0 = 7.7630e-04
Loss = 1.7504e-01, PNorm = 37.5916, GNorm = 0.2542, lr_0 = 7.7172e-04
Loss = 1.7460e-01, PNorm = 37.6552, GNorm = 0.2302, lr_0 = 7.6717e-04
Loss = 1.6529e-01, PNorm = 37.7208, GNorm = 0.1183, lr_0 = 7.6265e-04
Loss = 1.6521e-01, PNorm = 37.7837, GNorm = 0.1886, lr_0 = 7.5815e-04
Loss = 1.6550e-01, PNorm = 37.8478, GNorm = 0.2971, lr_0 = 7.5367e-04
Loss = 1.7801e-01, PNorm = 37.9075, GNorm = 0.3257, lr_0 = 7.4923e-04
Loss = 1.6818e-01, PNorm = 37.9682, GNorm = 0.1397, lr_0 = 7.4481e-04
Loss = 1.6771e-01, PNorm = 38.0153, GNorm = 0.3460, lr_0 = 7.4042e-04
Loss = 1.7699e-01, PNorm = 38.0757, GNorm = 0.4304, lr_0 = 7.3605e-04
Loss = 1.5173e-01, PNorm = 38.1247, GNorm = 0.1287, lr_0 = 7.3171e-04
Loss = 1.8865e-01, PNorm = 38.1772, GNorm = 0.3232, lr_0 = 7.2739e-04
Loss = 1.6193e-01, PNorm = 38.2364, GNorm = 0.1995, lr_0 = 7.2310e-04
Loss = 2.0098e-01, PNorm = 38.2744, GNorm = 0.1825, lr_0 = 7.1883e-04
Validation auc = 0.787390
Epoch 6
Loss = 1.8358e-01, PNorm = 38.3367, GNorm = 0.3292, lr_0 = 7.1417e-04
Loss = 1.7263e-01, PNorm = 38.3934, GNorm = 0.2355, lr_0 = 7.0996e-04
Loss = 1.4387e-01, PNorm = 38.4540, GNorm = 0.1561, lr_0 = 7.0577e-04
Loss = 1.5617e-01, PNorm = 38.4964, GNorm = 0.1966, lr_0 = 7.0161e-04
Loss = 1.8066e-01, PNorm = 38.5426, GNorm = 0.2055, lr_0 = 6.9747e-04
Loss = 1.8114e-01, PNorm = 38.6077, GNorm = 0.5629, lr_0 = 6.9336e-04
Loss = 1.6816e-01, PNorm = 38.6859, GNorm = 0.1832, lr_0 = 6.8927e-04
Loss = 1.8131e-01, PNorm = 38.7414, GNorm = 0.1768, lr_0 = 6.8520e-04
Loss = 1.5290e-01, PNorm = 38.7873, GNorm = 0.3041, lr_0 = 6.8116e-04
Loss = 1.6451e-01, PNorm = 38.8355, GNorm = 0.1884, lr_0 = 6.7714e-04
Loss = 1.6386e-01, PNorm = 38.8821, GNorm = 0.2365, lr_0 = 6.7315e-04
Loss = 1.6321e-01, PNorm = 38.9286, GNorm = 0.2650, lr_0 = 6.6917e-04
Loss = 1.8218e-01, PNorm = 38.9772, GNorm = 0.2192, lr_0 = 6.6523e-04
Loss = 1.5920e-01, PNorm = 39.0283, GNorm = 0.1780, lr_0 = 6.6130e-04
Validation auc = 0.792599
Epoch 7
Loss = 1.4717e-01, PNorm = 39.0881, GNorm = 0.1802, lr_0 = 6.5701e-04
Loss = 1.6778e-01, PNorm = 39.1454, GNorm = 0.2175, lr_0 = 6.5314e-04
Loss = 1.5761e-01, PNorm = 39.1887, GNorm = 0.2405, lr_0 = 6.4929e-04
Loss = 1.9581e-01, PNorm = 39.2220, GNorm = 0.4142, lr_0 = 6.4546e-04
Loss = 1.4641e-01, PNorm = 39.2726, GNorm = 0.1818, lr_0 = 6.4165e-04
Loss = 1.5651e-01, PNorm = 39.3201, GNorm = 0.1684, lr_0 = 6.3786e-04
Loss = 1.6944e-01, PNorm = 39.3538, GNorm = 0.4413, lr_0 = 6.3410e-04
Loss = 1.7351e-01, PNorm = 39.4033, GNorm = 0.1751, lr_0 = 6.3036e-04
Loss = 1.6638e-01, PNorm = 39.4579, GNorm = 0.3516, lr_0 = 6.2664e-04
Loss = 1.5431e-01, PNorm = 39.5061, GNorm = 0.2639, lr_0 = 6.2295e-04
Loss = 1.5912e-01, PNorm = 39.5447, GNorm = 0.2809, lr_0 = 6.1927e-04
Loss = 1.6954e-01, PNorm = 39.5864, GNorm = 0.4934, lr_0 = 6.1562e-04
Loss = 1.7541e-01, PNorm = 39.6415, GNorm = 0.1453, lr_0 = 6.1199e-04
Loss = 1.5109e-01, PNorm = 39.6933, GNorm = 0.1780, lr_0 = 6.0838e-04
Validation auc = 0.790284
Epoch 8
Loss = 1.5829e-01, PNorm = 39.7457, GNorm = 0.2347, lr_0 = 6.0443e-04
Loss = 1.5771e-01, PNorm = 39.7997, GNorm = 0.3762, lr_0 = 6.0087e-04
Loss = 1.6007e-01, PNorm = 39.8516, GNorm = 0.2697, lr_0 = 5.9732e-04
Loss = 1.6898e-01, PNorm = 39.9111, GNorm = 0.2002, lr_0 = 5.9380e-04
Loss = 1.5766e-01, PNorm = 39.9659, GNorm = 0.1854, lr_0 = 5.9029e-04
Loss = 1.6306e-01, PNorm = 40.0114, GNorm = 0.3082, lr_0 = 5.8681e-04
Loss = 1.6620e-01, PNorm = 40.0594, GNorm = 0.2100, lr_0 = 5.8335e-04
Loss = 1.5181e-01, PNorm = 40.0974, GNorm = 0.1460, lr_0 = 5.7991e-04
Loss = 1.5532e-01, PNorm = 40.1335, GNorm = 0.1469, lr_0 = 5.7649e-04
Loss = 1.4210e-01, PNorm = 40.1742, GNorm = 0.2950, lr_0 = 5.7309e-04
Loss = 1.6204e-01, PNorm = 40.2035, GNorm = 0.3116, lr_0 = 5.6971e-04
Loss = 1.6458e-01, PNorm = 40.2440, GNorm = 0.1774, lr_0 = 5.6635e-04
Loss = 1.6557e-01, PNorm = 40.2862, GNorm = 0.3937, lr_0 = 5.6301e-04
Loss = 1.6905e-01, PNorm = 40.3341, GNorm = 0.2602, lr_0 = 5.5969e-04
Validation auc = 0.788434
Epoch 9
Loss = 1.6606e-01, PNorm = 40.3649, GNorm = 0.3269, lr_0 = 5.5638e-04
Loss = 1.5972e-01, PNorm = 40.4030, GNorm = 0.1391, lr_0 = 5.5310e-04
Loss = 1.3982e-01, PNorm = 40.4533, GNorm = 0.3674, lr_0 = 5.4984e-04
Loss = 1.5965e-01, PNorm = 40.4959, GNorm = 0.2615, lr_0 = 5.4660e-04
Loss = 1.5736e-01, PNorm = 40.5380, GNorm = 0.2845, lr_0 = 5.4337e-04
Loss = 1.5363e-01, PNorm = 40.5774, GNorm = 0.2472, lr_0 = 5.4017e-04
Loss = 1.6856e-01, PNorm = 40.6098, GNorm = 0.2473, lr_0 = 5.3698e-04
Loss = 1.5783e-01, PNorm = 40.6406, GNorm = 0.3629, lr_0 = 5.3381e-04
Loss = 1.4348e-01, PNorm = 40.6861, GNorm = 0.3387, lr_0 = 5.3066e-04
Loss = 1.6785e-01, PNorm = 40.7252, GNorm = 0.1507, lr_0 = 5.2753e-04
Loss = 1.6146e-01, PNorm = 40.7586, GNorm = 0.2796, lr_0 = 5.2442e-04
Loss = 1.6161e-01, PNorm = 40.8071, GNorm = 0.3909, lr_0 = 5.2133e-04
Loss = 1.6565e-01, PNorm = 40.8489, GNorm = 0.1688, lr_0 = 5.1825e-04
Loss = 1.6727e-01, PNorm = 40.8887, GNorm = 0.2625, lr_0 = 5.1520e-04
Validation auc = 0.797250
Epoch 10
Loss = 1.6859e-01, PNorm = 40.9332, GNorm = 0.2205, lr_0 = 5.1186e-04
Loss = 1.5447e-01, PNorm = 40.9655, GNorm = 0.2578, lr_0 = 5.0884e-04
Loss = 1.6491e-01, PNorm = 40.9973, GNorm = 0.1626, lr_0 = 5.0583e-04
Loss = 1.4705e-01, PNorm = 41.0367, GNorm = 0.4811, lr_0 = 5.0285e-04
Loss = 1.5335e-01, PNorm = 41.0732, GNorm = 0.2426, lr_0 = 4.9988e-04
Loss = 1.4711e-01, PNorm = 41.1011, GNorm = 0.1963, lr_0 = 4.9694e-04
Loss = 1.7150e-01, PNorm = 41.1404, GNorm = 0.4831, lr_0 = 4.9400e-04
Loss = 1.6578e-01, PNorm = 41.1743, GNorm = 0.1997, lr_0 = 4.9109e-04
Loss = 1.4463e-01, PNorm = 41.2101, GNorm = 0.2099, lr_0 = 4.8819e-04
Loss = 1.4367e-01, PNorm = 41.2600, GNorm = 0.3490, lr_0 = 4.8531e-04
Loss = 1.5877e-01, PNorm = 41.3027, GNorm = 0.2734, lr_0 = 4.8245e-04
Loss = 1.5643e-01, PNorm = 41.3415, GNorm = 0.2380, lr_0 = 4.7961e-04
Loss = 1.3976e-01, PNorm = 41.3723, GNorm = 0.3447, lr_0 = 4.7678e-04
Loss = 1.5850e-01, PNorm = 41.4063, GNorm = 0.1744, lr_0 = 4.7396e-04
Loss = 1.6418e-01, PNorm = 41.4117, GNorm = 0.5468, lr_0 = 4.7368e-04
Validation auc = 0.800137
Epoch 11
Loss = 1.6075e-01, PNorm = 41.4515, GNorm = 0.3806, lr_0 = 4.7089e-04
Loss = 1.3995e-01, PNorm = 41.4962, GNorm = 0.2402, lr_0 = 4.6811e-04
Loss = 1.4593e-01, PNorm = 41.5275, GNorm = 0.1706, lr_0 = 4.6535e-04
Loss = 1.4695e-01, PNorm = 41.5580, GNorm = 0.1783, lr_0 = 4.6261e-04
Loss = 1.6184e-01, PNorm = 41.5861, GNorm = 0.2086, lr_0 = 4.5988e-04
Loss = 1.5310e-01, PNorm = 41.6205, GNorm = 0.1966, lr_0 = 4.5716e-04
Loss = 1.3959e-01, PNorm = 41.6543, GNorm = 0.1954, lr_0 = 4.5447e-04
Loss = 1.5544e-01, PNorm = 41.6858, GNorm = 0.1890, lr_0 = 4.5179e-04
Loss = 1.5059e-01, PNorm = 41.7134, GNorm = 0.2083, lr_0 = 4.4912e-04
Loss = 1.3265e-01, PNorm = 41.7410, GNorm = 0.3803, lr_0 = 4.4647e-04
Loss = 1.5520e-01, PNorm = 41.7693, GNorm = 0.2223, lr_0 = 4.4384e-04
Loss = 1.5729e-01, PNorm = 41.7934, GNorm = 0.2429, lr_0 = 4.4122e-04
Loss = 1.5082e-01, PNorm = 41.8286, GNorm = 0.4166, lr_0 = 4.3862e-04
Validation auc = 0.807814
Epoch 12
Loss = 2.2912e-01, PNorm = 41.8700, GNorm = 0.3491, lr_0 = 4.3577e-04
Loss = 1.5396e-01, PNorm = 41.9009, GNorm = 0.1778, lr_0 = 4.3320e-04
Loss = 1.4225e-01, PNorm = 41.9373, GNorm = 0.3468, lr_0 = 4.3065e-04
Loss = 1.5038e-01, PNorm = 41.9713, GNorm = 0.2215, lr_0 = 4.2811e-04
Loss = 1.6044e-01, PNorm = 42.0076, GNorm = 0.2633, lr_0 = 4.2558e-04
Loss = 1.3494e-01, PNorm = 42.0478, GNorm = 0.2419, lr_0 = 4.2307e-04
Loss = 1.4543e-01, PNorm = 42.0785, GNorm = 0.2618, lr_0 = 4.2058e-04
Loss = 1.7196e-01, PNorm = 42.1101, GNorm = 0.3888, lr_0 = 4.1809e-04
Loss = 1.4798e-01, PNorm = 42.1383, GNorm = 0.1590, lr_0 = 4.1563e-04
Loss = 1.4941e-01, PNorm = 42.1629, GNorm = 0.1929, lr_0 = 4.1318e-04
Loss = 1.3461e-01, PNorm = 42.1930, GNorm = 0.1939, lr_0 = 4.1074e-04
Loss = 1.5122e-01, PNorm = 42.2208, GNorm = 0.1376, lr_0 = 4.0832e-04
Loss = 1.4181e-01, PNorm = 42.2456, GNorm = 0.2162, lr_0 = 4.0591e-04
Loss = 1.5523e-01, PNorm = 42.2681, GNorm = 0.1854, lr_0 = 4.0351e-04
Validation auc = 0.811238
Epoch 13
Loss = 1.7048e-01, PNorm = 42.3014, GNorm = 0.3063, lr_0 = 4.0090e-04
Loss = 1.5646e-01, PNorm = 42.3258, GNorm = 0.2797, lr_0 = 3.9853e-04
Loss = 1.4913e-01, PNorm = 42.3547, GNorm = 0.2039, lr_0 = 3.9618e-04
Loss = 1.4902e-01, PNorm = 42.3815, GNorm = 0.2583, lr_0 = 3.9384e-04
Loss = 1.4996e-01, PNorm = 42.4035, GNorm = 0.3338, lr_0 = 3.9152e-04
Loss = 1.6401e-01, PNorm = 42.4351, GNorm = 0.3518, lr_0 = 3.8921e-04
Loss = 1.2180e-01, PNorm = 42.4720, GNorm = 0.2401, lr_0 = 3.8692e-04
Loss = 1.4030e-01, PNorm = 42.4983, GNorm = 0.3339, lr_0 = 3.8463e-04
Loss = 1.5268e-01, PNorm = 42.5251, GNorm = 0.2220, lr_0 = 3.8236e-04
Loss = 1.3395e-01, PNorm = 42.5508, GNorm = 0.2429, lr_0 = 3.8011e-04
Loss = 1.4541e-01, PNorm = 42.5837, GNorm = 0.2958, lr_0 = 3.7787e-04
Loss = 1.6150e-01, PNorm = 42.6105, GNorm = 0.2482, lr_0 = 3.7564e-04
Loss = 1.3195e-01, PNorm = 42.6444, GNorm = 0.3945, lr_0 = 3.7342e-04
Loss = 1.3668e-01, PNorm = 42.6680, GNorm = 0.1566, lr_0 = 3.7122e-04
Validation auc = 0.811172
Epoch 14
Loss = 1.4595e-01, PNorm = 42.6959, GNorm = 0.2541, lr_0 = 3.6881e-04
Loss = 1.3080e-01, PNorm = 42.7272, GNorm = 0.1506, lr_0 = 3.6664e-04
Loss = 1.4369e-01, PNorm = 42.7555, GNorm = 0.3746, lr_0 = 3.6447e-04
Loss = 1.3898e-01, PNorm = 42.7848, GNorm = 0.3427, lr_0 = 3.6232e-04
Loss = 1.3430e-01, PNorm = 42.8128, GNorm = 0.1782, lr_0 = 3.6019e-04
Loss = 1.4633e-01, PNorm = 42.8329, GNorm = 0.3536, lr_0 = 3.5806e-04
Loss = 1.4836e-01, PNorm = 42.8583, GNorm = 0.2323, lr_0 = 3.5595e-04
Loss = 1.5004e-01, PNorm = 42.8782, GNorm = 0.2284, lr_0 = 3.5385e-04
Loss = 1.5292e-01, PNorm = 42.8984, GNorm = 0.1648, lr_0 = 3.5176e-04
Loss = 1.5735e-01, PNorm = 42.9259, GNorm = 0.2935, lr_0 = 3.4969e-04
Loss = 1.3256e-01, PNorm = 42.9495, GNorm = 0.2695, lr_0 = 3.4762e-04
Loss = 1.4579e-01, PNorm = 42.9748, GNorm = 0.2019, lr_0 = 3.4557e-04
Loss = 1.3912e-01, PNorm = 42.9986, GNorm = 0.2997, lr_0 = 3.4354e-04
Loss = 1.5200e-01, PNorm = 43.0278, GNorm = 0.2495, lr_0 = 3.4151e-04
Validation auc = 0.818950
Epoch 15
Loss = 1.4724e-01, PNorm = 43.0481, GNorm = 0.3110, lr_0 = 3.3929e-04
Loss = 1.3977e-01, PNorm = 43.0777, GNorm = 0.4109, lr_0 = 3.3729e-04
Loss = 1.5286e-01, PNorm = 43.1033, GNorm = 0.2330, lr_0 = 3.3530e-04
Loss = 1.3252e-01, PNorm = 43.1264, GNorm = 0.1201, lr_0 = 3.3332e-04
Loss = 1.4371e-01, PNorm = 43.1543, GNorm = 0.2309, lr_0 = 3.3136e-04
Loss = 1.6038e-01, PNorm = 43.1768, GNorm = 0.2564, lr_0 = 3.2940e-04
Loss = 1.1297e-01, PNorm = 43.2053, GNorm = 0.1286, lr_0 = 3.2746e-04
Loss = 1.4758e-01, PNorm = 43.2242, GNorm = 0.2990, lr_0 = 3.2553e-04
Loss = 1.4213e-01, PNorm = 43.2438, GNorm = 0.1474, lr_0 = 3.2361e-04
Loss = 1.4801e-01, PNorm = 43.2634, GNorm = 0.2290, lr_0 = 3.2170e-04
Loss = 1.3489e-01, PNorm = 43.2890, GNorm = 0.1420, lr_0 = 3.1980e-04
Loss = 1.3176e-01, PNorm = 43.3071, GNorm = 0.1977, lr_0 = 3.1792e-04
Loss = 1.3664e-01, PNorm = 43.3255, GNorm = 0.3108, lr_0 = 3.1604e-04
Loss = 1.5101e-01, PNorm = 43.3447, GNorm = 0.2692, lr_0 = 3.1418e-04
Validation auc = 0.820486
Epoch 16
Loss = 1.2582e-01, PNorm = 43.3695, GNorm = 0.2493, lr_0 = 3.1214e-04
Loss = 1.4315e-01, PNorm = 43.3882, GNorm = 0.1705, lr_0 = 3.1030e-04
Loss = 1.3745e-01, PNorm = 43.4158, GNorm = 0.4632, lr_0 = 3.0847e-04
Loss = 1.2868e-01, PNorm = 43.4368, GNorm = 0.1796, lr_0 = 3.0665e-04
Loss = 1.4210e-01, PNorm = 43.4621, GNorm = 0.1580, lr_0 = 3.0484e-04
Loss = 1.4441e-01, PNorm = 43.4872, GNorm = 0.2565, lr_0 = 3.0304e-04
Loss = 1.3656e-01, PNorm = 43.5080, GNorm = 0.1914, lr_0 = 3.0125e-04
Loss = 1.4404e-01, PNorm = 43.5290, GNorm = 0.1639, lr_0 = 2.9948e-04
Loss = 1.4965e-01, PNorm = 43.5477, GNorm = 0.2798, lr_0 = 2.9771e-04
Loss = 1.4550e-01, PNorm = 43.5708, GNorm = 0.3050, lr_0 = 2.9595e-04
Loss = 1.2693e-01, PNorm = 43.5923, GNorm = 0.2501, lr_0 = 2.9421e-04
Loss = 1.4183e-01, PNorm = 43.6122, GNorm = 0.2508, lr_0 = 2.9247e-04
Loss = 1.3025e-01, PNorm = 43.6339, GNorm = 0.1910, lr_0 = 2.9075e-04
Loss = 1.3968e-01, PNorm = 43.6529, GNorm = 0.2336, lr_0 = 2.8903e-04
Validation auc = 0.821783
Epoch 17
Loss = 1.3981e-01, PNorm = 43.6658, GNorm = 0.2509, lr_0 = 2.8733e-04
Loss = 1.5617e-01, PNorm = 43.6909, GNorm = 0.1831, lr_0 = 2.8563e-04
Loss = 1.3627e-01, PNorm = 43.7117, GNorm = 0.2662, lr_0 = 2.8395e-04
Loss = 1.4569e-01, PNorm = 43.7338, GNorm = 0.1986, lr_0 = 2.8227e-04
Loss = 1.2048e-01, PNorm = 43.7487, GNorm = 0.2457, lr_0 = 2.8061e-04
Loss = 1.2666e-01, PNorm = 43.7676, GNorm = 0.2682, lr_0 = 2.7895e-04
Loss = 1.3249e-01, PNorm = 43.7846, GNorm = 0.1463, lr_0 = 2.7731e-04
Loss = 1.3175e-01, PNorm = 43.8041, GNorm = 0.1636, lr_0 = 2.7567e-04
Loss = 1.1514e-01, PNorm = 43.8298, GNorm = 0.2094, lr_0 = 2.7404e-04
Loss = 1.3910e-01, PNorm = 43.8476, GNorm = 0.2378, lr_0 = 2.7243e-04
Loss = 1.6956e-01, PNorm = 43.8644, GNorm = 0.1880, lr_0 = 2.7082e-04
Loss = 1.3830e-01, PNorm = 43.8839, GNorm = 0.1784, lr_0 = 2.6922e-04
Loss = 1.4979e-01, PNorm = 43.9042, GNorm = 0.2573, lr_0 = 2.6764e-04
Loss = 1.2570e-01, PNorm = 43.9241, GNorm = 0.2342, lr_0 = 2.6606e-04
Validation auc = 0.822345
Epoch 18
Loss = 1.5049e-01, PNorm = 43.9444, GNorm = 0.1932, lr_0 = 2.6433e-04
Loss = 1.4041e-01, PNorm = 43.9666, GNorm = 0.1971, lr_0 = 2.6277e-04
Loss = 1.3495e-01, PNorm = 43.9873, GNorm = 0.2342, lr_0 = 2.6122e-04
Loss = 1.2608e-01, PNorm = 44.0084, GNorm = 0.2802, lr_0 = 2.5968e-04
Loss = 1.3951e-01, PNorm = 44.0275, GNorm = 0.2124, lr_0 = 2.5815e-04
Loss = 1.3267e-01, PNorm = 44.0458, GNorm = 0.3354, lr_0 = 2.5663e-04
Loss = 1.3582e-01, PNorm = 44.0639, GNorm = 0.1918, lr_0 = 2.5511e-04
Loss = 1.5261e-01, PNorm = 44.0790, GNorm = 0.2560, lr_0 = 2.5361e-04
Loss = 1.3706e-01, PNorm = 44.0962, GNorm = 0.1736, lr_0 = 2.5211e-04
Loss = 1.1921e-01, PNorm = 44.1124, GNorm = 0.1510, lr_0 = 2.5062e-04
Loss = 1.2305e-01, PNorm = 44.1338, GNorm = 0.1690, lr_0 = 2.4915e-04
Loss = 1.3799e-01, PNorm = 44.1500, GNorm = 0.2066, lr_0 = 2.4768e-04
Loss = 1.3980e-01, PNorm = 44.1714, GNorm = 0.1787, lr_0 = 2.4622e-04
Loss = 1.2488e-01, PNorm = 44.1857, GNorm = 0.1993, lr_0 = 2.4476e-04
Validation auc = 0.814606
Epoch 19
Loss = 1.3353e-01, PNorm = 44.2016, GNorm = 0.2402, lr_0 = 2.4318e-04
Loss = 1.3819e-01, PNorm = 44.2197, GNorm = 0.1742, lr_0 = 2.4174e-04
Loss = 1.6413e-01, PNorm = 44.2399, GNorm = 0.1867, lr_0 = 2.4032e-04
Loss = 1.4276e-01, PNorm = 44.2568, GNorm = 0.2644, lr_0 = 2.3890e-04
Loss = 1.1409e-01, PNorm = 44.2769, GNorm = 0.3248, lr_0 = 2.3749e-04
Loss = 1.1459e-01, PNorm = 44.2909, GNorm = 0.3189, lr_0 = 2.3609e-04
Loss = 1.2683e-01, PNorm = 44.3068, GNorm = 0.1651, lr_0 = 2.3469e-04
Loss = 1.3470e-01, PNorm = 44.3188, GNorm = 0.3682, lr_0 = 2.3331e-04
Loss = 1.3638e-01, PNorm = 44.3367, GNorm = 0.3398, lr_0 = 2.3193e-04
Loss = 1.5788e-01, PNorm = 44.3508, GNorm = 0.2776, lr_0 = 2.3057e-04
Loss = 1.2678e-01, PNorm = 44.3715, GNorm = 0.1411, lr_0 = 2.2921e-04
Loss = 1.1560e-01, PNorm = 44.3864, GNorm = 0.3385, lr_0 = 2.2785e-04
Loss = 1.4661e-01, PNorm = 44.4004, GNorm = 0.2722, lr_0 = 2.2651e-04
Loss = 1.2428e-01, PNorm = 44.4180, GNorm = 0.2443, lr_0 = 2.2517e-04
Validation auc = 0.823257
Epoch 20
Loss = 1.2016e-01, PNorm = 44.4339, GNorm = 0.3953, lr_0 = 2.2371e-04
Loss = 1.4035e-01, PNorm = 44.4497, GNorm = 0.2658, lr_0 = 2.2239e-04
Loss = 1.3076e-01, PNorm = 44.4657, GNorm = 0.1437, lr_0 = 2.2108e-04
Loss = 1.4010e-01, PNorm = 44.4807, GNorm = 0.2544, lr_0 = 2.1978e-04
Loss = 1.2000e-01, PNorm = 44.4978, GNorm = 0.4855, lr_0 = 2.1848e-04
Loss = 1.2288e-01, PNorm = 44.5124, GNorm = 0.2882, lr_0 = 2.1719e-04
Loss = 1.5004e-01, PNorm = 44.5228, GNorm = 0.2817, lr_0 = 2.1591e-04
Loss = 1.3299e-01, PNorm = 44.5405, GNorm = 0.2111, lr_0 = 2.1464e-04
Loss = 1.3400e-01, PNorm = 44.5548, GNorm = 0.2926, lr_0 = 2.1337e-04
Loss = 1.3537e-01, PNorm = 44.5712, GNorm = 0.3399, lr_0 = 2.1211e-04
Loss = 1.3147e-01, PNorm = 44.5879, GNorm = 0.2886, lr_0 = 2.1086e-04
Loss = 1.2415e-01, PNorm = 44.6021, GNorm = 0.1871, lr_0 = 2.0962e-04
Loss = 1.1860e-01, PNorm = 44.6193, GNorm = 0.2359, lr_0 = 2.0838e-04
Loss = 1.5002e-01, PNorm = 44.6338, GNorm = 0.2198, lr_0 = 2.0715e-04
Validation auc = 0.820662
Epoch 21
Loss = 1.4385e-01, PNorm = 44.6484, GNorm = 0.3393, lr_0 = 2.0581e-04
Loss = 1.1888e-01, PNorm = 44.6641, GNorm = 0.1480, lr_0 = 2.0459e-04
Loss = 1.3811e-01, PNorm = 44.6777, GNorm = 0.2349, lr_0 = 2.0339e-04
Loss = 1.2555e-01, PNorm = 44.6913, GNorm = 0.2853, lr_0 = 2.0219e-04
Loss = 1.0734e-01, PNorm = 44.7080, GNorm = 0.1631, lr_0 = 2.0100e-04
Loss = 1.3884e-01, PNorm = 44.7200, GNorm = 0.2853, lr_0 = 1.9981e-04
Loss = 1.3881e-01, PNorm = 44.7380, GNorm = 0.1943, lr_0 = 1.9863e-04
Loss = 1.3357e-01, PNorm = 44.7519, GNorm = 0.3306, lr_0 = 1.9746e-04
Loss = 1.3339e-01, PNorm = 44.7635, GNorm = 0.2170, lr_0 = 1.9629e-04
Loss = 1.1749e-01, PNorm = 44.7756, GNorm = 0.1454, lr_0 = 1.9514e-04
Loss = 1.2491e-01, PNorm = 44.7885, GNorm = 0.2044, lr_0 = 1.9399e-04
Loss = 1.4859e-01, PNorm = 44.7992, GNorm = 0.2143, lr_0 = 1.9284e-04
Loss = 1.2976e-01, PNorm = 44.8148, GNorm = 0.2129, lr_0 = 1.9170e-04
Loss = 1.3767e-01, PNorm = 44.8256, GNorm = 0.1917, lr_0 = 1.9057e-04
Loss = 1.8886e-02, PNorm = 44.8270, GNorm = 0.2371, lr_0 = 1.9046e-04
Validation auc = 0.827261
Epoch 22
Loss = 1.1926e-01, PNorm = 44.8448, GNorm = 0.2683, lr_0 = 1.8934e-04
Loss = 1.3051e-01, PNorm = 44.8573, GNorm = 0.2263, lr_0 = 1.8822e-04
Loss = 1.3933e-01, PNorm = 44.8712, GNorm = 0.3613, lr_0 = 1.8711e-04
Loss = 1.2928e-01, PNorm = 44.8838, GNorm = 0.2392, lr_0 = 1.8601e-04
Loss = 1.1693e-01, PNorm = 44.8998, GNorm = 0.3485, lr_0 = 1.8491e-04
Loss = 1.3176e-01, PNorm = 44.9107, GNorm = 0.4120, lr_0 = 1.8382e-04
Loss = 1.3363e-01, PNorm = 44.9233, GNorm = 0.2181, lr_0 = 1.8273e-04
Loss = 1.3019e-01, PNorm = 44.9361, GNorm = 0.2700, lr_0 = 1.8166e-04
Loss = 1.3988e-01, PNorm = 44.9483, GNorm = 0.1904, lr_0 = 1.8058e-04
Loss = 1.4149e-01, PNorm = 44.9597, GNorm = 0.3443, lr_0 = 1.7952e-04
Loss = 1.3143e-01, PNorm = 44.9721, GNorm = 0.2727, lr_0 = 1.7846e-04
Loss = 1.2277e-01, PNorm = 44.9864, GNorm = 0.2223, lr_0 = 1.7741e-04
Loss = 1.1570e-01, PNorm = 44.9997, GNorm = 0.2120, lr_0 = 1.7636e-04
Validation auc = 0.825065
Epoch 23
Loss = 1.8131e-01, PNorm = 45.0102, GNorm = 0.2932, lr_0 = 1.7522e-04
Loss = 1.1417e-01, PNorm = 45.0212, GNorm = 0.2881, lr_0 = 1.7418e-04
Loss = 1.3697e-01, PNorm = 45.0330, GNorm = 0.2241, lr_0 = 1.7316e-04
Loss = 1.2424e-01, PNorm = 45.0462, GNorm = 0.2929, lr_0 = 1.7213e-04
Loss = 1.1969e-01, PNorm = 45.0610, GNorm = 0.4814, lr_0 = 1.7112e-04
Loss = 1.1448e-01, PNorm = 45.0757, GNorm = 0.2532, lr_0 = 1.7011e-04
Loss = 1.2121e-01, PNorm = 45.0867, GNorm = 0.4264, lr_0 = 1.6911e-04
Loss = 1.2415e-01, PNorm = 45.0993, GNorm = 0.3278, lr_0 = 1.6811e-04
Loss = 1.4142e-01, PNorm = 45.1078, GNorm = 0.2473, lr_0 = 1.6712e-04
Loss = 1.4295e-01, PNorm = 45.1197, GNorm = 0.3443, lr_0 = 1.6613e-04
Loss = 1.2315e-01, PNorm = 45.1314, GNorm = 0.3121, lr_0 = 1.6515e-04
Loss = 1.3358e-01, PNorm = 45.1409, GNorm = 0.2617, lr_0 = 1.6418e-04
Loss = 1.2188e-01, PNorm = 45.1528, GNorm = 0.1862, lr_0 = 1.6321e-04
Loss = 1.3371e-01, PNorm = 45.1635, GNorm = 0.2109, lr_0 = 1.6225e-04
Validation auc = 0.828225
Epoch 24
Loss = 1.5552e-01, PNorm = 45.1752, GNorm = 0.4412, lr_0 = 1.6119e-04
Loss = 1.2538e-01, PNorm = 45.1847, GNorm = 0.2189, lr_0 = 1.6024e-04
Loss = 1.2564e-01, PNorm = 45.1966, GNorm = 0.1943, lr_0 = 1.5930e-04
Loss = 1.1680e-01, PNorm = 45.2084, GNorm = 0.2327, lr_0 = 1.5836e-04
Loss = 1.2606e-01, PNorm = 45.2215, GNorm = 0.3299, lr_0 = 1.5742e-04
Loss = 1.2639e-01, PNorm = 45.2327, GNorm = 0.1693, lr_0 = 1.5650e-04
Loss = 1.2061e-01, PNorm = 45.2438, GNorm = 0.2780, lr_0 = 1.5557e-04
Loss = 1.4210e-01, PNorm = 45.2511, GNorm = 0.2750, lr_0 = 1.5465e-04
Loss = 1.2346e-01, PNorm = 45.2616, GNorm = 0.2586, lr_0 = 1.5374e-04
Loss = 1.1811e-01, PNorm = 45.2717, GNorm = 0.2533, lr_0 = 1.5284e-04
Loss = 1.2571e-01, PNorm = 45.2824, GNorm = 0.3172, lr_0 = 1.5193e-04
Loss = 1.3528e-01, PNorm = 45.2921, GNorm = 0.2637, lr_0 = 1.5104e-04
Loss = 1.1923e-01, PNorm = 45.3016, GNorm = 0.1794, lr_0 = 1.5015e-04
Loss = 1.3045e-01, PNorm = 45.3105, GNorm = 0.1808, lr_0 = 1.4926e-04
Validation auc = 0.828471
Epoch 25
Loss = 1.1742e-01, PNorm = 45.3209, GNorm = 0.1966, lr_0 = 1.4838e-04
Loss = 1.0923e-01, PNorm = 45.3327, GNorm = 0.2201, lr_0 = 1.4751e-04
Loss = 1.3257e-01, PNorm = 45.3404, GNorm = 0.2283, lr_0 = 1.4664e-04
Loss = 1.1531e-01, PNorm = 45.3516, GNorm = 0.3173, lr_0 = 1.4577e-04
Loss = 1.2920e-01, PNorm = 45.3601, GNorm = 0.2710, lr_0 = 1.4491e-04
Loss = 1.3019e-01, PNorm = 45.3723, GNorm = 0.2523, lr_0 = 1.4406e-04
Loss = 1.4705e-01, PNorm = 45.3825, GNorm = 0.3459, lr_0 = 1.4321e-04
Loss = 1.1799e-01, PNorm = 45.3953, GNorm = 0.2051, lr_0 = 1.4236e-04
Loss = 1.0859e-01, PNorm = 45.4051, GNorm = 0.1744, lr_0 = 1.4152e-04
Loss = 1.2451e-01, PNorm = 45.4152, GNorm = 0.2047, lr_0 = 1.4069e-04
Loss = 1.3165e-01, PNorm = 45.4226, GNorm = 0.2692, lr_0 = 1.3986e-04
Loss = 1.3333e-01, PNorm = 45.4324, GNorm = 0.3009, lr_0 = 1.3903e-04
Loss = 1.3227e-01, PNorm = 45.4416, GNorm = 0.2095, lr_0 = 1.3821e-04
Loss = 1.2399e-01, PNorm = 45.4511, GNorm = 0.1775, lr_0 = 1.3740e-04
Validation auc = 0.828542
Epoch 26
Loss = 1.1738e-01, PNorm = 45.4606, GNorm = 0.2328, lr_0 = 1.3651e-04
Loss = 1.3831e-01, PNorm = 45.4705, GNorm = 0.4339, lr_0 = 1.3570e-04
Loss = 1.2652e-01, PNorm = 45.4816, GNorm = 0.2449, lr_0 = 1.3490e-04
Loss = 1.4562e-01, PNorm = 45.4893, GNorm = 0.2929, lr_0 = 1.3410e-04
Loss = 1.2231e-01, PNorm = 45.5003, GNorm = 0.2779, lr_0 = 1.3331e-04
Loss = 1.1456e-01, PNorm = 45.5103, GNorm = 0.2131, lr_0 = 1.3253e-04
Loss = 1.3268e-01, PNorm = 45.5180, GNorm = 0.2688, lr_0 = 1.3174e-04
Loss = 1.1552e-01, PNorm = 45.5269, GNorm = 0.2377, lr_0 = 1.3097e-04
Loss = 1.1857e-01, PNorm = 45.5371, GNorm = 0.1912, lr_0 = 1.3019e-04
Loss = 1.1856e-01, PNorm = 45.5449, GNorm = 0.2341, lr_0 = 1.2943e-04
Loss = 1.2714e-01, PNorm = 45.5543, GNorm = 0.3012, lr_0 = 1.2866e-04
Loss = 1.3156e-01, PNorm = 45.5642, GNorm = 0.3894, lr_0 = 1.2790e-04
Loss = 1.0855e-01, PNorm = 45.5729, GNorm = 0.2814, lr_0 = 1.2715e-04
Loss = 1.2368e-01, PNorm = 45.5799, GNorm = 0.2236, lr_0 = 1.2640e-04
Validation auc = 0.830557
Epoch 27
Loss = 1.3178e-01, PNorm = 45.5888, GNorm = 0.1944, lr_0 = 1.2558e-04
Loss = 1.1478e-01, PNorm = 45.5976, GNorm = 0.5581, lr_0 = 1.2484e-04
Loss = 1.3082e-01, PNorm = 45.6049, GNorm = 0.2887, lr_0 = 1.2410e-04
Loss = 1.3129e-01, PNorm = 45.6143, GNorm = 0.2607, lr_0 = 1.2337e-04
Loss = 1.1448e-01, PNorm = 45.6242, GNorm = 0.2236, lr_0 = 1.2264e-04
Loss = 1.2065e-01, PNorm = 45.6313, GNorm = 0.2479, lr_0 = 1.2192e-04
Loss = 1.3182e-01, PNorm = 45.6397, GNorm = 0.3536, lr_0 = 1.2120e-04
Loss = 1.2771e-01, PNorm = 45.6479, GNorm = 0.2049, lr_0 = 1.2049e-04
Loss = 1.2770e-01, PNorm = 45.6574, GNorm = 0.2449, lr_0 = 1.1977e-04
Loss = 1.1761e-01, PNorm = 45.6659, GNorm = 0.3124, lr_0 = 1.1907e-04
Loss = 1.2276e-01, PNorm = 45.6725, GNorm = 0.5629, lr_0 = 1.1837e-04
Loss = 1.1929e-01, PNorm = 45.6797, GNorm = 0.2325, lr_0 = 1.1767e-04
Loss = 1.1704e-01, PNorm = 45.6871, GNorm = 0.5052, lr_0 = 1.1697e-04
Loss = 1.2486e-01, PNorm = 45.6947, GNorm = 0.2303, lr_0 = 1.1628e-04
Validation auc = 0.829766
Epoch 28
Loss = 1.1310e-01, PNorm = 45.7025, GNorm = 0.4609, lr_0 = 1.1553e-04
Loss = 1.1557e-01, PNorm = 45.7097, GNorm = 0.3391, lr_0 = 1.1485e-04
Loss = 1.2101e-01, PNorm = 45.7191, GNorm = 0.2135, lr_0 = 1.1417e-04
Loss = 1.2567e-01, PNorm = 45.7251, GNorm = 0.3379, lr_0 = 1.1350e-04
Loss = 1.2255e-01, PNorm = 45.7334, GNorm = 0.2554, lr_0 = 1.1283e-04
Loss = 1.2077e-01, PNorm = 45.7395, GNorm = 0.1810, lr_0 = 1.1216e-04
Loss = 1.2593e-01, PNorm = 45.7463, GNorm = 0.3137, lr_0 = 1.1150e-04
Loss = 1.3815e-01, PNorm = 45.7536, GNorm = 0.2707, lr_0 = 1.1084e-04
Loss = 1.2734e-01, PNorm = 45.7615, GNorm = 0.3097, lr_0 = 1.1019e-04
Loss = 1.2767e-01, PNorm = 45.7696, GNorm = 0.2529, lr_0 = 1.0954e-04
Loss = 1.1864e-01, PNorm = 45.7781, GNorm = 0.2197, lr_0 = 1.0889e-04
Loss = 1.1758e-01, PNorm = 45.7861, GNorm = 0.3750, lr_0 = 1.0825e-04
Loss = 1.1384e-01, PNorm = 45.7939, GNorm = 0.2018, lr_0 = 1.0761e-04
Loss = 1.2428e-01, PNorm = 45.7994, GNorm = 0.3301, lr_0 = 1.0698e-04
Validation auc = 0.829898
Epoch 29
Loss = 1.2177e-01, PNorm = 45.8079, GNorm = 0.2730, lr_0 = 1.0628e-04
Loss = 1.1948e-01, PNorm = 45.8135, GNorm = 0.3144, lr_0 = 1.0566e-04
Loss = 1.3235e-01, PNorm = 45.8221, GNorm = 0.3094, lr_0 = 1.0503e-04
Loss = 1.1225e-01, PNorm = 45.8283, GNorm = 0.3453, lr_0 = 1.0441e-04
Loss = 1.3442e-01, PNorm = 45.8356, GNorm = 0.1926, lr_0 = 1.0380e-04
Loss = 1.2307e-01, PNorm = 45.8428, GNorm = 0.3664, lr_0 = 1.0319e-04
Loss = 1.3319e-01, PNorm = 45.8471, GNorm = 0.2764, lr_0 = 1.0258e-04
Loss = 1.2656e-01, PNorm = 45.8552, GNorm = 0.4299, lr_0 = 1.0197e-04
Loss = 1.2130e-01, PNorm = 45.8612, GNorm = 0.3420, lr_0 = 1.0137e-04
Loss = 1.1046e-01, PNorm = 45.8681, GNorm = 0.2411, lr_0 = 1.0077e-04
Loss = 1.1864e-01, PNorm = 45.8765, GNorm = 0.1578, lr_0 = 1.0018e-04
Loss = 1.1403e-01, PNorm = 45.8833, GNorm = 0.2516, lr_0 = 1.0000e-04
Loss = 1.0417e-01, PNorm = 45.8903, GNorm = 0.3009, lr_0 = 1.0000e-04
Loss = 1.3382e-01, PNorm = 45.8959, GNorm = 0.2852, lr_0 = 1.0000e-04
Validation auc = 0.830736
Model 0 best validation auc = 0.830736 on epoch 29
Loading pretrained parameter "encoder.encoder.0.cached_zero_vector".
Loading pretrained parameter "encoder.encoder.0.W_i.weight".
Loading pretrained parameter "encoder.encoder.0.W_h.weight".
Loading pretrained parameter "encoder.encoder.0.W_o.weight".
Loading pretrained parameter "encoder.encoder.0.W_o.bias".
Loading pretrained parameter "ffn.1.weight".
Loading pretrained parameter "ffn.1.bias".
Loading pretrained parameter "ffn.4.weight".
Loading pretrained parameter "ffn.4.bias".
Moving model to cuda
Model 0 test auc = 0.806511
Ensemble test auc = 0.806511
1-fold cross validation
	Seed 0 ==> test auc = 0.806511
Overall test auc = 0.806511 +/- 0.000000
Elapsed time = 0:02:12
