Command line
python /home/vo87poq/chemprop_projektarbeit/train.py --gpu 0 --data_path /home/vo87poq/chemprop_projektarbeit/newdata/tox21_data_full/tox21_full_desalted_grouped_nans.csv --dataset_type classification --split_type scaffold_balanced --save_dir /home/vo87poq/chemprop_projektarbeit/tox21_checkpoints/full_set/opt_D-MPNN_base --quiet --save_preds --config_path /home/vo87poq/chemprop_projektarbeit/tox21_checkpoints/optimization/full_set/config.json
Args
{'activation': 'ReLU',
 'adding_h': False,
 'aggregation': 'mean',
 'aggregation_norm': 100,
 'atom_descriptor_scaling': True,
 'atom_descriptors': None,
 'atom_descriptors_path': None,
 'atom_descriptors_size': 0,
 'atom_features_size': 0,
 'atom_messages': False,
 'batch_size': 50,
 'bias': False,
 'bias_solvent': False,
 'bond_feature_scaling': True,
 'bond_features_path': None,
 'bond_features_size': 0,
 'cache_cutoff': 10000,
 'checkpoint_dir': None,
 'checkpoint_frzn': None,
 'checkpoint_path': None,
 'checkpoint_paths': None,
 'class_balance': False,
 'config_path': '/home/vo87poq/chemprop_projektarbeit/tox21_checkpoints/optimization/full_set/config.json',
 'crossval_index_dir': None,
 'crossval_index_file': None,
 'crossval_index_sets': None,
 'cuda': True,
 'data_path': '/home/vo87poq/chemprop_projektarbeit/newdata/tox21_data_full/tox21_full_desalted_grouped_nans.csv',
 'data_weights_path': None,
 'dataset_type': 'classification',
 'depth': 3,
 'depth_solvent': 3,
 'device': device(type='cuda', index=0),
 'dropout': 0.0,
 'empty_cache': False,
 'ensemble_size': 1,
 'epochs': 30,
 'evidential_regularization': 0,
 'explicit_h': False,
 'extra_metrics': [],
 'features_generator': None,
 'features_only': False,
 'features_path': None,
 'features_scaling': True,
 'features_size': None,
 'ffn_hidden_size': 1100,
 'ffn_num_layers': 3,
 'final_lr': 0.0001,
 'folds_file': None,
 'freeze_first_only': False,
 'frzn_ffn_layers': 0,
 'gpu': 0,
 'grad_clip': None,
 'hidden_size': 1100,
 'hidden_size_solvent': 300,
 'ignore_columns': None,
 'init_lr': 0.0001,
 'log_frequency': 10,
 'loss_function': 'binary_cross_entropy',
 'max_data_size': None,
 'max_lr': 0.001,
 'metric': 'auc',
 'metrics': ['auc'],
 'minimize_score': False,
 'mpn_shared': False,
 'multiclass_num_classes': 3,
 'no_atom_descriptor_scaling': False,
 'no_bond_features_scaling': False,
 'no_cache_mol': False,
 'no_cuda': False,
 'no_features_scaling': False,
 'num_folds': 1,
 'num_lrs': 1,
 'num_tasks': 12,
 'num_workers': 8,
 'number_of_molecules': 1,
 'overwrite_default_atom_features': False,
 'overwrite_default_bond_features': False,
 'phase_features_path': None,
 'pytorch_seed': 0,
 'quiet': True,
 'reaction': False,
 'reaction_mode': 'reac_diff',
 'reaction_solvent': False,
 'resume_experiment': False,
 'save_dir': '/home/vo87poq/chemprop_projektarbeit/tox21_checkpoints/full_set/opt_D-MPNN_base',
 'save_preds': True,
 'save_smiles_splits': False,
 'seed': 0,
 'separate_test_atom_descriptors_path': None,
 'separate_test_bond_features_path': None,
 'separate_test_features_path': None,
 'separate_test_path': None,
 'separate_test_phase_features_path': None,
 'separate_val_atom_descriptors_path': None,
 'separate_val_bond_features_path': None,
 'separate_val_features_path': None,
 'separate_val_path': None,
 'separate_val_phase_features_path': None,
 'show_individual_scores': False,
 'smiles_columns': ['smiles'],
 'spectra_activation': 'exp',
 'spectra_phase_mask_path': None,
 'spectra_target_floor': 1e-08,
 'split_key_molecule': 0,
 'split_sizes': [0.8, 0.1, 0.1],
 'split_type': 'scaffold_balanced',
 'target_columns': None,
 'target_weights': None,
 'task_names': ['NR-AR',
                'NR-AR-LBD',
                'NR-AhR',
                'NR-Aromatase',
                'NR-ER',
                'NR-ER-LBD',
                'NR-PPAR-gamma',
                'SR-ARE',
                'SR-ATAD5',
                'SR-HSE',
                'SR-MMP',
                'SR-p53'],
 'test': False,
 'test_fold_index': None,
 'train_data_size': None,
 'undirected': False,
 'use_input_features': False,
 'val_fold_index': None,
 'warmup_epochs': 2.0}
Setting molecule featurization parameters to default.
Loading data
Number of tasks = 12
Fold 0
Splitting data with seed 0
Total scaffolds = 2,637 | train scaffolds = 1,748 | val scaffolds = 546 | test scaffolds = 343
Label averages per scaffold, in decreasing order of scaffold frequency,capped at 10 scaffolds and 20 labels:
Scaffold 0
Task 0: count = 1,821 | target average = 0.006041
Task 1: count = 1,780 | target average = 0.010674
Task 2: count = 1,754 | target average = 0.009692
Task 3: count = 1,658 | target average = 0.010253
Task 4: count = 1,646 | target average = 0.042527
Task 5: count = 1,794 | target average = 0.015050
Task 6: count = 1,772 | target average = 0.019752
Task 7: count = 1,639 | target average = 0.086638
Task 8: count = 1,829 | target average = 0.018043
Task 9: count = 1,734 | target average = 0.038639
Task 10: count = 1,603 | target average = 0.033063
Task 11: count = 1,791 | target average = 0.019542


Scaffold 1
Task 0: count = 1,473 | target average = 0.010183
Task 1: count = 1,410 | target average = 0.012057
Task 2: count = 1,335 | target average = 0.116105
Task 3: count = 1,234 | target average = 0.021070
Task 4: count = 1,277 | target average = 0.086922
Task 5: count = 1,447 | target average = 0.031099
Task 6: count = 1,399 | target average = 0.018585
Task 7: count = 1,317 | target average = 0.110858
Task 8: count = 1,463 | target average = 0.021873
Task 9: count = 1,438 | target average = 0.036857
Task 10: count = 1,259 | target average = 0.154885
Task 11: count = 1,433 | target average = 0.037683


Scaffold 2
Task 0: count = 85 | target average = 0.000000
Task 1: count = 86 | target average = 0.000000
Task 2: count = 81 | target average = 0.123457
Task 3: count = 82 | target average = 0.036585
Task 4: count = 78 | target average = 0.012821
Task 5: count = 89 | target average = 0.044944
Task 6: count = 85 | target average = 0.000000
Task 7: count = 85 | target average = 0.082353
Task 8: count = 87 | target average = 0.022989
Task 9: count = 87 | target average = 0.011494
Task 10: count = 81 | target average = 0.074074
Task 11: count = 88 | target average = 0.011364


Scaffold 3
Task 0: count = 80 | target average = 0.000000
Task 1: count = 71 | target average = 0.000000
Task 2: count = 70 | target average = 0.085714
Task 3: count = 52 | target average = 0.038462
Task 4: count = 62 | target average = 0.306452
Task 5: count = 67 | target average = 0.208955
Task 6: count = 58 | target average = 0.051724
Task 7: count = 53 | target average = 0.264151
Task 8: count = 76 | target average = 0.000000
Task 9: count = 68 | target average = 0.117647
Task 10: count = 61 | target average = 0.590164
Task 11: count = 61 | target average = 0.147541


Scaffold 4
Task 0: count = 68 | target average = 0.000000
Task 1: count = 66 | target average = 0.000000
Task 2: count = 58 | target average = 0.344828
Task 3: count = 54 | target average = 0.037037
Task 4: count = 57 | target average = 0.105263
Task 5: count = 68 | target average = 0.014706
Task 6: count = 63 | target average = 0.047619
Task 7: count = 59 | target average = 0.220339
Task 8: count = 68 | target average = 0.014706
Task 9: count = 65 | target average = 0.030769
Task 10: count = 57 | target average = 0.140351
Task 11: count = 66 | target average = 0.030303


Scaffold 5
Task 0: count = 63 | target average = 0.000000
Task 1: count = 50 | target average = 0.000000
Task 2: count = 54 | target average = 0.000000
Task 3: count = 62 | target average = 0.322581
Task 4: count = 37 | target average = 0.054054
Task 5: count = 45 | target average = 0.000000
Task 6: count = 49 | target average = 0.000000
Task 7: count = 55 | target average = 0.454545
Task 8: count = 50 | target average = 0.000000
Task 9: count = 51 | target average = 0.039216
Task 10: count = 43 | target average = 0.325581
Task 11: count = 41 | target average = 0.000000


Scaffold 6
Task 0: count = 61 | target average = 0.016393
Task 1: count = 61 | target average = 0.000000
Task 2: count = 60 | target average = 0.000000
Task 3: count = 59 | target average = 0.000000
Task 4: count = 56 | target average = 0.035714
Task 5: count = 60 | target average = 0.000000
Task 6: count = 60 | target average = 0.000000
Task 7: count = 54 | target average = 0.037037
Task 8: count = 61 | target average = 0.000000
Task 9: count = 55 | target average = 0.000000
Task 10: count = 52 | target average = 0.019231
Task 11: count = 60 | target average = 0.016667


Scaffold 7
Task 0: count = 48 | target average = 0.020833
Task 1: count = 44 | target average = 0.000000
Task 2: count = 41 | target average = 0.219512
Task 3: count = 33 | target average = 0.212121
Task 4: count = 31 | target average = 0.225806
Task 5: count = 41 | target average = 0.048780
Task 6: count = 42 | target average = 0.047619
Task 7: count = 39 | target average = 0.205128
Task 8: count = 48 | target average = 0.020833
Task 9: count = 43 | target average = 0.046512
Task 10: count = 36 | target average = 0.416667
Task 11: count = 44 | target average = 0.068182


Scaffold 8
Task 0: count = 42 | target average = 0.047619
Task 1: count = 41 | target average = 0.000000
Task 2: count = 39 | target average = 0.333333
Task 3: count = 35 | target average = 0.114286
Task 4: count = 38 | target average = 0.236842
Task 5: count = 41 | target average = 0.146341
Task 6: count = 38 | target average = 0.105263
Task 7: count = 39 | target average = 0.256410
Task 8: count = 36 | target average = 0.055556
Task 9: count = 43 | target average = 0.023256
Task 10: count = 29 | target average = 0.310345
Task 11: count = 42 | target average = 0.071429


Scaffold 9
Task 0: count = 32 | target average = 1.000000
Task 1: count = 33 | target average = 0.969697
Task 2: count = 31 | target average = 0.000000
Task 3: count = 10 | target average = 0.000000
Task 4: count = 25 | target average = 0.800000
Task 5: count = 28 | target average = 0.464286
Task 6: count = 31 | target average = 0.000000
Task 7: count = 22 | target average = 0.318182
Task 8: count = 33 | target average = 0.000000
Task 9: count = 32 | target average = 0.031250
Task 10: count = 31 | target average = 0.064516
Task 11: count = 32 | target average = 0.000000


Class sizes
NR-AR 0: 96.72%, 1: 3.28%
NR-AR-LBD 0: 97.01%, 1: 2.99%
NR-AhR 0: 88.78%, 1: 11.22%
NR-Aromatase 0: 94.95%, 1: 5.05%
NR-ER 0: 89.46%, 1: 10.54%
NR-ER-LBD 0: 95.89%, 1: 4.11%
NR-PPAR-gamma 0: 97.02%, 1: 2.98%
SR-ARE 0: 84.17%, 1: 15.83%
SR-ATAD5 0: 96.16%, 1: 3.84%
SR-HSE 0: 95.03%, 1: 4.97%
SR-MMP 0: 85.07%, 1: 14.93%
SR-p53 0: 93.78%, 1: 6.22%
Total size = 8,695 | train size = 6,956 | val size = 869 | test size = 870
Building model 0
MoleculeModel(
  (sigmoid): Sigmoid()
  (encoder): MPN(
    (encoder): ModuleList(
      (0): MPNEncoder(
        (dropout_layer): Dropout(p=0.0, inplace=False)
        (act_func): ReLU()
        (W_i): Linear(in_features=147, out_features=1100, bias=False)
        (W_h): Linear(in_features=1100, out_features=1100, bias=False)
        (W_o): Linear(in_features=1233, out_features=1100, bias=True)
      )
    )
  )
  (ffn): Sequential(
    (0): Dropout(p=0.0, inplace=False)
    (1): Linear(in_features=1100, out_features=1100, bias=True)
    (2): ReLU()
    (3): Dropout(p=0.0, inplace=False)
    (4): Linear(in_features=1100, out_features=1100, bias=True)
    (5): ReLU()
    (6): Dropout(p=0.0, inplace=False)
    (7): Linear(in_features=1100, out_features=12, bias=True)
  )
)
Number of parameters = 5,165,612
Moving model to cuda
Epoch 0
Loss = 4.2841e-01, PNorm = 68.9323, GNorm = 0.2925, lr_0 = 1.3561e-04
Loss = 2.8769e-01, PNorm = 68.9441, GNorm = 0.5205, lr_0 = 1.6799e-04
Loss = 2.3669e-01, PNorm = 68.9625, GNorm = 0.3848, lr_0 = 2.0036e-04
Loss = 2.4588e-01, PNorm = 68.9850, GNorm = 0.1989, lr_0 = 2.3273e-04
Loss = 2.1932e-01, PNorm = 69.0096, GNorm = 0.2075, lr_0 = 2.6511e-04
Loss = 2.1435e-01, PNorm = 69.0359, GNorm = 0.2411, lr_0 = 2.9748e-04
Loss = 2.4953e-01, PNorm = 69.0559, GNorm = 0.2193, lr_0 = 3.2986e-04
Loss = 2.2637e-01, PNorm = 69.0730, GNorm = 0.3559, lr_0 = 3.6223e-04
Loss = 2.2304e-01, PNorm = 69.0913, GNorm = 0.2458, lr_0 = 3.9460e-04
Loss = 2.1282e-01, PNorm = 69.1261, GNorm = 0.1510, lr_0 = 4.2698e-04
Loss = 2.1249e-01, PNorm = 69.1611, GNorm = 0.2771, lr_0 = 4.5935e-04
Loss = 2.0271e-01, PNorm = 69.1821, GNorm = 0.2021, lr_0 = 4.9173e-04
Loss = 1.8334e-01, PNorm = 69.2265, GNorm = 0.1979, lr_0 = 5.2410e-04
Validation auc = 0.715337
Epoch 1
Loss = 2.4701e-01, PNorm = 69.2733, GNorm = 0.1771, lr_0 = 5.5971e-04
Loss = 1.9305e-01, PNorm = 69.3230, GNorm = 0.1163, lr_0 = 5.9209e-04
Loss = 2.1010e-01, PNorm = 69.3798, GNorm = 0.1746, lr_0 = 6.2446e-04
Loss = 2.3464e-01, PNorm = 69.4331, GNorm = 0.2937, lr_0 = 6.5683e-04
Loss = 1.9573e-01, PNorm = 69.5098, GNorm = 0.1235, lr_0 = 6.8921e-04
Loss = 2.1469e-01, PNorm = 69.5958, GNorm = 0.2806, lr_0 = 7.2158e-04
Loss = 2.0033e-01, PNorm = 69.6927, GNorm = 0.5320, lr_0 = 7.5396e-04
Loss = 2.0493e-01, PNorm = 69.7922, GNorm = 0.3737, lr_0 = 7.8633e-04
Loss = 1.8753e-01, PNorm = 69.8942, GNorm = 0.3543, lr_0 = 8.1871e-04
Loss = 1.9766e-01, PNorm = 69.9899, GNorm = 0.1237, lr_0 = 8.5108e-04
Loss = 2.0096e-01, PNorm = 70.0820, GNorm = 0.1878, lr_0 = 8.8345e-04
Loss = 2.1467e-01, PNorm = 70.1718, GNorm = 0.3561, lr_0 = 9.1583e-04
Loss = 1.9442e-01, PNorm = 70.3357, GNorm = 0.2036, lr_0 = 9.4820e-04
Loss = 1.8670e-01, PNorm = 70.4747, GNorm = 0.2798, lr_0 = 9.8058e-04
Validation auc = 0.753099
Epoch 2
Loss = 2.0173e-01, PNorm = 70.6508, GNorm = 0.2838, lr_0 = 9.9705e-04
Loss = 1.7915e-01, PNorm = 70.7975, GNorm = 0.1175, lr_0 = 9.9116e-04
Loss = 2.0454e-01, PNorm = 70.9412, GNorm = 0.2485, lr_0 = 9.8532e-04
Loss = 1.9430e-01, PNorm = 71.1088, GNorm = 0.3479, lr_0 = 9.7951e-04
Loss = 1.9800e-01, PNorm = 71.2524, GNorm = 0.1545, lr_0 = 9.7373e-04
Loss = 1.9634e-01, PNorm = 71.4212, GNorm = 0.1731, lr_0 = 9.6798e-04
Loss = 1.6845e-01, PNorm = 71.6184, GNorm = 0.3126, lr_0 = 9.6227e-04
Loss = 1.9925e-01, PNorm = 71.7733, GNorm = 0.2826, lr_0 = 9.5660e-04
Loss = 2.0259e-01, PNorm = 71.9276, GNorm = 0.4124, lr_0 = 9.5096e-04
Loss = 1.6979e-01, PNorm = 72.1146, GNorm = 0.1714, lr_0 = 9.4535e-04
Loss = 1.7189e-01, PNorm = 72.2801, GNorm = 0.1167, lr_0 = 9.3977e-04
Loss = 2.1766e-01, PNorm = 72.4242, GNorm = 0.3046, lr_0 = 9.3423e-04
Loss = 1.9975e-01, PNorm = 72.5870, GNorm = 0.2424, lr_0 = 9.2872e-04
Loss = 1.9798e-01, PNorm = 72.7603, GNorm = 0.1625, lr_0 = 9.2324e-04
Validation auc = 0.761835
Epoch 3
Loss = 1.7443e-01, PNorm = 72.9169, GNorm = 0.1553, lr_0 = 9.1725e-04
Loss = 2.0953e-01, PNorm = 73.0580, GNorm = 0.2153, lr_0 = 9.1184e-04
Loss = 1.6648e-01, PNorm = 73.2371, GNorm = 0.1662, lr_0 = 9.0646e-04
Loss = 1.7008e-01, PNorm = 73.3915, GNorm = 0.1740, lr_0 = 9.0111e-04
Loss = 1.7527e-01, PNorm = 73.5443, GNorm = 0.3724, lr_0 = 8.9580e-04
Loss = 1.8655e-01, PNorm = 73.7052, GNorm = 0.1366, lr_0 = 8.9051e-04
Loss = 1.9191e-01, PNorm = 73.8337, GNorm = 0.1123, lr_0 = 8.8526e-04
Loss = 1.7983e-01, PNorm = 73.9605, GNorm = 0.1971, lr_0 = 8.8004e-04
Loss = 1.8291e-01, PNorm = 74.0695, GNorm = 0.2161, lr_0 = 8.7485e-04
Loss = 1.9010e-01, PNorm = 74.2289, GNorm = 0.1053, lr_0 = 8.6969e-04
Loss = 1.7538e-01, PNorm = 74.4169, GNorm = 0.1259, lr_0 = 8.6456e-04
Loss = 1.9350e-01, PNorm = 74.5840, GNorm = 0.4010, lr_0 = 8.5946e-04
Loss = 1.7449e-01, PNorm = 74.7429, GNorm = 0.2670, lr_0 = 8.5439e-04
Loss = 1.6242e-01, PNorm = 74.9000, GNorm = 0.1103, lr_0 = 8.4935e-04
Validation auc = 0.768325
Epoch 4
Loss = 1.8664e-01, PNorm = 75.0463, GNorm = 0.1671, lr_0 = 8.4384e-04
Loss = 1.8246e-01, PNorm = 75.1932, GNorm = 0.2127, lr_0 = 8.3886e-04
Loss = 1.5960e-01, PNorm = 75.3158, GNorm = 0.1599, lr_0 = 8.3391e-04
Loss = 1.7021e-01, PNorm = 75.4533, GNorm = 0.1831, lr_0 = 8.2899e-04
Loss = 1.6289e-01, PNorm = 75.5793, GNorm = 0.1603, lr_0 = 8.2410e-04
Loss = 1.7638e-01, PNorm = 75.6962, GNorm = 0.2498, lr_0 = 8.1924e-04
Loss = 1.8222e-01, PNorm = 75.8309, GNorm = 0.5856, lr_0 = 8.1441e-04
Loss = 1.8651e-01, PNorm = 75.9498, GNorm = 0.2229, lr_0 = 8.0961e-04
Loss = 1.5902e-01, PNorm = 76.0868, GNorm = 0.1118, lr_0 = 8.0483e-04
Loss = 1.7055e-01, PNorm = 76.2299, GNorm = 0.1316, lr_0 = 8.0008e-04
Loss = 1.5642e-01, PNorm = 76.3348, GNorm = 0.1653, lr_0 = 7.9536e-04
Loss = 1.8220e-01, PNorm = 76.4592, GNorm = 0.1137, lr_0 = 7.9067e-04
Loss = 1.5881e-01, PNorm = 76.5886, GNorm = 0.1802, lr_0 = 7.8601e-04
Loss = 1.6071e-01, PNorm = 76.7179, GNorm = 0.1560, lr_0 = 7.8137e-04
Validation auc = 0.802968
Epoch 5
Loss = 1.8171e-01, PNorm = 76.8817, GNorm = 0.2140, lr_0 = 7.7630e-04
Loss = 1.6550e-01, PNorm = 77.0180, GNorm = 0.2252, lr_0 = 7.7172e-04
Loss = 1.6121e-01, PNorm = 77.1454, GNorm = 0.1989, lr_0 = 7.6717e-04
Loss = 1.5365e-01, PNorm = 77.2786, GNorm = 0.1138, lr_0 = 7.6265e-04
Loss = 1.5333e-01, PNorm = 77.4111, GNorm = 0.1839, lr_0 = 7.5815e-04
Loss = 1.5467e-01, PNorm = 77.5689, GNorm = 0.2327, lr_0 = 7.5367e-04
Loss = 1.6543e-01, PNorm = 77.7255, GNorm = 0.2154, lr_0 = 7.4923e-04
Loss = 1.5834e-01, PNorm = 77.8458, GNorm = 0.1251, lr_0 = 7.4481e-04
Loss = 1.6065e-01, PNorm = 77.9517, GNorm = 0.2588, lr_0 = 7.4042e-04
Loss = 1.6492e-01, PNorm = 78.0868, GNorm = 0.2828, lr_0 = 7.3605e-04
Loss = 1.4017e-01, PNorm = 78.2158, GNorm = 0.1152, lr_0 = 7.3171e-04
Loss = 1.7488e-01, PNorm = 78.3376, GNorm = 0.3114, lr_0 = 7.2739e-04
Loss = 1.4850e-01, PNorm = 78.4899, GNorm = 0.1904, lr_0 = 7.2310e-04
Loss = 1.9037e-01, PNorm = 78.6088, GNorm = 0.1704, lr_0 = 7.1883e-04
Validation auc = 0.813465
Epoch 6
Loss = 1.6820e-01, PNorm = 78.7576, GNorm = 0.3483, lr_0 = 7.1417e-04
Loss = 1.5865e-01, PNorm = 78.8922, GNorm = 0.1560, lr_0 = 7.0996e-04
Loss = 1.3284e-01, PNorm = 79.0352, GNorm = 0.1376, lr_0 = 7.0577e-04
Loss = 1.3664e-01, PNorm = 79.1578, GNorm = 0.2056, lr_0 = 7.0161e-04
Loss = 1.6511e-01, PNorm = 79.2913, GNorm = 0.1730, lr_0 = 6.9747e-04
Loss = 1.5902e-01, PNorm = 79.4349, GNorm = 0.3974, lr_0 = 6.9336e-04
Loss = 1.5216e-01, PNorm = 79.6128, GNorm = 0.2748, lr_0 = 6.8927e-04
Loss = 1.6885e-01, PNorm = 79.7536, GNorm = 0.1328, lr_0 = 6.8520e-04
Loss = 1.4147e-01, PNorm = 79.8781, GNorm = 0.2016, lr_0 = 6.8116e-04
Loss = 1.5823e-01, PNorm = 79.9620, GNorm = 0.1602, lr_0 = 6.7714e-04
Loss = 1.5501e-01, PNorm = 80.0695, GNorm = 0.1610, lr_0 = 6.7315e-04
Loss = 1.5021e-01, PNorm = 80.2027, GNorm = 0.2693, lr_0 = 6.6917e-04
Loss = 1.7059e-01, PNorm = 80.3019, GNorm = 0.1770, lr_0 = 6.6523e-04
Loss = 1.4545e-01, PNorm = 80.4243, GNorm = 0.1533, lr_0 = 6.6130e-04
Validation auc = 0.813453
Epoch 7
Loss = 1.3566e-01, PNorm = 80.5761, GNorm = 0.1569, lr_0 = 6.5701e-04
Loss = 1.4605e-01, PNorm = 80.7222, GNorm = 0.1734, lr_0 = 6.5314e-04
Loss = 1.4012e-01, PNorm = 80.8534, GNorm = 0.1569, lr_0 = 6.4929e-04
Loss = 1.7693e-01, PNorm = 80.9600, GNorm = 0.2908, lr_0 = 6.4546e-04
Loss = 1.3139e-01, PNorm = 81.0801, GNorm = 0.1555, lr_0 = 6.4165e-04
Loss = 1.3852e-01, PNorm = 81.1897, GNorm = 0.1420, lr_0 = 6.3786e-04
Loss = 1.4977e-01, PNorm = 81.2913, GNorm = 0.2603, lr_0 = 6.3410e-04
Loss = 1.5310e-01, PNorm = 81.4009, GNorm = 0.1957, lr_0 = 6.3036e-04
Loss = 1.5096e-01, PNorm = 81.5257, GNorm = 0.3102, lr_0 = 6.2664e-04
Loss = 1.3740e-01, PNorm = 81.6475, GNorm = 0.2956, lr_0 = 6.2295e-04
Loss = 1.4488e-01, PNorm = 81.7587, GNorm = 0.1881, lr_0 = 6.1927e-04
Loss = 1.5601e-01, PNorm = 81.8542, GNorm = 0.3046, lr_0 = 6.1562e-04
Loss = 1.5859e-01, PNorm = 81.9785, GNorm = 0.1664, lr_0 = 6.1199e-04
Loss = 1.3063e-01, PNorm = 82.1012, GNorm = 0.1535, lr_0 = 6.0838e-04
Validation auc = 0.825595
Epoch 8
Loss = 1.4456e-01, PNorm = 82.2239, GNorm = 0.2868, lr_0 = 6.0443e-04
Loss = 1.3454e-01, PNorm = 82.3611, GNorm = 0.2634, lr_0 = 6.0087e-04
Loss = 1.3894e-01, PNorm = 82.4778, GNorm = 0.1788, lr_0 = 5.9732e-04
Loss = 1.4239e-01, PNorm = 82.6199, GNorm = 0.1937, lr_0 = 5.9380e-04
Loss = 1.3579e-01, PNorm = 82.7484, GNorm = 0.1888, lr_0 = 5.9029e-04
Loss = 1.3721e-01, PNorm = 82.8847, GNorm = 0.3012, lr_0 = 5.8681e-04
Loss = 1.4171e-01, PNorm = 83.0154, GNorm = 0.2432, lr_0 = 5.8335e-04
Loss = 1.3105e-01, PNorm = 83.1243, GNorm = 0.3021, lr_0 = 5.7991e-04
Loss = 1.4354e-01, PNorm = 83.2290, GNorm = 0.1854, lr_0 = 5.7649e-04
Loss = 1.3228e-01, PNorm = 83.3557, GNorm = 0.2579, lr_0 = 5.7309e-04
Loss = 1.4449e-01, PNorm = 83.4397, GNorm = 0.1643, lr_0 = 5.6971e-04
Loss = 1.4448e-01, PNorm = 83.5434, GNorm = 0.1529, lr_0 = 5.6635e-04
Loss = 1.4144e-01, PNorm = 83.6430, GNorm = 0.1991, lr_0 = 5.6301e-04
Loss = 1.4214e-01, PNorm = 83.7504, GNorm = 0.2407, lr_0 = 5.5969e-04
Validation auc = 0.820034
Epoch 9
Loss = 1.3607e-01, PNorm = 83.8470, GNorm = 0.2595, lr_0 = 5.5638e-04
Loss = 1.3431e-01, PNorm = 83.9421, GNorm = 0.2453, lr_0 = 5.5310e-04
Loss = 1.1723e-01, PNorm = 84.0490, GNorm = 0.2650, lr_0 = 5.4984e-04
Loss = 1.3940e-01, PNorm = 84.1545, GNorm = 0.1901, lr_0 = 5.4660e-04
Loss = 1.3252e-01, PNorm = 84.2635, GNorm = 0.1901, lr_0 = 5.4337e-04
Loss = 1.2446e-01, PNorm = 84.3648, GNorm = 0.1554, lr_0 = 5.4017e-04
Loss = 1.4527e-01, PNorm = 84.4715, GNorm = 0.1977, lr_0 = 5.3698e-04
Loss = 1.3502e-01, PNorm = 84.5817, GNorm = 0.2556, lr_0 = 5.3381e-04
Loss = 1.2373e-01, PNorm = 84.6963, GNorm = 0.2468, lr_0 = 5.3066e-04
Loss = 1.3720e-01, PNorm = 84.8183, GNorm = 0.2019, lr_0 = 5.2753e-04
Loss = 1.3152e-01, PNorm = 84.9188, GNorm = 0.2999, lr_0 = 5.2442e-04
Loss = 1.3494e-01, PNorm = 85.0234, GNorm = 0.2354, lr_0 = 5.2133e-04
Loss = 1.4104e-01, PNorm = 85.1324, GNorm = 0.2521, lr_0 = 5.1825e-04
Loss = 1.4460e-01, PNorm = 85.2500, GNorm = 0.1926, lr_0 = 5.1520e-04
Validation auc = 0.841476
Epoch 10
Loss = 1.3634e-01, PNorm = 85.3819, GNorm = 0.1920, lr_0 = 5.1186e-04
Loss = 1.2468e-01, PNorm = 85.4940, GNorm = 0.2453, lr_0 = 5.0884e-04
Loss = 1.3012e-01, PNorm = 85.5992, GNorm = 0.1473, lr_0 = 5.0583e-04
Loss = 1.1806e-01, PNorm = 85.7062, GNorm = 0.2313, lr_0 = 5.0285e-04
Loss = 1.2354e-01, PNorm = 85.8132, GNorm = 0.1800, lr_0 = 4.9988e-04
Loss = 1.2409e-01, PNorm = 85.9115, GNorm = 0.1420, lr_0 = 4.9694e-04
Loss = 1.3520e-01, PNorm = 86.0176, GNorm = 0.2540, lr_0 = 4.9400e-04
Loss = 1.3280e-01, PNorm = 86.1277, GNorm = 0.2069, lr_0 = 4.9109e-04
Loss = 1.1516e-01, PNorm = 86.2342, GNorm = 0.2047, lr_0 = 4.8819e-04
Loss = 1.1896e-01, PNorm = 86.3367, GNorm = 0.2098, lr_0 = 4.8531e-04
Loss = 1.2971e-01, PNorm = 86.4238, GNorm = 0.1735, lr_0 = 4.8245e-04
Loss = 1.2980e-01, PNorm = 86.5122, GNorm = 0.1795, lr_0 = 4.7961e-04
Loss = 1.1605e-01, PNorm = 86.6086, GNorm = 0.1875, lr_0 = 4.7678e-04
Loss = 1.2771e-01, PNorm = 86.7051, GNorm = 0.1465, lr_0 = 4.7396e-04
Loss = 1.6110e-01, PNorm = 86.7173, GNorm = 0.7018, lr_0 = 4.7368e-04
Validation auc = 0.843955
Epoch 11
Loss = 1.2039e-01, PNorm = 86.8382, GNorm = 0.2561, lr_0 = 4.7089e-04
Loss = 1.1063e-01, PNorm = 86.9548, GNorm = 0.2160, lr_0 = 4.6811e-04
Loss = 1.1146e-01, PNorm = 87.0474, GNorm = 0.1918, lr_0 = 4.6535e-04
Loss = 1.1473e-01, PNorm = 87.1446, GNorm = 0.1638, lr_0 = 4.6261e-04
Loss = 1.2997e-01, PNorm = 87.2351, GNorm = 0.1961, lr_0 = 4.5988e-04
Loss = 1.1701e-01, PNorm = 87.3329, GNorm = 0.1812, lr_0 = 4.5716e-04
Loss = 1.1150e-01, PNorm = 87.4148, GNorm = 0.1446, lr_0 = 4.5447e-04
Loss = 1.1946e-01, PNorm = 87.5053, GNorm = 0.1624, lr_0 = 4.5179e-04
Loss = 1.1640e-01, PNorm = 87.5852, GNorm = 0.1892, lr_0 = 4.4912e-04
Loss = 1.0276e-01, PNorm = 87.6689, GNorm = 0.2813, lr_0 = 4.4647e-04
Loss = 1.2454e-01, PNorm = 87.7565, GNorm = 0.2125, lr_0 = 4.4384e-04
Loss = 1.2076e-01, PNorm = 87.8330, GNorm = 0.2097, lr_0 = 4.4122e-04
Loss = 1.1590e-01, PNorm = 87.9176, GNorm = 0.2025, lr_0 = 4.3862e-04
Validation auc = 0.844823
Epoch 12
Loss = 1.4488e-01, PNorm = 88.0190, GNorm = 0.2730, lr_0 = 4.3577e-04
Loss = 1.1028e-01, PNorm = 88.1212, GNorm = 0.1488, lr_0 = 4.3320e-04
Loss = 1.0114e-01, PNorm = 88.2280, GNorm = 0.2181, lr_0 = 4.3065e-04
Loss = 1.0455e-01, PNorm = 88.3282, GNorm = 0.1953, lr_0 = 4.2811e-04
Loss = 1.0663e-01, PNorm = 88.4315, GNorm = 0.1772, lr_0 = 4.2558e-04
Loss = 9.9993e-02, PNorm = 88.5454, GNorm = 0.1578, lr_0 = 4.2307e-04
Loss = 1.1004e-01, PNorm = 88.6386, GNorm = 0.2665, lr_0 = 4.2058e-04
Loss = 1.2975e-01, PNorm = 88.7328, GNorm = 0.1746, lr_0 = 4.1809e-04
Loss = 1.1271e-01, PNorm = 88.8307, GNorm = 0.1639, lr_0 = 4.1563e-04
Loss = 1.1422e-01, PNorm = 88.9113, GNorm = 0.1976, lr_0 = 4.1318e-04
Loss = 9.6652e-02, PNorm = 88.9871, GNorm = 0.1928, lr_0 = 4.1074e-04
Loss = 1.1847e-01, PNorm = 89.0637, GNorm = 0.1652, lr_0 = 4.0832e-04
Loss = 1.0809e-01, PNorm = 89.1363, GNorm = 0.1552, lr_0 = 4.0591e-04
Loss = 1.2427e-01, PNorm = 89.2017, GNorm = 0.2065, lr_0 = 4.0351e-04
Validation auc = 0.848304
Epoch 13
Loss = 1.1118e-01, PNorm = 89.2929, GNorm = 0.2764, lr_0 = 4.0090e-04
Loss = 1.1060e-01, PNorm = 89.3777, GNorm = 0.2857, lr_0 = 3.9853e-04
Loss = 9.9660e-02, PNorm = 89.4597, GNorm = 0.1789, lr_0 = 3.9618e-04
Loss = 1.0229e-01, PNorm = 89.5551, GNorm = 0.2712, lr_0 = 3.9384e-04
Loss = 1.0841e-01, PNorm = 89.6359, GNorm = 0.1986, lr_0 = 3.9152e-04
Loss = 1.1266e-01, PNorm = 89.7282, GNorm = 0.3217, lr_0 = 3.8921e-04
Loss = 8.3922e-02, PNorm = 89.8204, GNorm = 0.3226, lr_0 = 3.8692e-04
Loss = 9.7764e-02, PNorm = 89.8961, GNorm = 0.2379, lr_0 = 3.8463e-04
Loss = 1.0655e-01, PNorm = 89.9760, GNorm = 0.1800, lr_0 = 3.8236e-04
Loss = 9.9506e-02, PNorm = 90.0598, GNorm = 0.2222, lr_0 = 3.8011e-04
Loss = 1.0064e-01, PNorm = 90.1403, GNorm = 0.2124, lr_0 = 3.7787e-04
Loss = 1.2187e-01, PNorm = 90.2134, GNorm = 0.2069, lr_0 = 3.7564e-04
Loss = 9.6334e-02, PNorm = 90.2922, GNorm = 0.1729, lr_0 = 3.7342e-04
Loss = 1.0071e-01, PNorm = 90.3608, GNorm = 0.2388, lr_0 = 3.7122e-04
Validation auc = 0.840501
Epoch 14
Loss = 9.0835e-02, PNorm = 90.4472, GNorm = 0.1632, lr_0 = 3.6881e-04
Loss = 8.6300e-02, PNorm = 90.5467, GNorm = 0.1365, lr_0 = 3.6664e-04
Loss = 9.6391e-02, PNorm = 90.6328, GNorm = 0.1556, lr_0 = 3.6447e-04
Loss = 9.3653e-02, PNorm = 90.7105, GNorm = 0.2062, lr_0 = 3.6232e-04
Loss = 9.1128e-02, PNorm = 90.7845, GNorm = 0.2185, lr_0 = 3.6019e-04
Loss = 9.7309e-02, PNorm = 90.8550, GNorm = 0.1810, lr_0 = 3.5806e-04
Loss = 1.0111e-01, PNorm = 90.9294, GNorm = 0.2202, lr_0 = 3.5595e-04
Loss = 9.8276e-02, PNorm = 91.0164, GNorm = 0.2077, lr_0 = 3.5385e-04
Loss = 1.0288e-01, PNorm = 91.0938, GNorm = 0.2269, lr_0 = 3.5176e-04
Loss = 1.0760e-01, PNorm = 91.1776, GNorm = 0.3545, lr_0 = 3.4969e-04
Loss = 9.4201e-02, PNorm = 91.2576, GNorm = 0.2900, lr_0 = 3.4762e-04
Loss = 1.0143e-01, PNorm = 91.3322, GNorm = 0.2094, lr_0 = 3.4557e-04
Loss = 1.0009e-01, PNorm = 91.3978, GNorm = 0.1983, lr_0 = 3.4354e-04
Loss = 1.0650e-01, PNorm = 91.4660, GNorm = 0.2558, lr_0 = 3.4151e-04
Validation auc = 0.837030
Epoch 15
Loss = 9.0319e-02, PNorm = 91.5443, GNorm = 0.1890, lr_0 = 3.3929e-04
Loss = 8.1579e-02, PNorm = 91.6220, GNorm = 0.2135, lr_0 = 3.3729e-04
Loss = 9.0421e-02, PNorm = 91.6959, GNorm = 0.2053, lr_0 = 3.3530e-04
Loss = 8.7468e-02, PNorm = 91.7642, GNorm = 0.1450, lr_0 = 3.3332e-04
Loss = 9.2362e-02, PNorm = 91.8360, GNorm = 0.2131, lr_0 = 3.3136e-04
Loss = 1.0021e-01, PNorm = 91.9053, GNorm = 0.2299, lr_0 = 3.2940e-04
Loss = 6.9123e-02, PNorm = 91.9752, GNorm = 0.1264, lr_0 = 3.2746e-04
Loss = 9.6020e-02, PNorm = 92.0348, GNorm = 0.1822, lr_0 = 3.2553e-04
Loss = 8.9773e-02, PNorm = 92.1148, GNorm = 0.1892, lr_0 = 3.2361e-04
Loss = 9.6041e-02, PNorm = 92.1889, GNorm = 0.1754, lr_0 = 3.2170e-04
Loss = 8.1639e-02, PNorm = 92.2585, GNorm = 0.1540, lr_0 = 3.1980e-04
Loss = 8.8613e-02, PNorm = 92.3213, GNorm = 0.1996, lr_0 = 3.1792e-04
Loss = 8.3860e-02, PNorm = 92.3867, GNorm = 0.3110, lr_0 = 3.1604e-04
Loss = 1.0172e-01, PNorm = 92.4460, GNorm = 0.3449, lr_0 = 3.1418e-04
Validation auc = 0.843021
Epoch 16
Loss = 7.4707e-02, PNorm = 92.5256, GNorm = 0.1989, lr_0 = 3.1214e-04
Loss = 8.6952e-02, PNorm = 92.6032, GNorm = 0.1695, lr_0 = 3.1030e-04
Loss = 8.0445e-02, PNorm = 92.6732, GNorm = 0.2467, lr_0 = 3.0847e-04
Loss = 7.7464e-02, PNorm = 92.7419, GNorm = 0.1675, lr_0 = 3.0665e-04
Loss = 8.9827e-02, PNorm = 92.8002, GNorm = 0.1459, lr_0 = 3.0484e-04
Loss = 8.6588e-02, PNorm = 92.8629, GNorm = 0.1773, lr_0 = 3.0304e-04
Loss = 8.0983e-02, PNorm = 92.9262, GNorm = 0.2238, lr_0 = 3.0125e-04
Loss = 8.4404e-02, PNorm = 92.9952, GNorm = 0.1413, lr_0 = 2.9948e-04
Loss = 9.0981e-02, PNorm = 93.0600, GNorm = 0.2420, lr_0 = 2.9771e-04
Loss = 8.3215e-02, PNorm = 93.1287, GNorm = 0.2316, lr_0 = 2.9595e-04
Loss = 8.2942e-02, PNorm = 93.1958, GNorm = 0.2637, lr_0 = 2.9421e-04
Loss = 8.8757e-02, PNorm = 93.2554, GNorm = 0.2094, lr_0 = 2.9247e-04
Loss = 7.3775e-02, PNorm = 93.3105, GNorm = 0.2130, lr_0 = 2.9075e-04
Loss = 8.4222e-02, PNorm = 93.3620, GNorm = 0.1916, lr_0 = 2.8903e-04
Validation auc = 0.840249
Epoch 17
Loss = 8.0153e-02, PNorm = 93.4160, GNorm = 0.2421, lr_0 = 2.8733e-04
Loss = 9.1683e-02, PNorm = 93.4953, GNorm = 0.1683, lr_0 = 2.8563e-04
Loss = 8.0745e-02, PNorm = 93.5647, GNorm = 0.2318, lr_0 = 2.8395e-04
Loss = 8.4943e-02, PNorm = 93.6298, GNorm = 0.1425, lr_0 = 2.8227e-04
Loss = 6.4216e-02, PNorm = 93.6902, GNorm = 0.2144, lr_0 = 2.8061e-04
Loss = 6.4918e-02, PNorm = 93.7519, GNorm = 0.2593, lr_0 = 2.7895e-04
Loss = 8.2644e-02, PNorm = 93.8090, GNorm = 0.1814, lr_0 = 2.7731e-04
Loss = 7.2316e-02, PNorm = 93.8648, GNorm = 0.2036, lr_0 = 2.7567e-04
Loss = 6.5138e-02, PNorm = 93.9180, GNorm = 0.1487, lr_0 = 2.7404e-04
Loss = 7.8793e-02, PNorm = 93.9709, GNorm = 0.2147, lr_0 = 2.7243e-04
Loss = 9.0297e-02, PNorm = 94.0349, GNorm = 0.2074, lr_0 = 2.7082e-04
Loss = 7.3840e-02, PNorm = 94.1034, GNorm = 0.1996, lr_0 = 2.6922e-04
Loss = 9.0330e-02, PNorm = 94.1597, GNorm = 0.2530, lr_0 = 2.6764e-04
Loss = 7.5475e-02, PNorm = 94.2125, GNorm = 0.3242, lr_0 = 2.6606e-04
Validation auc = 0.831567
Epoch 18
Loss = 8.0848e-02, PNorm = 94.2721, GNorm = 0.3323, lr_0 = 2.6433e-04
Loss = 6.9407e-02, PNorm = 94.3344, GNorm = 0.1983, lr_0 = 2.6277e-04
Loss = 6.9529e-02, PNorm = 94.3981, GNorm = 0.2469, lr_0 = 2.6122e-04
Loss = 6.4459e-02, PNorm = 94.4576, GNorm = 0.1817, lr_0 = 2.5968e-04
Loss = 7.1079e-02, PNorm = 94.5114, GNorm = 0.2709, lr_0 = 2.5815e-04
Loss = 7.3123e-02, PNorm = 94.5651, GNorm = 0.2475, lr_0 = 2.5663e-04
Loss = 7.3207e-02, PNorm = 94.6242, GNorm = 0.2199, lr_0 = 2.5511e-04
Loss = 8.9622e-02, PNorm = 94.6785, GNorm = 0.1732, lr_0 = 2.5361e-04
Loss = 7.3371e-02, PNorm = 94.7387, GNorm = 0.2341, lr_0 = 2.5211e-04
Loss = 5.9938e-02, PNorm = 94.7889, GNorm = 0.1421, lr_0 = 2.5062e-04
Loss = 6.6967e-02, PNorm = 94.8390, GNorm = 0.1734, lr_0 = 2.4915e-04
Loss = 6.8109e-02, PNorm = 94.8811, GNorm = 0.2716, lr_0 = 2.4768e-04
Loss = 7.3934e-02, PNorm = 94.9302, GNorm = 0.1590, lr_0 = 2.4622e-04
Loss = 6.3423e-02, PNorm = 94.9805, GNorm = 0.2567, lr_0 = 2.4476e-04
Validation auc = 0.832933
Epoch 19
Loss = 7.0940e-02, PNorm = 95.0350, GNorm = 0.3304, lr_0 = 2.4318e-04
Loss = 7.0501e-02, PNorm = 95.0896, GNorm = 0.1509, lr_0 = 2.4174e-04
Loss = 7.3953e-02, PNorm = 95.1477, GNorm = 0.1951, lr_0 = 2.4032e-04
Loss = 6.2903e-02, PNorm = 95.2025, GNorm = 0.2084, lr_0 = 2.3890e-04
Loss = 5.6794e-02, PNorm = 95.2533, GNorm = 0.3036, lr_0 = 2.3749e-04
Loss = 5.8352e-02, PNorm = 95.2932, GNorm = 0.2076, lr_0 = 2.3609e-04
Loss = 6.4230e-02, PNorm = 95.3336, GNorm = 0.2486, lr_0 = 2.3469e-04
Loss = 6.1732e-02, PNorm = 95.3835, GNorm = 0.1729, lr_0 = 2.3331e-04
Loss = 6.3209e-02, PNorm = 95.4331, GNorm = 0.2859, lr_0 = 2.3193e-04
Loss = 8.1128e-02, PNorm = 95.4863, GNorm = 0.2791, lr_0 = 2.3057e-04
Loss = 5.9686e-02, PNorm = 95.5357, GNorm = 0.1665, lr_0 = 2.2921e-04
Loss = 5.8593e-02, PNorm = 95.5769, GNorm = 0.2741, lr_0 = 2.2785e-04
Loss = 6.9624e-02, PNorm = 95.6211, GNorm = 0.1673, lr_0 = 2.2651e-04
Loss = 6.5091e-02, PNorm = 95.6672, GNorm = 0.2644, lr_0 = 2.2517e-04
Validation auc = 0.841369
Epoch 20
Loss = 5.6052e-02, PNorm = 95.7155, GNorm = 0.1932, lr_0 = 2.2371e-04
Loss = 6.8474e-02, PNorm = 95.7618, GNorm = 0.2912, lr_0 = 2.2239e-04
Loss = 6.2465e-02, PNorm = 95.8081, GNorm = 0.2071, lr_0 = 2.2108e-04
Loss = 6.4192e-02, PNorm = 95.8536, GNorm = 0.2123, lr_0 = 2.1978e-04
Loss = 5.0923e-02, PNorm = 95.8965, GNorm = 0.1995, lr_0 = 2.1848e-04
Loss = 5.5560e-02, PNorm = 95.9393, GNorm = 0.2599, lr_0 = 2.1719e-04
Loss = 6.4549e-02, PNorm = 95.9809, GNorm = 0.2464, lr_0 = 2.1591e-04
Loss = 5.1635e-02, PNorm = 96.0282, GNorm = 0.1702, lr_0 = 2.1464e-04
Loss = 5.9427e-02, PNorm = 96.0684, GNorm = 0.1854, lr_0 = 2.1337e-04
Loss = 6.1019e-02, PNorm = 96.1105, GNorm = 0.2690, lr_0 = 2.1211e-04
Loss = 6.1760e-02, PNorm = 96.1610, GNorm = 0.3702, lr_0 = 2.1086e-04
Loss = 5.8969e-02, PNorm = 96.2062, GNorm = 0.2163, lr_0 = 2.0962e-04
Loss = 5.4933e-02, PNorm = 96.2449, GNorm = 0.2443, lr_0 = 2.0838e-04
Loss = 6.9546e-02, PNorm = 96.2828, GNorm = 0.3155, lr_0 = 2.0715e-04
Validation auc = 0.839021
Epoch 21
Loss = 6.3678e-02, PNorm = 96.3272, GNorm = 0.2417, lr_0 = 2.0581e-04
Loss = 4.2517e-02, PNorm = 96.3681, GNorm = 0.1714, lr_0 = 2.0459e-04
Loss = 5.3211e-02, PNorm = 96.4120, GNorm = 0.1884, lr_0 = 2.0339e-04
Loss = 4.5787e-02, PNorm = 96.4516, GNorm = 0.1563, lr_0 = 2.0219e-04
Loss = 4.2776e-02, PNorm = 96.4876, GNorm = 0.2402, lr_0 = 2.0100e-04
Loss = 5.4979e-02, PNorm = 96.5223, GNorm = 0.2534, lr_0 = 1.9981e-04
Loss = 5.4730e-02, PNorm = 96.5664, GNorm = 0.2836, lr_0 = 1.9863e-04
Loss = 4.9099e-02, PNorm = 96.6099, GNorm = 0.3117, lr_0 = 1.9746e-04
Loss = 6.1560e-02, PNorm = 96.6476, GNorm = 0.3117, lr_0 = 1.9629e-04
Loss = 5.0107e-02, PNorm = 96.6886, GNorm = 0.1986, lr_0 = 1.9514e-04
Loss = 5.1778e-02, PNorm = 96.7262, GNorm = 0.2260, lr_0 = 1.9399e-04
Loss = 6.1073e-02, PNorm = 96.7615, GNorm = 0.1699, lr_0 = 1.9284e-04
Loss = 6.1014e-02, PNorm = 96.7984, GNorm = 0.2664, lr_0 = 1.9170e-04
Loss = 5.7535e-02, PNorm = 96.8359, GNorm = 0.2021, lr_0 = 1.9057e-04
Loss = 3.8726e-03, PNorm = 96.8390, GNorm = 0.0858, lr_0 = 1.9046e-04
Validation auc = 0.834738
Epoch 22
Loss = 4.4058e-02, PNorm = 96.8753, GNorm = 0.2081, lr_0 = 1.8934e-04
Loss = 4.5961e-02, PNorm = 96.9139, GNorm = 0.1665, lr_0 = 1.8822e-04
Loss = 4.9097e-02, PNorm = 96.9494, GNorm = 0.2112, lr_0 = 1.8711e-04
Loss = 4.8182e-02, PNorm = 96.9848, GNorm = 0.4887, lr_0 = 1.8601e-04
Loss = 3.9275e-02, PNorm = 97.0182, GNorm = 0.1595, lr_0 = 1.8491e-04
Loss = 5.2501e-02, PNorm = 97.0522, GNorm = 0.2070, lr_0 = 1.8382e-04
Loss = 4.3558e-02, PNorm = 97.0882, GNorm = 0.2274, lr_0 = 1.8273e-04
Loss = 5.0159e-02, PNorm = 97.1225, GNorm = 0.2806, lr_0 = 1.8166e-04
Loss = 5.2686e-02, PNorm = 97.1587, GNorm = 0.1878, lr_0 = 1.8058e-04
Loss = 5.8623e-02, PNorm = 97.1939, GNorm = 0.2727, lr_0 = 1.7952e-04
Loss = 5.0250e-02, PNorm = 97.2297, GNorm = 0.2955, lr_0 = 1.7846e-04
Loss = 4.7015e-02, PNorm = 97.2641, GNorm = 0.2198, lr_0 = 1.7741e-04
Loss = 4.4660e-02, PNorm = 97.2984, GNorm = 0.2043, lr_0 = 1.7636e-04
Validation auc = 0.836353
Epoch 23
Loss = 4.9978e-02, PNorm = 97.3324, GNorm = 0.2171, lr_0 = 1.7522e-04
Loss = 4.1987e-02, PNorm = 97.3720, GNorm = 0.3131, lr_0 = 1.7418e-04
Loss = 4.6995e-02, PNorm = 97.4055, GNorm = 0.2167, lr_0 = 1.7316e-04
Loss = 4.0232e-02, PNorm = 97.4402, GNorm = 0.2065, lr_0 = 1.7213e-04
Loss = 4.1081e-02, PNorm = 97.4743, GNorm = 0.4348, lr_0 = 1.7112e-04
Loss = 3.5188e-02, PNorm = 97.5097, GNorm = 0.1777, lr_0 = 1.7011e-04
Loss = 4.4207e-02, PNorm = 97.5389, GNorm = 0.2491, lr_0 = 1.6911e-04
Loss = 3.8909e-02, PNorm = 97.5693, GNorm = 0.2030, lr_0 = 1.6811e-04
Loss = 4.9501e-02, PNorm = 97.6009, GNorm = 0.2899, lr_0 = 1.6712e-04
Loss = 4.7774e-02, PNorm = 97.6333, GNorm = 0.1977, lr_0 = 1.6613e-04
Loss = 4.5727e-02, PNorm = 97.6674, GNorm = 0.2799, lr_0 = 1.6515e-04
Loss = 4.6971e-02, PNorm = 97.6960, GNorm = 0.2190, lr_0 = 1.6418e-04
Loss = 4.4881e-02, PNorm = 97.7259, GNorm = 0.1585, lr_0 = 1.6321e-04
Loss = 5.0210e-02, PNorm = 97.7544, GNorm = 0.1901, lr_0 = 1.6225e-04
Validation auc = 0.832989
Epoch 24
Loss = 4.0515e-02, PNorm = 97.7842, GNorm = 0.1984, lr_0 = 1.6119e-04
Loss = 3.4536e-02, PNorm = 97.8131, GNorm = 0.1924, lr_0 = 1.6024e-04
Loss = 4.3749e-02, PNorm = 97.8408, GNorm = 0.2072, lr_0 = 1.5930e-04
Loss = 3.2459e-02, PNorm = 97.8688, GNorm = 0.1110, lr_0 = 1.5836e-04
Loss = 3.7339e-02, PNorm = 97.8945, GNorm = 0.1833, lr_0 = 1.5742e-04
Loss = 4.2325e-02, PNorm = 97.9240, GNorm = 0.3122, lr_0 = 1.5650e-04
Loss = 3.7525e-02, PNorm = 97.9517, GNorm = 0.1852, lr_0 = 1.5557e-04
Loss = 4.7729e-02, PNorm = 97.9799, GNorm = 0.1548, lr_0 = 1.5465e-04
Loss = 3.8013e-02, PNorm = 98.0089, GNorm = 0.2562, lr_0 = 1.5374e-04
Loss = 3.5849e-02, PNorm = 98.0365, GNorm = 0.2663, lr_0 = 1.5284e-04
Loss = 3.6739e-02, PNorm = 98.0661, GNorm = 0.1795, lr_0 = 1.5193e-04
Loss = 4.2011e-02, PNorm = 98.0936, GNorm = 0.2261, lr_0 = 1.5104e-04
Loss = 3.9241e-02, PNorm = 98.1183, GNorm = 0.2366, lr_0 = 1.5015e-04
Loss = 4.3953e-02, PNorm = 98.1421, GNorm = 0.2737, lr_0 = 1.4926e-04
Validation auc = 0.836966
Epoch 25
Loss = 3.5110e-02, PNorm = 98.1688, GNorm = 0.2173, lr_0 = 1.4838e-04
Loss = 2.7012e-02, PNorm = 98.1950, GNorm = 0.1802, lr_0 = 1.4751e-04
Loss = 3.6015e-02, PNorm = 98.2235, GNorm = 0.4321, lr_0 = 1.4664e-04
Loss = 3.2752e-02, PNorm = 98.2496, GNorm = 0.1842, lr_0 = 1.4577e-04
Loss = 3.8534e-02, PNorm = 98.2726, GNorm = 0.2863, lr_0 = 1.4491e-04
Loss = 3.8749e-02, PNorm = 98.2981, GNorm = 0.2334, lr_0 = 1.4406e-04
Loss = 4.7504e-02, PNorm = 98.3252, GNorm = 0.2316, lr_0 = 1.4321e-04
Loss = 3.6676e-02, PNorm = 98.3507, GNorm = 0.1464, lr_0 = 1.4236e-04
Loss = 3.2781e-02, PNorm = 98.3757, GNorm = 0.1957, lr_0 = 1.4152e-04
Loss = 3.3260e-02, PNorm = 98.3986, GNorm = 0.1890, lr_0 = 1.4069e-04
Loss = 3.5357e-02, PNorm = 98.4243, GNorm = 0.1773, lr_0 = 1.3986e-04
Loss = 3.7032e-02, PNorm = 98.4476, GNorm = 0.1619, lr_0 = 1.3903e-04
Loss = 3.4994e-02, PNorm = 98.4728, GNorm = 0.1173, lr_0 = 1.3821e-04
Loss = 4.1056e-02, PNorm = 98.4950, GNorm = 0.1429, lr_0 = 1.3740e-04
Validation auc = 0.836059
Epoch 26
Loss = 2.3418e-02, PNorm = 98.5212, GNorm = 0.1984, lr_0 = 1.3651e-04
Loss = 3.2335e-02, PNorm = 98.5455, GNorm = 0.2590, lr_0 = 1.3570e-04
Loss = 3.4551e-02, PNorm = 98.5731, GNorm = 0.2317, lr_0 = 1.3490e-04
Loss = 3.7797e-02, PNorm = 98.5977, GNorm = 0.2322, lr_0 = 1.3410e-04
Loss = 3.3810e-02, PNorm = 98.6212, GNorm = 0.3220, lr_0 = 1.3331e-04
Loss = 3.1023e-02, PNorm = 98.6444, GNorm = 0.2279, lr_0 = 1.3253e-04
Loss = 3.5897e-02, PNorm = 98.6643, GNorm = 0.2050, lr_0 = 1.3174e-04
Loss = 3.3760e-02, PNorm = 98.6868, GNorm = 0.1999, lr_0 = 1.3097e-04
Loss = 3.4093e-02, PNorm = 98.7078, GNorm = 0.3191, lr_0 = 1.3019e-04
Loss = 2.9998e-02, PNorm = 98.7301, GNorm = 0.2398, lr_0 = 1.2943e-04
Loss = 3.3382e-02, PNorm = 98.7493, GNorm = 0.1680, lr_0 = 1.2866e-04
Loss = 3.4291e-02, PNorm = 98.7743, GNorm = 0.4087, lr_0 = 1.2790e-04
Loss = 3.0300e-02, PNorm = 98.7954, GNorm = 0.2657, lr_0 = 1.2715e-04
Loss = 3.0589e-02, PNorm = 98.8164, GNorm = 0.1630, lr_0 = 1.2640e-04
Validation auc = 0.835931
Epoch 27
Loss = 3.1498e-02, PNorm = 98.8371, GNorm = 0.1621, lr_0 = 1.2558e-04
Loss = 2.2735e-02, PNorm = 98.8559, GNorm = 0.1490, lr_0 = 1.2484e-04
Loss = 2.6581e-02, PNorm = 98.8751, GNorm = 0.2067, lr_0 = 1.2410e-04
Loss = 2.7104e-02, PNorm = 98.8943, GNorm = 0.1703, lr_0 = 1.2337e-04
Loss = 2.6947e-02, PNorm = 98.9136, GNorm = 0.2093, lr_0 = 1.2264e-04
Loss = 2.2618e-02, PNorm = 98.9322, GNorm = 0.2567, lr_0 = 1.2192e-04
Loss = 3.0889e-02, PNorm = 98.9519, GNorm = 0.2500, lr_0 = 1.2120e-04
Loss = 2.8828e-02, PNorm = 98.9723, GNorm = 0.1538, lr_0 = 1.2049e-04
Loss = 3.1127e-02, PNorm = 98.9939, GNorm = 0.2019, lr_0 = 1.1977e-04
Loss = 2.8949e-02, PNorm = 99.0138, GNorm = 0.2108, lr_0 = 1.1907e-04
Loss = 2.9905e-02, PNorm = 99.0325, GNorm = 0.2840, lr_0 = 1.1837e-04
Loss = 2.8693e-02, PNorm = 99.0510, GNorm = 0.1727, lr_0 = 1.1767e-04
Loss = 3.1711e-02, PNorm = 99.0702, GNorm = 0.3085, lr_0 = 1.1697e-04
Loss = 3.3465e-02, PNorm = 99.0877, GNorm = 0.1444, lr_0 = 1.1628e-04
Validation auc = 0.828769
Epoch 28
Loss = 2.2046e-02, PNorm = 99.1105, GNorm = 0.3271, lr_0 = 1.1553e-04
Loss = 1.9989e-02, PNorm = 99.1254, GNorm = 0.1312, lr_0 = 1.1485e-04
Loss = 2.6534e-02, PNorm = 99.1417, GNorm = 0.2077, lr_0 = 1.1417e-04
Loss = 2.7414e-02, PNorm = 99.1588, GNorm = 0.2088, lr_0 = 1.1350e-04
Loss = 2.4652e-02, PNorm = 99.1767, GNorm = 0.2464, lr_0 = 1.1283e-04
Loss = 2.3172e-02, PNorm = 99.1923, GNorm = 0.1766, lr_0 = 1.1216e-04
Loss = 2.4627e-02, PNorm = 99.2092, GNorm = 0.1415, lr_0 = 1.1150e-04
Loss = 3.0870e-02, PNorm = 99.2275, GNorm = 0.2648, lr_0 = 1.1084e-04
Loss = 3.0960e-02, PNorm = 99.2458, GNorm = 0.1951, lr_0 = 1.1019e-04
Loss = 2.3120e-02, PNorm = 99.2655, GNorm = 0.2112, lr_0 = 1.0954e-04
Loss = 3.1959e-02, PNorm = 99.2831, GNorm = 0.3300, lr_0 = 1.0889e-04
Loss = 2.6498e-02, PNorm = 99.2996, GNorm = 0.3463, lr_0 = 1.0825e-04
Loss = 2.4666e-02, PNorm = 99.3177, GNorm = 0.2617, lr_0 = 1.0761e-04
Loss = 2.5488e-02, PNorm = 99.3342, GNorm = 0.1744, lr_0 = 1.0698e-04
Validation auc = 0.838278
Epoch 29
Loss = 2.1718e-02, PNorm = 99.3534, GNorm = 0.1970, lr_0 = 1.0628e-04
Loss = 2.5202e-02, PNorm = 99.3680, GNorm = 0.0990, lr_0 = 1.0566e-04
Loss = 2.5878e-02, PNorm = 99.3847, GNorm = 0.1440, lr_0 = 1.0503e-04
Loss = 2.1033e-02, PNorm = 99.4005, GNorm = 0.1340, lr_0 = 1.0441e-04
Loss = 2.8880e-02, PNorm = 99.4167, GNorm = 0.1822, lr_0 = 1.0380e-04
Loss = 2.3825e-02, PNorm = 99.4322, GNorm = 0.2796, lr_0 = 1.0319e-04
Loss = 2.3545e-02, PNorm = 99.4475, GNorm = 0.1177, lr_0 = 1.0258e-04
Loss = 2.5657e-02, PNorm = 99.4636, GNorm = 0.1525, lr_0 = 1.0197e-04
Loss = 2.4183e-02, PNorm = 99.4791, GNorm = 0.2075, lr_0 = 1.0137e-04
Loss = 2.2442e-02, PNorm = 99.4946, GNorm = 0.2559, lr_0 = 1.0077e-04
Loss = 2.2229e-02, PNorm = 99.5097, GNorm = 0.1349, lr_0 = 1.0018e-04
Loss = 2.3798e-02, PNorm = 99.5254, GNorm = 0.1945, lr_0 = 1.0000e-04
Loss = 1.8590e-02, PNorm = 99.5412, GNorm = 0.2402, lr_0 = 1.0000e-04
Loss = 2.9162e-02, PNorm = 99.5539, GNorm = 0.4663, lr_0 = 1.0000e-04
Validation auc = 0.832514
Model 0 best validation auc = 0.848304 on epoch 12
Loading pretrained parameter "encoder.encoder.0.cached_zero_vector".
Loading pretrained parameter "encoder.encoder.0.W_i.weight".
Loading pretrained parameter "encoder.encoder.0.W_h.weight".
Loading pretrained parameter "encoder.encoder.0.W_o.weight".
Loading pretrained parameter "encoder.encoder.0.W_o.bias".
Loading pretrained parameter "ffn.1.weight".
Loading pretrained parameter "ffn.1.bias".
Loading pretrained parameter "ffn.4.weight".
Loading pretrained parameter "ffn.4.bias".
Loading pretrained parameter "ffn.7.weight".
Loading pretrained parameter "ffn.7.bias".
Moving model to cuda
Model 0 test auc = 0.814775
Ensemble test auc = 0.814775
1-fold cross validation
	Seed 0 ==> test auc = 0.814775
Overall test auc = 0.814775 +/- 0.000000
Elapsed time = 0:02:22
