Command line
python /home/to85vet/Projects/chemprop_projektarbeit/train.py --data_path /home/to85vet/Projects/chemprop_projektarbeit/data/tox21_split/tox21_train.csv --dataset_type classification --save_dir /home/to85vet/Projects/chemprop_projektarbeit/tox21_checkpoints/tox21_split --split_type scaffold_balanced --quiet
Args
{'activation': 'ReLU',
 'adding_h': False,
 'aggregation': 'mean',
 'aggregation_norm': 100,
 'atom_descriptor_scaling': True,
 'atom_descriptors': None,
 'atom_descriptors_path': None,
 'atom_descriptors_size': 0,
 'atom_features_size': 0,
 'atom_messages': False,
 'batch_size': 50,
 'bias': False,
 'bias_solvent': False,
 'bond_feature_scaling': True,
 'bond_features_path': None,
 'bond_features_size': 0,
 'cache_cutoff': 10000,
 'checkpoint_dir': None,
 'checkpoint_frzn': None,
 'checkpoint_path': None,
 'checkpoint_paths': None,
 'class_balance': False,
 'config_path': None,
 'crossval_index_dir': None,
 'crossval_index_file': None,
 'crossval_index_sets': None,
 'cuda': False,
 'data_path': '/home/to85vet/Projects/chemprop_projektarbeit/data/tox21_split/tox21_train.csv',
 'data_weights_path': None,
 'dataset_type': 'classification',
 'depth': 3,
 'depth_solvent': 3,
 'device': device(type='cpu'),
 'dropout': 0.0,
 'empty_cache': False,
 'ensemble_size': 1,
 'epochs': 30,
 'evidential_regularization': 0,
 'explicit_h': False,
 'extra_metrics': [],
 'features_generator': None,
 'features_only': False,
 'features_path': None,
 'features_scaling': True,
 'features_size': None,
 'ffn_hidden_size': 300,
 'ffn_num_layers': 2,
 'final_lr': 0.0001,
 'folds_file': None,
 'freeze_first_only': False,
 'frzn_ffn_layers': 0,
 'gpu': None,
 'grad_clip': None,
 'hidden_size': 300,
 'hidden_size_solvent': 300,
 'ignore_columns': None,
 'init_lr': 0.0001,
 'log_frequency': 10,
 'loss_function': 'binary_cross_entropy',
 'max_data_size': None,
 'max_lr': 0.001,
 'metric': 'auc',
 'metrics': ['auc'],
 'minimize_score': False,
 'mpn_shared': False,
 'multiclass_num_classes': 3,
 'no_atom_descriptor_scaling': False,
 'no_bond_features_scaling': False,
 'no_cache_mol': False,
 'no_cuda': False,
 'no_features_scaling': False,
 'num_folds': 1,
 'num_lrs': 1,
 'num_tasks': 12,
 'num_workers': 8,
 'number_of_molecules': 1,
 'overwrite_default_atom_features': False,
 'overwrite_default_bond_features': False,
 'phase_features_path': None,
 'pytorch_seed': 0,
 'quiet': True,
 'reaction': False,
 'reaction_mode': 'reac_diff',
 'reaction_solvent': False,
 'resume_experiment': False,
 'save_dir': '/home/to85vet/Projects/chemprop_projektarbeit/tox21_checkpoints/tox21_split',
 'save_preds': False,
 'save_smiles_splits': False,
 'seed': 0,
 'separate_test_atom_descriptors_path': None,
 'separate_test_bond_features_path': None,
 'separate_test_features_path': None,
 'separate_test_path': None,
 'separate_test_phase_features_path': None,
 'separate_val_atom_descriptors_path': None,
 'separate_val_bond_features_path': None,
 'separate_val_features_path': None,
 'separate_val_path': None,
 'separate_val_phase_features_path': None,
 'show_individual_scores': False,
 'smiles_columns': ['smiles'],
 'spectra_activation': 'exp',
 'spectra_phase_mask_path': None,
 'spectra_target_floor': 1e-08,
 'split_key_molecule': 0,
 'split_sizes': [0.8, 0.1, 0.1],
 'split_type': 'scaffold_balanced',
 'target_columns': None,
 'target_weights': None,
 'task_names': ['NR-AR',
                'NR-AR-LBD',
                'NR-AhR',
                'NR-Aromatase',
                'NR-ER',
                'NR-ER-LBD',
                'NR-PPAR-gamma',
                'SR-ARE',
                'SR-ATAD5',
                'SR-HSE',
                'SR-MMP',
                'SR-p53'],
 'test': False,
 'test_fold_index': None,
 'train_data_size': None,
 'undirected': False,
 'use_input_features': False,
 'val_fold_index': None,
 'warmup_epochs': 2.0}
Setting molecule featurization parameters to default.
Loading data
Number of tasks = 12
Fold 0
Splitting data with seed 0
Total scaffolds = 820 | train scaffolds = 474 | val scaffolds = 148 | test scaffolds = 198
Label averages per scaffold, in decreasing order of scaffold frequency,capped at 10 scaffolds and 20 labels:
Scaffold 0
Task 0: count = 1,703 | target average = 0.010570
Task 1: count = 1,650 | target average = 0.013939
Task 2: count = 1,623 | target average = 0.013555
Task 3: count = 1,527 | target average = 0.010478
Task 4: count = 1,562 | target average = 0.060819
Task 5: count = 1,676 | target average = 0.022076
Task 6: count = 1,646 | target average = 0.023086
Task 7: count = 1,518 | target average = 0.093544
Task 8: count = 1,700 | target average = 0.020588
Task 9: count = 1,613 | target average = 0.046497
Task 10: count = 1,472 | target average = 0.038043
Task 11: count = 1,657 | target average = 0.021123


Scaffold 1
Task 0: count = 1,382 | target average = 0.017366
Task 1: count = 1,312 | target average = 0.015244
Task 2: count = 1,246 | target average = 0.126003
Task 3: count = 1,146 | target average = 0.028796
Task 4: count = 1,215 | target average = 0.114403
Task 5: count = 1,353 | target average = 0.039172
Task 6: count = 1,282 | target average = 0.017941
Task 7: count = 1,224 | target average = 0.116013
Task 8: count = 1,358 | target average = 0.025773
Task 9: count = 1,328 | target average = 0.044428
Task 10: count = 1,159 | target average = 0.164797
Task 11: count = 1,325 | target average = 0.039245


Scaffold 2
Task 0: count = 77 | target average = 0.000000
Task 1: count = 74 | target average = 0.000000
Task 2: count = 72 | target average = 0.166667
Task 3: count = 70 | target average = 0.028571
Task 4: count = 70 | target average = 0.028571
Task 5: count = 78 | target average = 0.038462
Task 6: count = 73 | target average = 0.000000
Task 7: count = 75 | target average = 0.093333
Task 8: count = 77 | target average = 0.038961
Task 9: count = 77 | target average = 0.012987
Task 10: count = 70 | target average = 0.085714
Task 11: count = 77 | target average = 0.012987


Scaffold 3
Task 0: count = 79 | target average = 0.000000
Task 1: count = 70 | target average = 0.000000
Task 2: count = 69 | target average = 0.086957
Task 3: count = 50 | target average = 0.040000
Task 4: count = 60 | target average = 0.316667
Task 5: count = 67 | target average = 0.223881
Task 6: count = 57 | target average = 0.070175
Task 7: count = 52 | target average = 0.288462
Task 8: count = 75 | target average = 0.000000
Task 9: count = 67 | target average = 0.134328
Task 10: count = 60 | target average = 0.600000
Task 11: count = 60 | target average = 0.150000


Scaffold 4
Task 0: count = 65 | target average = 0.000000
Task 1: count = 62 | target average = 0.000000
Task 2: count = 55 | target average = 0.327273
Task 3: count = 53 | target average = 0.037736
Task 4: count = 56 | target average = 0.142857
Task 5: count = 65 | target average = 0.030769
Task 6: count = 60 | target average = 0.033333
Task 7: count = 56 | target average = 0.196429
Task 8: count = 64 | target average = 0.015625
Task 9: count = 61 | target average = 0.016393
Task 10: count = 53 | target average = 0.113208
Task 11: count = 63 | target average = 0.047619


Scaffold 5
Task 0: count = 62 | target average = 0.016129
Task 1: count = 62 | target average = 0.000000
Task 2: count = 60 | target average = 0.000000
Task 3: count = 58 | target average = 0.000000
Task 4: count = 58 | target average = 0.068966
Task 5: count = 61 | target average = 0.016393
Task 6: count = 61 | target average = 0.000000
Task 7: count = 56 | target average = 0.035714
Task 8: count = 62 | target average = 0.000000
Task 9: count = 57 | target average = 0.000000
Task 10: count = 53 | target average = 0.037736
Task 11: count = 61 | target average = 0.000000


Scaffold 6
Task 0: count = 48 | target average = 0.000000
Task 1: count = 37 | target average = 0.000000
Task 2: count = 41 | target average = 0.000000
Task 3: count = 47 | target average = 0.340426
Task 4: count = 27 | target average = 0.037037
Task 5: count = 32 | target average = 0.000000
Task 6: count = 37 | target average = 0.000000
Task 7: count = 42 | target average = 0.476190
Task 8: count = 38 | target average = 0.000000
Task 9: count = 40 | target average = 0.050000
Task 10: count = 31 | target average = 0.354839
Task 11: count = 31 | target average = 0.000000


Scaffold 7
Task 0: count = 45 | target average = 0.022222
Task 1: count = 41 | target average = 0.000000
Task 2: count = 39 | target average = 0.230769
Task 3: count = 31 | target average = 0.225806
Task 4: count = 31 | target average = 0.290323
Task 5: count = 39 | target average = 0.076923
Task 6: count = 39 | target average = 0.051282
Task 7: count = 37 | target average = 0.216216
Task 8: count = 45 | target average = 0.022222
Task 9: count = 40 | target average = 0.050000
Task 10: count = 33 | target average = 0.454545
Task 11: count = 41 | target average = 0.048780


Scaffold 8
Task 0: count = 33 | target average = 1.000000
Task 1: count = 34 | target average = 0.970588
Task 2: count = 32 | target average = 0.000000
Task 3: count = 12 | target average = 0.083333
Task 4: count = 30 | target average = 0.833333
Task 5: count = 30 | target average = 0.533333
Task 6: count = 31 | target average = 0.000000
Task 7: count = 22 | target average = 0.363636
Task 8: count = 34 | target average = 0.000000
Task 9: count = 32 | target average = 0.031250
Task 10: count = 31 | target average = 0.064516
Task 11: count = 34 | target average = 0.029412


Scaffold 9
Task 0: count = 37 | target average = 1.000000
Task 1: count = 37 | target average = 0.918919
Task 2: count = 19 | target average = 0.105263
Task 3: count = 0 | target average = nan
Task 4: count = 29 | target average = 0.172414
Task 5: count = 33 | target average = 0.030303
Task 6: count = 32 | target average = 0.000000
Task 7: count = 25 | target average = 0.120000
Task 8: count = 35 | target average = 0.000000
Task 9: count = 29 | target average = 0.000000
Task 10: count = 33 | target average = 0.272727
Task 11: count = 35 | target average = 0.000000


Class sizes
NR-AR 0: 95.75%, 1: 4.25%
NR-AR-LBD 0: 96.55%, 1: 3.45%
NR-AhR 0: 88.90%, 1: 11.10%
NR-Aromatase 0: 95.62%, 1: 4.38%
NR-ER 0: 87.27%, 1: 12.73%
NR-ER-LBD 0: 94.74%, 1: 5.26%
NR-PPAR-gamma 0: 97.48%, 1: 2.52%
SR-ARE 0: 85.37%, 1: 14.63%
SR-ATAD5 0: 96.60%, 1: 3.40%
SR-HSE 0: 94.71%, 1: 5.29%
SR-MMP 0: 85.09%, 1: 14.91%
SR-p53 0: 94.95%, 1: 5.05%
Total size = 6,263 | train size = 5,010 | val size = 626 | test size = 627
Building model 0
MoleculeModel(
  (sigmoid): Sigmoid()
  (encoder): MPN(
    (encoder): ModuleList(
      (0): MPNEncoder(
        (dropout_layer): Dropout(p=0.0, inplace=False)
        (act_func): ReLU()
        (W_i): Linear(in_features=147, out_features=300, bias=False)
        (W_h): Linear(in_features=300, out_features=300, bias=False)
        (W_o): Linear(in_features=433, out_features=300, bias=True)
      )
    )
  )
  (ffn): Sequential(
    (0): Dropout(p=0.0, inplace=False)
    (1): Linear(in_features=300, out_features=300, bias=True)
    (2): ReLU()
    (3): Dropout(p=0.0, inplace=False)
    (4): Linear(in_features=300, out_features=12, bias=True)
  )
)
Number of parameters = 358,512
Epoch 0
Loss = 6.5142e-01, PNorm = 34.3454, GNorm = 0.7193, lr_0 = 1.4950e-04
Loss = 4.4355e-01, PNorm = 34.3596, GNorm = 0.4909, lr_0 = 1.9450e-04
Loss = 2.7788e-01, PNorm = 34.3833, GNorm = 0.3482, lr_0 = 2.3950e-04
Loss = 2.6893e-01, PNorm = 34.3933, GNorm = 0.4414, lr_0 = 2.8450e-04
Loss = 2.4905e-01, PNorm = 34.4012, GNorm = 0.2450, lr_0 = 3.2950e-04
Loss = 2.4490e-01, PNorm = 34.4125, GNorm = 0.2625, lr_0 = 3.7450e-04
Loss = 2.1876e-01, PNorm = 34.4298, GNorm = 0.1372, lr_0 = 4.1950e-04
Loss = 2.1029e-01, PNorm = 34.4495, GNorm = 0.2132, lr_0 = 4.6450e-04
Loss = 2.1186e-01, PNorm = 34.4706, GNorm = 0.2202, lr_0 = 5.0950e-04
Loss = 2.0323e-01, PNorm = 34.4904, GNorm = 0.2468, lr_0 = 5.5450e-04
Loss = 8.1353e-02, PNorm = 34.4934, GNorm = 0.4347, lr_0 = 5.5900e-04
Validation auc = 0.676306
Epoch 1
Loss = 2.2522e-01, PNorm = 34.5048, GNorm = 0.2523, lr_0 = 6.0400e-04
Loss = 2.2672e-01, PNorm = 34.5223, GNorm = 0.1929, lr_0 = 6.4900e-04
Loss = 2.1182e-01, PNorm = 34.5485, GNorm = 0.2690, lr_0 = 6.9400e-04
Loss = 2.0269e-01, PNorm = 34.5797, GNorm = 0.1902, lr_0 = 7.3900e-04
Loss = 2.1805e-01, PNorm = 34.6192, GNorm = 0.2483, lr_0 = 7.8400e-04
Loss = 1.9638e-01, PNorm = 34.6612, GNorm = 0.3048, lr_0 = 8.2900e-04
Loss = 2.0748e-01, PNorm = 34.6935, GNorm = 0.1222, lr_0 = 8.7400e-04
Loss = 1.9032e-01, PNorm = 34.7472, GNorm = 0.2405, lr_0 = 9.1900e-04
Loss = 2.0794e-01, PNorm = 34.7828, GNorm = 0.1360, lr_0 = 9.6400e-04
Loss = 1.9593e-01, PNorm = 34.8444, GNorm = 0.1796, lr_0 = 9.9836e-04
Loss = 1.1638e-01, PNorm = 34.8516, GNorm = 0.2766, lr_0 = 9.9754e-04
Validation auc = 0.750517
Epoch 2
Loss = 2.1148e-01, PNorm = 34.9186, GNorm = 0.1153, lr_0 = 9.8937e-04
Loss = 2.2401e-01, PNorm = 35.0029, GNorm = 0.2334, lr_0 = 9.8126e-04
Loss = 1.9201e-01, PNorm = 35.0626, GNorm = 0.1372, lr_0 = 9.7323e-04
Loss = 2.0223e-01, PNorm = 35.1241, GNorm = 0.1486, lr_0 = 9.6526e-04
Loss = 2.0188e-01, PNorm = 35.1879, GNorm = 0.1006, lr_0 = 9.5735e-04
Loss = 1.8982e-01, PNorm = 35.2470, GNorm = 0.1721, lr_0 = 9.4951e-04
Loss = 1.9685e-01, PNorm = 35.3066, GNorm = 0.1414, lr_0 = 9.4173e-04
Loss = 1.9997e-01, PNorm = 35.3791, GNorm = 0.2214, lr_0 = 9.3402e-04
Loss = 1.8449e-01, PNorm = 35.4341, GNorm = 0.3713, lr_0 = 9.2637e-04
Loss = 2.1251e-01, PNorm = 35.4867, GNorm = 0.2242, lr_0 = 9.1879e-04
Loss = 8.4676e-02, PNorm = 35.4912, GNorm = 0.3501, lr_0 = 9.1803e-04
Validation auc = 0.794458
Epoch 3
Loss = 2.1460e-01, PNorm = 35.5536, GNorm = 0.1398, lr_0 = 9.1051e-04
Loss = 2.0521e-01, PNorm = 35.6239, GNorm = 0.2708, lr_0 = 9.0306e-04
Loss = 1.9011e-01, PNorm = 35.7063, GNorm = 0.3240, lr_0 = 8.9566e-04
Loss = 1.9158e-01, PNorm = 35.7746, GNorm = 0.3860, lr_0 = 8.8832e-04
Loss = 1.8242e-01, PNorm = 35.8287, GNorm = 0.1439, lr_0 = 8.8105e-04
Loss = 1.7419e-01, PNorm = 35.8930, GNorm = 0.1936, lr_0 = 8.7383e-04
Loss = 1.8063e-01, PNorm = 35.9470, GNorm = 0.1385, lr_0 = 8.6668e-04
Loss = 1.9700e-01, PNorm = 35.9968, GNorm = 0.2326, lr_0 = 8.5958e-04
Loss = 1.8592e-01, PNorm = 36.0593, GNorm = 0.2154, lr_0 = 8.5254e-04
Loss = 1.8119e-01, PNorm = 36.1180, GNorm = 0.1791, lr_0 = 8.4556e-04
Loss = 1.2575e-01, PNorm = 36.1250, GNorm = 0.4343, lr_0 = 8.4486e-04
Validation auc = 0.819988
Epoch 4
Loss = 2.0502e-01, PNorm = 36.1877, GNorm = 0.4931, lr_0 = 8.3794e-04
Loss = 1.9101e-01, PNorm = 36.2470, GNorm = 0.2069, lr_0 = 8.3108e-04
Loss = 1.9322e-01, PNorm = 36.3258, GNorm = 0.5465, lr_0 = 8.2427e-04
Loss = 1.9464e-01, PNorm = 36.4013, GNorm = 0.4069, lr_0 = 8.1752e-04
Loss = 1.5392e-01, PNorm = 36.4745, GNorm = 0.1777, lr_0 = 8.1083e-04
Loss = 1.8234e-01, PNorm = 36.5498, GNorm = 0.1329, lr_0 = 8.0419e-04
Loss = 1.8577e-01, PNorm = 36.6052, GNorm = 0.1876, lr_0 = 7.9760e-04
Loss = 1.6947e-01, PNorm = 36.6691, GNorm = 0.2926, lr_0 = 7.9107e-04
Loss = 1.5799e-01, PNorm = 36.7314, GNorm = 0.1527, lr_0 = 7.8459e-04
Loss = 1.6846e-01, PNorm = 36.7859, GNorm = 0.1909, lr_0 = 7.7816e-04
Validation auc = 0.819767
Epoch 5
Loss = 1.7158e-01, PNorm = 36.8335, GNorm = 0.2902, lr_0 = 7.7179e-04
Loss = 1.7824e-01, PNorm = 36.8926, GNorm = 0.2232, lr_0 = 7.6547e-04
Loss = 1.7034e-01, PNorm = 36.9703, GNorm = 0.1993, lr_0 = 7.5920e-04
Loss = 1.6721e-01, PNorm = 37.0453, GNorm = 0.3567, lr_0 = 7.5298e-04
Loss = 1.4721e-01, PNorm = 37.1066, GNorm = 0.3793, lr_0 = 7.4682e-04
Loss = 1.8408e-01, PNorm = 37.1686, GNorm = 0.2214, lr_0 = 7.4070e-04
Loss = 1.8224e-01, PNorm = 37.2313, GNorm = 0.3656, lr_0 = 7.3463e-04
Loss = 1.8680e-01, PNorm = 37.2871, GNorm = 0.1477, lr_0 = 7.2862e-04
Loss = 1.8230e-01, PNorm = 37.3328, GNorm = 0.4328, lr_0 = 7.2265e-04
Loss = 1.7390e-01, PNorm = 37.3851, GNorm = 0.2553, lr_0 = 7.1673e-04
Validation auc = 0.820256
Epoch 6
Loss = 1.6881e-01, PNorm = 37.4639, GNorm = 0.2177, lr_0 = 7.1028e-04
Loss = 1.5264e-01, PNorm = 37.5321, GNorm = 0.2176, lr_0 = 7.0446e-04
Loss = 1.6980e-01, PNorm = 37.6021, GNorm = 0.3238, lr_0 = 6.9869e-04
Loss = 1.6542e-01, PNorm = 37.6706, GNorm = 0.1162, lr_0 = 6.9297e-04
Loss = 1.7369e-01, PNorm = 37.7271, GNorm = 0.1288, lr_0 = 6.8729e-04
Loss = 1.7836e-01, PNorm = 37.7697, GNorm = 0.3641, lr_0 = 6.8167e-04
Loss = 1.6790e-01, PNorm = 37.8252, GNorm = 0.1361, lr_0 = 6.7608e-04
Loss = 1.7102e-01, PNorm = 37.8671, GNorm = 0.1767, lr_0 = 6.7055e-04
Loss = 1.7784e-01, PNorm = 37.9127, GNorm = 0.2974, lr_0 = 6.6505e-04
Loss = 1.7760e-01, PNorm = 37.9703, GNorm = 0.2364, lr_0 = 6.5961e-04
Validation auc = 0.826985
Epoch 7
Loss = 1.4381e-01, PNorm = 38.0271, GNorm = 0.2293, lr_0 = 6.5367e-04
Loss = 1.7255e-01, PNorm = 38.0856, GNorm = 0.2289, lr_0 = 6.4831e-04
Loss = 1.8182e-01, PNorm = 38.1455, GNorm = 0.1394, lr_0 = 6.4300e-04
Loss = 1.6165e-01, PNorm = 38.2057, GNorm = 0.1625, lr_0 = 6.3774e-04
Loss = 1.8032e-01, PNorm = 38.2518, GNorm = 0.2801, lr_0 = 6.3252e-04
Loss = 1.6240e-01, PNorm = 38.2952, GNorm = 0.2091, lr_0 = 6.2734e-04
Loss = 1.6699e-01, PNorm = 38.3550, GNorm = 0.1457, lr_0 = 6.2220e-04
Loss = 1.6167e-01, PNorm = 38.4102, GNorm = 0.2108, lr_0 = 6.1710e-04
Loss = 1.6425e-01, PNorm = 38.4585, GNorm = 0.2626, lr_0 = 6.1205e-04
Loss = 1.6096e-01, PNorm = 38.5084, GNorm = 0.2396, lr_0 = 6.0704e-04
Validation auc = 0.820210
Epoch 8
Loss = 1.4822e-01, PNorm = 38.5572, GNorm = 0.2129, lr_0 = 6.0157e-04
Loss = 1.6517e-01, PNorm = 38.5937, GNorm = 0.2233, lr_0 = 5.9664e-04
Loss = 1.5876e-01, PNorm = 38.6482, GNorm = 0.1749, lr_0 = 5.9176e-04
Loss = 1.7103e-01, PNorm = 38.6897, GNorm = 0.2558, lr_0 = 5.8691e-04
Loss = 1.6489e-01, PNorm = 38.7442, GNorm = 0.1967, lr_0 = 5.8210e-04
Loss = 1.6538e-01, PNorm = 38.7988, GNorm = 0.2331, lr_0 = 5.7734e-04
Loss = 1.5607e-01, PNorm = 38.8432, GNorm = 0.2436, lr_0 = 5.7261e-04
Loss = 1.5789e-01, PNorm = 38.8890, GNorm = 0.3129, lr_0 = 5.6792e-04
Loss = 1.7808e-01, PNorm = 38.9372, GNorm = 0.3915, lr_0 = 5.6327e-04
Loss = 1.6465e-01, PNorm = 38.9861, GNorm = 0.3968, lr_0 = 5.5865e-04
Validation auc = 0.829955
Epoch 9
Loss = 1.5449e-01, PNorm = 39.0365, GNorm = 0.1675, lr_0 = 5.5362e-04
Loss = 1.6885e-01, PNorm = 39.0796, GNorm = 0.4209, lr_0 = 5.4909e-04
Loss = 1.5311e-01, PNorm = 39.1124, GNorm = 0.4161, lr_0 = 5.4459e-04
Loss = 1.5900e-01, PNorm = 39.1647, GNorm = 0.4473, lr_0 = 5.4013e-04
Loss = 1.5002e-01, PNorm = 39.2087, GNorm = 0.2413, lr_0 = 5.3571e-04
Loss = 1.5357e-01, PNorm = 39.2507, GNorm = 0.3006, lr_0 = 5.3132e-04
Loss = 1.5727e-01, PNorm = 39.2945, GNorm = 0.2195, lr_0 = 5.2697e-04
Loss = 1.5182e-01, PNorm = 39.3412, GNorm = 0.1368, lr_0 = 5.2265e-04
Loss = 1.5350e-01, PNorm = 39.3845, GNorm = 0.1736, lr_0 = 5.1837e-04
Loss = 1.6280e-01, PNorm = 39.4301, GNorm = 0.1379, lr_0 = 5.1413e-04
Validation auc = 0.833045
Epoch 10
Loss = 1.7334e-01, PNorm = 39.4900, GNorm = 0.3019, lr_0 = 5.0992e-04
Loss = 1.5277e-01, PNorm = 39.5426, GNorm = 0.2429, lr_0 = 5.0574e-04
Loss = 1.5247e-01, PNorm = 39.5890, GNorm = 0.2034, lr_0 = 5.0160e-04
Loss = 1.5575e-01, PNorm = 39.6281, GNorm = 0.3143, lr_0 = 4.9749e-04
Loss = 1.6007e-01, PNorm = 39.6701, GNorm = 0.3689, lr_0 = 4.9342e-04
Loss = 1.6204e-01, PNorm = 39.7048, GNorm = 0.2267, lr_0 = 4.8938e-04
Loss = 1.6276e-01, PNorm = 39.7400, GNorm = 0.1957, lr_0 = 4.8537e-04
Loss = 1.5118e-01, PNorm = 39.7796, GNorm = 0.2522, lr_0 = 4.8139e-04
Loss = 1.5854e-01, PNorm = 39.8212, GNorm = 0.1679, lr_0 = 4.7745e-04
Loss = 1.4249e-01, PNorm = 39.8526, GNorm = 0.1486, lr_0 = 4.7354e-04
Validation auc = 0.824918
Epoch 11
Loss = 1.6639e-01, PNorm = 39.8942, GNorm = 0.2342, lr_0 = 4.6928e-04
Loss = 1.4130e-01, PNorm = 39.9274, GNorm = 0.1942, lr_0 = 4.6543e-04
Loss = 1.5194e-01, PNorm = 39.9641, GNorm = 0.2127, lr_0 = 4.6162e-04
Loss = 1.5063e-01, PNorm = 40.0003, GNorm = 0.2441, lr_0 = 4.5784e-04
Loss = 1.6395e-01, PNorm = 40.0335, GNorm = 0.1644, lr_0 = 4.5409e-04
Loss = 1.3720e-01, PNorm = 40.0708, GNorm = 0.1768, lr_0 = 4.5037e-04
Loss = 1.5740e-01, PNorm = 40.1116, GNorm = 0.2523, lr_0 = 4.4668e-04
Loss = 1.5052e-01, PNorm = 40.1487, GNorm = 0.5841, lr_0 = 4.4303e-04
Loss = 1.5130e-01, PNorm = 40.1796, GNorm = 0.1889, lr_0 = 4.3940e-04
Loss = 1.5285e-01, PNorm = 40.2122, GNorm = 0.2273, lr_0 = 4.3580e-04
Validation auc = 0.829204
Epoch 12
Loss = 1.6044e-01, PNorm = 40.2516, GNorm = 0.3175, lr_0 = 4.3187e-04
Loss = 1.4774e-01, PNorm = 40.2935, GNorm = 0.2021, lr_0 = 4.2834e-04
Loss = 1.5045e-01, PNorm = 40.3304, GNorm = 0.1872, lr_0 = 4.2483e-04
Loss = 1.5477e-01, PNorm = 40.3634, GNorm = 0.3063, lr_0 = 4.2135e-04
Loss = 1.4035e-01, PNorm = 40.4041, GNorm = 0.1590, lr_0 = 4.1790e-04
Loss = 1.4511e-01, PNorm = 40.4412, GNorm = 0.3086, lr_0 = 4.1448e-04
Loss = 1.4755e-01, PNorm = 40.4683, GNorm = 0.1704, lr_0 = 4.1108e-04
Loss = 1.4931e-01, PNorm = 40.4923, GNorm = 0.3855, lr_0 = 4.0772e-04
Loss = 1.5063e-01, PNorm = 40.5171, GNorm = 0.3451, lr_0 = 4.0438e-04
Loss = 1.4669e-01, PNorm = 40.5439, GNorm = 0.4869, lr_0 = 4.0106e-04
Validation auc = 0.827157
Epoch 13
Loss = 1.5361e-01, PNorm = 40.5724, GNorm = 0.2308, lr_0 = 3.9745e-04
Loss = 1.5229e-01, PNorm = 40.6049, GNorm = 0.3408, lr_0 = 3.9420e-04
Loss = 1.3512e-01, PNorm = 40.6388, GNorm = 0.2620, lr_0 = 3.9097e-04
Loss = 1.5812e-01, PNorm = 40.6711, GNorm = 0.2004, lr_0 = 3.8777e-04
Loss = 1.5155e-01, PNorm = 40.7050, GNorm = 0.1947, lr_0 = 3.8459e-04
Loss = 1.5601e-01, PNorm = 40.7357, GNorm = 0.2572, lr_0 = 3.8144e-04
Loss = 1.3333e-01, PNorm = 40.7594, GNorm = 0.2124, lr_0 = 3.7832e-04
Loss = 1.3851e-01, PNorm = 40.7815, GNorm = 0.1936, lr_0 = 3.7522e-04
Loss = 1.4675e-01, PNorm = 40.8043, GNorm = 0.1716, lr_0 = 3.7215e-04
Loss = 1.5498e-01, PNorm = 40.8323, GNorm = 0.2861, lr_0 = 3.6910e-04
Validation auc = 0.827014
Epoch 14
Loss = 1.4371e-01, PNorm = 40.8606, GNorm = 0.2294, lr_0 = 3.6578e-04
Loss = 1.5605e-01, PNorm = 40.8828, GNorm = 0.1775, lr_0 = 3.6278e-04
Loss = 1.4525e-01, PNorm = 40.9146, GNorm = 0.1677, lr_0 = 3.5981e-04
Loss = 1.3461e-01, PNorm = 40.9455, GNorm = 0.1619, lr_0 = 3.5686e-04
Loss = 1.3925e-01, PNorm = 40.9747, GNorm = 0.2225, lr_0 = 3.5394e-04
Loss = 1.3966e-01, PNorm = 41.0063, GNorm = 0.2309, lr_0 = 3.5104e-04
Loss = 1.3193e-01, PNorm = 41.0324, GNorm = 0.1901, lr_0 = 3.4817e-04
Loss = 1.5587e-01, PNorm = 41.0560, GNorm = 0.2804, lr_0 = 3.4531e-04
Loss = 1.3844e-01, PNorm = 41.0850, GNorm = 0.4260, lr_0 = 3.4249e-04
Loss = 1.5647e-01, PNorm = 41.1087, GNorm = 0.3119, lr_0 = 3.3968e-04
Validation auc = 0.822978
Epoch 15
Loss = 1.3845e-01, PNorm = 41.1293, GNorm = 0.2221, lr_0 = 3.3690e-04
Loss = 1.2656e-01, PNorm = 41.1595, GNorm = 0.2139, lr_0 = 3.3414e-04
Loss = 1.4674e-01, PNorm = 41.1915, GNorm = 0.2109, lr_0 = 3.3140e-04
Loss = 1.4547e-01, PNorm = 41.2138, GNorm = 0.3129, lr_0 = 3.2869e-04
Loss = 1.4870e-01, PNorm = 41.2393, GNorm = 0.2043, lr_0 = 3.2600e-04
Loss = 1.3758e-01, PNorm = 41.2620, GNorm = 0.1507, lr_0 = 3.2333e-04
Loss = 1.6052e-01, PNorm = 41.2902, GNorm = 0.3123, lr_0 = 3.2068e-04
Loss = 1.5559e-01, PNorm = 41.3156, GNorm = 0.4361, lr_0 = 3.1805e-04
Loss = 1.3434e-01, PNorm = 41.3383, GNorm = 0.2703, lr_0 = 3.1545e-04
Loss = 1.3899e-01, PNorm = 41.3631, GNorm = 0.1828, lr_0 = 3.1287e-04
Validation auc = 0.827000
Epoch 16
Loss = 1.4527e-01, PNorm = 41.3922, GNorm = 0.3831, lr_0 = 3.1005e-04
Loss = 1.3816e-01, PNorm = 41.4220, GNorm = 0.2061, lr_0 = 3.0751e-04
Loss = 1.3185e-01, PNorm = 41.4478, GNorm = 0.2101, lr_0 = 3.0499e-04
Loss = 1.5383e-01, PNorm = 41.4734, GNorm = 0.1701, lr_0 = 3.0249e-04
Loss = 1.2203e-01, PNorm = 41.4976, GNorm = 0.1476, lr_0 = 3.0001e-04
Loss = 1.2637e-01, PNorm = 41.5237, GNorm = 0.2593, lr_0 = 2.9756e-04
Loss = 1.6132e-01, PNorm = 41.5337, GNorm = 0.3271, lr_0 = 2.9512e-04
Loss = 1.3802e-01, PNorm = 41.5599, GNorm = 0.2113, lr_0 = 2.9270e-04
Loss = 1.4744e-01, PNorm = 41.5817, GNorm = 0.2317, lr_0 = 2.9031e-04
Loss = 1.4116e-01, PNorm = 41.6026, GNorm = 0.1805, lr_0 = 2.8793e-04
Validation auc = 0.828639
Epoch 17
Loss = 1.4281e-01, PNorm = 41.6240, GNorm = 0.1806, lr_0 = 2.8534e-04
Loss = 1.4193e-01, PNorm = 41.6391, GNorm = 0.3247, lr_0 = 2.8300e-04
Loss = 1.4697e-01, PNorm = 41.6615, GNorm = 0.3110, lr_0 = 2.8068e-04
Loss = 1.3938e-01, PNorm = 41.6823, GNorm = 0.2144, lr_0 = 2.7838e-04
Loss = 1.3262e-01, PNorm = 41.7104, GNorm = 0.1490, lr_0 = 2.7610e-04
Loss = 1.3231e-01, PNorm = 41.7305, GNorm = 0.1831, lr_0 = 2.7384e-04
Loss = 1.4871e-01, PNorm = 41.7555, GNorm = 0.2653, lr_0 = 2.7160e-04
Loss = 1.3555e-01, PNorm = 41.7724, GNorm = 0.2207, lr_0 = 2.6937e-04
Loss = 1.4149e-01, PNorm = 41.7936, GNorm = 0.1409, lr_0 = 2.6717e-04
Loss = 1.4103e-01, PNorm = 41.8147, GNorm = 0.2949, lr_0 = 2.6498e-04
Validation auc = 0.828424
Epoch 18
Loss = 1.2363e-01, PNorm = 41.8448, GNorm = 0.1544, lr_0 = 2.6259e-04
Loss = 1.3259e-01, PNorm = 41.8675, GNorm = 0.2121, lr_0 = 2.6044e-04
Loss = 1.3481e-01, PNorm = 41.8849, GNorm = 0.3649, lr_0 = 2.5831e-04
Loss = 1.3261e-01, PNorm = 41.9041, GNorm = 0.2365, lr_0 = 2.5620e-04
Loss = 1.3382e-01, PNorm = 41.9220, GNorm = 0.2504, lr_0 = 2.5410e-04
Loss = 1.4289e-01, PNorm = 41.9372, GNorm = 0.2414, lr_0 = 2.5202e-04
Loss = 1.3650e-01, PNorm = 41.9607, GNorm = 0.2235, lr_0 = 2.4995e-04
Loss = 1.4517e-01, PNorm = 41.9777, GNorm = 0.2579, lr_0 = 2.4791e-04
Loss = 1.3883e-01, PNorm = 41.9966, GNorm = 0.2246, lr_0 = 2.4587e-04
Loss = 1.4380e-01, PNorm = 42.0161, GNorm = 0.3890, lr_0 = 2.4386e-04
Validation auc = 0.830259
Epoch 19
Loss = 1.3725e-01, PNorm = 42.0370, GNorm = 0.2182, lr_0 = 2.4167e-04
Loss = 1.2432e-01, PNorm = 42.0565, GNorm = 0.2051, lr_0 = 2.3969e-04
Loss = 1.4203e-01, PNorm = 42.0716, GNorm = 0.3515, lr_0 = 2.3772e-04
Loss = 1.3207e-01, PNorm = 42.0875, GNorm = 0.2542, lr_0 = 2.3578e-04
Loss = 1.4319e-01, PNorm = 42.1083, GNorm = 0.3148, lr_0 = 2.3385e-04
Loss = 1.3070e-01, PNorm = 42.1272, GNorm = 0.1980, lr_0 = 2.3193e-04
Loss = 1.4713e-01, PNorm = 42.1468, GNorm = 0.4414, lr_0 = 2.3003e-04
Loss = 1.2045e-01, PNorm = 42.1656, GNorm = 0.2470, lr_0 = 2.2815e-04
Loss = 1.4224e-01, PNorm = 42.1814, GNorm = 0.1781, lr_0 = 2.2628e-04
Loss = 1.3255e-01, PNorm = 42.1969, GNorm = 0.2894, lr_0 = 2.2443e-04
Validation auc = 0.827584
Epoch 20
Loss = 1.3093e-01, PNorm = 42.2151, GNorm = 0.3591, lr_0 = 2.2259e-04
Loss = 1.2802e-01, PNorm = 42.2385, GNorm = 0.2467, lr_0 = 2.2076e-04
Loss = 1.2877e-01, PNorm = 42.2547, GNorm = 0.1280, lr_0 = 2.1896e-04
Loss = 1.3871e-01, PNorm = 42.2759, GNorm = 0.1769, lr_0 = 2.1716e-04
Loss = 1.4461e-01, PNorm = 42.2935, GNorm = 0.3710, lr_0 = 2.1538e-04
Loss = 1.4095e-01, PNorm = 42.3070, GNorm = 0.3354, lr_0 = 2.1362e-04
Loss = 1.3581e-01, PNorm = 42.3246, GNorm = 0.1997, lr_0 = 2.1187e-04
Loss = 1.3618e-01, PNorm = 42.3388, GNorm = 0.1809, lr_0 = 2.1014e-04
Loss = 1.3362e-01, PNorm = 42.3516, GNorm = 0.2847, lr_0 = 2.0841e-04
Loss = 1.1916e-01, PNorm = 42.3665, GNorm = 0.1783, lr_0 = 2.0671e-04
Validation auc = 0.825391
Epoch 21
Loss = 1.3158e-01, PNorm = 42.3864, GNorm = 0.2672, lr_0 = 2.0485e-04
Loss = 1.2845e-01, PNorm = 42.4052, GNorm = 0.2003, lr_0 = 2.0317e-04
Loss = 1.1568e-01, PNorm = 42.4215, GNorm = 0.2010, lr_0 = 2.0150e-04
Loss = 1.2113e-01, PNorm = 42.4354, GNorm = 0.2377, lr_0 = 1.9985e-04
Loss = 1.4537e-01, PNorm = 42.4513, GNorm = 0.3757, lr_0 = 1.9822e-04
Loss = 1.3064e-01, PNorm = 42.4674, GNorm = 0.2888, lr_0 = 1.9659e-04
Loss = 1.5015e-01, PNorm = 42.4805, GNorm = 0.1841, lr_0 = 1.9498e-04
Loss = 1.2741e-01, PNorm = 42.4935, GNorm = 0.1916, lr_0 = 1.9339e-04
Loss = 1.2799e-01, PNorm = 42.5067, GNorm = 0.1930, lr_0 = 1.9180e-04
Loss = 1.4251e-01, PNorm = 42.5193, GNorm = 0.3011, lr_0 = 1.9023e-04
Validation auc = 0.821419
Epoch 22
Loss = 1.1385e-01, PNorm = 42.5356, GNorm = 0.2882, lr_0 = 1.8852e-04
Loss = 1.1973e-01, PNorm = 42.5483, GNorm = 0.2222, lr_0 = 1.8698e-04
Loss = 1.0928e-01, PNorm = 42.5681, GNorm = 0.2724, lr_0 = 1.8544e-04
Loss = 1.2648e-01, PNorm = 42.5809, GNorm = 0.6428, lr_0 = 1.8393e-04
Loss = 1.3409e-01, PNorm = 42.5931, GNorm = 0.1955, lr_0 = 1.8242e-04
Loss = 1.3634e-01, PNorm = 42.6096, GNorm = 0.2843, lr_0 = 1.8093e-04
Loss = 1.3835e-01, PNorm = 42.6238, GNorm = 0.2476, lr_0 = 1.7944e-04
Loss = 1.4049e-01, PNorm = 42.6376, GNorm = 0.4657, lr_0 = 1.7797e-04
Loss = 1.5290e-01, PNorm = 42.6500, GNorm = 0.2683, lr_0 = 1.7652e-04
Loss = 1.3585e-01, PNorm = 42.6632, GNorm = 0.3446, lr_0 = 1.7507e-04
Validation auc = 0.822866
Epoch 23
Loss = 1.2662e-01, PNorm = 42.6767, GNorm = 0.2478, lr_0 = 1.7349e-04
Loss = 1.3186e-01, PNorm = 42.6892, GNorm = 0.2417, lr_0 = 1.7207e-04
Loss = 1.3433e-01, PNorm = 42.7046, GNorm = 0.3610, lr_0 = 1.7066e-04
Loss = 1.2584e-01, PNorm = 42.7181, GNorm = 0.3327, lr_0 = 1.6927e-04
Loss = 1.3096e-01, PNorm = 42.7295, GNorm = 0.1993, lr_0 = 1.6788e-04
Loss = 1.0704e-01, PNorm = 42.7412, GNorm = 0.2721, lr_0 = 1.6651e-04
Loss = 1.2322e-01, PNorm = 42.7537, GNorm = 0.2069, lr_0 = 1.6514e-04
Loss = 1.3659e-01, PNorm = 42.7662, GNorm = 0.2784, lr_0 = 1.6379e-04
Loss = 1.4791e-01, PNorm = 42.7761, GNorm = 0.2725, lr_0 = 1.6245e-04
Loss = 1.1974e-01, PNorm = 42.7895, GNorm = 0.2484, lr_0 = 1.6112e-04
Validation auc = 0.822199
Epoch 24
Loss = 1.2937e-01, PNorm = 42.8024, GNorm = 0.2626, lr_0 = 1.5967e-04
Loss = 1.2461e-01, PNorm = 42.8171, GNorm = 0.5123, lr_0 = 1.5836e-04
Loss = 1.2606e-01, PNorm = 42.8272, GNorm = 0.2291, lr_0 = 1.5706e-04
Loss = 1.2727e-01, PNorm = 42.8360, GNorm = 0.2076, lr_0 = 1.5578e-04
Loss = 1.2438e-01, PNorm = 42.8480, GNorm = 0.2284, lr_0 = 1.5450e-04
Loss = 1.3144e-01, PNorm = 42.8567, GNorm = 0.2608, lr_0 = 1.5323e-04
Loss = 1.3622e-01, PNorm = 42.8702, GNorm = 0.2483, lr_0 = 1.5198e-04
Loss = 1.3101e-01, PNorm = 42.8818, GNorm = 0.2512, lr_0 = 1.5074e-04
Loss = 1.1709e-01, PNorm = 42.8958, GNorm = 0.3617, lr_0 = 1.4950e-04
Loss = 1.3287e-01, PNorm = 42.9064, GNorm = 0.3597, lr_0 = 1.4828e-04
Validation auc = 0.826585
Epoch 25
Loss = 1.2961e-01, PNorm = 42.9167, GNorm = 0.4198, lr_0 = 1.4706e-04
Loss = 1.3162e-01, PNorm = 42.9275, GNorm = 0.3014, lr_0 = 1.4586e-04
Loss = 1.2756e-01, PNorm = 42.9374, GNorm = 0.1782, lr_0 = 1.4466e-04
Loss = 1.2070e-01, PNorm = 42.9503, GNorm = 0.2754, lr_0 = 1.4348e-04
Loss = 1.3344e-01, PNorm = 42.9601, GNorm = 0.3480, lr_0 = 1.4230e-04
Loss = 1.3476e-01, PNorm = 42.9695, GNorm = 0.2145, lr_0 = 1.4114e-04
Loss = 1.2640e-01, PNorm = 42.9797, GNorm = 0.2367, lr_0 = 1.3998e-04
Loss = 1.2864e-01, PNorm = 42.9909, GNorm = 0.1825, lr_0 = 1.3884e-04
Loss = 1.1144e-01, PNorm = 43.0032, GNorm = 0.2448, lr_0 = 1.3770e-04
Loss = 1.2946e-01, PNorm = 43.0119, GNorm = 0.2840, lr_0 = 1.3657e-04
Validation auc = 0.824128
Epoch 26
Loss = 1.2489e-01, PNorm = 43.0217, GNorm = 0.2079, lr_0 = 1.3534e-04
Loss = 1.3075e-01, PNorm = 43.0321, GNorm = 0.2379, lr_0 = 1.3423e-04
Loss = 1.3339e-01, PNorm = 43.0427, GNorm = 0.4278, lr_0 = 1.3313e-04
Loss = 1.2886e-01, PNorm = 43.0538, GNorm = 0.2122, lr_0 = 1.3204e-04
Loss = 1.1069e-01, PNorm = 43.0645, GNorm = 0.1571, lr_0 = 1.3096e-04
Loss = 1.3065e-01, PNorm = 43.0731, GNorm = 0.2592, lr_0 = 1.2989e-04
Loss = 1.1612e-01, PNorm = 43.0818, GNorm = 0.3587, lr_0 = 1.2882e-04
Loss = 1.3992e-01, PNorm = 43.0917, GNorm = 0.1944, lr_0 = 1.2777e-04
Loss = 1.3089e-01, PNorm = 43.1023, GNorm = 0.3058, lr_0 = 1.2672e-04
Loss = 1.2401e-01, PNorm = 43.1091, GNorm = 0.3186, lr_0 = 1.2569e-04
Validation auc = 0.826989
Epoch 27
Loss = 1.1042e-01, PNorm = 43.1210, GNorm = 0.1746, lr_0 = 1.2455e-04
Loss = 1.3975e-01, PNorm = 43.1273, GNorm = 0.3333, lr_0 = 1.2353e-04
Loss = 1.2523e-01, PNorm = 43.1399, GNorm = 0.4793, lr_0 = 1.2252e-04
Loss = 1.3139e-01, PNorm = 43.1478, GNorm = 0.3254, lr_0 = 1.2152e-04
Loss = 1.3922e-01, PNorm = 43.1553, GNorm = 0.3481, lr_0 = 1.2052e-04
Loss = 1.2713e-01, PNorm = 43.1637, GNorm = 0.2937, lr_0 = 1.1954e-04
Loss = 1.2941e-01, PNorm = 43.1712, GNorm = 0.3248, lr_0 = 1.1856e-04
Loss = 1.1690e-01, PNorm = 43.1842, GNorm = 0.2453, lr_0 = 1.1759e-04
Loss = 1.2356e-01, PNorm = 43.1911, GNorm = 0.2409, lr_0 = 1.1662e-04
Loss = 1.1518e-01, PNorm = 43.2009, GNorm = 0.2066, lr_0 = 1.1567e-04
Validation auc = 0.823925
Epoch 28
Loss = 1.2592e-01, PNorm = 43.2085, GNorm = 0.2857, lr_0 = 1.1463e-04
Loss = 1.2311e-01, PNorm = 43.2176, GNorm = 0.2274, lr_0 = 1.1369e-04
Loss = 1.3095e-01, PNorm = 43.2254, GNorm = 0.2404, lr_0 = 1.1276e-04
Loss = 1.3184e-01, PNorm = 43.2336, GNorm = 0.2785, lr_0 = 1.1183e-04
Loss = 1.2930e-01, PNorm = 43.2415, GNorm = 0.3733, lr_0 = 1.1092e-04
Loss = 1.2801e-01, PNorm = 43.2489, GNorm = 0.2482, lr_0 = 1.1001e-04
Loss = 1.1733e-01, PNorm = 43.2571, GNorm = 0.1785, lr_0 = 1.0911e-04
Loss = 1.0214e-01, PNorm = 43.2659, GNorm = 0.2619, lr_0 = 1.0821e-04
Loss = 1.3794e-01, PNorm = 43.2744, GNorm = 0.2507, lr_0 = 1.0733e-04
Loss = 1.1638e-01, PNorm = 43.2821, GNorm = 0.2647, lr_0 = 1.0645e-04
Validation auc = 0.823290
Epoch 29
Loss = 1.2153e-01, PNorm = 43.2897, GNorm = 0.2138, lr_0 = 1.0549e-04
Loss = 1.1802e-01, PNorm = 43.3003, GNorm = 0.2572, lr_0 = 1.0463e-04
Loss = 1.2571e-01, PNorm = 43.3058, GNorm = 0.2658, lr_0 = 1.0377e-04
Loss = 1.2637e-01, PNorm = 43.3134, GNorm = 0.3403, lr_0 = 1.0292e-04
Loss = 1.1982e-01, PNorm = 43.3202, GNorm = 0.3334, lr_0 = 1.0208e-04
Loss = 1.2499e-01, PNorm = 43.3269, GNorm = 0.2624, lr_0 = 1.0124e-04
Loss = 1.2710e-01, PNorm = 43.3346, GNorm = 0.2599, lr_0 = 1.0041e-04
Loss = 1.2714e-01, PNorm = 43.3418, GNorm = 0.2366, lr_0 = 1.0000e-04
Loss = 1.1879e-01, PNorm = 43.3495, GNorm = 0.3716, lr_0 = 1.0000e-04
Loss = 1.1932e-01, PNorm = 43.3573, GNorm = 0.2590, lr_0 = 1.0000e-04
Validation auc = 0.825997
Model 0 best validation auc = 0.833045 on epoch 9
Loading pretrained parameter "encoder.encoder.0.cached_zero_vector".
Loading pretrained parameter "encoder.encoder.0.W_i.weight".
Loading pretrained parameter "encoder.encoder.0.W_h.weight".
Loading pretrained parameter "encoder.encoder.0.W_o.weight".
Loading pretrained parameter "encoder.encoder.0.W_o.bias".
Loading pretrained parameter "ffn.1.weight".
Loading pretrained parameter "ffn.1.bias".
Loading pretrained parameter "ffn.4.weight".
Loading pretrained parameter "ffn.4.bias".
Model 0 test auc = 0.842180
Ensemble test auc = 0.842180
1-fold cross validation
	Seed 0 ==> test auc = 0.842180
Overall test auc = 0.842180 +/- 0.000000
Elapsed time = 0:06:23
