Command line
python /home/vo87poq/chemprop_projektarbeit/train.py --gpu 0 --data_path /home/vo87poq/chemprop_projektarbeit/data/tox21.csv --dataset_type classification --split_type random --save_dir /home/vo87poq/chemprop_projektarbeit/tox21_checkpoints/standard_set/D-MPNN_randomSplit --quiet --save_preds --save_smiles_splits
Args
{'activation': 'ReLU',
 'adding_h': False,
 'aggregation': 'mean',
 'aggregation_norm': 100,
 'atom_descriptor_scaling': True,
 'atom_descriptors': None,
 'atom_descriptors_path': None,
 'atom_descriptors_size': 0,
 'atom_features_size': 0,
 'atom_messages': False,
 'batch_size': 50,
 'bias': False,
 'bias_solvent': False,
 'bond_feature_scaling': True,
 'bond_features_path': None,
 'bond_features_size': 0,
 'cache_cutoff': 10000,
 'checkpoint_dir': None,
 'checkpoint_frzn': None,
 'checkpoint_path': None,
 'checkpoint_paths': None,
 'class_balance': False,
 'config_path': None,
 'crossval_index_dir': None,
 'crossval_index_file': None,
 'crossval_index_sets': None,
 'cuda': True,
 'data_path': '/home/vo87poq/chemprop_projektarbeit/data/tox21.csv',
 'data_weights_path': None,
 'dataset_type': 'classification',
 'depth': 3,
 'depth_solvent': 3,
 'device': device(type='cuda', index=0),
 'dropout': 0.0,
 'empty_cache': False,
 'ensemble_size': 1,
 'epochs': 30,
 'evidential_regularization': 0,
 'explicit_h': False,
 'extra_metrics': [],
 'features_generator': None,
 'features_only': False,
 'features_path': None,
 'features_scaling': True,
 'features_size': None,
 'ffn_hidden_size': 300,
 'ffn_num_layers': 2,
 'final_lr': 0.0001,
 'folds_file': None,
 'freeze_first_only': False,
 'frzn_ffn_layers': 0,
 'gpu': 0,
 'grad_clip': None,
 'hidden_size': 300,
 'hidden_size_solvent': 300,
 'ignore_columns': None,
 'init_lr': 0.0001,
 'log_frequency': 10,
 'loss_function': 'binary_cross_entropy',
 'max_data_size': None,
 'max_lr': 0.001,
 'metric': 'auc',
 'metrics': ['auc'],
 'minimize_score': False,
 'mpn_shared': False,
 'multiclass_num_classes': 3,
 'no_atom_descriptor_scaling': False,
 'no_bond_features_scaling': False,
 'no_cache_mol': False,
 'no_cuda': False,
 'no_features_scaling': False,
 'num_folds': 1,
 'num_lrs': 1,
 'num_tasks': 12,
 'num_workers': 8,
 'number_of_molecules': 1,
 'overwrite_default_atom_features': False,
 'overwrite_default_bond_features': False,
 'phase_features_path': None,
 'pytorch_seed': 0,
 'quiet': True,
 'reaction': False,
 'reaction_mode': 'reac_diff',
 'reaction_solvent': False,
 'resume_experiment': False,
 'save_dir': '/home/vo87poq/chemprop_projektarbeit/tox21_checkpoints/standard_set/D-MPNN_randomSplit',
 'save_preds': True,
 'save_smiles_splits': True,
 'seed': 0,
 'separate_test_atom_descriptors_path': None,
 'separate_test_bond_features_path': None,
 'separate_test_features_path': None,
 'separate_test_path': None,
 'separate_test_phase_features_path': None,
 'separate_val_atom_descriptors_path': None,
 'separate_val_bond_features_path': None,
 'separate_val_features_path': None,
 'separate_val_path': None,
 'separate_val_phase_features_path': None,
 'show_individual_scores': False,
 'smiles_columns': ['smiles'],
 'spectra_activation': 'exp',
 'spectra_phase_mask_path': None,
 'spectra_target_floor': 1e-08,
 'split_key_molecule': 0,
 'split_sizes': [0.8, 0.1, 0.1],
 'split_type': 'random',
 'target_columns': None,
 'target_weights': None,
 'task_names': ['NR-AR',
                'NR-AR-LBD',
                'NR-AhR',
                'NR-Aromatase',
                'NR-ER',
                'NR-ER-LBD',
                'NR-PPAR-gamma',
                'SR-ARE',
                'SR-ATAD5',
                'SR-HSE',
                'SR-MMP',
                'SR-p53'],
 'test': False,
 'test_fold_index': None,
 'train_data_size': None,
 'undirected': False,
 'use_input_features': False,
 'val_fold_index': None,
 'warmup_epochs': 2.0}
Setting molecule featurization parameters to default.
Loading data
Number of tasks = 12
Fold 0
Splitting data with seed 0
Class sizes
NR-AR 0: 95.75%, 1: 4.25%
NR-AR-LBD 0: 96.49%, 1: 3.51%
NR-AhR 0: 88.27%, 1: 11.73%
NR-Aromatase 0: 94.85%, 1: 5.15%
NR-ER 0: 87.20%, 1: 12.80%
NR-ER-LBD 0: 94.97%, 1: 5.03%
NR-PPAR-gamma 0: 97.12%, 1: 2.88%
SR-ARE 0: 83.85%, 1: 16.15%
SR-ATAD5 0: 96.27%, 1: 3.73%
SR-HSE 0: 94.25%, 1: 5.75%
SR-MMP 0: 84.20%, 1: 15.80%
SR-p53 0: 93.76%, 1: 6.24%
Total size = 7,831 | train size = 6,264 | val size = 783 | test size = 784
Building model 0
MoleculeModel(
  (sigmoid): Sigmoid()
  (encoder): MPN(
    (encoder): ModuleList(
      (0): MPNEncoder(
        (dropout_layer): Dropout(p=0.0, inplace=False)
        (act_func): ReLU()
        (W_i): Linear(in_features=147, out_features=300, bias=False)
        (W_h): Linear(in_features=300, out_features=300, bias=False)
        (W_o): Linear(in_features=433, out_features=300, bias=True)
      )
    )
  )
  (ffn): Sequential(
    (0): Dropout(p=0.0, inplace=False)
    (1): Linear(in_features=300, out_features=300, bias=True)
    (2): ReLU()
    (3): Dropout(p=0.0, inplace=False)
    (4): Linear(in_features=300, out_features=12, bias=True)
  )
)
Number of parameters = 358,512
Moving model to cuda
Epoch 0
Loss = 6.5307e-01, PNorm = 34.3449, GNorm = 0.8312, lr_0 = 1.3960e-04
Loss = 4.5877e-01, PNorm = 34.3571, GNorm = 0.5662, lr_0 = 1.7560e-04
Loss = 2.9521e-01, PNorm = 34.3764, GNorm = 0.2599, lr_0 = 2.1160e-04
Loss = 2.8976e-01, PNorm = 34.3854, GNorm = 0.2898, lr_0 = 2.4760e-04
Loss = 2.6006e-01, PNorm = 34.3925, GNorm = 0.2469, lr_0 = 2.8360e-04
Loss = 2.6143e-01, PNorm = 34.4012, GNorm = 0.1558, lr_0 = 3.1960e-04
Loss = 2.5971e-01, PNorm = 34.4157, GNorm = 0.2851, lr_0 = 3.5560e-04
Loss = 2.6849e-01, PNorm = 34.4322, GNorm = 0.1890, lr_0 = 3.9160e-04
Loss = 2.2575e-01, PNorm = 34.4520, GNorm = 0.2451, lr_0 = 4.2760e-04
Loss = 2.6068e-01, PNorm = 34.4675, GNorm = 0.2794, lr_0 = 4.6360e-04
Loss = 2.3632e-01, PNorm = 34.4892, GNorm = 0.3040, lr_0 = 4.9960e-04
Loss = 2.3812e-01, PNorm = 34.5102, GNorm = 0.2831, lr_0 = 5.3560e-04
Validation auc = 0.704766
Epoch 1
Loss = 2.0049e-01, PNorm = 34.5365, GNorm = 0.2756, lr_0 = 5.7520e-04
Loss = 2.3411e-01, PNorm = 34.5610, GNorm = 0.3817, lr_0 = 6.1120e-04
Loss = 2.5305e-01, PNorm = 34.5914, GNorm = 0.3722, lr_0 = 6.4720e-04
Loss = 2.4649e-01, PNorm = 34.6228, GNorm = 0.1880, lr_0 = 6.8320e-04
Loss = 2.1946e-01, PNorm = 34.6647, GNorm = 0.7350, lr_0 = 7.1920e-04
Loss = 2.4487e-01, PNorm = 34.6904, GNorm = 0.2455, lr_0 = 7.5520e-04
Loss = 2.2838e-01, PNorm = 34.7202, GNorm = 0.2882, lr_0 = 7.9120e-04
Loss = 2.2824e-01, PNorm = 34.7658, GNorm = 0.1590, lr_0 = 8.2720e-04
Loss = 1.9177e-01, PNorm = 34.8078, GNorm = 0.1235, lr_0 = 8.6320e-04
Loss = 2.4707e-01, PNorm = 34.8385, GNorm = 0.3368, lr_0 = 8.9920e-04
Loss = 2.5054e-01, PNorm = 34.8795, GNorm = 0.3467, lr_0 = 9.3520e-04
Loss = 2.1572e-01, PNorm = 34.9244, GNorm = 0.1456, lr_0 = 9.7120e-04
Loss = 2.3528e-01, PNorm = 34.9795, GNorm = 0.2036, lr_0 = 9.9869e-04
Loss = 4.2229e-01, PNorm = 34.9844, GNorm = 0.5251, lr_0 = 9.9803e-04
Validation auc = 0.731986
Epoch 2
Loss = 2.0828e-01, PNorm = 35.0391, GNorm = 0.1379, lr_0 = 9.9148e-04
Loss = 1.8972e-01, PNorm = 35.0869, GNorm = 0.1707, lr_0 = 9.8498e-04
Loss = 2.1892e-01, PNorm = 35.1230, GNorm = 0.1725, lr_0 = 9.7852e-04
Loss = 2.1599e-01, PNorm = 35.1875, GNorm = 0.1545, lr_0 = 9.7211e-04
Loss = 2.3023e-01, PNorm = 35.2524, GNorm = 0.2939, lr_0 = 9.6573e-04
Loss = 2.0912e-01, PNorm = 35.3091, GNorm = 0.1631, lr_0 = 9.5940e-04
Loss = 2.1464e-01, PNorm = 35.3662, GNorm = 0.1949, lr_0 = 9.5311e-04
Loss = 2.1246e-01, PNorm = 35.4361, GNorm = 0.1599, lr_0 = 9.4686e-04
Loss = 2.4785e-01, PNorm = 35.4946, GNorm = 0.1809, lr_0 = 9.4065e-04
Loss = 2.2388e-01, PNorm = 35.5446, GNorm = 0.1477, lr_0 = 9.3448e-04
Loss = 2.2591e-01, PNorm = 35.6070, GNorm = 0.1438, lr_0 = 9.2836e-04
Loss = 2.2524e-01, PNorm = 35.6536, GNorm = 0.2718, lr_0 = 9.2227e-04
Validation auc = 0.783999
Epoch 3
Loss = 2.1317e-01, PNorm = 35.7125, GNorm = 0.1485, lr_0 = 9.1562e-04
Loss = 2.1151e-01, PNorm = 35.7723, GNorm = 0.1980, lr_0 = 9.0961e-04
Loss = 2.0578e-01, PNorm = 35.8323, GNorm = 0.2541, lr_0 = 9.0365e-04
Loss = 2.0010e-01, PNorm = 35.8900, GNorm = 0.2010, lr_0 = 8.9772e-04
Loss = 2.2418e-01, PNorm = 35.9617, GNorm = 0.3001, lr_0 = 8.9184e-04
Loss = 2.0140e-01, PNorm = 36.0156, GNorm = 0.2155, lr_0 = 8.8599e-04
Loss = 2.0470e-01, PNorm = 36.0623, GNorm = 0.2341, lr_0 = 8.8018e-04
Loss = 2.1867e-01, PNorm = 36.1261, GNorm = 0.1706, lr_0 = 8.7441e-04
Loss = 2.0540e-01, PNorm = 36.1964, GNorm = 0.3212, lr_0 = 8.6867e-04
Loss = 2.1229e-01, PNorm = 36.2456, GNorm = 0.1406, lr_0 = 8.6298e-04
Loss = 2.1049e-01, PNorm = 36.3009, GNorm = 0.3121, lr_0 = 8.5732e-04
Loss = 2.0219e-01, PNorm = 36.3583, GNorm = 0.2007, lr_0 = 8.5170e-04
Loss = 2.0811e-01, PNorm = 36.4200, GNorm = 0.3894, lr_0 = 8.4611e-04
Validation auc = 0.813653
Epoch 4
Loss = 1.9958e-01, PNorm = 36.4681, GNorm = 0.2027, lr_0 = 8.4057e-04
Loss = 2.0277e-01, PNorm = 36.5272, GNorm = 0.1843, lr_0 = 8.3505e-04
Loss = 2.0719e-01, PNorm = 36.5854, GNorm = 0.6911, lr_0 = 8.2958e-04
Loss = 2.0501e-01, PNorm = 36.6437, GNorm = 0.2037, lr_0 = 8.2414e-04
Loss = 2.0477e-01, PNorm = 36.7149, GNorm = 0.2352, lr_0 = 8.1873e-04
Loss = 2.1861e-01, PNorm = 36.7842, GNorm = 0.1566, lr_0 = 8.1337e-04
Loss = 2.2032e-01, PNorm = 36.8527, GNorm = 0.2743, lr_0 = 8.0803e-04
Loss = 2.1033e-01, PNorm = 36.8990, GNorm = 0.3318, lr_0 = 8.0273e-04
Loss = 1.8734e-01, PNorm = 36.9737, GNorm = 0.1442, lr_0 = 7.9747e-04
Loss = 2.0075e-01, PNorm = 37.0285, GNorm = 0.3403, lr_0 = 7.9224e-04
Loss = 1.8645e-01, PNorm = 37.0787, GNorm = 0.1562, lr_0 = 7.8705e-04
Loss = 1.9596e-01, PNorm = 37.1423, GNorm = 0.3776, lr_0 = 7.8188e-04
Validation auc = 0.828874
Epoch 5
Loss = 1.8543e-01, PNorm = 37.1997, GNorm = 0.3345, lr_0 = 7.7625e-04
Loss = 1.8402e-01, PNorm = 37.2615, GNorm = 0.2576, lr_0 = 7.7116e-04
Loss = 2.0440e-01, PNorm = 37.3104, GNorm = 0.2612, lr_0 = 7.6610e-04
Loss = 1.9299e-01, PNorm = 37.3766, GNorm = 0.2460, lr_0 = 7.6108e-04
Loss = 1.9466e-01, PNorm = 37.4297, GNorm = 0.1717, lr_0 = 7.5609e-04
Loss = 2.1040e-01, PNorm = 37.4825, GNorm = 0.1717, lr_0 = 7.5113e-04
Loss = 1.9131e-01, PNorm = 37.5450, GNorm = 0.4405, lr_0 = 7.4620e-04
Loss = 1.8979e-01, PNorm = 37.6065, GNorm = 0.1573, lr_0 = 7.4131e-04
Loss = 2.0063e-01, PNorm = 37.6642, GNorm = 0.2071, lr_0 = 7.3645e-04
Loss = 1.8718e-01, PNorm = 37.7077, GNorm = 0.1884, lr_0 = 7.3162e-04
Loss = 1.7998e-01, PNorm = 37.7621, GNorm = 0.1999, lr_0 = 7.2682e-04
Loss = 2.2341e-01, PNorm = 37.8066, GNorm = 0.1477, lr_0 = 7.2206e-04
Loss = 2.0720e-01, PNorm = 37.8686, GNorm = 0.1538, lr_0 = 7.1732e-04
Validation auc = 0.835128
Epoch 6
Loss = 2.0418e-01, PNorm = 37.9467, GNorm = 0.2199, lr_0 = 7.1215e-04
Loss = 1.5681e-01, PNorm = 38.0072, GNorm = 0.1810, lr_0 = 7.0748e-04
Loss = 1.8640e-01, PNorm = 38.0649, GNorm = 0.2342, lr_0 = 7.0284e-04
Loss = 1.6947e-01, PNorm = 38.1254, GNorm = 0.2044, lr_0 = 6.9823e-04
Loss = 2.0213e-01, PNorm = 38.1746, GNorm = 0.2998, lr_0 = 6.9365e-04
Loss = 1.9499e-01, PNorm = 38.2295, GNorm = 0.1948, lr_0 = 6.8911e-04
Loss = 1.9454e-01, PNorm = 38.2778, GNorm = 0.5590, lr_0 = 6.8459e-04
Loss = 1.7875e-01, PNorm = 38.3290, GNorm = 0.1599, lr_0 = 6.8010e-04
Loss = 2.0987e-01, PNorm = 38.3864, GNorm = 0.6099, lr_0 = 6.7564e-04
Loss = 1.7243e-01, PNorm = 38.4535, GNorm = 0.1393, lr_0 = 6.7121e-04
Loss = 1.9690e-01, PNorm = 38.5010, GNorm = 0.1841, lr_0 = 6.6681e-04
Loss = 2.0100e-01, PNorm = 38.5465, GNorm = 0.3121, lr_0 = 6.6243e-04
Validation auc = 0.839539
Epoch 7
Loss = 2.0256e-01, PNorm = 38.6178, GNorm = 0.4933, lr_0 = 6.5766e-04
Loss = 1.8277e-01, PNorm = 38.6768, GNorm = 0.1202, lr_0 = 6.5335e-04
Loss = 1.9561e-01, PNorm = 38.7401, GNorm = 0.2065, lr_0 = 6.4906e-04
Loss = 1.8849e-01, PNorm = 38.7972, GNorm = 0.2088, lr_0 = 6.4481e-04
Loss = 1.9377e-01, PNorm = 38.8415, GNorm = 0.1821, lr_0 = 6.4058e-04
Loss = 1.8307e-01, PNorm = 38.8985, GNorm = 0.1575, lr_0 = 6.3638e-04
Loss = 2.0846e-01, PNorm = 38.9434, GNorm = 0.6839, lr_0 = 6.3220e-04
Loss = 1.9923e-01, PNorm = 38.9889, GNorm = 0.3563, lr_0 = 6.2806e-04
Loss = 2.0072e-01, PNorm = 39.0469, GNorm = 0.2375, lr_0 = 6.2394e-04
Loss = 1.7719e-01, PNorm = 39.0957, GNorm = 0.1578, lr_0 = 6.1985e-04
Loss = 1.7754e-01, PNorm = 39.1458, GNorm = 0.3359, lr_0 = 6.1578e-04
Loss = 1.9422e-01, PNorm = 39.1900, GNorm = 0.5413, lr_0 = 6.1175e-04
Loss = 1.7653e-01, PNorm = 39.2433, GNorm = 0.3173, lr_0 = 6.0774e-04
Validation auc = 0.841331
Epoch 8
Loss = 1.8012e-01, PNorm = 39.2954, GNorm = 0.1797, lr_0 = 6.0375e-04
Loss = 1.7208e-01, PNorm = 39.3414, GNorm = 0.2606, lr_0 = 5.9979e-04
Loss = 2.0081e-01, PNorm = 39.3951, GNorm = 0.2220, lr_0 = 5.9586e-04
Loss = 1.8046e-01, PNorm = 39.4457, GNorm = 0.2010, lr_0 = 5.9195e-04
Loss = 1.8400e-01, PNorm = 39.4990, GNorm = 0.3043, lr_0 = 5.8807e-04
Loss = 1.8296e-01, PNorm = 39.5428, GNorm = 0.1450, lr_0 = 5.8421e-04
Loss = 1.9707e-01, PNorm = 39.5863, GNorm = 0.2637, lr_0 = 5.8038e-04
Loss = 1.7335e-01, PNorm = 39.6319, GNorm = 0.2776, lr_0 = 5.7658e-04
Loss = 1.6478e-01, PNorm = 39.6713, GNorm = 0.3291, lr_0 = 5.7280e-04
Loss = 1.7955e-01, PNorm = 39.7176, GNorm = 0.3216, lr_0 = 5.6904e-04
Loss = 1.8008e-01, PNorm = 39.7558, GNorm = 0.1798, lr_0 = 5.6531e-04
Loss = 1.9121e-01, PNorm = 39.8010, GNorm = 0.1376, lr_0 = 5.6160e-04
Validation auc = 0.844553
Epoch 9
Loss = 1.7441e-01, PNorm = 39.8459, GNorm = 0.3867, lr_0 = 5.5755e-04
Loss = 1.7797e-01, PNorm = 39.9020, GNorm = 0.1841, lr_0 = 5.5390e-04
Loss = 1.7560e-01, PNorm = 39.9622, GNorm = 0.2246, lr_0 = 5.5026e-04
Loss = 1.8156e-01, PNorm = 40.0215, GNorm = 0.2553, lr_0 = 5.4666e-04
Loss = 1.8546e-01, PNorm = 40.0742, GNorm = 0.2074, lr_0 = 5.4307e-04
Loss = 1.8253e-01, PNorm = 40.1121, GNorm = 0.2243, lr_0 = 5.3951e-04
Loss = 1.8445e-01, PNorm = 40.1528, GNorm = 0.2104, lr_0 = 5.3597e-04
Loss = 1.8512e-01, PNorm = 40.1945, GNorm = 0.2043, lr_0 = 5.3246e-04
Loss = 1.7446e-01, PNorm = 40.2285, GNorm = 0.1989, lr_0 = 5.2897e-04
Loss = 1.7859e-01, PNorm = 40.2710, GNorm = 0.4840, lr_0 = 5.2550e-04
Loss = 1.8707e-01, PNorm = 40.3125, GNorm = 0.1857, lr_0 = 5.2205e-04
Loss = 1.8151e-01, PNorm = 40.3493, GNorm = 0.1305, lr_0 = 5.1863e-04
Loss = 1.6561e-01, PNorm = 40.3834, GNorm = 0.1724, lr_0 = 5.1523e-04
Validation auc = 0.846539
Epoch 10
Loss = 1.7335e-01, PNorm = 40.4315, GNorm = 0.4739, lr_0 = 5.1151e-04
Loss = 1.6396e-01, PNorm = 40.4843, GNorm = 0.3628, lr_0 = 5.0816e-04
Loss = 1.8079e-01, PNorm = 40.5217, GNorm = 0.2002, lr_0 = 5.0483e-04
Loss = 2.0473e-01, PNorm = 40.5618, GNorm = 0.4507, lr_0 = 5.0152e-04
Loss = 1.7786e-01, PNorm = 40.6116, GNorm = 0.1738, lr_0 = 4.9823e-04
Loss = 1.8926e-01, PNorm = 40.6535, GNorm = 0.2388, lr_0 = 4.9496e-04
Loss = 1.6404e-01, PNorm = 40.6991, GNorm = 0.2460, lr_0 = 4.9172e-04
Loss = 1.7461e-01, PNorm = 40.7356, GNorm = 0.1619, lr_0 = 4.8849e-04
Loss = 1.5156e-01, PNorm = 40.7717, GNorm = 0.1880, lr_0 = 4.8529e-04
Loss = 1.7756e-01, PNorm = 40.8141, GNorm = 0.2230, lr_0 = 4.8211e-04
Loss = 1.7240e-01, PNorm = 40.8522, GNorm = 0.2607, lr_0 = 4.7895e-04
Loss = 1.7704e-01, PNorm = 40.8811, GNorm = 0.1697, lr_0 = 4.7580e-04
Validation auc = 0.844122
Epoch 11
Loss = 1.4683e-01, PNorm = 40.9191, GNorm = 0.1636, lr_0 = 4.7268e-04
Loss = 1.7083e-01, PNorm = 40.9677, GNorm = 0.1648, lr_0 = 4.6959e-04
Loss = 1.6876e-01, PNorm = 41.0081, GNorm = 0.5189, lr_0 = 4.6651e-04
Loss = 1.7727e-01, PNorm = 41.0465, GNorm = 0.2697, lr_0 = 4.6345e-04
Loss = 1.7360e-01, PNorm = 41.0865, GNorm = 0.1947, lr_0 = 4.6041e-04
Loss = 1.9517e-01, PNorm = 41.1157, GNorm = 0.3826, lr_0 = 4.5739e-04
Loss = 1.7536e-01, PNorm = 41.1551, GNorm = 0.4664, lr_0 = 4.5439e-04
Loss = 1.6626e-01, PNorm = 41.1932, GNorm = 0.2033, lr_0 = 4.5141e-04
Loss = 1.8809e-01, PNorm = 41.2337, GNorm = 0.2067, lr_0 = 4.4845e-04
Loss = 1.6195e-01, PNorm = 41.2765, GNorm = 0.2967, lr_0 = 4.4551e-04
Loss = 1.6018e-01, PNorm = 41.3148, GNorm = 0.4257, lr_0 = 4.4259e-04
Loss = 1.7423e-01, PNorm = 41.3426, GNorm = 0.1791, lr_0 = 4.3969e-04
Loss = 1.7127e-01, PNorm = 41.3719, GNorm = 0.2093, lr_0 = 4.3680e-04
Validation auc = 0.846368
Epoch 12
Loss = 1.4761e-01, PNorm = 41.4046, GNorm = 0.1967, lr_0 = 4.3365e-04
Loss = 1.6700e-01, PNorm = 41.4352, GNorm = 0.2076, lr_0 = 4.3081e-04
Loss = 1.6080e-01, PNorm = 41.4673, GNorm = 0.4457, lr_0 = 4.2799e-04
Loss = 1.6415e-01, PNorm = 41.5045, GNorm = 0.3191, lr_0 = 4.2518e-04
Loss = 1.6287e-01, PNorm = 41.5363, GNorm = 0.2192, lr_0 = 4.2239e-04
Loss = 1.7128e-01, PNorm = 41.5684, GNorm = 0.1818, lr_0 = 4.1962e-04
Loss = 1.7433e-01, PNorm = 41.6047, GNorm = 0.4390, lr_0 = 4.1687e-04
Loss = 1.6712e-01, PNorm = 41.6383, GNorm = 0.1647, lr_0 = 4.1414e-04
Loss = 1.7703e-01, PNorm = 41.6690, GNorm = 0.4110, lr_0 = 4.1142e-04
Loss = 1.7393e-01, PNorm = 41.7118, GNorm = 0.5747, lr_0 = 4.0872e-04
Loss = 1.7135e-01, PNorm = 41.7430, GNorm = 0.3897, lr_0 = 4.0604e-04
Loss = 1.9098e-01, PNorm = 41.7712, GNorm = 0.4137, lr_0 = 4.0338e-04
Validation auc = 0.846060
Epoch 13
Loss = 1.6814e-01, PNorm = 41.8015, GNorm = 0.1684, lr_0 = 4.0047e-04
Loss = 1.6990e-01, PNorm = 41.8364, GNorm = 0.4013, lr_0 = 3.9785e-04
Loss = 1.5711e-01, PNorm = 41.8728, GNorm = 0.2268, lr_0 = 3.9524e-04
Loss = 1.6425e-01, PNorm = 41.9085, GNorm = 0.2733, lr_0 = 3.9264e-04
Loss = 1.5682e-01, PNorm = 41.9414, GNorm = 0.1950, lr_0 = 3.9007e-04
Loss = 1.6986e-01, PNorm = 41.9713, GNorm = 0.2568, lr_0 = 3.8751e-04
Loss = 1.6611e-01, PNorm = 41.9923, GNorm = 0.2110, lr_0 = 3.8497e-04
Loss = 1.7145e-01, PNorm = 42.0245, GNorm = 0.2741, lr_0 = 3.8245e-04
Loss = 1.5364e-01, PNorm = 42.0473, GNorm = 0.2305, lr_0 = 3.7994e-04
Loss = 1.7569e-01, PNorm = 42.0772, GNorm = 0.1990, lr_0 = 3.7745e-04
Loss = 1.7328e-01, PNorm = 42.1074, GNorm = 0.3779, lr_0 = 3.7497e-04
Loss = 1.6397e-01, PNorm = 42.1372, GNorm = 0.1882, lr_0 = 3.7251e-04
Loss = 1.8414e-01, PNorm = 42.1648, GNorm = 0.3675, lr_0 = 3.7007e-04
Validation auc = 0.850617
Epoch 14
Loss = 1.5121e-01, PNorm = 42.1879, GNorm = 0.2992, lr_0 = 3.6740e-04
Loss = 1.7074e-01, PNorm = 42.2175, GNorm = 0.1803, lr_0 = 3.6499e-04
Loss = 1.5518e-01, PNorm = 42.2480, GNorm = 0.2718, lr_0 = 3.6260e-04
Loss = 1.5554e-01, PNorm = 42.2813, GNorm = 0.1942, lr_0 = 3.6022e-04
Loss = 1.6544e-01, PNorm = 42.3142, GNorm = 0.2652, lr_0 = 3.5786e-04
Loss = 1.9087e-01, PNorm = 42.3420, GNorm = 0.2278, lr_0 = 3.5551e-04
Loss = 1.6535e-01, PNorm = 42.3726, GNorm = 0.3334, lr_0 = 3.5318e-04
Loss = 1.6901e-01, PNorm = 42.4025, GNorm = 0.2191, lr_0 = 3.5087e-04
Loss = 1.7901e-01, PNorm = 42.4290, GNorm = 0.1781, lr_0 = 3.4857e-04
Loss = 1.5775e-01, PNorm = 42.4565, GNorm = 0.2941, lr_0 = 3.4628e-04
Loss = 1.5356e-01, PNorm = 42.4836, GNorm = 0.2037, lr_0 = 3.4401e-04
Loss = 1.5693e-01, PNorm = 42.5094, GNorm = 0.1704, lr_0 = 3.4175e-04
Validation auc = 0.849720
Epoch 15
Loss = 1.5951e-01, PNorm = 42.5310, GNorm = 0.2114, lr_0 = 3.3951e-04
Loss = 1.5210e-01, PNorm = 42.5596, GNorm = 0.2838, lr_0 = 3.3729e-04
Loss = 1.5677e-01, PNorm = 42.5853, GNorm = 0.1708, lr_0 = 3.3508e-04
Loss = 1.4340e-01, PNorm = 42.6111, GNorm = 0.2928, lr_0 = 3.3288e-04
Loss = 1.6901e-01, PNorm = 42.6402, GNorm = 0.3080, lr_0 = 3.3070e-04
Loss = 1.5403e-01, PNorm = 42.6629, GNorm = 0.2441, lr_0 = 3.2853e-04
Loss = 1.8184e-01, PNorm = 42.6806, GNorm = 0.3085, lr_0 = 3.2637e-04
Loss = 1.6116e-01, PNorm = 42.7035, GNorm = 0.3917, lr_0 = 3.2423e-04
Loss = 1.7719e-01, PNorm = 42.7274, GNorm = 0.2391, lr_0 = 3.2211e-04
Loss = 1.6101e-01, PNorm = 42.7563, GNorm = 0.3111, lr_0 = 3.1999e-04
Loss = 1.7616e-01, PNorm = 42.7747, GNorm = 0.3560, lr_0 = 3.1790e-04
Loss = 1.6076e-01, PNorm = 42.8038, GNorm = 0.2250, lr_0 = 3.1581e-04
Loss = 1.5508e-01, PNorm = 42.8283, GNorm = 0.2230, lr_0 = 3.1374e-04
Validation auc = 0.852372
Epoch 16
Loss = 1.5058e-01, PNorm = 42.8538, GNorm = 0.2262, lr_0 = 3.1148e-04
Loss = 1.6509e-01, PNorm = 42.8757, GNorm = 0.2141, lr_0 = 3.0944e-04
Loss = 1.3973e-01, PNorm = 42.8981, GNorm = 0.1935, lr_0 = 3.0741e-04
Loss = 1.6535e-01, PNorm = 42.9193, GNorm = 0.2042, lr_0 = 3.0539e-04
Loss = 1.5398e-01, PNorm = 42.9433, GNorm = 0.2650, lr_0 = 3.0339e-04
Loss = 1.4959e-01, PNorm = 42.9702, GNorm = 0.2117, lr_0 = 3.0140e-04
Loss = 1.6026e-01, PNorm = 42.9950, GNorm = 0.3227, lr_0 = 2.9942e-04
Loss = 1.6034e-01, PNorm = 43.0151, GNorm = 0.2302, lr_0 = 2.9746e-04
Loss = 1.6874e-01, PNorm = 43.0380, GNorm = 0.2633, lr_0 = 2.9551e-04
Loss = 1.5631e-01, PNorm = 43.0557, GNorm = 0.3009, lr_0 = 2.9357e-04
Loss = 1.6448e-01, PNorm = 43.0772, GNorm = 0.2098, lr_0 = 2.9165e-04
Loss = 1.6646e-01, PNorm = 43.0948, GNorm = 0.2819, lr_0 = 2.8973e-04
Validation auc = 0.851729
Epoch 17
Loss = 1.6702e-01, PNorm = 43.1212, GNorm = 0.2296, lr_0 = 2.8765e-04
Loss = 1.6143e-01, PNorm = 43.1452, GNorm = 0.2069, lr_0 = 2.8576e-04
Loss = 1.5012e-01, PNorm = 43.1699, GNorm = 0.2438, lr_0 = 2.8389e-04
Loss = 1.3675e-01, PNorm = 43.1928, GNorm = 0.2109, lr_0 = 2.8202e-04
Loss = 1.6498e-01, PNorm = 43.2168, GNorm = 0.6717, lr_0 = 2.8017e-04
Loss = 1.5688e-01, PNorm = 43.2426, GNorm = 0.3869, lr_0 = 2.7834e-04
Loss = 1.6578e-01, PNorm = 43.2648, GNorm = 0.2874, lr_0 = 2.7651e-04
Loss = 1.5999e-01, PNorm = 43.2848, GNorm = 0.2629, lr_0 = 2.7470e-04
Loss = 1.5779e-01, PNorm = 43.3089, GNorm = 0.3549, lr_0 = 2.7290e-04
Loss = 1.6633e-01, PNorm = 43.3288, GNorm = 0.2188, lr_0 = 2.7111e-04
Loss = 1.5671e-01, PNorm = 43.3475, GNorm = 0.2537, lr_0 = 2.6933e-04
Loss = 1.4678e-01, PNorm = 43.3688, GNorm = 0.3193, lr_0 = 2.6756e-04
Loss = 1.6239e-01, PNorm = 43.3834, GNorm = 0.2629, lr_0 = 2.6581e-04
Validation auc = 0.849476
Epoch 18
Loss = 1.3945e-01, PNorm = 43.4062, GNorm = 0.3360, lr_0 = 2.6407e-04
Loss = 1.6873e-01, PNorm = 43.4211, GNorm = 0.2048, lr_0 = 2.6234e-04
Loss = 1.6341e-01, PNorm = 43.4390, GNorm = 0.2484, lr_0 = 2.6062e-04
Loss = 1.5626e-01, PNorm = 43.4628, GNorm = 0.2866, lr_0 = 2.5891e-04
Loss = 1.5004e-01, PNorm = 43.4803, GNorm = 0.3647, lr_0 = 2.5721e-04
Loss = 1.6612e-01, PNorm = 43.5012, GNorm = 0.4706, lr_0 = 2.5552e-04
Loss = 1.5944e-01, PNorm = 43.5163, GNorm = 0.2287, lr_0 = 2.5385e-04
Loss = 1.3904e-01, PNorm = 43.5376, GNorm = 0.2777, lr_0 = 2.5218e-04
Loss = 1.6064e-01, PNorm = 43.5564, GNorm = 0.3060, lr_0 = 2.5053e-04
Loss = 1.5455e-01, PNorm = 43.5735, GNorm = 0.1810, lr_0 = 2.4889e-04
Loss = 1.4112e-01, PNorm = 43.5903, GNorm = 0.2261, lr_0 = 2.4725e-04
Loss = 1.5985e-01, PNorm = 43.6061, GNorm = 0.2270, lr_0 = 2.4563e-04
Loss = 1.4960e-01, PNorm = 43.6217, GNorm = 0.1921, lr_0 = 2.4402e-04
Loss = 1.5379e-01, PNorm = 43.6231, GNorm = 0.3455, lr_0 = 2.4386e-04
Validation auc = 0.855391
Epoch 19
Loss = 1.3402e-01, PNorm = 43.6425, GNorm = 0.2908, lr_0 = 2.4226e-04
Loss = 1.6837e-01, PNorm = 43.6589, GNorm = 0.2510, lr_0 = 2.4067e-04
Loss = 1.5661e-01, PNorm = 43.6783, GNorm = 0.2244, lr_0 = 2.3910e-04
Loss = 1.4178e-01, PNorm = 43.6986, GNorm = 0.2778, lr_0 = 2.3753e-04
Loss = 1.6110e-01, PNorm = 43.7138, GNorm = 0.1971, lr_0 = 2.3597e-04
Loss = 1.4700e-01, PNorm = 43.7277, GNorm = 0.2708, lr_0 = 2.3442e-04
Loss = 1.6198e-01, PNorm = 43.7448, GNorm = 0.3333, lr_0 = 2.3289e-04
Loss = 1.4831e-01, PNorm = 43.7629, GNorm = 0.1595, lr_0 = 2.3136e-04
Loss = 1.4925e-01, PNorm = 43.7814, GNorm = 0.3852, lr_0 = 2.2984e-04
Loss = 1.5208e-01, PNorm = 43.7976, GNorm = 0.1837, lr_0 = 2.2833e-04
Loss = 1.5099e-01, PNorm = 43.8129, GNorm = 0.3295, lr_0 = 2.2684e-04
Loss = 1.6050e-01, PNorm = 43.8333, GNorm = 0.2028, lr_0 = 2.2535e-04
Validation auc = 0.852514
Epoch 20
Loss = 1.4882e-01, PNorm = 43.8484, GNorm = 0.2444, lr_0 = 2.2372e-04
Loss = 1.5707e-01, PNorm = 43.8661, GNorm = 0.3007, lr_0 = 2.2226e-04
Loss = 1.3497e-01, PNorm = 43.8844, GNorm = 0.2560, lr_0 = 2.2080e-04
Loss = 1.6926e-01, PNorm = 43.8967, GNorm = 0.1974, lr_0 = 2.1935e-04
Loss = 1.6120e-01, PNorm = 43.9104, GNorm = 0.2657, lr_0 = 2.1791e-04
Loss = 1.4410e-01, PNorm = 43.9274, GNorm = 0.2515, lr_0 = 2.1649e-04
Loss = 1.4332e-01, PNorm = 43.9461, GNorm = 0.1634, lr_0 = 2.1507e-04
Loss = 1.4812e-01, PNorm = 43.9593, GNorm = 0.2349, lr_0 = 2.1366e-04
Loss = 1.5398e-01, PNorm = 43.9749, GNorm = 0.3504, lr_0 = 2.1225e-04
Loss = 1.4108e-01, PNorm = 43.9923, GNorm = 0.3016, lr_0 = 2.1086e-04
Loss = 1.5407e-01, PNorm = 44.0040, GNorm = 0.2422, lr_0 = 2.0948e-04
Loss = 1.5120e-01, PNorm = 44.0172, GNorm = 0.2672, lr_0 = 2.0811e-04
Loss = 1.5273e-01, PNorm = 44.0312, GNorm = 0.3234, lr_0 = 2.0674e-04
Loss = 1.1237e-01, PNorm = 44.0334, GNorm = 0.6532, lr_0 = 2.0661e-04
Validation auc = 0.856568
Epoch 21
Loss = 1.4047e-01, PNorm = 44.0494, GNorm = 0.1858, lr_0 = 2.0525e-04
Loss = 1.4760e-01, PNorm = 44.0639, GNorm = 0.3207, lr_0 = 2.0391e-04
Loss = 1.3831e-01, PNorm = 44.0779, GNorm = 0.4982, lr_0 = 2.0257e-04
Loss = 1.6418e-01, PNorm = 44.0922, GNorm = 0.2315, lr_0 = 2.0124e-04
Loss = 1.5046e-01, PNorm = 44.1084, GNorm = 0.3070, lr_0 = 1.9992e-04
Loss = 1.4720e-01, PNorm = 44.1226, GNorm = 0.3902, lr_0 = 1.9861e-04
Loss = 1.2979e-01, PNorm = 44.1355, GNorm = 0.3247, lr_0 = 1.9731e-04
Loss = 1.4349e-01, PNorm = 44.1454, GNorm = 0.2194, lr_0 = 1.9601e-04
Loss = 1.6831e-01, PNorm = 44.1583, GNorm = 0.2213, lr_0 = 1.9473e-04
Loss = 1.5509e-01, PNorm = 44.1731, GNorm = 0.2047, lr_0 = 1.9345e-04
Loss = 1.5957e-01, PNorm = 44.1890, GNorm = 0.2752, lr_0 = 1.9218e-04
Loss = 1.4306e-01, PNorm = 44.2066, GNorm = 0.3425, lr_0 = 1.9092e-04
Validation auc = 0.856664
Epoch 22
Loss = 1.3609e-01, PNorm = 44.2164, GNorm = 0.2614, lr_0 = 1.8967e-04
Loss = 1.5698e-01, PNorm = 44.2298, GNorm = 0.2736, lr_0 = 1.8843e-04
Loss = 1.5491e-01, PNorm = 44.2444, GNorm = 0.1974, lr_0 = 1.8719e-04
Loss = 1.6141e-01, PNorm = 44.2557, GNorm = 0.2552, lr_0 = 1.8596e-04
Loss = 1.3994e-01, PNorm = 44.2691, GNorm = 0.1970, lr_0 = 1.8474e-04
Loss = 1.5233e-01, PNorm = 44.2786, GNorm = 0.4237, lr_0 = 1.8353e-04
Loss = 1.5110e-01, PNorm = 44.2925, GNorm = 0.2860, lr_0 = 1.8233e-04
Loss = 1.3697e-01, PNorm = 44.3048, GNorm = 0.3254, lr_0 = 1.8113e-04
Loss = 1.5120e-01, PNorm = 44.3223, GNorm = 0.2541, lr_0 = 1.7995e-04
Loss = 1.5395e-01, PNorm = 44.3344, GNorm = 0.1563, lr_0 = 1.7877e-04
Loss = 1.4133e-01, PNorm = 44.3499, GNorm = 0.2464, lr_0 = 1.7759e-04
Loss = 1.4151e-01, PNorm = 44.3631, GNorm = 0.2273, lr_0 = 1.7643e-04
Loss = 1.3657e-01, PNorm = 44.3768, GNorm = 0.3090, lr_0 = 1.7527e-04
Validation auc = 0.856163
Epoch 23
Loss = 1.4220e-01, PNorm = 44.3908, GNorm = 0.2131, lr_0 = 1.7401e-04
Loss = 1.4246e-01, PNorm = 44.4048, GNorm = 0.1885, lr_0 = 1.7287e-04
Loss = 1.5077e-01, PNorm = 44.4173, GNorm = 0.2408, lr_0 = 1.7173e-04
Loss = 1.5494e-01, PNorm = 44.4310, GNorm = 0.3524, lr_0 = 1.7061e-04
Loss = 1.5729e-01, PNorm = 44.4398, GNorm = 0.1960, lr_0 = 1.6949e-04
Loss = 1.4493e-01, PNorm = 44.4486, GNorm = 0.3014, lr_0 = 1.6838e-04
Loss = 1.3614e-01, PNorm = 44.4621, GNorm = 0.3292, lr_0 = 1.6727e-04
Loss = 1.4810e-01, PNorm = 44.4731, GNorm = 0.1980, lr_0 = 1.6618e-04
Loss = 1.5407e-01, PNorm = 44.4845, GNorm = 0.4266, lr_0 = 1.6509e-04
Loss = 1.3254e-01, PNorm = 44.4949, GNorm = 0.2778, lr_0 = 1.6401e-04
Loss = 1.4980e-01, PNorm = 44.5076, GNorm = 0.2295, lr_0 = 1.6293e-04
Loss = 1.4463e-01, PNorm = 44.5188, GNorm = 0.6208, lr_0 = 1.6186e-04
Validation auc = 0.855795
Epoch 24
Loss = 1.3232e-01, PNorm = 44.5320, GNorm = 0.3913, lr_0 = 1.6069e-04
Loss = 1.3842e-01, PNorm = 44.5438, GNorm = 0.6475, lr_0 = 1.5964e-04
Loss = 1.3878e-01, PNorm = 44.5547, GNorm = 0.2158, lr_0 = 1.5859e-04
Loss = 1.3764e-01, PNorm = 44.5653, GNorm = 0.2622, lr_0 = 1.5755e-04
Loss = 1.6039e-01, PNorm = 44.5739, GNorm = 0.2888, lr_0 = 1.5652e-04
Loss = 1.3989e-01, PNorm = 44.5885, GNorm = 0.3374, lr_0 = 1.5549e-04
Loss = 1.5058e-01, PNorm = 44.5976, GNorm = 0.6471, lr_0 = 1.5447e-04
Loss = 1.3523e-01, PNorm = 44.6094, GNorm = 0.2803, lr_0 = 1.5346e-04
Loss = 1.5215e-01, PNorm = 44.6154, GNorm = 0.4534, lr_0 = 1.5246e-04
Loss = 1.4952e-01, PNorm = 44.6264, GNorm = 0.4461, lr_0 = 1.5146e-04
Loss = 1.6370e-01, PNorm = 44.6350, GNorm = 0.3472, lr_0 = 1.5046e-04
Loss = 1.5133e-01, PNorm = 44.6466, GNorm = 0.2346, lr_0 = 1.4948e-04
Loss = 1.3987e-01, PNorm = 44.6563, GNorm = 0.2584, lr_0 = 1.4850e-04
Validation auc = 0.858029
Epoch 25
Loss = 1.4098e-01, PNorm = 44.6682, GNorm = 0.2638, lr_0 = 1.4752e-04
Loss = 1.3116e-01, PNorm = 44.6778, GNorm = 0.2361, lr_0 = 1.4655e-04
Loss = 1.6620e-01, PNorm = 44.6871, GNorm = 0.4202, lr_0 = 1.4559e-04
Loss = 1.4736e-01, PNorm = 44.6983, GNorm = 0.2802, lr_0 = 1.4464e-04
Loss = 1.4036e-01, PNorm = 44.7113, GNorm = 0.2273, lr_0 = 1.4369e-04
Loss = 1.4539e-01, PNorm = 44.7219, GNorm = 0.3989, lr_0 = 1.4275e-04
Loss = 1.4333e-01, PNorm = 44.7323, GNorm = 0.2337, lr_0 = 1.4181e-04
Loss = 1.4810e-01, PNorm = 44.7378, GNorm = 0.3135, lr_0 = 1.4088e-04
Loss = 1.2724e-01, PNorm = 44.7470, GNorm = 0.3119, lr_0 = 1.3996e-04
Loss = 1.3865e-01, PNorm = 44.7585, GNorm = 0.2297, lr_0 = 1.3904e-04
Loss = 1.5053e-01, PNorm = 44.7676, GNorm = 0.2730, lr_0 = 1.3813e-04
Loss = 1.5123e-01, PNorm = 44.7795, GNorm = 0.2388, lr_0 = 1.3722e-04
Validation auc = 0.854703
Epoch 26
Loss = 1.6498e-01, PNorm = 44.7894, GNorm = 0.3441, lr_0 = 1.3623e-04
Loss = 1.3828e-01, PNorm = 44.8008, GNorm = 0.2393, lr_0 = 1.3534e-04
Loss = 1.4713e-01, PNorm = 44.8101, GNorm = 0.2386, lr_0 = 1.3445e-04
Loss = 1.4934e-01, PNorm = 44.8211, GNorm = 0.3286, lr_0 = 1.3357e-04
Loss = 1.5206e-01, PNorm = 44.8290, GNorm = 0.3149, lr_0 = 1.3270e-04
Loss = 1.5534e-01, PNorm = 44.8389, GNorm = 0.2023, lr_0 = 1.3183e-04
Loss = 1.3659e-01, PNorm = 44.8476, GNorm = 0.2152, lr_0 = 1.3096e-04
Loss = 1.1933e-01, PNorm = 44.8593, GNorm = 0.2156, lr_0 = 1.3010e-04
Loss = 1.5018e-01, PNorm = 44.8674, GNorm = 0.2721, lr_0 = 1.2925e-04
Loss = 1.2194e-01, PNorm = 44.8763, GNorm = 0.2993, lr_0 = 1.2840e-04
Loss = 1.4452e-01, PNorm = 44.8837, GNorm = 0.2342, lr_0 = 1.2756e-04
Loss = 1.4569e-01, PNorm = 44.8920, GNorm = 0.3850, lr_0 = 1.2672e-04
Loss = 1.3974e-01, PNorm = 44.8993, GNorm = 0.3309, lr_0 = 1.2589e-04
Validation auc = 0.856168
Epoch 27
Loss = 1.2409e-01, PNorm = 44.9094, GNorm = 0.4421, lr_0 = 1.2498e-04
Loss = 1.5065e-01, PNorm = 44.9181, GNorm = 0.4763, lr_0 = 1.2417e-04
Loss = 1.3506e-01, PNorm = 44.9268, GNorm = 0.2359, lr_0 = 1.2335e-04
Loss = 1.4519e-01, PNorm = 44.9327, GNorm = 0.5773, lr_0 = 1.2254e-04
Loss = 1.3669e-01, PNorm = 44.9410, GNorm = 0.2682, lr_0 = 1.2174e-04
Loss = 1.4654e-01, PNorm = 44.9499, GNorm = 0.3453, lr_0 = 1.2094e-04
Loss = 1.3620e-01, PNorm = 44.9598, GNorm = 0.3550, lr_0 = 1.2015e-04
Loss = 1.4613e-01, PNorm = 44.9690, GNorm = 0.2273, lr_0 = 1.1936e-04
Loss = 1.3846e-01, PNorm = 44.9768, GNorm = 0.3890, lr_0 = 1.1858e-04
Loss = 1.4788e-01, PNorm = 44.9831, GNorm = 0.2609, lr_0 = 1.1780e-04
Loss = 1.3479e-01, PNorm = 44.9905, GNorm = 0.4380, lr_0 = 1.1703e-04
Loss = 1.4197e-01, PNorm = 44.9987, GNorm = 0.2158, lr_0 = 1.1626e-04
Validation auc = 0.858061
Epoch 28
Loss = 1.5005e-01, PNorm = 45.0084, GNorm = 0.4778, lr_0 = 1.1542e-04
Loss = 1.2746e-01, PNorm = 45.0189, GNorm = 0.2625, lr_0 = 1.1466e-04
Loss = 1.4558e-01, PNorm = 45.0263, GNorm = 0.3557, lr_0 = 1.1391e-04
Loss = 1.5404e-01, PNorm = 45.0348, GNorm = 0.2780, lr_0 = 1.1317e-04
Loss = 1.3358e-01, PNorm = 45.0435, GNorm = 0.2429, lr_0 = 1.1242e-04
Loss = 1.4001e-01, PNorm = 45.0503, GNorm = 0.2460, lr_0 = 1.1169e-04
Loss = 1.4801e-01, PNorm = 45.0580, GNorm = 0.2396, lr_0 = 1.1095e-04
Loss = 1.4417e-01, PNorm = 45.0668, GNorm = 0.2952, lr_0 = 1.1023e-04
Loss = 1.3566e-01, PNorm = 45.0752, GNorm = 0.2700, lr_0 = 1.0950e-04
Loss = 1.4899e-01, PNorm = 45.0820, GNorm = 0.2779, lr_0 = 1.0879e-04
Loss = 1.2793e-01, PNorm = 45.0902, GNorm = 0.3267, lr_0 = 1.0807e-04
Loss = 1.4998e-01, PNorm = 45.0965, GNorm = 0.3163, lr_0 = 1.0736e-04
Loss = 1.2366e-01, PNorm = 45.1045, GNorm = 0.2044, lr_0 = 1.0666e-04
Validation auc = 0.855692
Epoch 29
Loss = 1.5258e-01, PNorm = 45.1086, GNorm = 0.3373, lr_0 = 1.0596e-04
Loss = 1.3875e-01, PNorm = 45.1161, GNorm = 0.2986, lr_0 = 1.0527e-04
Loss = 1.2817e-01, PNorm = 45.1222, GNorm = 0.3437, lr_0 = 1.0458e-04
Loss = 1.2464e-01, PNorm = 45.1289, GNorm = 0.2985, lr_0 = 1.0389e-04
Loss = 1.4829e-01, PNorm = 45.1358, GNorm = 0.2828, lr_0 = 1.0321e-04
Loss = 1.3099e-01, PNorm = 45.1441, GNorm = 0.2747, lr_0 = 1.0253e-04
Loss = 1.4210e-01, PNorm = 45.1500, GNorm = 0.2441, lr_0 = 1.0186e-04
Loss = 1.3394e-01, PNorm = 45.1583, GNorm = 0.3629, lr_0 = 1.0119e-04
Loss = 1.4830e-01, PNorm = 45.1627, GNorm = 0.3117, lr_0 = 1.0053e-04
Loss = 1.4052e-01, PNorm = 45.1707, GNorm = 0.3294, lr_0 = 1.0000e-04
Loss = 1.5052e-01, PNorm = 45.1783, GNorm = 0.3711, lr_0 = 1.0000e-04
Loss = 1.2695e-01, PNorm = 45.1859, GNorm = 0.2583, lr_0 = 1.0000e-04
Validation auc = 0.857685
Model 0 best validation auc = 0.858061 on epoch 27
Loading pretrained parameter "encoder.encoder.0.cached_zero_vector".
Loading pretrained parameter "encoder.encoder.0.W_i.weight".
Loading pretrained parameter "encoder.encoder.0.W_h.weight".
Loading pretrained parameter "encoder.encoder.0.W_o.weight".
Loading pretrained parameter "encoder.encoder.0.W_o.bias".
Loading pretrained parameter "ffn.1.weight".
Loading pretrained parameter "ffn.1.bias".
Loading pretrained parameter "ffn.4.weight".
Loading pretrained parameter "ffn.4.bias".
Moving model to cuda
Model 0 test auc = 0.837030
Ensemble test auc = 0.837030
1-fold cross validation
	Seed 0 ==> test auc = 0.837030
Overall test auc = 0.837030 +/- 0.000000
Elapsed time = 0:02:06
