Command line
python /home/vo87poq/chemprop_projektarbeit/train.py --features_generator morgan_count --gpu 0 --data_path /home/vo87poq/chemprop_projektarbeit/data/tox21.csv --dataset_type classification --split_type scaffold_balanced --save_dir /home/vo87poq/chemprop_projektarbeit/tox21_checkpoints/standard_set/D-MPNN_morgan_count --quiet --save_preds
Args
{'activation': 'ReLU',
 'adding_h': False,
 'aggregation': 'mean',
 'aggregation_norm': 100,
 'atom_descriptor_scaling': True,
 'atom_descriptors': None,
 'atom_descriptors_path': None,
 'atom_descriptors_size': 0,
 'atom_features_size': 0,
 'atom_messages': False,
 'batch_size': 50,
 'bias': False,
 'bias_solvent': False,
 'bond_feature_scaling': True,
 'bond_features_path': None,
 'bond_features_size': 0,
 'cache_cutoff': 10000,
 'checkpoint_dir': None,
 'checkpoint_frzn': None,
 'checkpoint_path': None,
 'checkpoint_paths': None,
 'class_balance': False,
 'config_path': None,
 'crossval_index_dir': None,
 'crossval_index_file': None,
 'crossval_index_sets': None,
 'cuda': True,
 'data_path': '/home/vo87poq/chemprop_projektarbeit/data/tox21.csv',
 'data_weights_path': None,
 'dataset_type': 'classification',
 'depth': 3,
 'depth_solvent': 3,
 'device': device(type='cuda', index=0),
 'dropout': 0.0,
 'empty_cache': False,
 'ensemble_size': 1,
 'epochs': 30,
 'evidential_regularization': 0,
 'explicit_h': False,
 'extra_metrics': [],
 'features_generator': ['morgan_count'],
 'features_only': False,
 'features_path': None,
 'features_scaling': True,
 'features_size': None,
 'ffn_hidden_size': 300,
 'ffn_num_layers': 2,
 'final_lr': 0.0001,
 'folds_file': None,
 'freeze_first_only': False,
 'frzn_ffn_layers': 0,
 'gpu': 0,
 'grad_clip': None,
 'hidden_size': 300,
 'hidden_size_solvent': 300,
 'ignore_columns': None,
 'init_lr': 0.0001,
 'log_frequency': 10,
 'loss_function': 'binary_cross_entropy',
 'max_data_size': None,
 'max_lr': 0.001,
 'metric': 'auc',
 'metrics': ['auc'],
 'minimize_score': False,
 'mpn_shared': False,
 'multiclass_num_classes': 3,
 'no_atom_descriptor_scaling': False,
 'no_bond_features_scaling': False,
 'no_cache_mol': False,
 'no_cuda': False,
 'no_features_scaling': False,
 'num_folds': 1,
 'num_lrs': 1,
 'num_tasks': 12,
 'num_workers': 8,
 'number_of_molecules': 1,
 'overwrite_default_atom_features': False,
 'overwrite_default_bond_features': False,
 'phase_features_path': None,
 'pytorch_seed': 0,
 'quiet': True,
 'reaction': False,
 'reaction_mode': 'reac_diff',
 'reaction_solvent': False,
 'resume_experiment': False,
 'save_dir': '/home/vo87poq/chemprop_projektarbeit/tox21_checkpoints/standard_set/D-MPNN_morgan_count',
 'save_preds': True,
 'save_smiles_splits': False,
 'seed': 0,
 'separate_test_atom_descriptors_path': None,
 'separate_test_bond_features_path': None,
 'separate_test_features_path': None,
 'separate_test_path': None,
 'separate_test_phase_features_path': None,
 'separate_val_atom_descriptors_path': None,
 'separate_val_bond_features_path': None,
 'separate_val_features_path': None,
 'separate_val_path': None,
 'separate_val_phase_features_path': None,
 'show_individual_scores': False,
 'smiles_columns': ['smiles'],
 'spectra_activation': 'exp',
 'spectra_phase_mask_path': None,
 'spectra_target_floor': 1e-08,
 'split_key_molecule': 0,
 'split_sizes': [0.8, 0.1, 0.1],
 'split_type': 'scaffold_balanced',
 'target_columns': None,
 'target_weights': None,
 'task_names': ['NR-AR',
                'NR-AR-LBD',
                'NR-AhR',
                'NR-Aromatase',
                'NR-ER',
                'NR-ER-LBD',
                'NR-PPAR-gamma',
                'SR-ARE',
                'SR-ATAD5',
                'SR-HSE',
                'SR-MMP',
                'SR-p53'],
 'test': False,
 'test_fold_index': None,
 'train_data_size': None,
 'undirected': False,
 'use_input_features': True,
 'val_fold_index': None,
 'warmup_epochs': 2.0}
Setting molecule featurization parameters to default.
Loading data
Number of tasks = 12
Fold 0
Splitting data with seed 0
Total scaffolds = 2,326 | train scaffolds = 1,535 | val scaffolds = 367 | test scaffolds = 424
Label averages per scaffold, in decreasing order of scaffold frequency,capped at 10 scaffolds and 20 labels:
Scaffold 0
Task 0: count = 1,703 | target average = 0.010570
Task 1: count = 1,650 | target average = 0.013939
Task 2: count = 1,623 | target average = 0.013555
Task 3: count = 1,527 | target average = 0.010478
Task 4: count = 1,562 | target average = 0.060819
Task 5: count = 1,676 | target average = 0.022076
Task 6: count = 1,646 | target average = 0.023086
Task 7: count = 1,518 | target average = 0.093544
Task 8: count = 1,700 | target average = 0.020588
Task 9: count = 1,613 | target average = 0.046497
Task 10: count = 1,472 | target average = 0.038043
Task 11: count = 1,657 | target average = 0.021123


Scaffold 1
Task 0: count = 1,382 | target average = 0.017366
Task 1: count = 1,312 | target average = 0.015244
Task 2: count = 1,246 | target average = 0.126003
Task 3: count = 1,146 | target average = 0.028796
Task 4: count = 1,215 | target average = 0.114403
Task 5: count = 1,353 | target average = 0.039172
Task 6: count = 1,282 | target average = 0.017941
Task 7: count = 1,224 | target average = 0.116013
Task 8: count = 1,358 | target average = 0.025773
Task 9: count = 1,328 | target average = 0.044428
Task 10: count = 1,159 | target average = 0.164797
Task 11: count = 1,325 | target average = 0.039245


Scaffold 2
Task 0: count = 77 | target average = 0.000000
Task 1: count = 74 | target average = 0.000000
Task 2: count = 72 | target average = 0.166667
Task 3: count = 70 | target average = 0.028571
Task 4: count = 70 | target average = 0.028571
Task 5: count = 78 | target average = 0.038462
Task 6: count = 73 | target average = 0.000000
Task 7: count = 75 | target average = 0.093333
Task 8: count = 77 | target average = 0.038961
Task 9: count = 77 | target average = 0.012987
Task 10: count = 70 | target average = 0.085714
Task 11: count = 77 | target average = 0.012987


Scaffold 3
Task 0: count = 79 | target average = 0.000000
Task 1: count = 70 | target average = 0.000000
Task 2: count = 69 | target average = 0.086957
Task 3: count = 50 | target average = 0.040000
Task 4: count = 60 | target average = 0.316667
Task 5: count = 67 | target average = 0.223881
Task 6: count = 57 | target average = 0.070175
Task 7: count = 52 | target average = 0.288462
Task 8: count = 75 | target average = 0.000000
Task 9: count = 67 | target average = 0.134328
Task 10: count = 60 | target average = 0.600000
Task 11: count = 60 | target average = 0.150000


Scaffold 4
Task 0: count = 65 | target average = 0.000000
Task 1: count = 62 | target average = 0.000000
Task 2: count = 55 | target average = 0.327273
Task 3: count = 53 | target average = 0.037736
Task 4: count = 56 | target average = 0.142857
Task 5: count = 65 | target average = 0.030769
Task 6: count = 60 | target average = 0.033333
Task 7: count = 56 | target average = 0.196429
Task 8: count = 64 | target average = 0.015625
Task 9: count = 61 | target average = 0.016393
Task 10: count = 53 | target average = 0.113208
Task 11: count = 63 | target average = 0.047619


Scaffold 5
Task 0: count = 62 | target average = 0.016129
Task 1: count = 62 | target average = 0.000000
Task 2: count = 60 | target average = 0.000000
Task 3: count = 58 | target average = 0.000000
Task 4: count = 58 | target average = 0.068966
Task 5: count = 61 | target average = 0.016393
Task 6: count = 61 | target average = 0.000000
Task 7: count = 56 | target average = 0.035714
Task 8: count = 62 | target average = 0.000000
Task 9: count = 57 | target average = 0.000000
Task 10: count = 53 | target average = 0.037736
Task 11: count = 61 | target average = 0.000000


Scaffold 6
Task 0: count = 48 | target average = 0.000000
Task 1: count = 37 | target average = 0.000000
Task 2: count = 41 | target average = 0.000000
Task 3: count = 47 | target average = 0.340426
Task 4: count = 27 | target average = 0.037037
Task 5: count = 32 | target average = 0.000000
Task 6: count = 37 | target average = 0.000000
Task 7: count = 42 | target average = 0.476190
Task 8: count = 38 | target average = 0.000000
Task 9: count = 40 | target average = 0.050000
Task 10: count = 31 | target average = 0.354839
Task 11: count = 31 | target average = 0.000000


Scaffold 7
Task 0: count = 45 | target average = 0.022222
Task 1: count = 41 | target average = 0.000000
Task 2: count = 39 | target average = 0.230769
Task 3: count = 31 | target average = 0.225806
Task 4: count = 31 | target average = 0.290323
Task 5: count = 39 | target average = 0.076923
Task 6: count = 39 | target average = 0.051282
Task 7: count = 37 | target average = 0.216216
Task 8: count = 45 | target average = 0.022222
Task 9: count = 40 | target average = 0.050000
Task 10: count = 33 | target average = 0.454545
Task 11: count = 41 | target average = 0.048780


Scaffold 8
Task 0: count = 34 | target average = 1.000000
Task 1: count = 35 | target average = 0.971429
Task 2: count = 33 | target average = 0.000000
Task 3: count = 12 | target average = 0.083333
Task 4: count = 30 | target average = 0.833333
Task 5: count = 31 | target average = 0.516129
Task 6: count = 32 | target average = 0.000000
Task 7: count = 23 | target average = 0.347826
Task 8: count = 35 | target average = 0.000000
Task 9: count = 33 | target average = 0.030303
Task 10: count = 32 | target average = 0.062500
Task 11: count = 35 | target average = 0.028571


Scaffold 9
Task 0: count = 37 | target average = 1.000000
Task 1: count = 37 | target average = 0.918919
Task 2: count = 19 | target average = 0.105263
Task 3: count = 0 | target average = nan
Task 4: count = 29 | target average = 0.172414
Task 5: count = 33 | target average = 0.030303
Task 6: count = 32 | target average = 0.000000
Task 7: count = 25 | target average = 0.120000
Task 8: count = 35 | target average = 0.000000
Task 9: count = 29 | target average = 0.000000
Task 10: count = 33 | target average = 0.272727
Task 11: count = 35 | target average = 0.000000


Class sizes
NR-AR 0: 95.75%, 1: 4.25%
NR-AR-LBD 0: 96.49%, 1: 3.51%
NR-AhR 0: 88.27%, 1: 11.73%
NR-Aromatase 0: 94.85%, 1: 5.15%
NR-ER 0: 87.20%, 1: 12.80%
NR-ER-LBD 0: 94.97%, 1: 5.03%
NR-PPAR-gamma 0: 97.12%, 1: 2.88%
SR-ARE 0: 83.85%, 1: 16.15%
SR-ATAD5 0: 96.27%, 1: 3.73%
SR-HSE 0: 94.25%, 1: 5.75%
SR-MMP 0: 84.20%, 1: 15.80%
SR-p53 0: 93.76%, 1: 6.24%
Total size = 7,831 | train size = 6,264 | val size = 783 | test size = 784
Building model 0
MoleculeModel(
  (sigmoid): Sigmoid()
  (encoder): MPN(
    (encoder): ModuleList(
      (0): MPNEncoder(
        (dropout_layer): Dropout(p=0.0, inplace=False)
        (act_func): ReLU()
        (W_i): Linear(in_features=147, out_features=300, bias=False)
        (W_h): Linear(in_features=300, out_features=300, bias=False)
        (W_o): Linear(in_features=433, out_features=300, bias=True)
      )
    )
  )
  (ffn): Sequential(
    (0): Dropout(p=0.0, inplace=False)
    (1): Linear(in_features=2348, out_features=300, bias=True)
    (2): ReLU()
    (3): Dropout(p=0.0, inplace=False)
    (4): Linear(in_features=300, out_features=12, bias=True)
  )
)
Number of parameters = 972,912
Moving model to cuda
Epoch 0
Loss = 9.2141e-01, PNorm = 37.4810, GNorm = 2.0794, lr_0 = 1.3960e-04
Loss = 6.4245e-01, PNorm = 37.5005, GNorm = 1.1639, lr_0 = 1.7560e-04
Loss = 3.8115e-01, PNorm = 37.5337, GNorm = 0.9412, lr_0 = 2.1160e-04
Loss = 3.1165e-01, PNorm = 37.5435, GNorm = 0.9385, lr_0 = 2.4760e-04
Loss = 2.6396e-01, PNorm = 37.5447, GNorm = 0.9822, lr_0 = 2.8360e-04
Loss = 2.5231e-01, PNorm = 37.5560, GNorm = 0.8195, lr_0 = 3.1960e-04
Loss = 2.3442e-01, PNorm = 37.5704, GNorm = 0.5588, lr_0 = 3.5560e-04
Loss = 2.3981e-01, PNorm = 37.5894, GNorm = 0.4883, lr_0 = 3.9160e-04
Loss = 2.0946e-01, PNorm = 37.6117, GNorm = 0.4914, lr_0 = 4.2760e-04
Loss = 2.2952e-01, PNorm = 37.6306, GNorm = 0.6606, lr_0 = 4.6360e-04
Loss = 2.1441e-01, PNorm = 37.6483, GNorm = 0.6146, lr_0 = 4.9960e-04
Loss = 2.3216e-01, PNorm = 37.6687, GNorm = 0.6981, lr_0 = 5.3560e-04
Validation auc = 0.765109
Epoch 1
Loss = 1.5305e-01, PNorm = 37.6978, GNorm = 0.4426, lr_0 = 5.7520e-04
Loss = 1.5781e-01, PNorm = 37.7250, GNorm = 0.4119, lr_0 = 6.1120e-04
Loss = 1.5803e-01, PNorm = 37.7535, GNorm = 0.4434, lr_0 = 6.4720e-04
Loss = 1.5138e-01, PNorm = 37.7889, GNorm = 0.5187, lr_0 = 6.8320e-04
Loss = 1.3771e-01, PNorm = 37.8166, GNorm = 0.4672, lr_0 = 7.1920e-04
Loss = 1.4313e-01, PNorm = 37.8426, GNorm = 0.4588, lr_0 = 7.5520e-04
Loss = 1.5057e-01, PNorm = 37.8733, GNorm = 0.5215, lr_0 = 7.9120e-04
Loss = 1.7116e-01, PNorm = 37.9110, GNorm = 0.4432, lr_0 = 8.2720e-04
Loss = 1.7257e-01, PNorm = 37.9578, GNorm = 0.4575, lr_0 = 8.6320e-04
Loss = 1.4604e-01, PNorm = 38.0118, GNorm = 0.5679, lr_0 = 8.9920e-04
Loss = 1.3667e-01, PNorm = 38.0755, GNorm = 0.4149, lr_0 = 9.3520e-04
Loss = 1.5915e-01, PNorm = 38.1361, GNorm = 0.5912, lr_0 = 9.7120e-04
Loss = 1.6812e-01, PNorm = 38.1941, GNorm = 0.3398, lr_0 = 9.9869e-04
Loss = 2.4262e-01, PNorm = 38.1969, GNorm = 1.2684, lr_0 = 9.9803e-04
Validation auc = 0.790477
Epoch 2
Loss = 9.4622e-02, PNorm = 38.2751, GNorm = 0.3163, lr_0 = 9.9148e-04
Loss = 8.5921e-02, PNorm = 38.3433, GNorm = 0.3423, lr_0 = 9.8498e-04
Loss = 9.6414e-02, PNorm = 38.3954, GNorm = 0.2778, lr_0 = 9.7852e-04
Loss = 9.6781e-02, PNorm = 38.4509, GNorm = 0.4561, lr_0 = 9.7211e-04
Loss = 9.1759e-02, PNorm = 38.5064, GNorm = 0.3518, lr_0 = 9.6573e-04
Loss = 9.5383e-02, PNorm = 38.5695, GNorm = 0.3634, lr_0 = 9.5940e-04
Loss = 9.6278e-02, PNorm = 38.6320, GNorm = 0.3579, lr_0 = 9.5311e-04
Loss = 9.1417e-02, PNorm = 38.6765, GNorm = 0.3318, lr_0 = 9.4686e-04
Loss = 1.0943e-01, PNorm = 38.7182, GNorm = 0.4360, lr_0 = 9.4065e-04
Loss = 1.1184e-01, PNorm = 38.7622, GNorm = 0.4181, lr_0 = 9.3448e-04
Loss = 8.9925e-02, PNorm = 38.8170, GNorm = 0.3092, lr_0 = 9.2836e-04
Loss = 1.0770e-01, PNorm = 38.8604, GNorm = 0.2749, lr_0 = 9.2227e-04
Validation auc = 0.788742
Epoch 3
Loss = 5.0134e-02, PNorm = 38.9126, GNorm = 0.1681, lr_0 = 9.1562e-04
Loss = 5.7448e-02, PNorm = 38.9552, GNorm = 0.2221, lr_0 = 9.0961e-04
Loss = 6.4851e-02, PNorm = 39.0002, GNorm = 0.1789, lr_0 = 9.0365e-04
Loss = 5.7608e-02, PNorm = 39.0455, GNorm = 0.1650, lr_0 = 8.9772e-04
Loss = 4.9653e-02, PNorm = 39.0921, GNorm = 0.1813, lr_0 = 8.9184e-04
Loss = 5.7582e-02, PNorm = 39.1432, GNorm = 0.2487, lr_0 = 8.8599e-04
Loss = 6.1272e-02, PNorm = 39.1792, GNorm = 0.2715, lr_0 = 8.8018e-04
Loss = 6.7221e-02, PNorm = 39.2257, GNorm = 0.2879, lr_0 = 8.7441e-04
Loss = 5.8366e-02, PNorm = 39.2685, GNorm = 0.2329, lr_0 = 8.6867e-04
Loss = 6.7222e-02, PNorm = 39.3150, GNorm = 0.3539, lr_0 = 8.6298e-04
Loss = 6.6645e-02, PNorm = 39.3448, GNorm = 0.2795, lr_0 = 8.5732e-04
Loss = 6.7176e-02, PNorm = 39.3921, GNorm = 0.3606, lr_0 = 8.5170e-04
Loss = 6.6944e-02, PNorm = 39.4192, GNorm = 0.3147, lr_0 = 8.4611e-04
Validation auc = 0.784426
Epoch 4
Loss = 4.5901e-02, PNorm = 39.4634, GNorm = 0.1885, lr_0 = 8.4057e-04
Loss = 3.7397e-02, PNorm = 39.5100, GNorm = 0.1532, lr_0 = 8.3505e-04
Loss = 4.2536e-02, PNorm = 39.5514, GNorm = 0.1207, lr_0 = 8.2958e-04
Loss = 4.6768e-02, PNorm = 39.5912, GNorm = 0.2027, lr_0 = 8.2414e-04
Loss = 4.5932e-02, PNorm = 39.6192, GNorm = 0.1754, lr_0 = 8.1873e-04
Loss = 3.3857e-02, PNorm = 39.6614, GNorm = 0.1084, lr_0 = 8.1337e-04
Loss = 5.4377e-02, PNorm = 39.6879, GNorm = 0.1956, lr_0 = 8.0803e-04
Loss = 4.4164e-02, PNorm = 39.7357, GNorm = 0.2046, lr_0 = 8.0273e-04
Loss = 3.3751e-02, PNorm = 39.7699, GNorm = 0.2167, lr_0 = 7.9747e-04
Loss = 5.1997e-02, PNorm = 39.7960, GNorm = 0.3172, lr_0 = 7.9224e-04
Loss = 4.6156e-02, PNorm = 39.8342, GNorm = 0.2144, lr_0 = 7.8705e-04
Loss = 4.4352e-02, PNorm = 39.8660, GNorm = 0.2077, lr_0 = 7.8188e-04
Validation auc = 0.786293
Epoch 5
Loss = 2.4270e-02, PNorm = 39.9079, GNorm = 0.1264, lr_0 = 7.7625e-04
Loss = 2.5392e-02, PNorm = 39.9450, GNorm = 0.0997, lr_0 = 7.7116e-04
Loss = 3.0752e-02, PNorm = 39.9748, GNorm = 0.0823, lr_0 = 7.6610e-04
Loss = 3.5398e-02, PNorm = 40.0143, GNorm = 0.2830, lr_0 = 7.6108e-04
Loss = 3.6043e-02, PNorm = 40.0513, GNorm = 0.1522, lr_0 = 7.5609e-04
Loss = 3.1757e-02, PNorm = 40.0871, GNorm = 0.2426, lr_0 = 7.5113e-04
Loss = 3.6716e-02, PNorm = 40.1038, GNorm = 0.2597, lr_0 = 7.4620e-04
Loss = 3.6110e-02, PNorm = 40.1455, GNorm = 0.1753, lr_0 = 7.4131e-04
Loss = 3.4741e-02, PNorm = 40.1662, GNorm = 0.1166, lr_0 = 7.3645e-04
Loss = 3.4156e-02, PNorm = 40.1937, GNorm = 0.1677, lr_0 = 7.3162e-04
Loss = 3.7281e-02, PNorm = 40.2145, GNorm = 0.1717, lr_0 = 7.2682e-04
Loss = 4.4287e-02, PNorm = 40.2483, GNorm = 0.2187, lr_0 = 7.2206e-04
Loss = 3.4503e-02, PNorm = 40.2880, GNorm = 0.1164, lr_0 = 7.1732e-04
Validation auc = 0.780815
Epoch 6
Loss = 2.7221e-02, PNorm = 40.3206, GNorm = 0.1039, lr_0 = 7.1215e-04
Loss = 3.1776e-02, PNorm = 40.3551, GNorm = 0.0571, lr_0 = 7.0748e-04
Loss = 2.4427e-02, PNorm = 40.3814, GNorm = 0.1569, lr_0 = 7.0284e-04
Loss = 2.3450e-02, PNorm = 40.4068, GNorm = 0.0899, lr_0 = 6.9823e-04
Loss = 2.4899e-02, PNorm = 40.4378, GNorm = 0.1098, lr_0 = 6.9365e-04
Loss = 2.9902e-02, PNorm = 40.4664, GNorm = 0.1389, lr_0 = 6.8911e-04
Loss = 3.2153e-02, PNorm = 40.5047, GNorm = 0.1964, lr_0 = 6.8459e-04
Loss = 3.1660e-02, PNorm = 40.5264, GNorm = 0.1479, lr_0 = 6.8010e-04
Loss = 2.4634e-02, PNorm = 40.5561, GNorm = 0.1689, lr_0 = 6.7564e-04
Loss = 3.1348e-02, PNorm = 40.5892, GNorm = 0.1752, lr_0 = 6.7121e-04
Loss = 2.5709e-02, PNorm = 40.6091, GNorm = 0.0757, lr_0 = 6.6681e-04
Loss = 2.6782e-02, PNorm = 40.6329, GNorm = 0.1965, lr_0 = 6.6243e-04
Validation auc = 0.778714
Epoch 7
Loss = 1.2848e-02, PNorm = 40.6650, GNorm = 0.0652, lr_0 = 6.5766e-04
Loss = 2.2378e-02, PNorm = 40.7029, GNorm = 0.0879, lr_0 = 6.5335e-04
Loss = 2.2623e-02, PNorm = 40.7261, GNorm = 0.1847, lr_0 = 6.4906e-04
Loss = 2.1422e-02, PNorm = 40.7515, GNorm = 0.1026, lr_0 = 6.4481e-04
Loss = 2.4293e-02, PNorm = 40.7760, GNorm = 0.0915, lr_0 = 6.4058e-04
Loss = 2.7279e-02, PNorm = 40.7917, GNorm = 0.1697, lr_0 = 6.3638e-04
Loss = 2.0955e-02, PNorm = 40.8216, GNorm = 0.1125, lr_0 = 6.3220e-04
Loss = 2.2586e-02, PNorm = 40.8481, GNorm = 0.1816, lr_0 = 6.2806e-04
Loss = 2.0345e-02, PNorm = 40.8713, GNorm = 0.1297, lr_0 = 6.2394e-04
Loss = 2.6026e-02, PNorm = 40.8957, GNorm = 0.1606, lr_0 = 6.1985e-04
Loss = 2.3266e-02, PNorm = 40.9173, GNorm = 0.1681, lr_0 = 6.1578e-04
Loss = 2.2187e-02, PNorm = 40.9401, GNorm = 0.1753, lr_0 = 6.1175e-04
Loss = 2.5326e-02, PNorm = 40.9579, GNorm = 0.2253, lr_0 = 6.0774e-04
Validation auc = 0.775357
Epoch 8
Loss = 1.5970e-02, PNorm = 40.9829, GNorm = 0.1335, lr_0 = 6.0375e-04
Loss = 1.9559e-02, PNorm = 41.0082, GNorm = 0.0837, lr_0 = 5.9979e-04
Loss = 2.1358e-02, PNorm = 41.0316, GNorm = 0.1036, lr_0 = 5.9586e-04
Loss = 2.0671e-02, PNorm = 41.0534, GNorm = 0.1441, lr_0 = 5.9195e-04
Loss = 2.0853e-02, PNorm = 41.0767, GNorm = 0.1493, lr_0 = 5.8807e-04
Loss = 2.0618e-02, PNorm = 41.1027, GNorm = 0.1295, lr_0 = 5.8421e-04
Loss = 2.1734e-02, PNorm = 41.1171, GNorm = 0.2253, lr_0 = 5.8038e-04
Loss = 1.9274e-02, PNorm = 41.1429, GNorm = 0.0582, lr_0 = 5.7658e-04
Loss = 2.2026e-02, PNorm = 41.1613, GNorm = 0.0798, lr_0 = 5.7280e-04
Loss = 1.8957e-02, PNorm = 41.1860, GNorm = 0.1784, lr_0 = 5.6904e-04
Loss = 2.0272e-02, PNorm = 41.2093, GNorm = 0.1596, lr_0 = 5.6531e-04
Loss = 2.1006e-02, PNorm = 41.2298, GNorm = 0.0820, lr_0 = 5.6160e-04
Validation auc = 0.775010
Epoch 9
Loss = 1.4388e-02, PNorm = 41.2480, GNorm = 0.0946, lr_0 = 5.5755e-04
Loss = 1.8935e-02, PNorm = 41.2724, GNorm = 0.1286, lr_0 = 5.5390e-04
Loss = 1.4997e-02, PNorm = 41.2892, GNorm = 0.0453, lr_0 = 5.5026e-04
Loss = 1.2609e-02, PNorm = 41.3113, GNorm = 0.1209, lr_0 = 5.4666e-04
Loss = 1.6645e-02, PNorm = 41.3266, GNorm = 0.1263, lr_0 = 5.4307e-04
Loss = 1.6034e-02, PNorm = 41.3430, GNorm = 0.1847, lr_0 = 5.3951e-04
Loss = 1.9662e-02, PNorm = 41.3596, GNorm = 0.0893, lr_0 = 5.3597e-04
Loss = 1.5528e-02, PNorm = 41.3798, GNorm = 0.0978, lr_0 = 5.3246e-04
Loss = 1.4838e-02, PNorm = 41.4001, GNorm = 0.0692, lr_0 = 5.2897e-04
Loss = 2.2189e-02, PNorm = 41.4162, GNorm = 0.0942, lr_0 = 5.2550e-04
Loss = 1.4904e-02, PNorm = 41.4401, GNorm = 0.0816, lr_0 = 5.2205e-04
Loss = 2.0180e-02, PNorm = 41.4656, GNorm = 0.1472, lr_0 = 5.1863e-04
Loss = 2.1061e-02, PNorm = 41.4879, GNorm = 0.0926, lr_0 = 5.1523e-04
Validation auc = 0.774978
Epoch 10
Loss = 1.4126e-02, PNorm = 41.5048, GNorm = 0.0608, lr_0 = 5.1151e-04
Loss = 1.6124e-02, PNorm = 41.5209, GNorm = 0.0960, lr_0 = 5.0816e-04
Loss = 1.4168e-02, PNorm = 41.5380, GNorm = 0.0941, lr_0 = 5.0483e-04
Loss = 1.7236e-02, PNorm = 41.5506, GNorm = 0.1357, lr_0 = 5.0152e-04
Loss = 1.9571e-02, PNorm = 41.5726, GNorm = 0.0994, lr_0 = 4.9823e-04
Loss = 1.4904e-02, PNorm = 41.5882, GNorm = 0.0781, lr_0 = 4.9496e-04
Loss = 1.1838e-02, PNorm = 41.6066, GNorm = 0.1611, lr_0 = 4.9172e-04
Loss = 1.2200e-02, PNorm = 41.6221, GNorm = 0.1258, lr_0 = 4.8849e-04
Loss = 1.4107e-02, PNorm = 41.6344, GNorm = 0.1019, lr_0 = 4.8529e-04
Loss = 2.0327e-02, PNorm = 41.6548, GNorm = 0.0935, lr_0 = 4.8211e-04
Loss = 1.8160e-02, PNorm = 41.6734, GNorm = 0.0607, lr_0 = 4.7895e-04
Loss = 1.3647e-02, PNorm = 41.6940, GNorm = 0.1474, lr_0 = 4.7580e-04
Validation auc = 0.775138
Epoch 11
Loss = 1.8482e-02, PNorm = 41.7112, GNorm = 0.0956, lr_0 = 4.7268e-04
Loss = 1.3293e-02, PNorm = 41.7286, GNorm = 0.0577, lr_0 = 4.6959e-04
Loss = 1.2654e-02, PNorm = 41.7449, GNorm = 0.0612, lr_0 = 4.6651e-04
Loss = 9.4746e-03, PNorm = 41.7593, GNorm = 0.0956, lr_0 = 4.6345e-04
Loss = 1.0932e-02, PNorm = 41.7724, GNorm = 0.0612, lr_0 = 4.6041e-04
Loss = 1.3390e-02, PNorm = 41.7902, GNorm = 0.1508, lr_0 = 4.5739e-04
Loss = 1.5588e-02, PNorm = 41.8058, GNorm = 0.1329, lr_0 = 4.5439e-04
Loss = 1.2287e-02, PNorm = 41.8191, GNorm = 0.0657, lr_0 = 4.5141e-04
Loss = 1.7392e-02, PNorm = 41.8372, GNorm = 0.1553, lr_0 = 4.4845e-04
Loss = 1.4886e-02, PNorm = 41.8569, GNorm = 0.0671, lr_0 = 4.4551e-04
Loss = 1.5314e-02, PNorm = 41.8749, GNorm = 0.2174, lr_0 = 4.4259e-04
Loss = 1.2954e-02, PNorm = 41.8943, GNorm = 0.1783, lr_0 = 4.3969e-04
Loss = 2.2164e-02, PNorm = 41.9060, GNorm = 0.1789, lr_0 = 4.3680e-04
Validation auc = 0.773334
Epoch 12
Loss = 1.2132e-02, PNorm = 41.9226, GNorm = 0.0623, lr_0 = 4.3365e-04
Loss = 8.4074e-03, PNorm = 41.9427, GNorm = 0.0337, lr_0 = 4.3081e-04
Loss = 1.0649e-02, PNorm = 41.9586, GNorm = 0.1455, lr_0 = 4.2799e-04
Loss = 1.3575e-02, PNorm = 41.9709, GNorm = 0.0893, lr_0 = 4.2518e-04
Loss = 7.6020e-03, PNorm = 41.9825, GNorm = 0.0801, lr_0 = 4.2239e-04
Loss = 1.2994e-02, PNorm = 41.9924, GNorm = 0.1204, lr_0 = 4.1962e-04
Loss = 1.5119e-02, PNorm = 42.0035, GNorm = 0.0651, lr_0 = 4.1687e-04
Loss = 1.0262e-02, PNorm = 42.0227, GNorm = 0.0760, lr_0 = 4.1414e-04
Loss = 9.6621e-03, PNorm = 42.0321, GNorm = 0.0626, lr_0 = 4.1142e-04
Loss = 1.3639e-02, PNorm = 42.0461, GNorm = 0.1630, lr_0 = 4.0872e-04
Loss = 2.0801e-02, PNorm = 42.0568, GNorm = 0.1963, lr_0 = 4.0604e-04
Loss = 1.6477e-02, PNorm = 42.0765, GNorm = 0.0771, lr_0 = 4.0338e-04
Validation auc = 0.770358
Epoch 13
Loss = 7.9558e-03, PNorm = 42.0887, GNorm = 0.0963, lr_0 = 4.0047e-04
Loss = 1.1433e-02, PNorm = 42.1073, GNorm = 0.0585, lr_0 = 3.9785e-04
Loss = 9.3806e-03, PNorm = 42.1263, GNorm = 0.1303, lr_0 = 3.9524e-04
Loss = 1.5596e-02, PNorm = 42.1356, GNorm = 0.0433, lr_0 = 3.9264e-04
Loss = 1.2076e-02, PNorm = 42.1519, GNorm = 0.0479, lr_0 = 3.9007e-04
Loss = 9.2440e-03, PNorm = 42.1708, GNorm = 0.0784, lr_0 = 3.8751e-04
Loss = 1.1608e-02, PNorm = 42.1844, GNorm = 0.2335, lr_0 = 3.8497e-04
Loss = 1.0830e-02, PNorm = 42.1965, GNorm = 0.0642, lr_0 = 3.8245e-04
Loss = 1.3496e-02, PNorm = 42.2055, GNorm = 0.1279, lr_0 = 3.7994e-04
Loss = 1.3106e-02, PNorm = 42.2159, GNorm = 0.0386, lr_0 = 3.7745e-04
Loss = 1.1913e-02, PNorm = 42.2318, GNorm = 0.0481, lr_0 = 3.7497e-04
Loss = 1.2009e-02, PNorm = 42.2445, GNorm = 0.0890, lr_0 = 3.7251e-04
Loss = 1.2735e-02, PNorm = 42.2560, GNorm = 0.1615, lr_0 = 3.7007e-04
Validation auc = 0.772207
Epoch 14
Loss = 8.8067e-03, PNorm = 42.2682, GNorm = 0.0833, lr_0 = 3.6740e-04
Loss = 9.5195e-03, PNorm = 42.2796, GNorm = 0.0478, lr_0 = 3.6499e-04
Loss = 9.4546e-03, PNorm = 42.2939, GNorm = 0.0731, lr_0 = 3.6260e-04
Loss = 1.0913e-02, PNorm = 42.3071, GNorm = 0.0686, lr_0 = 3.6022e-04
Loss = 9.4854e-03, PNorm = 42.3204, GNorm = 0.0956, lr_0 = 3.5786e-04
Loss = 9.8708e-03, PNorm = 42.3333, GNorm = 0.0816, lr_0 = 3.5551e-04
Loss = 1.3841e-02, PNorm = 42.3406, GNorm = 0.1205, lr_0 = 3.5318e-04
Loss = 1.0087e-02, PNorm = 42.3539, GNorm = 0.1372, lr_0 = 3.5087e-04
Loss = 1.3016e-02, PNorm = 42.3655, GNorm = 0.0474, lr_0 = 3.4857e-04
Loss = 9.6523e-03, PNorm = 42.3743, GNorm = 0.0857, lr_0 = 3.4628e-04
Loss = 1.4747e-02, PNorm = 42.3925, GNorm = 0.0423, lr_0 = 3.4401e-04
Loss = 8.6379e-03, PNorm = 42.4045, GNorm = 0.1651, lr_0 = 3.4175e-04
Validation auc = 0.770668
Epoch 15
Loss = 9.3169e-03, PNorm = 42.4143, GNorm = 0.0595, lr_0 = 3.3951e-04
Loss = 9.4369e-03, PNorm = 42.4275, GNorm = 0.0533, lr_0 = 3.3729e-04
Loss = 7.8160e-03, PNorm = 42.4352, GNorm = 0.0694, lr_0 = 3.3508e-04
Loss = 7.6370e-03, PNorm = 42.4419, GNorm = 0.0546, lr_0 = 3.3288e-04
Loss = 7.5687e-03, PNorm = 42.4562, GNorm = 0.0997, lr_0 = 3.3070e-04
Loss = 1.0696e-02, PNorm = 42.4633, GNorm = 0.0773, lr_0 = 3.2853e-04
Loss = 1.0089e-02, PNorm = 42.4778, GNorm = 0.0692, lr_0 = 3.2637e-04
Loss = 1.2885e-02, PNorm = 42.4943, GNorm = 0.1144, lr_0 = 3.2423e-04
Loss = 8.4520e-03, PNorm = 42.5106, GNorm = 0.1125, lr_0 = 3.2211e-04
Loss = 1.1730e-02, PNorm = 42.5176, GNorm = 0.0674, lr_0 = 3.1999e-04
Loss = 1.1732e-02, PNorm = 42.5278, GNorm = 0.1084, lr_0 = 3.1790e-04
Loss = 8.7979e-03, PNorm = 42.5424, GNorm = 0.0248, lr_0 = 3.1581e-04
Loss = 1.5244e-02, PNorm = 42.5514, GNorm = 0.1444, lr_0 = 3.1374e-04
Validation auc = 0.771556
Epoch 16
Loss = 1.1877e-02, PNorm = 42.5619, GNorm = 0.0652, lr_0 = 3.1148e-04
Loss = 1.0882e-02, PNorm = 42.5699, GNorm = 0.0657, lr_0 = 3.0944e-04
Loss = 8.4597e-03, PNorm = 42.5804, GNorm = 0.0659, lr_0 = 3.0741e-04
Loss = 1.1351e-02, PNorm = 42.5937, GNorm = 0.0662, lr_0 = 3.0539e-04
Loss = 6.6036e-03, PNorm = 42.6058, GNorm = 0.0740, lr_0 = 3.0339e-04
Loss = 1.0972e-02, PNorm = 42.6170, GNorm = 0.0702, lr_0 = 3.0140e-04
Loss = 7.7451e-03, PNorm = 42.6228, GNorm = 0.0635, lr_0 = 2.9942e-04
Loss = 8.4169e-03, PNorm = 42.6306, GNorm = 0.0608, lr_0 = 2.9746e-04
Loss = 8.9231e-03, PNorm = 42.6440, GNorm = 0.0795, lr_0 = 2.9551e-04
Loss = 1.0780e-02, PNorm = 42.6515, GNorm = 0.1031, lr_0 = 2.9357e-04
Loss = 1.1847e-02, PNorm = 42.6585, GNorm = 0.1257, lr_0 = 2.9165e-04
Loss = 7.7688e-03, PNorm = 42.6695, GNorm = 0.0342, lr_0 = 2.8973e-04
Validation auc = 0.772401
Epoch 17
Loss = 2.0141e-02, PNorm = 42.6781, GNorm = 0.1453, lr_0 = 2.8765e-04
Loss = 8.2126e-03, PNorm = 42.6852, GNorm = 0.0329, lr_0 = 2.8576e-04
Loss = 9.8974e-03, PNorm = 42.6951, GNorm = 0.0495, lr_0 = 2.8389e-04
Loss = 9.1183e-03, PNorm = 42.7042, GNorm = 0.0435, lr_0 = 2.8202e-04
Loss = 7.6352e-03, PNorm = 42.7094, GNorm = 0.0443, lr_0 = 2.8017e-04
Loss = 7.7613e-03, PNorm = 42.7216, GNorm = 0.0663, lr_0 = 2.7834e-04
Loss = 7.2974e-03, PNorm = 42.7344, GNorm = 0.0317, lr_0 = 2.7651e-04
Loss = 9.2606e-03, PNorm = 42.7410, GNorm = 0.0429, lr_0 = 2.7470e-04
Loss = 1.0978e-02, PNorm = 42.7491, GNorm = 0.1053, lr_0 = 2.7290e-04
Loss = 8.1636e-03, PNorm = 42.7597, GNorm = 0.0153, lr_0 = 2.7111e-04
Loss = 9.3226e-03, PNorm = 42.7714, GNorm = 0.0591, lr_0 = 2.6933e-04
Loss = 6.7139e-03, PNorm = 42.7826, GNorm = 0.0619, lr_0 = 2.6756e-04
Loss = 1.1238e-02, PNorm = 42.7915, GNorm = 0.1688, lr_0 = 2.6581e-04
Validation auc = 0.772834
Epoch 18
Loss = 6.6126e-03, PNorm = 42.8025, GNorm = 0.0331, lr_0 = 2.6407e-04
Loss = 6.4898e-03, PNorm = 42.8167, GNorm = 0.1427, lr_0 = 2.6234e-04
Loss = 7.9631e-03, PNorm = 42.8225, GNorm = 0.0421, lr_0 = 2.6062e-04
Loss = 6.6757e-03, PNorm = 42.8302, GNorm = 0.0950, lr_0 = 2.5891e-04
Loss = 8.6761e-03, PNorm = 42.8404, GNorm = 0.0859, lr_0 = 2.5721e-04
Loss = 8.4421e-03, PNorm = 42.8497, GNorm = 0.0551, lr_0 = 2.5552e-04
Loss = 8.6021e-03, PNorm = 42.8580, GNorm = 0.1983, lr_0 = 2.5385e-04
Loss = 6.2401e-03, PNorm = 42.8618, GNorm = 0.0243, lr_0 = 2.5218e-04
Loss = 9.1560e-03, PNorm = 42.8685, GNorm = 0.0751, lr_0 = 2.5053e-04
Loss = 9.9930e-03, PNorm = 42.8804, GNorm = 0.1201, lr_0 = 2.4889e-04
Loss = 1.1707e-02, PNorm = 42.8857, GNorm = 0.1584, lr_0 = 2.4725e-04
Loss = 9.0978e-03, PNorm = 42.8934, GNorm = 0.0477, lr_0 = 2.4563e-04
Loss = 1.1616e-02, PNorm = 42.9040, GNorm = 0.0770, lr_0 = 2.4402e-04
Loss = 1.0431e-02, PNorm = 42.9050, GNorm = 0.0904, lr_0 = 2.4386e-04
Validation auc = 0.769609
Epoch 19
Loss = 5.8651e-03, PNorm = 42.9147, GNorm = 0.0601, lr_0 = 2.4226e-04
Loss = 7.5902e-03, PNorm = 42.9221, GNorm = 0.0304, lr_0 = 2.4067e-04
Loss = 6.9824e-03, PNorm = 42.9314, GNorm = 0.0252, lr_0 = 2.3910e-04
Loss = 7.9222e-03, PNorm = 42.9429, GNorm = 0.0432, lr_0 = 2.3753e-04
Loss = 6.9545e-03, PNorm = 42.9498, GNorm = 0.0953, lr_0 = 2.3597e-04
Loss = 6.4893e-03, PNorm = 42.9541, GNorm = 0.0980, lr_0 = 2.3442e-04
Loss = 1.1607e-02, PNorm = 42.9604, GNorm = 0.1432, lr_0 = 2.3289e-04
Loss = 6.6844e-03, PNorm = 42.9683, GNorm = 0.0692, lr_0 = 2.3136e-04
Loss = 1.0627e-02, PNorm = 42.9749, GNorm = 0.0633, lr_0 = 2.2984e-04
Loss = 1.0861e-02, PNorm = 42.9808, GNorm = 0.2129, lr_0 = 2.2833e-04
Loss = 8.2190e-03, PNorm = 42.9895, GNorm = 0.0879, lr_0 = 2.2684e-04
Loss = 8.4435e-03, PNorm = 43.0005, GNorm = 0.0626, lr_0 = 2.2535e-04
Validation auc = 0.771882
Epoch 20
Loss = 6.6011e-03, PNorm = 43.0122, GNorm = 0.0294, lr_0 = 2.2372e-04
Loss = 5.8012e-03, PNorm = 43.0204, GNorm = 0.0238, lr_0 = 2.2226e-04
Loss = 6.2866e-03, PNorm = 43.0267, GNorm = 0.0694, lr_0 = 2.2080e-04
Loss = 7.0595e-03, PNorm = 43.0323, GNorm = 0.0672, lr_0 = 2.1935e-04
Loss = 7.8111e-03, PNorm = 43.0363, GNorm = 0.1090, lr_0 = 2.1791e-04
Loss = 7.6878e-03, PNorm = 43.0442, GNorm = 0.0880, lr_0 = 2.1649e-04
Loss = 9.0959e-03, PNorm = 43.0549, GNorm = 0.0623, lr_0 = 2.1507e-04
Loss = 7.0830e-03, PNorm = 43.0614, GNorm = 0.0438, lr_0 = 2.1366e-04
Loss = 7.7076e-03, PNorm = 43.0658, GNorm = 0.1094, lr_0 = 2.1225e-04
Loss = 8.8343e-03, PNorm = 43.0747, GNorm = 0.2326, lr_0 = 2.1086e-04
Loss = 9.5797e-03, PNorm = 43.0888, GNorm = 0.0529, lr_0 = 2.0948e-04
Loss = 8.3598e-03, PNorm = 43.0898, GNorm = 0.0594, lr_0 = 2.0811e-04
Loss = 7.6108e-03, PNorm = 43.0951, GNorm = 0.0478, lr_0 = 2.0674e-04
Loss = 4.6997e-03, PNorm = 43.0959, GNorm = 0.0898, lr_0 = 2.0661e-04
Validation auc = 0.769792
Epoch 21
Loss = 6.4339e-03, PNorm = 43.1045, GNorm = 0.0516, lr_0 = 2.0525e-04
Loss = 9.0541e-03, PNorm = 43.1111, GNorm = 0.0234, lr_0 = 2.0391e-04
Loss = 9.2450e-03, PNorm = 43.1207, GNorm = 0.0856, lr_0 = 2.0257e-04
Loss = 5.6792e-03, PNorm = 43.1319, GNorm = 0.0738, lr_0 = 2.0124e-04
Loss = 5.7897e-03, PNorm = 43.1370, GNorm = 0.0426, lr_0 = 1.9992e-04
Loss = 6.5426e-03, PNorm = 43.1431, GNorm = 0.0713, lr_0 = 1.9861e-04
Loss = 6.9062e-03, PNorm = 43.1485, GNorm = 0.1145, lr_0 = 1.9731e-04
Loss = 7.3729e-03, PNorm = 43.1535, GNorm = 0.0921, lr_0 = 1.9601e-04
Loss = 6.5866e-03, PNorm = 43.1611, GNorm = 0.0863, lr_0 = 1.9473e-04
Loss = 8.8918e-03, PNorm = 43.1688, GNorm = 0.0103, lr_0 = 1.9345e-04
Loss = 7.1747e-03, PNorm = 43.1756, GNorm = 0.0498, lr_0 = 1.9218e-04
Loss = 9.7932e-03, PNorm = 43.1814, GNorm = 0.1800, lr_0 = 1.9092e-04
Validation auc = 0.771282
Epoch 22
Loss = 5.7276e-03, PNorm = 43.1895, GNorm = 0.0360, lr_0 = 1.8967e-04
Loss = 9.5253e-03, PNorm = 43.1941, GNorm = 0.0965, lr_0 = 1.8843e-04
Loss = 5.9283e-03, PNorm = 43.2011, GNorm = 0.0459, lr_0 = 1.8719e-04
Loss = 8.1421e-03, PNorm = 43.2058, GNorm = 0.0864, lr_0 = 1.8596e-04
Loss = 6.7584e-03, PNorm = 43.2118, GNorm = 0.0142, lr_0 = 1.8474e-04
Loss = 6.2509e-03, PNorm = 43.2192, GNorm = 0.0184, lr_0 = 1.8353e-04
Loss = 9.2633e-03, PNorm = 43.2269, GNorm = 0.0900, lr_0 = 1.8233e-04
Loss = 6.3555e-03, PNorm = 43.2352, GNorm = 0.0797, lr_0 = 1.8113e-04
Loss = 6.4940e-03, PNorm = 43.2429, GNorm = 0.0439, lr_0 = 1.7995e-04
Loss = 7.8243e-03, PNorm = 43.2483, GNorm = 0.0236, lr_0 = 1.7877e-04
Loss = 7.8056e-03, PNorm = 43.2527, GNorm = 0.0806, lr_0 = 1.7759e-04
Loss = 5.7656e-03, PNorm = 43.2589, GNorm = 0.1358, lr_0 = 1.7643e-04
Loss = 6.4950e-03, PNorm = 43.2669, GNorm = 0.0238, lr_0 = 1.7527e-04
Validation auc = 0.771745
Epoch 23
Loss = 5.1739e-03, PNorm = 43.2719, GNorm = 0.0735, lr_0 = 1.7401e-04
Loss = 8.2071e-03, PNorm = 43.2769, GNorm = 0.1143, lr_0 = 1.7287e-04
Loss = 5.1553e-03, PNorm = 43.2831, GNorm = 0.1358, lr_0 = 1.7173e-04
Loss = 3.6492e-03, PNorm = 43.2882, GNorm = 0.0123, lr_0 = 1.7061e-04
Loss = 5.3457e-03, PNorm = 43.2906, GNorm = 0.0610, lr_0 = 1.6949e-04
Loss = 6.1165e-03, PNorm = 43.2975, GNorm = 0.0684, lr_0 = 1.6838e-04
Loss = 1.1285e-02, PNorm = 43.3053, GNorm = 0.0369, lr_0 = 1.6727e-04
Loss = 5.9384e-03, PNorm = 43.3125, GNorm = 0.0242, lr_0 = 1.6618e-04
Loss = 7.8912e-03, PNorm = 43.3209, GNorm = 0.0465, lr_0 = 1.6509e-04
Loss = 8.4208e-03, PNorm = 43.3269, GNorm = 0.0690, lr_0 = 1.6401e-04
Loss = 8.6406e-03, PNorm = 43.3281, GNorm = 0.1033, lr_0 = 1.6293e-04
Loss = 8.7210e-03, PNorm = 43.3327, GNorm = 0.0584, lr_0 = 1.6186e-04
Validation auc = 0.769063
Epoch 24
Loss = 7.0812e-03, PNorm = 43.3422, GNorm = 0.0609, lr_0 = 1.6069e-04
Loss = 6.3259e-03, PNorm = 43.3505, GNorm = 0.0698, lr_0 = 1.5964e-04
Loss = 6.2275e-03, PNorm = 43.3560, GNorm = 0.0757, lr_0 = 1.5859e-04
Loss = 5.8506e-03, PNorm = 43.3617, GNorm = 0.1229, lr_0 = 1.5755e-04
Loss = 4.9644e-03, PNorm = 43.3644, GNorm = 0.0885, lr_0 = 1.5652e-04
Loss = 3.9777e-03, PNorm = 43.3680, GNorm = 0.0095, lr_0 = 1.5549e-04
Loss = 5.9869e-03, PNorm = 43.3737, GNorm = 0.0664, lr_0 = 1.5447e-04
Loss = 8.9854e-03, PNorm = 43.3777, GNorm = 0.0628, lr_0 = 1.5346e-04
Loss = 8.2599e-03, PNorm = 43.3811, GNorm = 0.0805, lr_0 = 1.5246e-04
Loss = 7.6558e-03, PNorm = 43.3884, GNorm = 0.0839, lr_0 = 1.5146e-04
Loss = 7.1075e-03, PNorm = 43.3983, GNorm = 0.1547, lr_0 = 1.5046e-04
Loss = 5.9536e-03, PNorm = 43.4073, GNorm = 0.1727, lr_0 = 1.4948e-04
Loss = 7.8252e-03, PNorm = 43.4119, GNorm = 0.1342, lr_0 = 1.4850e-04
Validation auc = 0.770192
Epoch 25
Loss = 7.2096e-03, PNorm = 43.4138, GNorm = 0.0428, lr_0 = 1.4752e-04
Loss = 7.9235e-03, PNorm = 43.4173, GNorm = 0.0529, lr_0 = 1.4655e-04
Loss = 5.3578e-03, PNorm = 43.4247, GNorm = 0.0497, lr_0 = 1.4559e-04
Loss = 5.6602e-03, PNorm = 43.4335, GNorm = 0.0734, lr_0 = 1.4464e-04
Loss = 6.1681e-03, PNorm = 43.4378, GNorm = 0.1034, lr_0 = 1.4369e-04
Loss = 6.4114e-03, PNorm = 43.4395, GNorm = 0.0384, lr_0 = 1.4275e-04
Loss = 5.1700e-03, PNorm = 43.4441, GNorm = 0.0740, lr_0 = 1.4181e-04
Loss = 7.4224e-03, PNorm = 43.4494, GNorm = 0.1039, lr_0 = 1.4088e-04
Loss = 6.8439e-03, PNorm = 43.4540, GNorm = 0.0403, lr_0 = 1.3996e-04
Loss = 5.5948e-03, PNorm = 43.4607, GNorm = 0.0192, lr_0 = 1.3904e-04
Loss = 6.4766e-03, PNorm = 43.4647, GNorm = 0.0537, lr_0 = 1.3813e-04
Loss = 5.9727e-03, PNorm = 43.4701, GNorm = 0.0508, lr_0 = 1.3722e-04
Validation auc = 0.770819
Epoch 26
Loss = 3.9699e-03, PNorm = 43.4779, GNorm = 0.0212, lr_0 = 1.3623e-04
Loss = 5.2251e-03, PNorm = 43.4836, GNorm = 0.0335, lr_0 = 1.3534e-04
Loss = 5.2294e-03, PNorm = 43.4886, GNorm = 0.0667, lr_0 = 1.3445e-04
Loss = 5.1946e-03, PNorm = 43.4935, GNorm = 0.0336, lr_0 = 1.3357e-04
Loss = 6.2005e-03, PNorm = 43.4991, GNorm = 0.0428, lr_0 = 1.3270e-04
Loss = 4.1250e-03, PNorm = 43.5047, GNorm = 0.0348, lr_0 = 1.3183e-04
Loss = 6.0274e-03, PNorm = 43.5059, GNorm = 0.0286, lr_0 = 1.3096e-04
Loss = 7.0414e-03, PNorm = 43.5088, GNorm = 0.0813, lr_0 = 1.3010e-04
Loss = 6.8908e-03, PNorm = 43.5143, GNorm = 0.1481, lr_0 = 1.2925e-04
Loss = 6.0088e-03, PNorm = 43.5190, GNorm = 0.1657, lr_0 = 1.2840e-04
Loss = 6.6079e-03, PNorm = 43.5240, GNorm = 0.0744, lr_0 = 1.2756e-04
Loss = 7.9140e-03, PNorm = 43.5274, GNorm = 0.0933, lr_0 = 1.2672e-04
Loss = 9.3354e-03, PNorm = 43.5306, GNorm = 0.1437, lr_0 = 1.2589e-04
Validation auc = 0.769522
Epoch 27
Loss = 4.2127e-03, PNorm = 43.5347, GNorm = 0.0160, lr_0 = 1.2498e-04
Loss = 5.0423e-03, PNorm = 43.5416, GNorm = 0.0558, lr_0 = 1.2417e-04
Loss = 4.9625e-03, PNorm = 43.5490, GNorm = 0.0661, lr_0 = 1.2335e-04
Loss = 4.3624e-03, PNorm = 43.5534, GNorm = 0.0113, lr_0 = 1.2254e-04
Loss = 4.7488e-03, PNorm = 43.5559, GNorm = 0.1346, lr_0 = 1.2174e-04
Loss = 9.6365e-03, PNorm = 43.5584, GNorm = 0.0186, lr_0 = 1.2094e-04
Loss = 7.5605e-03, PNorm = 43.5626, GNorm = 0.1184, lr_0 = 1.2015e-04
Loss = 5.6088e-03, PNorm = 43.5677, GNorm = 0.0422, lr_0 = 1.1936e-04
Loss = 5.6999e-03, PNorm = 43.5728, GNorm = 0.0130, lr_0 = 1.1858e-04
Loss = 5.8730e-03, PNorm = 43.5765, GNorm = 0.0593, lr_0 = 1.1780e-04
Loss = 6.3016e-03, PNorm = 43.5801, GNorm = 0.1118, lr_0 = 1.1703e-04
Loss = 8.6255e-03, PNorm = 43.5858, GNorm = 0.0225, lr_0 = 1.1626e-04
Validation auc = 0.770238
Epoch 28
Loss = 4.0655e-03, PNorm = 43.5929, GNorm = 0.0645, lr_0 = 1.1542e-04
Loss = 6.0281e-03, PNorm = 43.5966, GNorm = 0.0727, lr_0 = 1.1466e-04
Loss = 5.5742e-03, PNorm = 43.5990, GNorm = 0.0877, lr_0 = 1.1391e-04
Loss = 4.8177e-03, PNorm = 43.6020, GNorm = 0.0772, lr_0 = 1.1317e-04
Loss = 7.5535e-03, PNorm = 43.6076, GNorm = 0.1463, lr_0 = 1.1242e-04
Loss = 4.7728e-03, PNorm = 43.6151, GNorm = 0.0693, lr_0 = 1.1169e-04
Loss = 6.9614e-03, PNorm = 43.6182, GNorm = 0.0161, lr_0 = 1.1095e-04
Loss = 4.4328e-03, PNorm = 43.6207, GNorm = 0.0433, lr_0 = 1.1023e-04
Loss = 4.9752e-03, PNorm = 43.6255, GNorm = 0.0368, lr_0 = 1.0950e-04
Loss = 6.4871e-03, PNorm = 43.6304, GNorm = 0.0814, lr_0 = 1.0879e-04
Loss = 8.8205e-03, PNorm = 43.6330, GNorm = 0.0665, lr_0 = 1.0807e-04
Loss = 4.9159e-03, PNorm = 43.6365, GNorm = 0.0394, lr_0 = 1.0736e-04
Loss = 4.9186e-03, PNorm = 43.6416, GNorm = 0.0823, lr_0 = 1.0666e-04
Validation auc = 0.770285
Epoch 29
Loss = 3.9293e-03, PNorm = 43.6469, GNorm = 0.0462, lr_0 = 1.0596e-04
Loss = 5.3422e-03, PNorm = 43.6517, GNorm = 0.0896, lr_0 = 1.0527e-04
Loss = 6.4786e-03, PNorm = 43.6550, GNorm = 0.0680, lr_0 = 1.0458e-04
Loss = 5.8374e-03, PNorm = 43.6566, GNorm = 0.0824, lr_0 = 1.0389e-04
Loss = 5.4297e-03, PNorm = 43.6600, GNorm = 0.0415, lr_0 = 1.0321e-04
Loss = 5.3617e-03, PNorm = 43.6637, GNorm = 0.0352, lr_0 = 1.0253e-04
Loss = 5.0844e-03, PNorm = 43.6674, GNorm = 0.0171, lr_0 = 1.0186e-04
Loss = 7.2145e-03, PNorm = 43.6719, GNorm = 0.0760, lr_0 = 1.0119e-04
Loss = 4.9965e-03, PNorm = 43.6770, GNorm = 0.0220, lr_0 = 1.0053e-04
Loss = 6.3675e-03, PNorm = 43.6811, GNorm = 0.1716, lr_0 = 1.0000e-04
Loss = 5.3780e-03, PNorm = 43.6825, GNorm = 0.0516, lr_0 = 1.0000e-04
Loss = 6.3214e-03, PNorm = 43.6858, GNorm = 0.1033, lr_0 = 1.0000e-04
Validation auc = 0.768413
Model 0 best validation auc = 0.790477 on epoch 1
Loading pretrained parameter "encoder.encoder.0.cached_zero_vector".
Loading pretrained parameter "encoder.encoder.0.W_i.weight".
Loading pretrained parameter "encoder.encoder.0.W_h.weight".
Loading pretrained parameter "encoder.encoder.0.W_o.weight".
Loading pretrained parameter "encoder.encoder.0.W_o.bias".
Loading pretrained parameter "ffn.1.weight".
Loading pretrained parameter "ffn.1.bias".
Loading pretrained parameter "ffn.4.weight".
Loading pretrained parameter "ffn.4.bias".
Moving model to cuda
Model 0 test auc = 0.714380
Ensemble test auc = 0.714380
1-fold cross validation
	Seed 0 ==> test auc = 0.714380
Overall test auc = 0.714380 +/- 0.000000
Elapsed time = 0:04:18
