Command line
python /home/vo87poq/chemprop_projektarbeit/train.py --gpu 0 --features_generator rdkit_2d_normalized --no_features_scaling --data_path /home/vo87poq/chemprop_projektarbeit/newdata/tox21_data_full/tox21_full_desalted_grouped_nans.csv --dataset_type classification --split_type scaffold_balanced --save_dir /home/vo87poq/chemprop_projektarbeit/tox21_checkpoints/full_set/opt_D-MPNN_rdkit_2d_normalized --quiet --save_preds --config_path /home/vo87poq/chemprop_projektarbeit/tox21_checkpoints/optimization/full_set_rdkit_2d_normalized/config.json
Args
{'activation': 'ReLU',
 'adding_h': False,
 'aggregation': 'mean',
 'aggregation_norm': 100,
 'atom_descriptor_scaling': True,
 'atom_descriptors': None,
 'atom_descriptors_path': None,
 'atom_descriptors_size': 0,
 'atom_features_size': 0,
 'atom_messages': False,
 'batch_size': 50,
 'bias': False,
 'bias_solvent': False,
 'bond_feature_scaling': True,
 'bond_features_path': None,
 'bond_features_size': 0,
 'cache_cutoff': 10000,
 'checkpoint_dir': None,
 'checkpoint_frzn': None,
 'checkpoint_path': None,
 'checkpoint_paths': None,
 'class_balance': False,
 'config_path': '/home/vo87poq/chemprop_projektarbeit/tox21_checkpoints/optimization/full_set_rdkit_2d_normalized/config.json',
 'crossval_index_dir': None,
 'crossval_index_file': None,
 'crossval_index_sets': None,
 'cuda': True,
 'data_path': '/home/vo87poq/chemprop_projektarbeit/newdata/tox21_data_full/tox21_full_desalted_grouped_nans.csv',
 'data_weights_path': None,
 'dataset_type': 'classification',
 'depth': 4,
 'depth_solvent': 3,
 'device': device(type='cuda', index=0),
 'dropout': 0.15000000000000002,
 'empty_cache': False,
 'ensemble_size': 1,
 'epochs': 30,
 'evidential_regularization': 0,
 'explicit_h': False,
 'extra_metrics': [],
 'features_generator': ['rdkit_2d_normalized'],
 'features_only': False,
 'features_path': None,
 'features_scaling': False,
 'features_size': None,
 'ffn_hidden_size': 1000,
 'ffn_num_layers': 3,
 'final_lr': 0.0001,
 'folds_file': None,
 'freeze_first_only': False,
 'frzn_ffn_layers': 0,
 'gpu': 0,
 'grad_clip': None,
 'hidden_size': 1000,
 'hidden_size_solvent': 300,
 'ignore_columns': None,
 'init_lr': 0.0001,
 'log_frequency': 10,
 'loss_function': 'binary_cross_entropy',
 'max_data_size': None,
 'max_lr': 0.001,
 'metric': 'auc',
 'metrics': ['auc'],
 'minimize_score': False,
 'mpn_shared': False,
 'multiclass_num_classes': 3,
 'no_atom_descriptor_scaling': False,
 'no_bond_features_scaling': False,
 'no_cache_mol': False,
 'no_cuda': False,
 'no_features_scaling': True,
 'num_folds': 1,
 'num_lrs': 1,
 'num_tasks': 12,
 'num_workers': 8,
 'number_of_molecules': 1,
 'overwrite_default_atom_features': False,
 'overwrite_default_bond_features': False,
 'phase_features_path': None,
 'pytorch_seed': 0,
 'quiet': True,
 'reaction': False,
 'reaction_mode': 'reac_diff',
 'reaction_solvent': False,
 'resume_experiment': False,
 'save_dir': '/home/vo87poq/chemprop_projektarbeit/tox21_checkpoints/full_set/opt_D-MPNN_rdkit_2d_normalized',
 'save_preds': True,
 'save_smiles_splits': False,
 'seed': 0,
 'separate_test_atom_descriptors_path': None,
 'separate_test_bond_features_path': None,
 'separate_test_features_path': None,
 'separate_test_path': None,
 'separate_test_phase_features_path': None,
 'separate_val_atom_descriptors_path': None,
 'separate_val_bond_features_path': None,
 'separate_val_features_path': None,
 'separate_val_path': None,
 'separate_val_phase_features_path': None,
 'show_individual_scores': False,
 'smiles_columns': ['smiles'],
 'spectra_activation': 'exp',
 'spectra_phase_mask_path': None,
 'spectra_target_floor': 1e-08,
 'split_key_molecule': 0,
 'split_sizes': [0.8, 0.1, 0.1],
 'split_type': 'scaffold_balanced',
 'target_columns': None,
 'target_weights': None,
 'task_names': ['NR-AR',
                'NR-AR-LBD',
                'NR-AhR',
                'NR-Aromatase',
                'NR-ER',
                'NR-ER-LBD',
                'NR-PPAR-gamma',
                'SR-ARE',
                'SR-ATAD5',
                'SR-HSE',
                'SR-MMP',
                'SR-p53'],
 'test': False,
 'test_fold_index': None,
 'train_data_size': None,
 'undirected': False,
 'use_input_features': True,
 'val_fold_index': None,
 'warmup_epochs': 2.0}
Setting molecule featurization parameters to default.
Loading data
Number of tasks = 12
Fold 0
Splitting data with seed 0
Total scaffolds = 2,637 | train scaffolds = 1,748 | val scaffolds = 546 | test scaffolds = 343
Label averages per scaffold, in decreasing order of scaffold frequency,capped at 10 scaffolds and 20 labels:
Scaffold 0
Task 0: count = 1,821 | target average = 0.006041
Task 1: count = 1,780 | target average = 0.010674
Task 2: count = 1,754 | target average = 0.009692
Task 3: count = 1,658 | target average = 0.010253
Task 4: count = 1,646 | target average = 0.042527
Task 5: count = 1,794 | target average = 0.015050
Task 6: count = 1,772 | target average = 0.019752
Task 7: count = 1,639 | target average = 0.086638
Task 8: count = 1,829 | target average = 0.018043
Task 9: count = 1,734 | target average = 0.038639
Task 10: count = 1,603 | target average = 0.033063
Task 11: count = 1,791 | target average = 0.019542


Scaffold 1
Task 0: count = 1,473 | target average = 0.010183
Task 1: count = 1,410 | target average = 0.012057
Task 2: count = 1,335 | target average = 0.116105
Task 3: count = 1,234 | target average = 0.021070
Task 4: count = 1,277 | target average = 0.086922
Task 5: count = 1,447 | target average = 0.031099
Task 6: count = 1,399 | target average = 0.018585
Task 7: count = 1,317 | target average = 0.110858
Task 8: count = 1,463 | target average = 0.021873
Task 9: count = 1,438 | target average = 0.036857
Task 10: count = 1,259 | target average = 0.154885
Task 11: count = 1,433 | target average = 0.037683


Scaffold 2
Task 0: count = 85 | target average = 0.000000
Task 1: count = 86 | target average = 0.000000
Task 2: count = 81 | target average = 0.123457
Task 3: count = 82 | target average = 0.036585
Task 4: count = 78 | target average = 0.012821
Task 5: count = 89 | target average = 0.044944
Task 6: count = 85 | target average = 0.000000
Task 7: count = 85 | target average = 0.082353
Task 8: count = 87 | target average = 0.022989
Task 9: count = 87 | target average = 0.011494
Task 10: count = 81 | target average = 0.074074
Task 11: count = 88 | target average = 0.011364


Scaffold 3
Task 0: count = 80 | target average = 0.000000
Task 1: count = 71 | target average = 0.000000
Task 2: count = 70 | target average = 0.085714
Task 3: count = 52 | target average = 0.038462
Task 4: count = 62 | target average = 0.306452
Task 5: count = 67 | target average = 0.208955
Task 6: count = 58 | target average = 0.051724
Task 7: count = 53 | target average = 0.264151
Task 8: count = 76 | target average = 0.000000
Task 9: count = 68 | target average = 0.117647
Task 10: count = 61 | target average = 0.590164
Task 11: count = 61 | target average = 0.147541


Scaffold 4
Task 0: count = 68 | target average = 0.000000
Task 1: count = 66 | target average = 0.000000
Task 2: count = 58 | target average = 0.344828
Task 3: count = 54 | target average = 0.037037
Task 4: count = 57 | target average = 0.105263
Task 5: count = 68 | target average = 0.014706
Task 6: count = 63 | target average = 0.047619
Task 7: count = 59 | target average = 0.220339
Task 8: count = 68 | target average = 0.014706
Task 9: count = 65 | target average = 0.030769
Task 10: count = 57 | target average = 0.140351
Task 11: count = 66 | target average = 0.030303


Scaffold 5
Task 0: count = 63 | target average = 0.000000
Task 1: count = 50 | target average = 0.000000
Task 2: count = 54 | target average = 0.000000
Task 3: count = 62 | target average = 0.322581
Task 4: count = 37 | target average = 0.054054
Task 5: count = 45 | target average = 0.000000
Task 6: count = 49 | target average = 0.000000
Task 7: count = 55 | target average = 0.454545
Task 8: count = 50 | target average = 0.000000
Task 9: count = 51 | target average = 0.039216
Task 10: count = 43 | target average = 0.325581
Task 11: count = 41 | target average = 0.000000


Scaffold 6
Task 0: count = 61 | target average = 0.016393
Task 1: count = 61 | target average = 0.000000
Task 2: count = 60 | target average = 0.000000
Task 3: count = 59 | target average = 0.000000
Task 4: count = 56 | target average = 0.035714
Task 5: count = 60 | target average = 0.000000
Task 6: count = 60 | target average = 0.000000
Task 7: count = 54 | target average = 0.037037
Task 8: count = 61 | target average = 0.000000
Task 9: count = 55 | target average = 0.000000
Task 10: count = 52 | target average = 0.019231
Task 11: count = 60 | target average = 0.016667


Scaffold 7
Task 0: count = 48 | target average = 0.020833
Task 1: count = 44 | target average = 0.000000
Task 2: count = 41 | target average = 0.219512
Task 3: count = 33 | target average = 0.212121
Task 4: count = 31 | target average = 0.225806
Task 5: count = 41 | target average = 0.048780
Task 6: count = 42 | target average = 0.047619
Task 7: count = 39 | target average = 0.205128
Task 8: count = 48 | target average = 0.020833
Task 9: count = 43 | target average = 0.046512
Task 10: count = 36 | target average = 0.416667
Task 11: count = 44 | target average = 0.068182


Scaffold 8
Task 0: count = 42 | target average = 0.047619
Task 1: count = 41 | target average = 0.000000
Task 2: count = 39 | target average = 0.333333
Task 3: count = 35 | target average = 0.114286
Task 4: count = 38 | target average = 0.236842
Task 5: count = 41 | target average = 0.146341
Task 6: count = 38 | target average = 0.105263
Task 7: count = 39 | target average = 0.256410
Task 8: count = 36 | target average = 0.055556
Task 9: count = 43 | target average = 0.023256
Task 10: count = 29 | target average = 0.310345
Task 11: count = 42 | target average = 0.071429


Scaffold 9
Task 0: count = 32 | target average = 1.000000
Task 1: count = 33 | target average = 0.969697
Task 2: count = 31 | target average = 0.000000
Task 3: count = 10 | target average = 0.000000
Task 4: count = 25 | target average = 0.800000
Task 5: count = 28 | target average = 0.464286
Task 6: count = 31 | target average = 0.000000
Task 7: count = 22 | target average = 0.318182
Task 8: count = 33 | target average = 0.000000
Task 9: count = 32 | target average = 0.031250
Task 10: count = 31 | target average = 0.064516
Task 11: count = 32 | target average = 0.000000


Class sizes
NR-AR 0: 96.72%, 1: 3.28%
NR-AR-LBD 0: 97.01%, 1: 2.99%
NR-AhR 0: 88.78%, 1: 11.22%
NR-Aromatase 0: 94.95%, 1: 5.05%
NR-ER 0: 89.46%, 1: 10.54%
NR-ER-LBD 0: 95.89%, 1: 4.11%
NR-PPAR-gamma 0: 97.02%, 1: 2.98%
SR-ARE 0: 84.17%, 1: 15.83%
SR-ATAD5 0: 96.16%, 1: 3.84%
SR-HSE 0: 95.03%, 1: 4.97%
SR-MMP 0: 85.07%, 1: 14.93%
SR-p53 0: 93.78%, 1: 6.22%
Total size = 8,695 | train size = 6,956 | val size = 869 | test size = 870
Building model 0
MoleculeModel(
  (sigmoid): Sigmoid()
  (encoder): MPN(
    (encoder): ModuleList(
      (0): MPNEncoder(
        (dropout_layer): Dropout(p=0.15000000000000002, inplace=False)
        (act_func): ReLU()
        (W_i): Linear(in_features=147, out_features=1000, bias=False)
        (W_h): Linear(in_features=1000, out_features=1000, bias=False)
        (W_o): Linear(in_features=1133, out_features=1000, bias=True)
      )
    )
  )
  (ffn): Sequential(
    (0): Dropout(p=0.15000000000000002, inplace=False)
    (1): Linear(in_features=1200, out_features=1000, bias=True)
    (2): ReLU()
    (3): Dropout(p=0.15000000000000002, inplace=False)
    (4): Linear(in_features=1000, out_features=1000, bias=True)
    (5): ReLU()
    (6): Dropout(p=0.15000000000000002, inplace=False)
    (7): Linear(in_features=1000, out_features=12, bias=True)
  )
)
Number of parameters = 4,496,012
Moving model to cuda
Epoch 0
Loss = 4.2310e-01, PNorm = 66.5869, GNorm = 0.5700, lr_0 = 1.3561e-04
Loss = 2.9639e-01, PNorm = 66.5974, GNorm = 0.5583, lr_0 = 1.6799e-04
Loss = 2.4246e-01, PNorm = 66.6168, GNorm = 0.4771, lr_0 = 2.0036e-04
Loss = 2.4209e-01, PNorm = 66.6365, GNorm = 0.2236, lr_0 = 2.3273e-04
Loss = 2.1842e-01, PNorm = 66.6580, GNorm = 0.2167, lr_0 = 2.6511e-04
Loss = 2.1056e-01, PNorm = 66.6791, GNorm = 0.2849, lr_0 = 2.9748e-04
Loss = 2.3478e-01, PNorm = 66.6973, GNorm = 0.2860, lr_0 = 3.2986e-04
Loss = 2.0912e-01, PNorm = 66.7163, GNorm = 0.3046, lr_0 = 3.6223e-04
Loss = 2.0742e-01, PNorm = 66.7352, GNorm = 0.2663, lr_0 = 3.9460e-04
Loss = 2.0204e-01, PNorm = 66.7635, GNorm = 0.1829, lr_0 = 4.2698e-04
Loss = 1.9881e-01, PNorm = 66.7948, GNorm = 0.2710, lr_0 = 4.5935e-04
Loss = 1.8991e-01, PNorm = 66.8207, GNorm = 0.1831, lr_0 = 4.9173e-04
Loss = 1.7315e-01, PNorm = 66.8597, GNorm = 0.1837, lr_0 = 5.2410e-04
Validation auc = 0.772316
Epoch 1
Loss = 2.3356e-01, PNorm = 66.9022, GNorm = 0.1757, lr_0 = 5.5971e-04
Loss = 1.7669e-01, PNorm = 66.9497, GNorm = 0.2248, lr_0 = 5.9209e-04
Loss = 1.9371e-01, PNorm = 66.9983, GNorm = 0.1832, lr_0 = 6.2446e-04
Loss = 2.1252e-01, PNorm = 67.0535, GNorm = 0.3147, lr_0 = 6.5683e-04
Loss = 1.8085e-01, PNorm = 67.1149, GNorm = 0.1669, lr_0 = 6.8921e-04
Loss = 1.9828e-01, PNorm = 67.1875, GNorm = 0.3052, lr_0 = 7.2158e-04
Loss = 1.7998e-01, PNorm = 67.2690, GNorm = 0.5532, lr_0 = 7.5396e-04
Loss = 1.8539e-01, PNorm = 67.3503, GNorm = 0.1859, lr_0 = 7.8633e-04
Loss = 1.6883e-01, PNorm = 67.4273, GNorm = 0.2421, lr_0 = 8.1871e-04
Loss = 1.7782e-01, PNorm = 67.5022, GNorm = 0.1661, lr_0 = 8.5108e-04
Loss = 1.8855e-01, PNorm = 67.5756, GNorm = 0.1459, lr_0 = 8.8345e-04
Loss = 2.0150e-01, PNorm = 67.6483, GNorm = 0.2758, lr_0 = 9.1583e-04
Loss = 1.7035e-01, PNorm = 67.7539, GNorm = 0.1362, lr_0 = 9.4820e-04
Loss = 1.6929e-01, PNorm = 67.8418, GNorm = 0.1765, lr_0 = 9.8058e-04
Validation auc = 0.791845
Epoch 2
Loss = 1.7786e-01, PNorm = 67.9500, GNorm = 0.2359, lr_0 = 9.9705e-04
Loss = 1.6039e-01, PNorm = 68.0455, GNorm = 0.1821, lr_0 = 9.9116e-04
Loss = 1.8469e-01, PNorm = 68.1487, GNorm = 0.1731, lr_0 = 9.8532e-04
Loss = 1.7759e-01, PNorm = 68.2627, GNorm = 0.2604, lr_0 = 9.7951e-04
Loss = 1.8177e-01, PNorm = 68.3656, GNorm = 0.1505, lr_0 = 9.7373e-04
Loss = 1.8141e-01, PNorm = 68.4935, GNorm = 0.1446, lr_0 = 9.6798e-04
Loss = 1.5163e-01, PNorm = 68.6308, GNorm = 0.1044, lr_0 = 9.6227e-04
Loss = 1.7363e-01, PNorm = 68.7352, GNorm = 0.1366, lr_0 = 9.5660e-04
Loss = 1.8349e-01, PNorm = 68.8328, GNorm = 0.2518, lr_0 = 9.5096e-04
Loss = 1.5257e-01, PNorm = 68.9421, GNorm = 0.1265, lr_0 = 9.4535e-04
Loss = 1.5022e-01, PNorm = 69.0473, GNorm = 0.1407, lr_0 = 9.3977e-04
Loss = 2.0542e-01, PNorm = 69.1345, GNorm = 0.2678, lr_0 = 9.3423e-04
Loss = 1.8581e-01, PNorm = 69.2452, GNorm = 0.1861, lr_0 = 9.2872e-04
Loss = 1.8983e-01, PNorm = 69.3472, GNorm = 0.1426, lr_0 = 9.2324e-04
Validation auc = 0.804398
Epoch 3
Loss = 1.6943e-01, PNorm = 69.4599, GNorm = 0.1876, lr_0 = 9.1725e-04
Loss = 1.9485e-01, PNorm = 69.5872, GNorm = 0.1838, lr_0 = 9.1184e-04
Loss = 1.5145e-01, PNorm = 69.7091, GNorm = 0.2053, lr_0 = 9.0646e-04
Loss = 1.5802e-01, PNorm = 69.8349, GNorm = 0.1755, lr_0 = 9.0111e-04
Loss = 1.7166e-01, PNorm = 69.9399, GNorm = 0.1605, lr_0 = 8.9580e-04
Loss = 1.6881e-01, PNorm = 70.0551, GNorm = 0.1721, lr_0 = 8.9051e-04
Loss = 1.7635e-01, PNorm = 70.1558, GNorm = 0.1540, lr_0 = 8.8526e-04
Loss = 1.7081e-01, PNorm = 70.2380, GNorm = 0.1743, lr_0 = 8.8004e-04
Loss = 1.7706e-01, PNorm = 70.3192, GNorm = 0.2442, lr_0 = 8.7485e-04
Loss = 1.7234e-01, PNorm = 70.3991, GNorm = 0.1391, lr_0 = 8.6969e-04
Loss = 1.6456e-01, PNorm = 70.4952, GNorm = 0.1535, lr_0 = 8.6456e-04
Loss = 1.7458e-01, PNorm = 70.5842, GNorm = 0.1901, lr_0 = 8.5946e-04
Loss = 1.6002e-01, PNorm = 70.6738, GNorm = 0.1603, lr_0 = 8.5439e-04
Loss = 1.4604e-01, PNorm = 70.7554, GNorm = 0.1095, lr_0 = 8.4935e-04
Validation auc = 0.809193
Epoch 4
Loss = 1.6388e-01, PNorm = 70.8437, GNorm = 0.1610, lr_0 = 8.4384e-04
Loss = 1.6452e-01, PNorm = 70.9581, GNorm = 0.1933, lr_0 = 8.3886e-04
Loss = 1.5211e-01, PNorm = 71.0634, GNorm = 0.1572, lr_0 = 8.3391e-04
Loss = 1.6168e-01, PNorm = 71.1866, GNorm = 0.1440, lr_0 = 8.2899e-04
Loss = 1.5101e-01, PNorm = 71.3045, GNorm = 0.1796, lr_0 = 8.2410e-04
Loss = 1.6363e-01, PNorm = 71.4214, GNorm = 0.2343, lr_0 = 8.1924e-04
Loss = 1.6932e-01, PNorm = 71.5264, GNorm = 0.2045, lr_0 = 8.1441e-04
Loss = 1.7390e-01, PNorm = 71.6221, GNorm = 0.2156, lr_0 = 8.0961e-04
Loss = 1.4691e-01, PNorm = 71.7262, GNorm = 0.1478, lr_0 = 8.0483e-04
Loss = 1.5960e-01, PNorm = 71.8143, GNorm = 0.1545, lr_0 = 8.0008e-04
Loss = 1.4666e-01, PNorm = 71.9019, GNorm = 0.1715, lr_0 = 7.9536e-04
Loss = 1.7552e-01, PNorm = 71.9973, GNorm = 0.1616, lr_0 = 7.9067e-04
Loss = 1.3975e-01, PNorm = 72.0999, GNorm = 0.1903, lr_0 = 7.8601e-04
Loss = 1.4336e-01, PNorm = 72.1969, GNorm = 0.2573, lr_0 = 7.8137e-04
Validation auc = 0.820698
Epoch 5
Loss = 1.6321e-01, PNorm = 72.2979, GNorm = 0.2410, lr_0 = 7.7630e-04
Loss = 1.5654e-01, PNorm = 72.3950, GNorm = 0.3194, lr_0 = 7.7172e-04
Loss = 1.5531e-01, PNorm = 72.4992, GNorm = 0.2021, lr_0 = 7.6717e-04
Loss = 1.4559e-01, PNorm = 72.6004, GNorm = 0.1388, lr_0 = 7.6265e-04
Loss = 1.4810e-01, PNorm = 72.7071, GNorm = 0.1911, lr_0 = 7.5815e-04
Loss = 1.4392e-01, PNorm = 72.8139, GNorm = 0.2132, lr_0 = 7.5367e-04
Loss = 1.5386e-01, PNorm = 72.9294, GNorm = 0.1731, lr_0 = 7.4923e-04
Loss = 1.5095e-01, PNorm = 73.0364, GNorm = 0.1472, lr_0 = 7.4481e-04
Loss = 1.4937e-01, PNorm = 73.1239, GNorm = 0.2065, lr_0 = 7.4042e-04
Loss = 1.5204e-01, PNorm = 73.2313, GNorm = 0.1874, lr_0 = 7.3605e-04
Loss = 1.3355e-01, PNorm = 73.3455, GNorm = 0.1824, lr_0 = 7.3171e-04
Loss = 1.6456e-01, PNorm = 73.4377, GNorm = 0.2448, lr_0 = 7.2739e-04
Loss = 1.4205e-01, PNorm = 73.5480, GNorm = 0.1478, lr_0 = 7.2310e-04
Loss = 1.7642e-01, PNorm = 73.6337, GNorm = 0.2068, lr_0 = 7.1883e-04
Validation auc = 0.826634
Epoch 6
Loss = 1.5623e-01, PNorm = 73.7603, GNorm = 0.3568, lr_0 = 7.1417e-04
Loss = 1.5042e-01, PNorm = 73.8745, GNorm = 0.1622, lr_0 = 7.0996e-04
Loss = 1.2620e-01, PNorm = 73.9844, GNorm = 0.1928, lr_0 = 7.0577e-04
Loss = 1.3369e-01, PNorm = 74.0683, GNorm = 0.1471, lr_0 = 7.0161e-04
Loss = 1.6214e-01, PNorm = 74.1528, GNorm = 0.2521, lr_0 = 6.9747e-04
Loss = 1.5102e-01, PNorm = 74.2600, GNorm = 0.3003, lr_0 = 6.9336e-04
Loss = 1.4268e-01, PNorm = 74.3930, GNorm = 0.1674, lr_0 = 6.8927e-04
Loss = 1.6871e-01, PNorm = 74.4929, GNorm = 0.1363, lr_0 = 6.8520e-04
Loss = 1.3212e-01, PNorm = 74.5879, GNorm = 0.1951, lr_0 = 6.8116e-04
Loss = 1.4375e-01, PNorm = 74.6615, GNorm = 0.1687, lr_0 = 6.7714e-04
Loss = 1.4959e-01, PNorm = 74.7447, GNorm = 0.1950, lr_0 = 6.7315e-04
Loss = 1.3798e-01, PNorm = 74.8350, GNorm = 0.1887, lr_0 = 6.6917e-04
Loss = 1.5553e-01, PNorm = 74.9110, GNorm = 0.1983, lr_0 = 6.6523e-04
Loss = 1.4062e-01, PNorm = 75.0004, GNorm = 0.1959, lr_0 = 6.6130e-04
Validation auc = 0.826132
Epoch 7
Loss = 1.3013e-01, PNorm = 75.1024, GNorm = 0.1477, lr_0 = 6.5701e-04
Loss = 1.4105e-01, PNorm = 75.2041, GNorm = 0.2225, lr_0 = 6.5314e-04
Loss = 1.3524e-01, PNorm = 75.2988, GNorm = 0.1869, lr_0 = 6.4929e-04
Loss = 1.6689e-01, PNorm = 75.3802, GNorm = 0.1621, lr_0 = 6.4546e-04
Loss = 1.2749e-01, PNorm = 75.4807, GNorm = 0.2166, lr_0 = 6.4165e-04
Loss = 1.3904e-01, PNorm = 75.5622, GNorm = 0.2073, lr_0 = 6.3786e-04
Loss = 1.4588e-01, PNorm = 75.6542, GNorm = 0.1613, lr_0 = 6.3410e-04
Loss = 1.4428e-01, PNorm = 75.7524, GNorm = 0.2049, lr_0 = 6.3036e-04
Loss = 1.4138e-01, PNorm = 75.8318, GNorm = 0.1951, lr_0 = 6.2664e-04
Loss = 1.3231e-01, PNorm = 75.9074, GNorm = 0.1736, lr_0 = 6.2295e-04
Loss = 1.3299e-01, PNorm = 75.9936, GNorm = 0.2029, lr_0 = 6.1927e-04
Loss = 1.5066e-01, PNorm = 76.0749, GNorm = 0.2816, lr_0 = 6.1562e-04
Loss = 1.4886e-01, PNorm = 76.1690, GNorm = 0.1552, lr_0 = 6.1199e-04
Loss = 1.2433e-01, PNorm = 76.2676, GNorm = 0.1331, lr_0 = 6.0838e-04
Validation auc = 0.830081
Epoch 8
Loss = 1.3666e-01, PNorm = 76.3704, GNorm = 0.2329, lr_0 = 6.0443e-04
Loss = 1.2411e-01, PNorm = 76.4689, GNorm = 0.1432, lr_0 = 6.0087e-04
Loss = 1.3326e-01, PNorm = 76.5602, GNorm = 0.2798, lr_0 = 5.9732e-04
Loss = 1.3995e-01, PNorm = 76.6623, GNorm = 0.2487, lr_0 = 5.9380e-04
Loss = 1.3949e-01, PNorm = 76.7708, GNorm = 0.1718, lr_0 = 5.9029e-04
Loss = 1.3148e-01, PNorm = 76.8752, GNorm = 0.1806, lr_0 = 5.8681e-04
Loss = 1.3209e-01, PNorm = 76.9726, GNorm = 0.2567, lr_0 = 5.8335e-04
Loss = 1.2795e-01, PNorm = 77.0656, GNorm = 0.1657, lr_0 = 5.7991e-04
Loss = 1.2951e-01, PNorm = 77.1496, GNorm = 0.1321, lr_0 = 5.7649e-04
Loss = 1.2490e-01, PNorm = 77.2302, GNorm = 0.1816, lr_0 = 5.7309e-04
Loss = 1.3615e-01, PNorm = 77.2956, GNorm = 0.1849, lr_0 = 5.6971e-04
Loss = 1.4132e-01, PNorm = 77.3907, GNorm = 0.2237, lr_0 = 5.6635e-04
Loss = 1.3805e-01, PNorm = 77.4720, GNorm = 0.1749, lr_0 = 5.6301e-04
Loss = 1.3364e-01, PNorm = 77.5673, GNorm = 0.1926, lr_0 = 5.5969e-04
Validation auc = 0.826235
Epoch 9
Loss = 1.3472e-01, PNorm = 77.6538, GNorm = 0.1753, lr_0 = 5.5638e-04
Loss = 1.2534e-01, PNorm = 77.7507, GNorm = 0.2021, lr_0 = 5.5310e-04
Loss = 1.0982e-01, PNorm = 77.8347, GNorm = 0.2276, lr_0 = 5.4984e-04
Loss = 1.3089e-01, PNorm = 77.9244, GNorm = 0.2407, lr_0 = 5.4660e-04
Loss = 1.2286e-01, PNorm = 78.0182, GNorm = 0.2013, lr_0 = 5.4337e-04
Loss = 1.2387e-01, PNorm = 78.1063, GNorm = 0.1673, lr_0 = 5.4017e-04
Loss = 1.4225e-01, PNorm = 78.1904, GNorm = 0.2137, lr_0 = 5.3698e-04
Loss = 1.3504e-01, PNorm = 78.2697, GNorm = 0.2949, lr_0 = 5.3381e-04
Loss = 1.1611e-01, PNorm = 78.3530, GNorm = 0.1704, lr_0 = 5.3066e-04
Loss = 1.3368e-01, PNorm = 78.4309, GNorm = 0.1807, lr_0 = 5.2753e-04
Loss = 1.2996e-01, PNorm = 78.5189, GNorm = 0.1633, lr_0 = 5.2442e-04
Loss = 1.3204e-01, PNorm = 78.6035, GNorm = 0.3048, lr_0 = 5.2133e-04
Loss = 1.3658e-01, PNorm = 78.6941, GNorm = 0.2049, lr_0 = 5.1825e-04
Loss = 1.3301e-01, PNorm = 78.7842, GNorm = 0.2177, lr_0 = 5.1520e-04
Validation auc = 0.830104
Epoch 10
Loss = 1.3087e-01, PNorm = 78.8989, GNorm = 0.1747, lr_0 = 5.1186e-04
Loss = 1.2640e-01, PNorm = 78.9845, GNorm = 0.1613, lr_0 = 5.0884e-04
Loss = 1.3331e-01, PNorm = 79.0766, GNorm = 0.2605, lr_0 = 5.0583e-04
Loss = 1.1822e-01, PNorm = 79.1616, GNorm = 0.2014, lr_0 = 5.0285e-04
Loss = 1.1714e-01, PNorm = 79.2500, GNorm = 0.1871, lr_0 = 4.9988e-04
Loss = 1.1715e-01, PNorm = 79.3219, GNorm = 0.1377, lr_0 = 4.9694e-04
Loss = 1.2966e-01, PNorm = 79.4066, GNorm = 0.2464, lr_0 = 4.9400e-04
Loss = 1.3289e-01, PNorm = 79.4919, GNorm = 0.2088, lr_0 = 4.9109e-04
Loss = 1.1085e-01, PNorm = 79.5726, GNorm = 0.1790, lr_0 = 4.8819e-04
Loss = 1.2007e-01, PNorm = 79.6645, GNorm = 0.2864, lr_0 = 4.8531e-04
Loss = 1.2952e-01, PNorm = 79.7424, GNorm = 0.2095, lr_0 = 4.8245e-04
Loss = 1.3084e-01, PNorm = 79.8264, GNorm = 0.2819, lr_0 = 4.7961e-04
Loss = 1.0817e-01, PNorm = 79.8947, GNorm = 0.1445, lr_0 = 4.7678e-04
Loss = 1.2438e-01, PNorm = 79.9648, GNorm = 0.1824, lr_0 = 4.7396e-04
Loss = 1.4570e-01, PNorm = 79.9731, GNorm = 0.6121, lr_0 = 4.7368e-04
Validation auc = 0.837863
Epoch 11
Loss = 1.1620e-01, PNorm = 80.0549, GNorm = 0.1574, lr_0 = 4.7089e-04
Loss = 1.1058e-01, PNorm = 80.1439, GNorm = 0.2433, lr_0 = 4.6811e-04
Loss = 1.1828e-01, PNorm = 80.2108, GNorm = 0.2304, lr_0 = 4.6535e-04
Loss = 1.1035e-01, PNorm = 80.2887, GNorm = 0.1778, lr_0 = 4.6261e-04
Loss = 1.2657e-01, PNorm = 80.3664, GNorm = 0.2443, lr_0 = 4.5988e-04
Loss = 1.2219e-01, PNorm = 80.4496, GNorm = 0.1890, lr_0 = 4.5716e-04
Loss = 1.0940e-01, PNorm = 80.5220, GNorm = 0.1847, lr_0 = 4.5447e-04
Loss = 1.1608e-01, PNorm = 80.5976, GNorm = 0.1847, lr_0 = 4.5179e-04
Loss = 1.2151e-01, PNorm = 80.6634, GNorm = 0.2173, lr_0 = 4.4912e-04
Loss = 1.0464e-01, PNorm = 80.7299, GNorm = 0.3146, lr_0 = 4.4647e-04
Loss = 1.2200e-01, PNorm = 80.7966, GNorm = 0.2559, lr_0 = 4.4384e-04
Loss = 1.2319e-01, PNorm = 80.8584, GNorm = 0.2106, lr_0 = 4.4122e-04
Loss = 1.1993e-01, PNorm = 80.9366, GNorm = 0.2484, lr_0 = 4.3862e-04
Validation auc = 0.842720
Epoch 12
Loss = 1.4821e-01, PNorm = 81.0148, GNorm = 0.2700, lr_0 = 4.3577e-04
Loss = 1.1040e-01, PNorm = 81.0955, GNorm = 0.1901, lr_0 = 4.3320e-04
Loss = 1.0117e-01, PNorm = 81.1742, GNorm = 0.2154, lr_0 = 4.3065e-04
Loss = 1.1322e-01, PNorm = 81.2446, GNorm = 0.2022, lr_0 = 4.2811e-04
Loss = 1.1761e-01, PNorm = 81.3256, GNorm = 0.2502, lr_0 = 4.2558e-04
Loss = 1.0150e-01, PNorm = 81.4032, GNorm = 0.1839, lr_0 = 4.2307e-04
Loss = 1.1582e-01, PNorm = 81.4682, GNorm = 0.2368, lr_0 = 4.2058e-04
Loss = 1.3096e-01, PNorm = 81.5452, GNorm = 0.2279, lr_0 = 4.1809e-04
Loss = 1.1470e-01, PNorm = 81.6203, GNorm = 0.1475, lr_0 = 4.1563e-04
Loss = 1.0182e-01, PNorm = 81.6917, GNorm = 0.1799, lr_0 = 4.1318e-04
Loss = 9.6636e-02, PNorm = 81.7565, GNorm = 0.1969, lr_0 = 4.1074e-04
Loss = 1.2297e-01, PNorm = 81.8177, GNorm = 0.1613, lr_0 = 4.0832e-04
Loss = 1.0678e-01, PNorm = 81.8790, GNorm = 0.2277, lr_0 = 4.0591e-04
Loss = 1.2228e-01, PNorm = 81.9365, GNorm = 0.1945, lr_0 = 4.0351e-04
Validation auc = 0.841306
Epoch 13
Loss = 1.2019e-01, PNorm = 82.0029, GNorm = 0.2328, lr_0 = 4.0090e-04
Loss = 1.1587e-01, PNorm = 82.0715, GNorm = 0.2854, lr_0 = 3.9853e-04
Loss = 9.9046e-02, PNorm = 82.1473, GNorm = 0.1860, lr_0 = 3.9618e-04
Loss = 1.1153e-01, PNorm = 82.2159, GNorm = 0.1994, lr_0 = 3.9384e-04
Loss = 1.0817e-01, PNorm = 82.2866, GNorm = 0.1638, lr_0 = 3.9152e-04
Loss = 1.1906e-01, PNorm = 82.3559, GNorm = 0.2201, lr_0 = 3.8921e-04
Loss = 8.7096e-02, PNorm = 82.4317, GNorm = 0.2340, lr_0 = 3.8692e-04
Loss = 1.0265e-01, PNorm = 82.4967, GNorm = 0.2640, lr_0 = 3.8463e-04
Loss = 1.0433e-01, PNorm = 82.5568, GNorm = 0.2089, lr_0 = 3.8236e-04
Loss = 9.9882e-02, PNorm = 82.6157, GNorm = 0.1636, lr_0 = 3.8011e-04
Loss = 9.8778e-02, PNorm = 82.6764, GNorm = 0.1847, lr_0 = 3.7787e-04
Loss = 1.2384e-01, PNorm = 82.7313, GNorm = 0.1824, lr_0 = 3.7564e-04
Loss = 9.7967e-02, PNorm = 82.7999, GNorm = 0.1785, lr_0 = 3.7342e-04
Loss = 1.0490e-01, PNorm = 82.8586, GNorm = 0.1896, lr_0 = 3.7122e-04
Validation auc = 0.835324
Epoch 14
Loss = 9.6366e-02, PNorm = 82.9253, GNorm = 0.1813, lr_0 = 3.6881e-04
Loss = 8.4144e-02, PNorm = 82.9914, GNorm = 0.1399, lr_0 = 3.6664e-04
Loss = 9.9234e-02, PNorm = 83.0535, GNorm = 0.1721, lr_0 = 3.6447e-04
Loss = 1.0187e-01, PNorm = 83.1104, GNorm = 0.2321, lr_0 = 3.6232e-04
Loss = 9.5732e-02, PNorm = 83.1676, GNorm = 0.1530, lr_0 = 3.6019e-04
Loss = 1.0671e-01, PNorm = 83.2235, GNorm = 0.1826, lr_0 = 3.5806e-04
Loss = 1.0304e-01, PNorm = 83.2903, GNorm = 0.1914, lr_0 = 3.5595e-04
Loss = 1.0261e-01, PNorm = 83.3549, GNorm = 0.2219, lr_0 = 3.5385e-04
Loss = 1.0958e-01, PNorm = 83.4250, GNorm = 0.2395, lr_0 = 3.5176e-04
Loss = 1.0507e-01, PNorm = 83.4918, GNorm = 0.2240, lr_0 = 3.4969e-04
Loss = 1.0038e-01, PNorm = 83.5508, GNorm = 0.2596, lr_0 = 3.4762e-04
Loss = 9.9234e-02, PNorm = 83.6072, GNorm = 0.2225, lr_0 = 3.4557e-04
Loss = 1.0998e-01, PNorm = 83.6659, GNorm = 0.2877, lr_0 = 3.4354e-04
Loss = 1.1317e-01, PNorm = 83.7301, GNorm = 0.2499, lr_0 = 3.4151e-04
Validation auc = 0.832618
Epoch 15
Loss = 9.8621e-02, PNorm = 83.7924, GNorm = 0.2265, lr_0 = 3.3929e-04
Loss = 9.2306e-02, PNorm = 83.8626, GNorm = 0.2024, lr_0 = 3.3729e-04
Loss = 1.0202e-01, PNorm = 83.9183, GNorm = 0.2261, lr_0 = 3.3530e-04
Loss = 9.4365e-02, PNorm = 83.9747, GNorm = 0.2123, lr_0 = 3.3332e-04
Loss = 9.8460e-02, PNorm = 84.0260, GNorm = 0.2751, lr_0 = 3.3136e-04
Loss = 1.0933e-01, PNorm = 84.0827, GNorm = 0.2320, lr_0 = 3.2940e-04
Loss = 7.5664e-02, PNorm = 84.1439, GNorm = 0.1653, lr_0 = 3.2746e-04
Loss = 9.3851e-02, PNorm = 84.1965, GNorm = 0.2520, lr_0 = 3.2553e-04
Loss = 9.6945e-02, PNorm = 84.2560, GNorm = 0.2036, lr_0 = 3.2361e-04
Loss = 1.0069e-01, PNorm = 84.3115, GNorm = 0.2344, lr_0 = 3.2170e-04
Loss = 9.4610e-02, PNorm = 84.3699, GNorm = 0.2231, lr_0 = 3.1980e-04
Loss = 8.8326e-02, PNorm = 84.4197, GNorm = 0.2236, lr_0 = 3.1792e-04
Loss = 8.9392e-02, PNorm = 84.4713, GNorm = 0.2541, lr_0 = 3.1604e-04
Loss = 1.0591e-01, PNorm = 84.5155, GNorm = 0.2113, lr_0 = 3.1418e-04
Validation auc = 0.833399
Epoch 16
Loss = 8.4509e-02, PNorm = 84.5724, GNorm = 0.2089, lr_0 = 3.1214e-04
Loss = 9.5932e-02, PNorm = 84.6251, GNorm = 0.1922, lr_0 = 3.1030e-04
Loss = 8.7075e-02, PNorm = 84.6806, GNorm = 0.2421, lr_0 = 3.0847e-04
Loss = 8.3410e-02, PNorm = 84.7307, GNorm = 0.1285, lr_0 = 3.0665e-04
Loss = 9.7416e-02, PNorm = 84.7782, GNorm = 0.1940, lr_0 = 3.0484e-04
Loss = 9.0204e-02, PNorm = 84.8300, GNorm = 0.2174, lr_0 = 3.0304e-04
Loss = 8.6347e-02, PNorm = 84.8808, GNorm = 0.2342, lr_0 = 3.0125e-04
Loss = 9.5281e-02, PNorm = 84.9326, GNorm = 0.2186, lr_0 = 2.9948e-04
Loss = 1.0220e-01, PNorm = 84.9854, GNorm = 0.1978, lr_0 = 2.9771e-04
Loss = 1.0347e-01, PNorm = 85.0399, GNorm = 0.2512, lr_0 = 2.9595e-04
Loss = 9.8908e-02, PNorm = 85.0937, GNorm = 0.2296, lr_0 = 2.9421e-04
Loss = 9.2490e-02, PNorm = 85.1375, GNorm = 0.1929, lr_0 = 2.9247e-04
Loss = 8.4039e-02, PNorm = 85.1839, GNorm = 0.1906, lr_0 = 2.9075e-04
Loss = 9.3211e-02, PNorm = 85.2249, GNorm = 0.2044, lr_0 = 2.8903e-04
Validation auc = 0.834303
Epoch 17
Loss = 8.5931e-02, PNorm = 85.2733, GNorm = 0.2050, lr_0 = 2.8733e-04
Loss = 1.0332e-01, PNorm = 85.3367, GNorm = 0.2237, lr_0 = 2.8563e-04
Loss = 8.7359e-02, PNorm = 85.3904, GNorm = 0.2287, lr_0 = 2.8395e-04
Loss = 9.2663e-02, PNorm = 85.4419, GNorm = 0.1883, lr_0 = 2.8227e-04
Loss = 7.5135e-02, PNorm = 85.4901, GNorm = 0.2180, lr_0 = 2.8061e-04
Loss = 7.6539e-02, PNorm = 85.5333, GNorm = 0.2844, lr_0 = 2.7895e-04
Loss = 9.0594e-02, PNorm = 85.5746, GNorm = 0.1880, lr_0 = 2.7731e-04
Loss = 9.0887e-02, PNorm = 85.6196, GNorm = 0.2174, lr_0 = 2.7567e-04
Loss = 7.3926e-02, PNorm = 85.6666, GNorm = 0.2040, lr_0 = 2.7404e-04
Loss = 9.1310e-02, PNorm = 85.7083, GNorm = 0.2419, lr_0 = 2.7243e-04
Loss = 1.0306e-01, PNorm = 85.7537, GNorm = 0.1827, lr_0 = 2.7082e-04
Loss = 8.5653e-02, PNorm = 85.8029, GNorm = 0.2008, lr_0 = 2.6922e-04
Loss = 1.0157e-01, PNorm = 85.8436, GNorm = 0.2086, lr_0 = 2.6764e-04
Loss = 8.0091e-02, PNorm = 85.8883, GNorm = 0.2535, lr_0 = 2.6606e-04
Validation auc = 0.834486
Epoch 18
Loss = 9.4135e-02, PNorm = 85.9381, GNorm = 0.2495, lr_0 = 2.6433e-04
Loss = 8.4841e-02, PNorm = 85.9942, GNorm = 0.2223, lr_0 = 2.6277e-04
Loss = 8.6385e-02, PNorm = 86.0430, GNorm = 0.2369, lr_0 = 2.6122e-04
Loss = 7.7520e-02, PNorm = 86.0915, GNorm = 0.2083, lr_0 = 2.5968e-04
Loss = 8.2031e-02, PNorm = 86.1366, GNorm = 0.2748, lr_0 = 2.5815e-04
Loss = 8.3055e-02, PNorm = 86.1785, GNorm = 0.2071, lr_0 = 2.5663e-04
Loss = 8.6656e-02, PNorm = 86.2215, GNorm = 0.2203, lr_0 = 2.5511e-04
Loss = 9.6915e-02, PNorm = 86.2621, GNorm = 0.1956, lr_0 = 2.5361e-04
Loss = 9.2337e-02, PNorm = 86.3041, GNorm = 0.2595, lr_0 = 2.5211e-04
Loss = 7.5755e-02, PNorm = 86.3442, GNorm = 0.1315, lr_0 = 2.5062e-04
Loss = 7.8395e-02, PNorm = 86.3821, GNorm = 0.1971, lr_0 = 2.4915e-04
Loss = 8.1524e-02, PNorm = 86.4194, GNorm = 0.2444, lr_0 = 2.4768e-04
Loss = 8.7502e-02, PNorm = 86.4618, GNorm = 0.2002, lr_0 = 2.4622e-04
Loss = 7.8104e-02, PNorm = 86.5036, GNorm = 0.2153, lr_0 = 2.4476e-04
Validation auc = 0.835967
Epoch 19
Loss = 8.0139e-02, PNorm = 86.5525, GNorm = 0.3253, lr_0 = 2.4318e-04
Loss = 8.4950e-02, PNorm = 86.6028, GNorm = 0.2030, lr_0 = 2.4174e-04
Loss = 9.8074e-02, PNorm = 86.6487, GNorm = 0.2330, lr_0 = 2.4032e-04
Loss = 7.8954e-02, PNorm = 86.6980, GNorm = 0.3657, lr_0 = 2.3890e-04
Loss = 6.9160e-02, PNorm = 86.7406, GNorm = 0.2445, lr_0 = 2.3749e-04
Loss = 6.7523e-02, PNorm = 86.7776, GNorm = 0.2114, lr_0 = 2.3609e-04
Loss = 7.4851e-02, PNorm = 86.8110, GNorm = 0.1515, lr_0 = 2.3469e-04
Loss = 7.9868e-02, PNorm = 86.8474, GNorm = 0.2117, lr_0 = 2.3331e-04
Loss = 7.8629e-02, PNorm = 86.8860, GNorm = 0.2401, lr_0 = 2.3193e-04
Loss = 9.4040e-02, PNorm = 86.9219, GNorm = 0.2341, lr_0 = 2.3057e-04
Loss = 7.7082e-02, PNorm = 86.9616, GNorm = 0.1978, lr_0 = 2.2921e-04
Loss = 7.3518e-02, PNorm = 86.9938, GNorm = 0.2779, lr_0 = 2.2785e-04
Loss = 9.1276e-02, PNorm = 87.0274, GNorm = 0.1875, lr_0 = 2.2651e-04
Loss = 7.7862e-02, PNorm = 87.0641, GNorm = 0.1998, lr_0 = 2.2517e-04
Validation auc = 0.838942
Epoch 20
Loss = 7.4744e-02, PNorm = 87.1038, GNorm = 0.2039, lr_0 = 2.2371e-04
Loss = 8.0467e-02, PNorm = 87.1417, GNorm = 0.1912, lr_0 = 2.2239e-04
Loss = 7.9283e-02, PNorm = 87.1752, GNorm = 0.1758, lr_0 = 2.2108e-04
Loss = 8.0340e-02, PNorm = 87.2094, GNorm = 0.2254, lr_0 = 2.1978e-04
Loss = 6.9580e-02, PNorm = 87.2409, GNorm = 0.2479, lr_0 = 2.1848e-04
Loss = 7.0760e-02, PNorm = 87.2745, GNorm = 0.2720, lr_0 = 2.1719e-04
Loss = 8.5731e-02, PNorm = 87.3049, GNorm = 0.1803, lr_0 = 2.1591e-04
Loss = 6.6658e-02, PNorm = 87.3401, GNorm = 0.1873, lr_0 = 2.1464e-04
Loss = 7.5932e-02, PNorm = 87.3735, GNorm = 0.1872, lr_0 = 2.1337e-04
Loss = 7.4797e-02, PNorm = 87.4100, GNorm = 0.3650, lr_0 = 2.1211e-04
Loss = 7.5876e-02, PNorm = 87.4458, GNorm = 0.2205, lr_0 = 2.1086e-04
Loss = 7.2859e-02, PNorm = 87.4756, GNorm = 0.2468, lr_0 = 2.0962e-04
Loss = 6.9829e-02, PNorm = 87.5039, GNorm = 0.2147, lr_0 = 2.0838e-04
Loss = 8.7087e-02, PNorm = 87.5331, GNorm = 0.2616, lr_0 = 2.0715e-04
Validation auc = 0.840806
Epoch 21
Loss = 7.6851e-02, PNorm = 87.5683, GNorm = 0.2426, lr_0 = 2.0581e-04
Loss = 6.2091e-02, PNorm = 87.6013, GNorm = 0.2117, lr_0 = 2.0459e-04
Loss = 7.7373e-02, PNorm = 87.6320, GNorm = 0.2951, lr_0 = 2.0339e-04
Loss = 7.0045e-02, PNorm = 87.6638, GNorm = 0.2841, lr_0 = 2.0219e-04
Loss = 6.4165e-02, PNorm = 87.6952, GNorm = 0.2110, lr_0 = 2.0100e-04
Loss = 7.6162e-02, PNorm = 87.7233, GNorm = 0.2958, lr_0 = 1.9981e-04
Loss = 7.9650e-02, PNorm = 87.7559, GNorm = 0.2336, lr_0 = 1.9863e-04
Loss = 6.6109e-02, PNorm = 87.7880, GNorm = 0.2158, lr_0 = 1.9746e-04
Loss = 7.6629e-02, PNorm = 87.8154, GNorm = 0.2388, lr_0 = 1.9629e-04
Loss = 6.3757e-02, PNorm = 87.8445, GNorm = 0.2121, lr_0 = 1.9514e-04
Loss = 7.0728e-02, PNorm = 87.8739, GNorm = 0.2248, lr_0 = 1.9399e-04
Loss = 8.5912e-02, PNorm = 87.9033, GNorm = 0.2331, lr_0 = 1.9284e-04
Loss = 7.7795e-02, PNorm = 87.9297, GNorm = 0.2274, lr_0 = 1.9170e-04
Loss = 7.3935e-02, PNorm = 87.9600, GNorm = 0.1996, lr_0 = 1.9057e-04
Loss = 4.2169e-03, PNorm = 87.9627, GNorm = 0.0767, lr_0 = 1.9046e-04
Validation auc = 0.837553
Epoch 22
Loss = 6.5454e-02, PNorm = 87.9901, GNorm = 0.2339, lr_0 = 1.8934e-04
Loss = 6.9195e-02, PNorm = 88.0191, GNorm = 0.1759, lr_0 = 1.8822e-04
Loss = 7.2636e-02, PNorm = 88.0478, GNorm = 0.2847, lr_0 = 1.8711e-04
Loss = 6.5996e-02, PNorm = 88.0792, GNorm = 0.2749, lr_0 = 1.8601e-04
Loss = 6.0964e-02, PNorm = 88.1087, GNorm = 0.2657, lr_0 = 1.8491e-04
Loss = 7.1559e-02, PNorm = 88.1357, GNorm = 0.2059, lr_0 = 1.8382e-04
Loss = 6.6576e-02, PNorm = 88.1661, GNorm = 0.2225, lr_0 = 1.8273e-04
Loss = 7.2683e-02, PNorm = 88.1969, GNorm = 0.3285, lr_0 = 1.8166e-04
Loss = 7.6280e-02, PNorm = 88.2228, GNorm = 0.2132, lr_0 = 1.8058e-04
Loss = 8.2989e-02, PNorm = 88.2481, GNorm = 0.3267, lr_0 = 1.7952e-04
Loss = 7.0950e-02, PNorm = 88.2774, GNorm = 0.1813, lr_0 = 1.7846e-04
Loss = 7.0983e-02, PNorm = 88.3037, GNorm = 0.2115, lr_0 = 1.7741e-04
Loss = 6.7959e-02, PNorm = 88.3291, GNorm = 0.1928, lr_0 = 1.7636e-04
Validation auc = 0.838544
Epoch 23
Loss = 7.5004e-02, PNorm = 88.3551, GNorm = 0.2566, lr_0 = 1.7522e-04
Loss = 5.6032e-02, PNorm = 88.3844, GNorm = 0.2410, lr_0 = 1.7418e-04
Loss = 7.3583e-02, PNorm = 88.4108, GNorm = 0.2651, lr_0 = 1.7316e-04
Loss = 5.8822e-02, PNorm = 88.4380, GNorm = 0.1690, lr_0 = 1.7213e-04
Loss = 6.6395e-02, PNorm = 88.4660, GNorm = 0.3049, lr_0 = 1.7112e-04
Loss = 5.4803e-02, PNorm = 88.4930, GNorm = 0.2070, lr_0 = 1.7011e-04
Loss = 6.2832e-02, PNorm = 88.5147, GNorm = 0.2556, lr_0 = 1.6911e-04
Loss = 5.6732e-02, PNorm = 88.5424, GNorm = 0.2551, lr_0 = 1.6811e-04
Loss = 7.1260e-02, PNorm = 88.5694, GNorm = 0.2313, lr_0 = 1.6712e-04
Loss = 7.2248e-02, PNorm = 88.5974, GNorm = 0.2531, lr_0 = 1.6613e-04
Loss = 6.3625e-02, PNorm = 88.6256, GNorm = 0.2574, lr_0 = 1.6515e-04
Loss = 7.2579e-02, PNorm = 88.6485, GNorm = 0.2049, lr_0 = 1.6418e-04
Loss = 6.5519e-02, PNorm = 88.6717, GNorm = 0.2312, lr_0 = 1.6321e-04
Loss = 7.5989e-02, PNorm = 88.6960, GNorm = 0.1959, lr_0 = 1.6225e-04
Validation auc = 0.833690
Epoch 24
Loss = 7.6443e-02, PNorm = 88.7222, GNorm = 0.2430, lr_0 = 1.6119e-04
Loss = 6.0110e-02, PNorm = 88.7470, GNorm = 0.2354, lr_0 = 1.6024e-04
Loss = 6.2070e-02, PNorm = 88.7709, GNorm = 0.2446, lr_0 = 1.5930e-04
Loss = 5.8831e-02, PNorm = 88.7939, GNorm = 0.1633, lr_0 = 1.5836e-04
Loss = 6.5653e-02, PNorm = 88.8179, GNorm = 0.1926, lr_0 = 1.5742e-04
Loss = 6.6574e-02, PNorm = 88.8424, GNorm = 0.2924, lr_0 = 1.5650e-04
Loss = 6.5601e-02, PNorm = 88.8662, GNorm = 0.2359, lr_0 = 1.5557e-04
Loss = 7.6691e-02, PNorm = 88.8892, GNorm = 0.2853, lr_0 = 1.5465e-04
Loss = 6.1552e-02, PNorm = 88.9138, GNorm = 0.2393, lr_0 = 1.5374e-04
Loss = 6.2430e-02, PNorm = 88.9351, GNorm = 0.2405, lr_0 = 1.5284e-04
Loss = 5.8413e-02, PNorm = 88.9587, GNorm = 0.2151, lr_0 = 1.5193e-04
Loss = 6.8183e-02, PNorm = 88.9831, GNorm = 0.2746, lr_0 = 1.5104e-04
Loss = 6.3209e-02, PNorm = 89.0046, GNorm = 0.1976, lr_0 = 1.5015e-04
Loss = 6.7751e-02, PNorm = 89.0265, GNorm = 0.2260, lr_0 = 1.4926e-04
Validation auc = 0.838734
Epoch 25
Loss = 5.6216e-02, PNorm = 89.0461, GNorm = 0.2193, lr_0 = 1.4838e-04
Loss = 5.4317e-02, PNorm = 89.0685, GNorm = 0.2362, lr_0 = 1.4751e-04
Loss = 6.1442e-02, PNorm = 89.0906, GNorm = 0.2455, lr_0 = 1.4664e-04
Loss = 5.4779e-02, PNorm = 89.1121, GNorm = 0.2250, lr_0 = 1.4577e-04
Loss = 6.4490e-02, PNorm = 89.1320, GNorm = 0.1733, lr_0 = 1.4491e-04
Loss = 6.3297e-02, PNorm = 89.1540, GNorm = 0.2450, lr_0 = 1.4406e-04
Loss = 7.5373e-02, PNorm = 89.1761, GNorm = 0.1982, lr_0 = 1.4321e-04
Loss = 5.9468e-02, PNorm = 89.1985, GNorm = 0.2309, lr_0 = 1.4236e-04
Loss = 5.5223e-02, PNorm = 89.2179, GNorm = 0.1743, lr_0 = 1.4152e-04
Loss = 5.9389e-02, PNorm = 89.2379, GNorm = 0.2696, lr_0 = 1.4069e-04
Loss = 6.1971e-02, PNorm = 89.2568, GNorm = 0.2195, lr_0 = 1.3986e-04
Loss = 6.6068e-02, PNorm = 89.2760, GNorm = 0.2338, lr_0 = 1.3903e-04
Loss = 6.2637e-02, PNorm = 89.2960, GNorm = 0.2120, lr_0 = 1.3821e-04
Loss = 6.3758e-02, PNorm = 89.3146, GNorm = 0.1835, lr_0 = 1.3740e-04
Validation auc = 0.837544
Epoch 26
Loss = 5.3797e-02, PNorm = 89.3347, GNorm = 0.2493, lr_0 = 1.3651e-04
Loss = 6.2545e-02, PNorm = 89.3550, GNorm = 0.2651, lr_0 = 1.3570e-04
Loss = 6.0553e-02, PNorm = 89.3745, GNorm = 0.1806, lr_0 = 1.3490e-04
Loss = 6.3056e-02, PNorm = 89.3936, GNorm = 0.2358, lr_0 = 1.3410e-04
Loss = 5.7179e-02, PNorm = 89.4127, GNorm = 0.2609, lr_0 = 1.3331e-04
Loss = 5.3247e-02, PNorm = 89.4307, GNorm = 0.2027, lr_0 = 1.3253e-04
Loss = 5.9544e-02, PNorm = 89.4469, GNorm = 0.2113, lr_0 = 1.3174e-04
Loss = 5.3652e-02, PNorm = 89.4650, GNorm = 0.1425, lr_0 = 1.3097e-04
Loss = 5.6191e-02, PNorm = 89.4869, GNorm = 0.2501, lr_0 = 1.3019e-04
Loss = 5.5602e-02, PNorm = 89.5062, GNorm = 0.2384, lr_0 = 1.2943e-04
Loss = 5.7517e-02, PNorm = 89.5243, GNorm = 0.2285, lr_0 = 1.2866e-04
Loss = 6.2246e-02, PNorm = 89.5399, GNorm = 0.3726, lr_0 = 1.2790e-04
Loss = 5.2159e-02, PNorm = 89.5573, GNorm = 0.2250, lr_0 = 1.2715e-04
Loss = 5.7529e-02, PNorm = 89.5750, GNorm = 0.1953, lr_0 = 1.2640e-04
Validation auc = 0.840405
Epoch 27
Loss = 5.8026e-02, PNorm = 89.5952, GNorm = 0.1342, lr_0 = 1.2558e-04
Loss = 5.3492e-02, PNorm = 89.6125, GNorm = 0.1896, lr_0 = 1.2484e-04
Loss = 5.5054e-02, PNorm = 89.6311, GNorm = 0.2612, lr_0 = 1.2410e-04
Loss = 5.4751e-02, PNorm = 89.6485, GNorm = 0.2003, lr_0 = 1.2337e-04
Loss = 5.5046e-02, PNorm = 89.6657, GNorm = 0.2099, lr_0 = 1.2264e-04
Loss = 5.8285e-02, PNorm = 89.6819, GNorm = 0.3327, lr_0 = 1.2192e-04
Loss = 5.5089e-02, PNorm = 89.6985, GNorm = 0.3610, lr_0 = 1.2120e-04
Loss = 5.5935e-02, PNorm = 89.7148, GNorm = 0.1909, lr_0 = 1.2049e-04
Loss = 5.5951e-02, PNorm = 89.7328, GNorm = 0.1998, lr_0 = 1.1977e-04
Loss = 5.0664e-02, PNorm = 89.7486, GNorm = 0.2401, lr_0 = 1.1907e-04
Loss = 5.7871e-02, PNorm = 89.7624, GNorm = 0.3483, lr_0 = 1.1837e-04
Loss = 5.4325e-02, PNorm = 89.7777, GNorm = 0.2448, lr_0 = 1.1767e-04
Loss = 5.5862e-02, PNorm = 89.7922, GNorm = 0.1875, lr_0 = 1.1697e-04
Loss = 6.2007e-02, PNorm = 89.8077, GNorm = 0.2262, lr_0 = 1.1628e-04
Validation auc = 0.838152
Epoch 28
Loss = 4.4184e-02, PNorm = 89.8252, GNorm = 0.2326, lr_0 = 1.1553e-04
Loss = 4.5067e-02, PNorm = 89.8410, GNorm = 0.1676, lr_0 = 1.1485e-04
Loss = 5.3152e-02, PNorm = 89.8544, GNorm = 0.2364, lr_0 = 1.1417e-04
Loss = 5.7125e-02, PNorm = 89.8693, GNorm = 0.2719, lr_0 = 1.1350e-04
Loss = 5.4483e-02, PNorm = 89.8843, GNorm = 0.2228, lr_0 = 1.1283e-04
Loss = 5.3892e-02, PNorm = 89.8993, GNorm = 0.2033, lr_0 = 1.1216e-04
Loss = 5.2478e-02, PNorm = 89.9121, GNorm = 0.2641, lr_0 = 1.1150e-04
Loss = 6.8365e-02, PNorm = 89.9264, GNorm = 0.2936, lr_0 = 1.1084e-04
Loss = 5.9543e-02, PNorm = 89.9403, GNorm = 0.2596, lr_0 = 1.1019e-04
Loss = 5.9007e-02, PNorm = 89.9532, GNorm = 0.2119, lr_0 = 1.0954e-04
Loss = 5.6180e-02, PNorm = 89.9689, GNorm = 0.2268, lr_0 = 1.0889e-04
Loss = 5.7147e-02, PNorm = 89.9832, GNorm = 0.3614, lr_0 = 1.0825e-04
Loss = 5.3828e-02, PNorm = 89.9976, GNorm = 0.2201, lr_0 = 1.0761e-04
Loss = 6.1698e-02, PNorm = 90.0126, GNorm = 0.1884, lr_0 = 1.0698e-04
Validation auc = 0.836693
Epoch 29
Loss = 5.5240e-02, PNorm = 90.0285, GNorm = 0.2901, lr_0 = 1.0628e-04
Loss = 5.1814e-02, PNorm = 90.0427, GNorm = 0.2147, lr_0 = 1.0566e-04
Loss = 5.5847e-02, PNorm = 90.0565, GNorm = 0.1711, lr_0 = 1.0503e-04
Loss = 4.4187e-02, PNorm = 90.0703, GNorm = 0.2082, lr_0 = 1.0441e-04
Loss = 5.8439e-02, PNorm = 90.0837, GNorm = 0.2741, lr_0 = 1.0380e-04
Loss = 5.2041e-02, PNorm = 90.0971, GNorm = 0.2584, lr_0 = 1.0319e-04
Loss = 5.4957e-02, PNorm = 90.1112, GNorm = 0.1920, lr_0 = 1.0258e-04
Loss = 5.8582e-02, PNorm = 90.1256, GNorm = 0.2229, lr_0 = 1.0197e-04
Loss = 5.4377e-02, PNorm = 90.1387, GNorm = 0.1845, lr_0 = 1.0137e-04
Loss = 5.1656e-02, PNorm = 90.1524, GNorm = 0.2520, lr_0 = 1.0077e-04
Loss = 4.9425e-02, PNorm = 90.1665, GNorm = 0.1614, lr_0 = 1.0018e-04
Loss = 4.8699e-02, PNorm = 90.1788, GNorm = 0.1844, lr_0 = 1.0000e-04
Loss = 4.6019e-02, PNorm = 90.1908, GNorm = 0.2973, lr_0 = 1.0000e-04
Loss = 5.7723e-02, PNorm = 90.2022, GNorm = 0.3790, lr_0 = 1.0000e-04
Validation auc = 0.837528
Model 0 best validation auc = 0.842720 on epoch 11
Loading pretrained parameter "encoder.encoder.0.cached_zero_vector".
Loading pretrained parameter "encoder.encoder.0.W_i.weight".
Loading pretrained parameter "encoder.encoder.0.W_h.weight".
Loading pretrained parameter "encoder.encoder.0.W_o.weight".
Loading pretrained parameter "encoder.encoder.0.W_o.bias".
Loading pretrained parameter "ffn.1.weight".
Loading pretrained parameter "ffn.1.bias".
Loading pretrained parameter "ffn.4.weight".
Loading pretrained parameter "ffn.4.bias".
Loading pretrained parameter "ffn.7.weight".
Loading pretrained parameter "ffn.7.bias".
Moving model to cuda
Model 0 test auc = 0.836553
Ensemble test auc = 0.836553
1-fold cross validation
	Seed 0 ==> test auc = 0.836553
Overall test auc = 0.836553 +/- 0.000000
Elapsed time = 0:11:01
