Command line
python /home/vo87poq/chemprop_projektarbeit/train.py --gpu 0 --features_generator rdkit_2d_normalized --no_features_scaling --epochs 12 --data_path /home/vo87poq/chemprop_projektarbeit/newdata/tox21_data_full/tox21_full_desalted_grouped_nans.csv --separate_val_path /home/vo87poq/chemprop_projektarbeit/newdata/tox21_data_full/tox21_full_desalted_grouped_nans.csv --separate_test_path /home/vo87poq/chemprop_projektarbeit/newdata/tox21_data_full/tox21_full_desalted_grouped_nans.csv --dataset_type classification --save_dir /home/vo87poq/chemprop_projektarbeit/tox21_checkpoints/full_set/final_D-MPNN --quiet --save_preds --config_path /home/vo87poq/chemprop_projektarbeit/tox21_checkpoints/optimization/full_set_rdkit_2d_normalized/config.json
Args
{'activation': 'ReLU',
 'adding_h': False,
 'aggregation': 'mean',
 'aggregation_norm': 100,
 'atom_descriptor_scaling': True,
 'atom_descriptors': None,
 'atom_descriptors_path': None,
 'atom_descriptors_size': 0,
 'atom_features_size': 0,
 'atom_messages': False,
 'batch_size': 50,
 'bias': False,
 'bias_solvent': False,
 'bond_feature_scaling': True,
 'bond_features_path': None,
 'bond_features_size': 0,
 'cache_cutoff': 10000,
 'checkpoint_dir': None,
 'checkpoint_frzn': None,
 'checkpoint_path': None,
 'checkpoint_paths': None,
 'class_balance': False,
 'config_path': '/home/vo87poq/chemprop_projektarbeit/tox21_checkpoints/optimization/full_set_rdkit_2d_normalized/config.json',
 'crossval_index_dir': None,
 'crossval_index_file': None,
 'crossval_index_sets': None,
 'cuda': True,
 'data_path': '/home/vo87poq/chemprop_projektarbeit/newdata/tox21_data_full/tox21_full_desalted_grouped_nans.csv',
 'data_weights_path': None,
 'dataset_type': 'classification',
 'depth': 4,
 'depth_solvent': 3,
 'device': device(type='cuda', index=0),
 'dropout': 0.15000000000000002,
 'empty_cache': False,
 'ensemble_size': 1,
 'epochs': 12,
 'evidential_regularization': 0,
 'explicit_h': False,
 'extra_metrics': [],
 'features_generator': ['rdkit_2d_normalized'],
 'features_only': False,
 'features_path': None,
 'features_scaling': False,
 'features_size': None,
 'ffn_hidden_size': 1000,
 'ffn_num_layers': 3,
 'final_lr': 0.0001,
 'folds_file': None,
 'freeze_first_only': False,
 'frzn_ffn_layers': 0,
 'gpu': 0,
 'grad_clip': None,
 'hidden_size': 1000,
 'hidden_size_solvent': 300,
 'ignore_columns': None,
 'init_lr': 0.0001,
 'log_frequency': 10,
 'loss_function': 'binary_cross_entropy',
 'max_data_size': None,
 'max_lr': 0.001,
 'metric': 'auc',
 'metrics': ['auc'],
 'minimize_score': False,
 'mpn_shared': False,
 'multiclass_num_classes': 3,
 'no_atom_descriptor_scaling': False,
 'no_bond_features_scaling': False,
 'no_cache_mol': False,
 'no_cuda': False,
 'no_features_scaling': True,
 'num_folds': 1,
 'num_lrs': 1,
 'num_tasks': 12,
 'num_workers': 8,
 'number_of_molecules': 1,
 'overwrite_default_atom_features': False,
 'overwrite_default_bond_features': False,
 'phase_features_path': None,
 'pytorch_seed': 0,
 'quiet': True,
 'reaction': False,
 'reaction_mode': 'reac_diff',
 'reaction_solvent': False,
 'resume_experiment': False,
 'save_dir': '/home/vo87poq/chemprop_projektarbeit/tox21_checkpoints/full_set/final_D-MPNN',
 'save_preds': True,
 'save_smiles_splits': False,
 'seed': 0,
 'separate_test_atom_descriptors_path': None,
 'separate_test_bond_features_path': None,
 'separate_test_features_path': None,
 'separate_test_path': '/home/vo87poq/chemprop_projektarbeit/newdata/tox21_data_full/tox21_full_desalted_grouped_nans.csv',
 'separate_test_phase_features_path': None,
 'separate_val_atom_descriptors_path': None,
 'separate_val_bond_features_path': None,
 'separate_val_features_path': None,
 'separate_val_path': '/home/vo87poq/chemprop_projektarbeit/newdata/tox21_data_full/tox21_full_desalted_grouped_nans.csv',
 'separate_val_phase_features_path': None,
 'show_individual_scores': False,
 'smiles_columns': ['smiles'],
 'spectra_activation': 'exp',
 'spectra_phase_mask_path': None,
 'spectra_target_floor': 1e-08,
 'split_key_molecule': 0,
 'split_sizes': [1.0, 0.0, 0.0],
 'split_type': 'random',
 'target_columns': None,
 'target_weights': None,
 'task_names': ['NR-AR',
                'NR-AR-LBD',
                'NR-AhR',
                'NR-Aromatase',
                'NR-ER',
                'NR-ER-LBD',
                'NR-PPAR-gamma',
                'SR-ARE',
                'SR-ATAD5',
                'SR-HSE',
                'SR-MMP',
                'SR-p53'],
 'test': False,
 'test_fold_index': None,
 'train_data_size': None,
 'undirected': False,
 'use_input_features': True,
 'val_fold_index': None,
 'warmup_epochs': 2.0}
Setting molecule featurization parameters to default.
Loading data
Number of tasks = 12
Fold 0
Splitting data with seed 0
Class sizes
NR-AR 0: 96.72%, 1: 3.28%
NR-AR-LBD 0: 97.01%, 1: 2.99%
NR-AhR 0: 88.78%, 1: 11.22%
NR-Aromatase 0: 94.95%, 1: 5.05%
NR-ER 0: 89.46%, 1: 10.54%
NR-ER-LBD 0: 95.89%, 1: 4.11%
NR-PPAR-gamma 0: 97.02%, 1: 2.98%
SR-ARE 0: 84.17%, 1: 15.83%
SR-ATAD5 0: 96.16%, 1: 3.84%
SR-HSE 0: 95.03%, 1: 4.97%
SR-MMP 0: 85.07%, 1: 14.93%
SR-p53 0: 93.78%, 1: 6.22%
Total size = 8,695 | train size = 8,695 | val size = 8,695 | test size = 8,695
Building model 0
MoleculeModel(
  (sigmoid): Sigmoid()
  (encoder): MPN(
    (encoder): ModuleList(
      (0): MPNEncoder(
        (dropout_layer): Dropout(p=0.15000000000000002, inplace=False)
        (act_func): ReLU()
        (W_i): Linear(in_features=147, out_features=1000, bias=False)
        (W_h): Linear(in_features=1000, out_features=1000, bias=False)
        (W_o): Linear(in_features=1133, out_features=1000, bias=True)
      )
    )
  )
  (ffn): Sequential(
    (0): Dropout(p=0.15000000000000002, inplace=False)
    (1): Linear(in_features=1200, out_features=1000, bias=True)
    (2): ReLU()
    (3): Dropout(p=0.15000000000000002, inplace=False)
    (4): Linear(in_features=1000, out_features=1000, bias=True)
    (5): ReLU()
    (6): Dropout(p=0.15000000000000002, inplace=False)
    (7): Linear(in_features=1000, out_features=12, bias=True)
  )
)
Number of parameters = 4,496,012
Moving model to cuda
Epoch 0
Loss = 4.3459e-01, PNorm = 66.5868, GNorm = 1.1791, lr_0 = 1.2861e-04
Loss = 3.0312e-01, PNorm = 66.5958, GNorm = 0.5361, lr_0 = 1.5462e-04
Loss = 2.5507e-01, PNorm = 66.6121, GNorm = 0.3671, lr_0 = 1.8064e-04
Loss = 2.3900e-01, PNorm = 66.6300, GNorm = 0.2406, lr_0 = 2.0665e-04
Loss = 2.3415e-01, PNorm = 66.6475, GNorm = 0.2490, lr_0 = 2.3266e-04
Loss = 2.1705e-01, PNorm = 66.6622, GNorm = 0.2497, lr_0 = 2.5867e-04
Loss = 2.1922e-01, PNorm = 66.6753, GNorm = 0.3954, lr_0 = 2.8468e-04
Loss = 2.3848e-01, PNorm = 66.6887, GNorm = 0.3381, lr_0 = 3.1069e-04
Loss = 2.0547e-01, PNorm = 66.7076, GNorm = 0.2522, lr_0 = 3.3671e-04
Loss = 2.1896e-01, PNorm = 66.7273, GNorm = 0.2291, lr_0 = 3.6272e-04
Loss = 2.3010e-01, PNorm = 66.7536, GNorm = 0.3597, lr_0 = 3.8873e-04
Loss = 1.9303e-01, PNorm = 66.7802, GNorm = 0.1985, lr_0 = 4.1474e-04
Loss = 2.1457e-01, PNorm = 66.8082, GNorm = 0.1874, lr_0 = 4.4075e-04
Loss = 2.1140e-01, PNorm = 66.8410, GNorm = 0.2005, lr_0 = 4.6676e-04
Loss = 2.0119e-01, PNorm = 66.8770, GNorm = 0.2758, lr_0 = 4.9277e-04
Loss = 1.9568e-01, PNorm = 66.9229, GNorm = 0.1715, lr_0 = 5.1879e-04
Loss = 1.9247e-01, PNorm = 66.9663, GNorm = 0.2175, lr_0 = 5.4480e-04
Validation auc = 0.823384
Epoch 1
Loss = 1.9148e-01, PNorm = 67.0131, GNorm = 0.2718, lr_0 = 5.7341e-04
Loss = 2.0051e-01, PNorm = 67.0622, GNorm = 0.3069, lr_0 = 5.9942e-04
Loss = 1.5805e-01, PNorm = 67.1222, GNorm = 0.1933, lr_0 = 6.2543e-04
Loss = 1.9980e-01, PNorm = 67.1793, GNorm = 0.2497, lr_0 = 6.5145e-04
Loss = 1.9869e-01, PNorm = 67.2468, GNorm = 0.1588, lr_0 = 6.7746e-04
Loss = 2.0225e-01, PNorm = 67.3220, GNorm = 0.2710, lr_0 = 7.0347e-04
Loss = 2.0196e-01, PNorm = 67.4020, GNorm = 0.2605, lr_0 = 7.2948e-04
Loss = 1.9716e-01, PNorm = 67.4812, GNorm = 0.2018, lr_0 = 7.5549e-04
Loss = 1.9058e-01, PNorm = 67.5549, GNorm = 0.1917, lr_0 = 7.8150e-04
Loss = 1.6901e-01, PNorm = 67.6347, GNorm = 0.1984, lr_0 = 8.0751e-04
Loss = 2.0412e-01, PNorm = 67.7059, GNorm = 0.2076, lr_0 = 8.3353e-04
Loss = 2.0335e-01, PNorm = 67.7824, GNorm = 0.1947, lr_0 = 8.5954e-04
Loss = 2.2621e-01, PNorm = 67.8655, GNorm = 0.2191, lr_0 = 8.8555e-04
Loss = 1.9092e-01, PNorm = 67.9660, GNorm = 0.2557, lr_0 = 9.1156e-04
Loss = 1.6867e-01, PNorm = 68.0608, GNorm = 0.1436, lr_0 = 9.3757e-04
Loss = 1.9961e-01, PNorm = 68.1562, GNorm = 0.1390, lr_0 = 9.6358e-04
Loss = 1.8477e-01, PNorm = 68.2486, GNorm = 0.1710, lr_0 = 9.8960e-04
Validation auc = 0.853949
Epoch 2
Loss = 1.7778e-01, PNorm = 68.3490, GNorm = 0.2374, lr_0 = 9.9205e-04
Loss = 1.9346e-01, PNorm = 68.4492, GNorm = 0.2376, lr_0 = 9.7893e-04
Loss = 2.0220e-01, PNorm = 68.5582, GNorm = 0.1988, lr_0 = 9.6599e-04
Loss = 1.8051e-01, PNorm = 68.6750, GNorm = 0.2246, lr_0 = 9.5321e-04
Loss = 1.8939e-01, PNorm = 68.7799, GNorm = 0.1662, lr_0 = 9.4061e-04
Loss = 1.7266e-01, PNorm = 68.8854, GNorm = 0.1623, lr_0 = 9.2818e-04
Loss = 1.9067e-01, PNorm = 68.9792, GNorm = 0.1742, lr_0 = 9.1590e-04
Loss = 1.6614e-01, PNorm = 69.0709, GNorm = 0.1289, lr_0 = 9.0379e-04
Loss = 1.8832e-01, PNorm = 69.1755, GNorm = 0.2005, lr_0 = 8.9184e-04
Loss = 1.7210e-01, PNorm = 69.2836, GNorm = 0.1348, lr_0 = 8.8005e-04
Loss = 1.8977e-01, PNorm = 69.3756, GNorm = 0.2107, lr_0 = 8.6842e-04
Loss = 1.7447e-01, PNorm = 69.4681, GNorm = 0.2388, lr_0 = 8.5694e-04
Loss = 1.9227e-01, PNorm = 69.5335, GNorm = 0.1670, lr_0 = 8.4561e-04
Loss = 1.7628e-01, PNorm = 69.6274, GNorm = 0.1777, lr_0 = 8.3442e-04
Loss = 1.8504e-01, PNorm = 69.7135, GNorm = 0.2264, lr_0 = 8.2339e-04
Loss = 1.7061e-01, PNorm = 69.7974, GNorm = 0.2613, lr_0 = 8.1251e-04
Loss = 1.6310e-01, PNorm = 69.8874, GNorm = 0.1337, lr_0 = 8.0176e-04
Loss = 1.8948e-01, PNorm = 69.9678, GNorm = 0.2345, lr_0 = 7.9116e-04
Validation auc = 0.877618
Epoch 3
Loss = 1.9539e-01, PNorm = 70.0433, GNorm = 0.2001, lr_0 = 7.8070e-04
Loss = 1.7366e-01, PNorm = 70.1357, GNorm = 0.1842, lr_0 = 7.7038e-04
Loss = 1.6489e-01, PNorm = 70.2159, GNorm = 0.2106, lr_0 = 7.6019e-04
Loss = 1.7732e-01, PNorm = 70.2930, GNorm = 0.2336, lr_0 = 7.5014e-04
Loss = 1.6747e-01, PNorm = 70.3720, GNorm = 0.2119, lr_0 = 7.4023e-04
Loss = 1.5414e-01, PNorm = 70.4259, GNorm = 0.1783, lr_0 = 7.3044e-04
Loss = 1.6768e-01, PNorm = 70.5019, GNorm = 0.1647, lr_0 = 7.2078e-04
Loss = 1.6472e-01, PNorm = 70.5801, GNorm = 0.1732, lr_0 = 7.1125e-04
Loss = 1.8985e-01, PNorm = 70.6456, GNorm = 0.1710, lr_0 = 7.0185e-04
Loss = 1.6610e-01, PNorm = 70.7244, GNorm = 0.1846, lr_0 = 6.9257e-04
Loss = 1.6055e-01, PNorm = 70.8037, GNorm = 0.2293, lr_0 = 6.8341e-04
Loss = 1.6585e-01, PNorm = 70.8833, GNorm = 0.2535, lr_0 = 6.7438e-04
Loss = 1.7194e-01, PNorm = 70.9638, GNorm = 0.1547, lr_0 = 6.6546e-04
Loss = 1.7742e-01, PNorm = 71.0466, GNorm = 0.1473, lr_0 = 6.5666e-04
Loss = 1.5963e-01, PNorm = 71.1277, GNorm = 0.2272, lr_0 = 6.4798e-04
Loss = 1.7426e-01, PNorm = 71.2000, GNorm = 0.2255, lr_0 = 6.3941e-04
Loss = 1.7303e-01, PNorm = 71.2593, GNorm = 0.1912, lr_0 = 6.3096e-04
Validation auc = 0.893680
Epoch 4
Loss = 1.6126e-01, PNorm = 71.3261, GNorm = 0.2239, lr_0 = 6.2262e-04
Loss = 1.6762e-01, PNorm = 71.4029, GNorm = 0.1359, lr_0 = 6.1438e-04
Loss = 1.6172e-01, PNorm = 71.4753, GNorm = 0.1717, lr_0 = 6.0626e-04
Loss = 1.6591e-01, PNorm = 71.5484, GNorm = 0.2365, lr_0 = 5.9824e-04
Loss = 1.6174e-01, PNorm = 71.6186, GNorm = 0.1608, lr_0 = 5.9033e-04
Loss = 1.4736e-01, PNorm = 71.6775, GNorm = 0.2551, lr_0 = 5.8253e-04
Loss = 1.7146e-01, PNorm = 71.7234, GNorm = 0.1678, lr_0 = 5.7483e-04
Loss = 1.5178e-01, PNorm = 71.7912, GNorm = 0.1487, lr_0 = 5.6723e-04
Loss = 1.3854e-01, PNorm = 71.8458, GNorm = 0.1833, lr_0 = 5.5973e-04
Loss = 1.6317e-01, PNorm = 71.9031, GNorm = 0.1455, lr_0 = 5.5233e-04
Loss = 1.6899e-01, PNorm = 71.9665, GNorm = 0.1663, lr_0 = 5.4502e-04
Loss = 1.6455e-01, PNorm = 72.0258, GNorm = 0.1730, lr_0 = 5.3782e-04
Loss = 1.6706e-01, PNorm = 72.0920, GNorm = 0.1856, lr_0 = 5.3071e-04
Loss = 1.7770e-01, PNorm = 72.1460, GNorm = 0.1850, lr_0 = 5.2369e-04
Loss = 1.5680e-01, PNorm = 72.2088, GNorm = 0.1980, lr_0 = 5.1677e-04
Loss = 1.8057e-01, PNorm = 72.2566, GNorm = 0.3042, lr_0 = 5.0993e-04
Loss = 1.5694e-01, PNorm = 72.3099, GNorm = 0.1547, lr_0 = 5.0319e-04
Validation auc = 0.909957
Epoch 5
Loss = 1.8647e-01, PNorm = 72.3726, GNorm = 0.1737, lr_0 = 4.9654e-04
Loss = 1.4802e-01, PNorm = 72.4364, GNorm = 0.2114, lr_0 = 4.8997e-04
Loss = 1.4499e-01, PNorm = 72.5005, GNorm = 0.2788, lr_0 = 4.8350e-04
Loss = 1.5899e-01, PNorm = 72.5486, GNorm = 0.1749, lr_0 = 4.7710e-04
Loss = 1.4903e-01, PNorm = 72.6164, GNorm = 0.1799, lr_0 = 4.7080e-04
Loss = 1.5446e-01, PNorm = 72.6724, GNorm = 0.1938, lr_0 = 4.6457e-04
Loss = 1.6048e-01, PNorm = 72.7267, GNorm = 0.2192, lr_0 = 4.5843e-04
Loss = 1.6916e-01, PNorm = 72.7790, GNorm = 0.2267, lr_0 = 4.5237e-04
Loss = 1.4785e-01, PNorm = 72.8351, GNorm = 0.2249, lr_0 = 4.4639e-04
Loss = 1.4970e-01, PNorm = 72.8838, GNorm = 0.1937, lr_0 = 4.4048e-04
Loss = 1.5248e-01, PNorm = 72.9370, GNorm = 0.2065, lr_0 = 4.3466e-04
Loss = 1.6667e-01, PNorm = 72.9908, GNorm = 0.2869, lr_0 = 4.2891e-04
Loss = 1.4510e-01, PNorm = 73.0440, GNorm = 0.1904, lr_0 = 4.2324e-04
Loss = 1.5745e-01, PNorm = 73.0888, GNorm = 0.1450, lr_0 = 4.1765e-04
Loss = 1.5560e-01, PNorm = 73.1338, GNorm = 0.2061, lr_0 = 4.1212e-04
Loss = 1.4193e-01, PNorm = 73.1707, GNorm = 0.2519, lr_0 = 4.0668e-04
Loss = 1.5035e-01, PNorm = 73.2145, GNorm = 0.1383, lr_0 = 4.0130e-04
Loss = 1.7500e-01, PNorm = 73.2525, GNorm = 0.1686, lr_0 = 3.9599e-04
Validation auc = 0.919385
Epoch 6
Loss = 1.5520e-01, PNorm = 73.2893, GNorm = 0.1882, lr_0 = 3.9076e-04
Loss = 1.5794e-01, PNorm = 73.3350, GNorm = 0.2295, lr_0 = 3.8559e-04
Loss = 1.4033e-01, PNorm = 73.3750, GNorm = 0.1538, lr_0 = 3.8049e-04
Loss = 1.4951e-01, PNorm = 73.4159, GNorm = 0.1927, lr_0 = 3.7546e-04
Loss = 1.3221e-01, PNorm = 73.4615, GNorm = 0.2046, lr_0 = 3.7050e-04
Loss = 1.4098e-01, PNorm = 73.5028, GNorm = 0.2039, lr_0 = 3.6560e-04
Loss = 1.4710e-01, PNorm = 73.5507, GNorm = 0.2235, lr_0 = 3.6077e-04
Loss = 1.5761e-01, PNorm = 73.5840, GNorm = 0.1989, lr_0 = 3.5600e-04
Loss = 1.4416e-01, PNorm = 73.6266, GNorm = 0.1730, lr_0 = 3.5129e-04
Loss = 1.4761e-01, PNorm = 73.6645, GNorm = 0.2425, lr_0 = 3.4664e-04
Loss = 1.4034e-01, PNorm = 73.7080, GNorm = 0.2558, lr_0 = 3.4206e-04
Loss = 1.5293e-01, PNorm = 73.7444, GNorm = 0.1778, lr_0 = 3.3754e-04
Loss = 1.3829e-01, PNorm = 73.7842, GNorm = 0.2239, lr_0 = 3.3308e-04
Loss = 1.5393e-01, PNorm = 73.8148, GNorm = 0.3098, lr_0 = 3.2867e-04
Loss = 1.4727e-01, PNorm = 73.8433, GNorm = 0.1828, lr_0 = 3.2433e-04
Loss = 1.6185e-01, PNorm = 73.8767, GNorm = 0.1809, lr_0 = 3.2004e-04
Loss = 1.5396e-01, PNorm = 73.9197, GNorm = 0.2127, lr_0 = 3.1581e-04
Validation auc = 0.927719
Epoch 7
Loss = 1.4149e-01, PNorm = 73.9630, GNorm = 0.2037, lr_0 = 3.1163e-04
Loss = 1.6275e-01, PNorm = 74.0088, GNorm = 0.2084, lr_0 = 3.0751e-04
Loss = 1.3521e-01, PNorm = 74.0554, GNorm = 0.1656, lr_0 = 3.0345e-04
Loss = 1.2941e-01, PNorm = 74.0969, GNorm = 0.2042, lr_0 = 2.9943e-04
Loss = 1.4612e-01, PNorm = 74.1302, GNorm = 0.1683, lr_0 = 2.9547e-04
Loss = 1.3363e-01, PNorm = 74.1700, GNorm = 0.1800, lr_0 = 2.9157e-04
Loss = 1.5720e-01, PNorm = 74.2022, GNorm = 0.1802, lr_0 = 2.8771e-04
Loss = 1.3853e-01, PNorm = 74.2438, GNorm = 0.1982, lr_0 = 2.8391e-04
Loss = 1.3177e-01, PNorm = 74.2714, GNorm = 0.1939, lr_0 = 2.8016e-04
Loss = 1.3318e-01, PNorm = 74.3079, GNorm = 0.2382, lr_0 = 2.7645e-04
Loss = 1.2923e-01, PNorm = 74.3417, GNorm = 0.2072, lr_0 = 2.7280e-04
Loss = 1.3869e-01, PNorm = 74.3743, GNorm = 0.2189, lr_0 = 2.6919e-04
Loss = 1.4793e-01, PNorm = 74.4048, GNorm = 0.1802, lr_0 = 2.6563e-04
Loss = 1.4723e-01, PNorm = 74.4350, GNorm = 0.3249, lr_0 = 2.6212e-04
Loss = 1.4840e-01, PNorm = 74.4589, GNorm = 0.2038, lr_0 = 2.5865e-04
Loss = 1.2934e-01, PNorm = 74.4956, GNorm = 0.1816, lr_0 = 2.5523e-04
Loss = 1.4272e-01, PNorm = 74.5283, GNorm = 0.1856, lr_0 = 2.5186e-04
Loss = 1.5047e-01, PNorm = 74.5510, GNorm = 0.1920, lr_0 = 2.4853e-04
Validation auc = 0.934426
Epoch 8
Loss = 1.3497e-01, PNorm = 74.5811, GNorm = 0.1819, lr_0 = 2.4524e-04
Loss = 1.3497e-01, PNorm = 74.6087, GNorm = 0.1857, lr_0 = 2.4200e-04
Loss = 1.3574e-01, PNorm = 74.6398, GNorm = 0.1535, lr_0 = 2.3880e-04
Loss = 1.2339e-01, PNorm = 74.6752, GNorm = 0.2242, lr_0 = 2.3564e-04
Loss = 1.1992e-01, PNorm = 74.7054, GNorm = 0.1688, lr_0 = 2.3253e-04
Loss = 1.2393e-01, PNorm = 74.7372, GNorm = 0.2152, lr_0 = 2.2945e-04
Loss = 1.3457e-01, PNorm = 74.7687, GNorm = 0.2963, lr_0 = 2.2642e-04
Loss = 1.4840e-01, PNorm = 74.7945, GNorm = 0.1858, lr_0 = 2.2343e-04
Loss = 1.4990e-01, PNorm = 74.8281, GNorm = 0.1855, lr_0 = 2.2047e-04
Loss = 1.4351e-01, PNorm = 74.8615, GNorm = 0.1834, lr_0 = 2.1756e-04
Loss = 1.3030e-01, PNorm = 74.8866, GNorm = 0.1835, lr_0 = 2.1468e-04
Loss = 1.2492e-01, PNorm = 74.9089, GNorm = 0.2760, lr_0 = 2.1184e-04
Loss = 1.4118e-01, PNorm = 74.9391, GNorm = 0.2132, lr_0 = 2.0904e-04
Loss = 1.2904e-01, PNorm = 74.9618, GNorm = 0.2064, lr_0 = 2.0628e-04
Loss = 1.4760e-01, PNorm = 74.9788, GNorm = 0.1573, lr_0 = 2.0355e-04
Loss = 1.2924e-01, PNorm = 75.0045, GNorm = 0.1855, lr_0 = 2.0086e-04
Loss = 1.4428e-01, PNorm = 75.0259, GNorm = 0.3717, lr_0 = 1.9820e-04
Validation auc = 0.941966
Epoch 9
Loss = 1.4198e-01, PNorm = 75.0474, GNorm = 0.2110, lr_0 = 1.9558e-04
Loss = 1.1964e-01, PNorm = 75.0798, GNorm = 0.1474, lr_0 = 1.9300e-04
Loss = 1.2419e-01, PNorm = 75.1012, GNorm = 0.1638, lr_0 = 1.9044e-04
Loss = 1.2681e-01, PNorm = 75.1283, GNorm = 0.1836, lr_0 = 1.8793e-04
Loss = 1.4091e-01, PNorm = 75.1511, GNorm = 0.2770, lr_0 = 1.8544e-04
Loss = 1.2610e-01, PNorm = 75.1760, GNorm = 0.2067, lr_0 = 1.8299e-04
Loss = 1.3801e-01, PNorm = 75.1957, GNorm = 0.1951, lr_0 = 1.8057e-04
Loss = 1.3164e-01, PNorm = 75.2181, GNorm = 0.2777, lr_0 = 1.7818e-04
Loss = 1.2184e-01, PNorm = 75.2394, GNorm = 0.2998, lr_0 = 1.7583e-04
Loss = 1.2616e-01, PNorm = 75.2584, GNorm = 0.1782, lr_0 = 1.7350e-04
Loss = 1.2998e-01, PNorm = 75.2821, GNorm = 0.1393, lr_0 = 1.7121e-04
Loss = 1.4094e-01, PNorm = 75.2983, GNorm = 0.2506, lr_0 = 1.6895e-04
Loss = 1.4126e-01, PNorm = 75.3186, GNorm = 0.1924, lr_0 = 1.6671e-04
Loss = 1.2684e-01, PNorm = 75.3385, GNorm = 0.2500, lr_0 = 1.6451e-04
Loss = 1.3956e-01, PNorm = 75.3585, GNorm = 0.2339, lr_0 = 1.6233e-04
Loss = 1.2273e-01, PNorm = 75.3819, GNorm = 0.1746, lr_0 = 1.6019e-04
Loss = 1.3621e-01, PNorm = 75.4002, GNorm = 0.2251, lr_0 = 1.5807e-04
Validation auc = 0.946481
Epoch 10
Loss = 1.2871e-01, PNorm = 75.4187, GNorm = 0.1877, lr_0 = 1.5598e-04
Loss = 1.1603e-01, PNorm = 75.4406, GNorm = 0.1757, lr_0 = 1.5392e-04
Loss = 1.3211e-01, PNorm = 75.4603, GNorm = 0.2171, lr_0 = 1.5188e-04
Loss = 1.2282e-01, PNorm = 75.4845, GNorm = 0.1681, lr_0 = 1.4987e-04
Loss = 1.2987e-01, PNorm = 75.5013, GNorm = 0.2227, lr_0 = 1.4789e-04
Loss = 1.2230e-01, PNorm = 75.5174, GNorm = 0.2319, lr_0 = 1.4594e-04
Loss = 1.3307e-01, PNorm = 75.5360, GNorm = 0.2168, lr_0 = 1.4401e-04
Loss = 1.2397e-01, PNorm = 75.5521, GNorm = 0.1602, lr_0 = 1.4210e-04
Loss = 1.2551e-01, PNorm = 75.5708, GNorm = 0.1697, lr_0 = 1.4022e-04
Loss = 1.3282e-01, PNorm = 75.5854, GNorm = 0.2105, lr_0 = 1.3837e-04
Loss = 1.4312e-01, PNorm = 75.6003, GNorm = 0.2348, lr_0 = 1.3654e-04
Loss = 1.2863e-01, PNorm = 75.6193, GNorm = 0.2610, lr_0 = 1.3473e-04
Loss = 1.3508e-01, PNorm = 75.6381, GNorm = 0.1503, lr_0 = 1.3295e-04
Loss = 1.1431e-01, PNorm = 75.6535, GNorm = 0.2399, lr_0 = 1.3120e-04
Loss = 1.3081e-01, PNorm = 75.6690, GNorm = 0.1873, lr_0 = 1.2946e-04
Loss = 1.2569e-01, PNorm = 75.6825, GNorm = 0.2756, lr_0 = 1.2775e-04
Loss = 1.1767e-01, PNorm = 75.6953, GNorm = 0.2042, lr_0 = 1.2606e-04
Loss = 1.2421e-01, PNorm = 75.7099, GNorm = 0.2339, lr_0 = 1.2439e-04
Validation auc = 0.951773
Epoch 11
Loss = 1.1651e-01, PNorm = 75.7275, GNorm = 0.2253, lr_0 = 1.2259e-04
Loss = 1.1419e-01, PNorm = 75.7450, GNorm = 0.1840, lr_0 = 1.2096e-04
Loss = 1.3344e-01, PNorm = 75.7595, GNorm = 0.2183, lr_0 = 1.1937e-04
Loss = 1.1511e-01, PNorm = 75.7744, GNorm = 0.1822, lr_0 = 1.1779e-04
Loss = 1.3102e-01, PNorm = 75.7894, GNorm = 0.2288, lr_0 = 1.1623e-04
Loss = 1.1497e-01, PNorm = 75.8036, GNorm = 0.1862, lr_0 = 1.1469e-04
Loss = 1.3051e-01, PNorm = 75.8180, GNorm = 0.2263, lr_0 = 1.1318e-04
Loss = 1.2359e-01, PNorm = 75.8328, GNorm = 0.2442, lr_0 = 1.1168e-04
Loss = 1.1855e-01, PNorm = 75.8449, GNorm = 0.2296, lr_0 = 1.1020e-04
Loss = 1.2371e-01, PNorm = 75.8560, GNorm = 0.2367, lr_0 = 1.0875e-04
Loss = 1.2742e-01, PNorm = 75.8678, GNorm = 0.1867, lr_0 = 1.0731e-04
Loss = 1.2334e-01, PNorm = 75.8801, GNorm = 0.2426, lr_0 = 1.0589e-04
Loss = 1.2903e-01, PNorm = 75.8947, GNorm = 0.1871, lr_0 = 1.0449e-04
Loss = 1.1400e-01, PNorm = 75.9088, GNorm = 0.1848, lr_0 = 1.0311e-04
Loss = 1.2492e-01, PNorm = 75.9212, GNorm = 0.2883, lr_0 = 1.0175e-04
Loss = 1.2173e-01, PNorm = 75.9321, GNorm = 0.2270, lr_0 = 1.0040e-04
Loss = 1.3087e-01, PNorm = 75.9416, GNorm = 0.3421, lr_0 = 1.0000e-04
Validation auc = 0.955182
Model 0 best validation auc = 0.955182 on epoch 11
Loading pretrained parameter "encoder.encoder.0.cached_zero_vector".
Loading pretrained parameter "encoder.encoder.0.W_i.weight".
Loading pretrained parameter "encoder.encoder.0.W_h.weight".
Loading pretrained parameter "encoder.encoder.0.W_o.weight".
Loading pretrained parameter "encoder.encoder.0.W_o.bias".
Loading pretrained parameter "ffn.1.weight".
Loading pretrained parameter "ffn.1.bias".
Loading pretrained parameter "ffn.4.weight".
Loading pretrained parameter "ffn.4.bias".
Loading pretrained parameter "ffn.7.weight".
Loading pretrained parameter "ffn.7.bias".
Moving model to cuda
Model 0 test auc = 0.955182
Ensemble test auc = 0.955182
1-fold cross validation
	Seed 0 ==> test auc = 0.955182
Overall test auc = 0.955182 +/- 0.000000
Elapsed time = 0:28:32
