Command line
python /home/vo87poq/chemprop_projektarbeit/train.py --features_generator rdkit_2d_normalized --no_features_scaling --gpu 0 --data_path /home/vo87poq/chemprop_projektarbeit/newdata/tox21_data_full/tox21_full_desalted_grouped_nans.csv --dataset_type classification --split_type scaffold_balanced --save_dir /home/vo87poq/chemprop_projektarbeit/tox21_checkpoints/full_set/D-MPNN_rdkit_2d_normalized --quiet --save_preds
Args
{'activation': 'ReLU',
 'adding_h': False,
 'aggregation': 'mean',
 'aggregation_norm': 100,
 'atom_descriptor_scaling': True,
 'atom_descriptors': None,
 'atom_descriptors_path': None,
 'atom_descriptors_size': 0,
 'atom_features_size': 0,
 'atom_messages': False,
 'batch_size': 50,
 'bias': False,
 'bias_solvent': False,
 'bond_feature_scaling': True,
 'bond_features_path': None,
 'bond_features_size': 0,
 'cache_cutoff': 10000,
 'checkpoint_dir': None,
 'checkpoint_frzn': None,
 'checkpoint_path': None,
 'checkpoint_paths': None,
 'class_balance': False,
 'config_path': None,
 'crossval_index_dir': None,
 'crossval_index_file': None,
 'crossval_index_sets': None,
 'cuda': True,
 'data_path': '/home/vo87poq/chemprop_projektarbeit/newdata/tox21_data_full/tox21_full_desalted_grouped_nans.csv',
 'data_weights_path': None,
 'dataset_type': 'classification',
 'depth': 3,
 'depth_solvent': 3,
 'device': device(type='cuda', index=0),
 'dropout': 0.0,
 'empty_cache': False,
 'ensemble_size': 1,
 'epochs': 30,
 'evidential_regularization': 0,
 'explicit_h': False,
 'extra_metrics': [],
 'features_generator': ['rdkit_2d_normalized'],
 'features_only': False,
 'features_path': None,
 'features_scaling': False,
 'features_size': None,
 'ffn_hidden_size': 300,
 'ffn_num_layers': 2,
 'final_lr': 0.0001,
 'folds_file': None,
 'freeze_first_only': False,
 'frzn_ffn_layers': 0,
 'gpu': 0,
 'grad_clip': None,
 'hidden_size': 300,
 'hidden_size_solvent': 300,
 'ignore_columns': None,
 'init_lr': 0.0001,
 'log_frequency': 10,
 'loss_function': 'binary_cross_entropy',
 'max_data_size': None,
 'max_lr': 0.001,
 'metric': 'auc',
 'metrics': ['auc'],
 'minimize_score': False,
 'mpn_shared': False,
 'multiclass_num_classes': 3,
 'no_atom_descriptor_scaling': False,
 'no_bond_features_scaling': False,
 'no_cache_mol': False,
 'no_cuda': False,
 'no_features_scaling': True,
 'num_folds': 1,
 'num_lrs': 1,
 'num_tasks': 12,
 'num_workers': 8,
 'number_of_molecules': 1,
 'overwrite_default_atom_features': False,
 'overwrite_default_bond_features': False,
 'phase_features_path': None,
 'pytorch_seed': 0,
 'quiet': True,
 'reaction': False,
 'reaction_mode': 'reac_diff',
 'reaction_solvent': False,
 'resume_experiment': False,
 'save_dir': '/home/vo87poq/chemprop_projektarbeit/tox21_checkpoints/full_set/D-MPNN_rdkit_2d_normalized',
 'save_preds': True,
 'save_smiles_splits': False,
 'seed': 0,
 'separate_test_atom_descriptors_path': None,
 'separate_test_bond_features_path': None,
 'separate_test_features_path': None,
 'separate_test_path': None,
 'separate_test_phase_features_path': None,
 'separate_val_atom_descriptors_path': None,
 'separate_val_bond_features_path': None,
 'separate_val_features_path': None,
 'separate_val_path': None,
 'separate_val_phase_features_path': None,
 'show_individual_scores': False,
 'smiles_columns': ['smiles'],
 'spectra_activation': 'exp',
 'spectra_phase_mask_path': None,
 'spectra_target_floor': 1e-08,
 'split_key_molecule': 0,
 'split_sizes': [0.8, 0.1, 0.1],
 'split_type': 'scaffold_balanced',
 'target_columns': None,
 'target_weights': None,
 'task_names': ['NR-AR',
                'NR-AR-LBD',
                'NR-AhR',
                'NR-Aromatase',
                'NR-ER',
                'NR-ER-LBD',
                'NR-PPAR-gamma',
                'SR-ARE',
                'SR-ATAD5',
                'SR-HSE',
                'SR-MMP',
                'SR-p53'],
 'test': False,
 'test_fold_index': None,
 'train_data_size': None,
 'undirected': False,
 'use_input_features': True,
 'val_fold_index': None,
 'warmup_epochs': 2.0}
Setting molecule featurization parameters to default.
Loading data
Number of tasks = 12
Fold 0
Splitting data with seed 0
Total scaffolds = 2,637 | train scaffolds = 1,748 | val scaffolds = 546 | test scaffolds = 343
Label averages per scaffold, in decreasing order of scaffold frequency,capped at 10 scaffolds and 20 labels:
Scaffold 0
Task 0: count = 1,821 | target average = 0.006041
Task 1: count = 1,780 | target average = 0.010674
Task 2: count = 1,754 | target average = 0.009692
Task 3: count = 1,658 | target average = 0.010253
Task 4: count = 1,646 | target average = 0.042527
Task 5: count = 1,794 | target average = 0.015050
Task 6: count = 1,772 | target average = 0.019752
Task 7: count = 1,639 | target average = 0.086638
Task 8: count = 1,829 | target average = 0.018043
Task 9: count = 1,734 | target average = 0.038639
Task 10: count = 1,603 | target average = 0.033063
Task 11: count = 1,791 | target average = 0.019542


Scaffold 1
Task 0: count = 1,473 | target average = 0.010183
Task 1: count = 1,410 | target average = 0.012057
Task 2: count = 1,335 | target average = 0.116105
Task 3: count = 1,234 | target average = 0.021070
Task 4: count = 1,277 | target average = 0.086922
Task 5: count = 1,447 | target average = 0.031099
Task 6: count = 1,399 | target average = 0.018585
Task 7: count = 1,317 | target average = 0.110858
Task 8: count = 1,463 | target average = 0.021873
Task 9: count = 1,438 | target average = 0.036857
Task 10: count = 1,259 | target average = 0.154885
Task 11: count = 1,433 | target average = 0.037683


Scaffold 2
Task 0: count = 85 | target average = 0.000000
Task 1: count = 86 | target average = 0.000000
Task 2: count = 81 | target average = 0.123457
Task 3: count = 82 | target average = 0.036585
Task 4: count = 78 | target average = 0.012821
Task 5: count = 89 | target average = 0.044944
Task 6: count = 85 | target average = 0.000000
Task 7: count = 85 | target average = 0.082353
Task 8: count = 87 | target average = 0.022989
Task 9: count = 87 | target average = 0.011494
Task 10: count = 81 | target average = 0.074074
Task 11: count = 88 | target average = 0.011364


Scaffold 3
Task 0: count = 80 | target average = 0.000000
Task 1: count = 71 | target average = 0.000000
Task 2: count = 70 | target average = 0.085714
Task 3: count = 52 | target average = 0.038462
Task 4: count = 62 | target average = 0.306452
Task 5: count = 67 | target average = 0.208955
Task 6: count = 58 | target average = 0.051724
Task 7: count = 53 | target average = 0.264151
Task 8: count = 76 | target average = 0.000000
Task 9: count = 68 | target average = 0.117647
Task 10: count = 61 | target average = 0.590164
Task 11: count = 61 | target average = 0.147541


Scaffold 4
Task 0: count = 68 | target average = 0.000000
Task 1: count = 66 | target average = 0.000000
Task 2: count = 58 | target average = 0.344828
Task 3: count = 54 | target average = 0.037037
Task 4: count = 57 | target average = 0.105263
Task 5: count = 68 | target average = 0.014706
Task 6: count = 63 | target average = 0.047619
Task 7: count = 59 | target average = 0.220339
Task 8: count = 68 | target average = 0.014706
Task 9: count = 65 | target average = 0.030769
Task 10: count = 57 | target average = 0.140351
Task 11: count = 66 | target average = 0.030303


Scaffold 5
Task 0: count = 63 | target average = 0.000000
Task 1: count = 50 | target average = 0.000000
Task 2: count = 54 | target average = 0.000000
Task 3: count = 62 | target average = 0.322581
Task 4: count = 37 | target average = 0.054054
Task 5: count = 45 | target average = 0.000000
Task 6: count = 49 | target average = 0.000000
Task 7: count = 55 | target average = 0.454545
Task 8: count = 50 | target average = 0.000000
Task 9: count = 51 | target average = 0.039216
Task 10: count = 43 | target average = 0.325581
Task 11: count = 41 | target average = 0.000000


Scaffold 6
Task 0: count = 61 | target average = 0.016393
Task 1: count = 61 | target average = 0.000000
Task 2: count = 60 | target average = 0.000000
Task 3: count = 59 | target average = 0.000000
Task 4: count = 56 | target average = 0.035714
Task 5: count = 60 | target average = 0.000000
Task 6: count = 60 | target average = 0.000000
Task 7: count = 54 | target average = 0.037037
Task 8: count = 61 | target average = 0.000000
Task 9: count = 55 | target average = 0.000000
Task 10: count = 52 | target average = 0.019231
Task 11: count = 60 | target average = 0.016667


Scaffold 7
Task 0: count = 48 | target average = 0.020833
Task 1: count = 44 | target average = 0.000000
Task 2: count = 41 | target average = 0.219512
Task 3: count = 33 | target average = 0.212121
Task 4: count = 31 | target average = 0.225806
Task 5: count = 41 | target average = 0.048780
Task 6: count = 42 | target average = 0.047619
Task 7: count = 39 | target average = 0.205128
Task 8: count = 48 | target average = 0.020833
Task 9: count = 43 | target average = 0.046512
Task 10: count = 36 | target average = 0.416667
Task 11: count = 44 | target average = 0.068182


Scaffold 8
Task 0: count = 42 | target average = 0.047619
Task 1: count = 41 | target average = 0.000000
Task 2: count = 39 | target average = 0.333333
Task 3: count = 35 | target average = 0.114286
Task 4: count = 38 | target average = 0.236842
Task 5: count = 41 | target average = 0.146341
Task 6: count = 38 | target average = 0.105263
Task 7: count = 39 | target average = 0.256410
Task 8: count = 36 | target average = 0.055556
Task 9: count = 43 | target average = 0.023256
Task 10: count = 29 | target average = 0.310345
Task 11: count = 42 | target average = 0.071429


Scaffold 9
Task 0: count = 32 | target average = 1.000000
Task 1: count = 33 | target average = 0.969697
Task 2: count = 31 | target average = 0.000000
Task 3: count = 10 | target average = 0.000000
Task 4: count = 25 | target average = 0.800000
Task 5: count = 28 | target average = 0.464286
Task 6: count = 31 | target average = 0.000000
Task 7: count = 22 | target average = 0.318182
Task 8: count = 33 | target average = 0.000000
Task 9: count = 32 | target average = 0.031250
Task 10: count = 31 | target average = 0.064516
Task 11: count = 32 | target average = 0.000000


Class sizes
NR-AR 0: 96.72%, 1: 3.28%
NR-AR-LBD 0: 97.01%, 1: 2.99%
NR-AhR 0: 88.78%, 1: 11.22%
NR-Aromatase 0: 94.95%, 1: 5.05%
NR-ER 0: 89.46%, 1: 10.54%
NR-ER-LBD 0: 95.89%, 1: 4.11%
NR-PPAR-gamma 0: 97.02%, 1: 2.98%
SR-ARE 0: 84.17%, 1: 15.83%
SR-ATAD5 0: 96.16%, 1: 3.84%
SR-HSE 0: 95.03%, 1: 4.97%
SR-MMP 0: 85.07%, 1: 14.93%
SR-p53 0: 93.78%, 1: 6.22%
Total size = 8,695 | train size = 6,956 | val size = 869 | test size = 870
Building model 0
MoleculeModel(
  (sigmoid): Sigmoid()
  (encoder): MPN(
    (encoder): ModuleList(
      (0): MPNEncoder(
        (dropout_layer): Dropout(p=0.0, inplace=False)
        (act_func): ReLU()
        (W_i): Linear(in_features=147, out_features=300, bias=False)
        (W_h): Linear(in_features=300, out_features=300, bias=False)
        (W_o): Linear(in_features=433, out_features=300, bias=True)
      )
    )
  )
  (ffn): Sequential(
    (0): Dropout(p=0.0, inplace=False)
    (1): Linear(in_features=500, out_features=300, bias=True)
    (2): ReLU()
    (3): Dropout(p=0.0, inplace=False)
    (4): Linear(in_features=300, out_features=12, bias=True)
  )
)
Number of parameters = 418,512
Moving model to cuda
Epoch 0
Loss = 6.0397e-01, PNorm = 35.3827, GNorm = 0.9183, lr_0 = 1.3561e-04
Loss = 3.7811e-01, PNorm = 35.3985, GNorm = 0.4726, lr_0 = 1.6799e-04
Loss = 2.6864e-01, PNorm = 35.4168, GNorm = 0.5039, lr_0 = 2.0036e-04
Loss = 2.8092e-01, PNorm = 35.4216, GNorm = 0.3028, lr_0 = 2.3273e-04
Loss = 2.5256e-01, PNorm = 35.4256, GNorm = 0.2961, lr_0 = 2.6511e-04
Loss = 2.3483e-01, PNorm = 35.4383, GNorm = 0.2885, lr_0 = 2.9748e-04
Loss = 2.5231e-01, PNorm = 35.4513, GNorm = 0.3004, lr_0 = 3.2986e-04
Loss = 2.2293e-01, PNorm = 35.4702, GNorm = 0.2301, lr_0 = 3.6223e-04
Loss = 2.1464e-01, PNorm = 35.4875, GNorm = 0.2263, lr_0 = 3.9460e-04
Loss = 2.1141e-01, PNorm = 35.5095, GNorm = 0.1817, lr_0 = 4.2698e-04
Loss = 2.1135e-01, PNorm = 35.5276, GNorm = 0.1962, lr_0 = 4.5935e-04
Loss = 1.9926e-01, PNorm = 35.5476, GNorm = 0.1835, lr_0 = 4.9173e-04
Loss = 1.8043e-01, PNorm = 35.5746, GNorm = 0.1957, lr_0 = 5.2410e-04
Validation auc = 0.718237
Epoch 1
Loss = 2.4564e-01, PNorm = 35.5922, GNorm = 0.1722, lr_0 = 5.5971e-04
Loss = 1.8825e-01, PNorm = 35.6108, GNorm = 0.1891, lr_0 = 5.9209e-04
Loss = 1.9882e-01, PNorm = 35.6365, GNorm = 0.1701, lr_0 = 6.2446e-04
Loss = 2.2048e-01, PNorm = 35.6580, GNorm = 0.2945, lr_0 = 6.5683e-04
Loss = 1.8575e-01, PNorm = 35.6843, GNorm = 0.1825, lr_0 = 6.8921e-04
Loss = 2.0418e-01, PNorm = 35.7098, GNorm = 0.2618, lr_0 = 7.2158e-04
Loss = 1.8737e-01, PNorm = 35.7413, GNorm = 0.2311, lr_0 = 7.5396e-04
Loss = 1.9370e-01, PNorm = 35.7743, GNorm = 0.3796, lr_0 = 7.8633e-04
Loss = 1.7953e-01, PNorm = 35.8030, GNorm = 0.3015, lr_0 = 8.1871e-04
Loss = 1.8404e-01, PNorm = 35.8418, GNorm = 0.2107, lr_0 = 8.5108e-04
Loss = 1.9255e-01, PNorm = 35.8702, GNorm = 0.1512, lr_0 = 8.8345e-04
Loss = 2.0731e-01, PNorm = 35.8963, GNorm = 0.1731, lr_0 = 9.1583e-04
Loss = 1.7385e-01, PNorm = 35.9501, GNorm = 0.1598, lr_0 = 9.4820e-04
Loss = 1.7858e-01, PNorm = 35.9857, GNorm = 0.1780, lr_0 = 9.8058e-04
Validation auc = 0.770031
Epoch 2
Loss = 1.8121e-01, PNorm = 36.0371, GNorm = 0.1618, lr_0 = 9.9705e-04
Loss = 1.6513e-01, PNorm = 36.0837, GNorm = 0.1801, lr_0 = 9.9116e-04
Loss = 1.8562e-01, PNorm = 36.1272, GNorm = 0.1581, lr_0 = 9.8532e-04
Loss = 1.7608e-01, PNorm = 36.1865, GNorm = 0.2692, lr_0 = 9.7951e-04
Loss = 1.8065e-01, PNorm = 36.2329, GNorm = 0.1396, lr_0 = 9.7373e-04
Loss = 1.8408e-01, PNorm = 36.2773, GNorm = 0.1586, lr_0 = 9.6798e-04
Loss = 1.5914e-01, PNorm = 36.3527, GNorm = 0.0893, lr_0 = 9.6227e-04
Loss = 1.8382e-01, PNorm = 36.3961, GNorm = 0.2065, lr_0 = 9.5660e-04
Loss = 1.8817e-01, PNorm = 36.4421, GNorm = 0.2501, lr_0 = 9.5096e-04
Loss = 1.5832e-01, PNorm = 36.4997, GNorm = 0.1070, lr_0 = 9.4535e-04
Loss = 1.5312e-01, PNorm = 36.5487, GNorm = 0.0814, lr_0 = 9.3977e-04
Loss = 2.0802e-01, PNorm = 36.5784, GNorm = 0.1509, lr_0 = 9.3423e-04
Loss = 1.8782e-01, PNorm = 36.6300, GNorm = 0.1280, lr_0 = 9.2872e-04
Loss = 1.8866e-01, PNorm = 36.6943, GNorm = 0.1199, lr_0 = 9.2324e-04
Validation auc = 0.794011
Epoch 3
Loss = 1.6620e-01, PNorm = 36.7363, GNorm = 0.1765, lr_0 = 9.1725e-04
Loss = 1.9352e-01, PNorm = 36.8006, GNorm = 0.1526, lr_0 = 9.1184e-04
Loss = 1.5559e-01, PNorm = 36.8755, GNorm = 0.1827, lr_0 = 9.0646e-04
Loss = 1.6285e-01, PNorm = 36.9502, GNorm = 0.1124, lr_0 = 9.0111e-04
Loss = 1.7421e-01, PNorm = 37.0149, GNorm = 0.1610, lr_0 = 8.9580e-04
Loss = 1.6784e-01, PNorm = 37.0709, GNorm = 0.1527, lr_0 = 8.9051e-04
Loss = 1.7924e-01, PNorm = 37.1268, GNorm = 0.1104, lr_0 = 8.8526e-04
Loss = 1.6803e-01, PNorm = 37.1693, GNorm = 0.1447, lr_0 = 8.8004e-04
Loss = 1.7763e-01, PNorm = 37.2196, GNorm = 0.2232, lr_0 = 8.7485e-04
Loss = 1.7232e-01, PNorm = 37.2658, GNorm = 0.1215, lr_0 = 8.6969e-04
Loss = 1.6710e-01, PNorm = 37.3239, GNorm = 0.1556, lr_0 = 8.6456e-04
Loss = 1.7074e-01, PNorm = 37.3826, GNorm = 0.1575, lr_0 = 8.5946e-04
Loss = 1.5594e-01, PNorm = 37.4352, GNorm = 0.1336, lr_0 = 8.5439e-04
Loss = 1.5179e-01, PNorm = 37.4857, GNorm = 0.1022, lr_0 = 8.4935e-04
Validation auc = 0.800936
Epoch 4
Loss = 1.7881e-01, PNorm = 37.5328, GNorm = 0.1437, lr_0 = 8.4384e-04
Loss = 1.6796e-01, PNorm = 37.5983, GNorm = 0.1716, lr_0 = 8.3886e-04
Loss = 1.5482e-01, PNorm = 37.6577, GNorm = 0.1424, lr_0 = 8.3391e-04
Loss = 1.6993e-01, PNorm = 37.7267, GNorm = 0.1482, lr_0 = 8.2899e-04
Loss = 1.5404e-01, PNorm = 37.7938, GNorm = 0.1529, lr_0 = 8.2410e-04
Loss = 1.6443e-01, PNorm = 37.8514, GNorm = 0.2049, lr_0 = 8.1924e-04
Loss = 1.7237e-01, PNorm = 37.9098, GNorm = 0.1936, lr_0 = 8.1441e-04
Loss = 1.7448e-01, PNorm = 37.9652, GNorm = 0.1446, lr_0 = 8.0961e-04
Loss = 1.5148e-01, PNorm = 38.0352, GNorm = 0.1713, lr_0 = 8.0483e-04
Loss = 1.6083e-01, PNorm = 38.0859, GNorm = 0.1247, lr_0 = 8.0008e-04
Loss = 1.5307e-01, PNorm = 38.1285, GNorm = 0.1432, lr_0 = 7.9536e-04
Loss = 1.7494e-01, PNorm = 38.1786, GNorm = 0.1036, lr_0 = 7.9067e-04
Loss = 1.4424e-01, PNorm = 38.2497, GNorm = 0.1337, lr_0 = 7.8601e-04
Loss = 1.4588e-01, PNorm = 38.3044, GNorm = 0.2506, lr_0 = 7.8137e-04
Validation auc = 0.808554
Epoch 5
Loss = 1.6514e-01, PNorm = 38.3529, GNorm = 0.1733, lr_0 = 7.7630e-04
Loss = 1.5669e-01, PNorm = 38.4076, GNorm = 0.2180, lr_0 = 7.7172e-04
Loss = 1.6035e-01, PNorm = 38.4638, GNorm = 0.1790, lr_0 = 7.6717e-04
Loss = 1.4869e-01, PNorm = 38.5314, GNorm = 0.1123, lr_0 = 7.6265e-04
Loss = 1.4633e-01, PNorm = 38.5993, GNorm = 0.1663, lr_0 = 7.5815e-04
Loss = 1.4624e-01, PNorm = 38.6662, GNorm = 0.1894, lr_0 = 7.5367e-04
Loss = 1.6135e-01, PNorm = 38.7256, GNorm = 0.2277, lr_0 = 7.4923e-04
Loss = 1.5196e-01, PNorm = 38.7853, GNorm = 0.0966, lr_0 = 7.4481e-04
Loss = 1.5229e-01, PNorm = 38.8355, GNorm = 0.1776, lr_0 = 7.4042e-04
Loss = 1.5768e-01, PNorm = 38.9006, GNorm = 0.1378, lr_0 = 7.3605e-04
Loss = 1.3577e-01, PNorm = 38.9565, GNorm = 0.0960, lr_0 = 7.3171e-04
Loss = 1.6938e-01, PNorm = 39.0067, GNorm = 0.1556, lr_0 = 7.2739e-04
Loss = 1.4701e-01, PNorm = 39.0667, GNorm = 0.1463, lr_0 = 7.2310e-04
Loss = 1.7806e-01, PNorm = 39.1113, GNorm = 0.1527, lr_0 = 7.1883e-04
Validation auc = 0.811378
Epoch 6
Loss = 1.6533e-01, PNorm = 39.1836, GNorm = 0.2460, lr_0 = 7.1417e-04
Loss = 1.5873e-01, PNorm = 39.2397, GNorm = 0.1600, lr_0 = 7.0996e-04
Loss = 1.2725e-01, PNorm = 39.3019, GNorm = 0.1418, lr_0 = 7.0577e-04
Loss = 1.4132e-01, PNorm = 39.3499, GNorm = 0.1226, lr_0 = 7.0161e-04
Loss = 1.6891e-01, PNorm = 39.3988, GNorm = 0.1414, lr_0 = 6.9747e-04
Loss = 1.6441e-01, PNorm = 39.4632, GNorm = 0.3516, lr_0 = 6.9336e-04
Loss = 1.5332e-01, PNorm = 39.5419, GNorm = 0.2017, lr_0 = 6.8927e-04
Loss = 1.6215e-01, PNorm = 39.6029, GNorm = 0.1122, lr_0 = 6.8520e-04
Loss = 1.3382e-01, PNorm = 39.6583, GNorm = 0.1567, lr_0 = 6.8116e-04
Loss = 1.4792e-01, PNorm = 39.6995, GNorm = 0.1504, lr_0 = 6.7714e-04
Loss = 1.5241e-01, PNorm = 39.7442, GNorm = 0.1546, lr_0 = 6.7315e-04
Loss = 1.4776e-01, PNorm = 39.7934, GNorm = 0.1287, lr_0 = 6.6917e-04
Loss = 1.6264e-01, PNorm = 39.8475, GNorm = 0.1916, lr_0 = 6.6523e-04
Loss = 1.4349e-01, PNorm = 39.9019, GNorm = 0.1352, lr_0 = 6.6130e-04
Validation auc = 0.812563
Epoch 7
Loss = 1.3273e-01, PNorm = 39.9554, GNorm = 0.1238, lr_0 = 6.5701e-04
Loss = 1.5177e-01, PNorm = 40.0154, GNorm = 0.1512, lr_0 = 6.5314e-04
Loss = 1.3996e-01, PNorm = 40.0687, GNorm = 0.1681, lr_0 = 6.4929e-04
Loss = 1.7774e-01, PNorm = 40.1143, GNorm = 0.1744, lr_0 = 6.4546e-04
Loss = 1.2966e-01, PNorm = 40.1614, GNorm = 0.1312, lr_0 = 6.4165e-04
Loss = 1.4222e-01, PNorm = 40.2038, GNorm = 0.1584, lr_0 = 6.3786e-04
Loss = 1.5317e-01, PNorm = 40.2509, GNorm = 0.1518, lr_0 = 6.3410e-04
Loss = 1.5192e-01, PNorm = 40.3155, GNorm = 0.1252, lr_0 = 6.3036e-04
Loss = 1.4690e-01, PNorm = 40.3653, GNorm = 0.1775, lr_0 = 6.2664e-04
Loss = 1.3791e-01, PNorm = 40.4195, GNorm = 0.1824, lr_0 = 6.2295e-04
Loss = 1.4267e-01, PNorm = 40.4660, GNorm = 0.2069, lr_0 = 6.1927e-04
Loss = 1.5176e-01, PNorm = 40.5122, GNorm = 0.2703, lr_0 = 6.1562e-04
Loss = 1.5354e-01, PNorm = 40.5689, GNorm = 0.1189, lr_0 = 6.1199e-04
Loss = 1.3173e-01, PNorm = 40.6252, GNorm = 0.1167, lr_0 = 6.0838e-04
Validation auc = 0.814311
Epoch 8
Loss = 1.4270e-01, PNorm = 40.6914, GNorm = 0.1956, lr_0 = 6.0443e-04
Loss = 1.3707e-01, PNorm = 40.7525, GNorm = 0.1322, lr_0 = 6.0087e-04
Loss = 1.4045e-01, PNorm = 40.8126, GNorm = 0.1987, lr_0 = 5.9732e-04
Loss = 1.4724e-01, PNorm = 40.8813, GNorm = 0.1627, lr_0 = 5.9380e-04
Loss = 1.4449e-01, PNorm = 40.9398, GNorm = 0.1531, lr_0 = 5.9029e-04
Loss = 1.4398e-01, PNorm = 40.9912, GNorm = 0.1666, lr_0 = 5.8681e-04
Loss = 1.4719e-01, PNorm = 41.0354, GNorm = 0.2194, lr_0 = 5.8335e-04
Loss = 1.3525e-01, PNorm = 41.0820, GNorm = 0.1216, lr_0 = 5.7991e-04
Loss = 1.3780e-01, PNorm = 41.1239, GNorm = 0.1044, lr_0 = 5.7649e-04
Loss = 1.2561e-01, PNorm = 41.1694, GNorm = 0.1147, lr_0 = 5.7309e-04
Loss = 1.4463e-01, PNorm = 41.1942, GNorm = 0.1835, lr_0 = 5.6971e-04
Loss = 1.4808e-01, PNorm = 41.2462, GNorm = 0.2332, lr_0 = 5.6635e-04
Loss = 1.4993e-01, PNorm = 41.2981, GNorm = 0.1205, lr_0 = 5.6301e-04
Loss = 1.4975e-01, PNorm = 41.3549, GNorm = 0.1304, lr_0 = 5.5969e-04
Validation auc = 0.813164
Epoch 9
Loss = 1.3691e-01, PNorm = 41.3980, GNorm = 0.1219, lr_0 = 5.5638e-04
Loss = 1.3608e-01, PNorm = 41.4382, GNorm = 0.1453, lr_0 = 5.5310e-04
Loss = 1.1965e-01, PNorm = 41.4861, GNorm = 0.1953, lr_0 = 5.4984e-04
Loss = 1.3942e-01, PNorm = 41.5311, GNorm = 0.1427, lr_0 = 5.4660e-04
Loss = 1.3779e-01, PNorm = 41.5855, GNorm = 0.1609, lr_0 = 5.4337e-04
Loss = 1.3505e-01, PNorm = 41.6331, GNorm = 0.1264, lr_0 = 5.4017e-04
Loss = 1.5251e-01, PNorm = 41.6697, GNorm = 0.1722, lr_0 = 5.3698e-04
Loss = 1.4135e-01, PNorm = 41.7108, GNorm = 0.2830, lr_0 = 5.3381e-04
Loss = 1.2687e-01, PNorm = 41.7606, GNorm = 0.1282, lr_0 = 5.3066e-04
Loss = 1.4724e-01, PNorm = 41.8047, GNorm = 0.1318, lr_0 = 5.2753e-04
Loss = 1.3923e-01, PNorm = 41.8459, GNorm = 0.1576, lr_0 = 5.2442e-04
Loss = 1.4469e-01, PNorm = 41.8993, GNorm = 0.2606, lr_0 = 5.2133e-04
Loss = 1.4534e-01, PNorm = 41.9477, GNorm = 0.1489, lr_0 = 5.1825e-04
Loss = 1.4421e-01, PNorm = 42.0066, GNorm = 0.1094, lr_0 = 5.1520e-04
Validation auc = 0.814627
Epoch 10
Loss = 1.4475e-01, PNorm = 42.0663, GNorm = 0.1289, lr_0 = 5.1186e-04
Loss = 1.3818e-01, PNorm = 42.1092, GNorm = 0.1704, lr_0 = 5.0884e-04
Loss = 1.4636e-01, PNorm = 42.1583, GNorm = 0.1610, lr_0 = 5.0583e-04
Loss = 1.2940e-01, PNorm = 42.2052, GNorm = 0.1731, lr_0 = 5.0285e-04
Loss = 1.3284e-01, PNorm = 42.2539, GNorm = 0.1511, lr_0 = 4.9988e-04
Loss = 1.3323e-01, PNorm = 42.2887, GNorm = 0.1302, lr_0 = 4.9694e-04
Loss = 1.5100e-01, PNorm = 42.3274, GNorm = 0.2231, lr_0 = 4.9400e-04
Loss = 1.4359e-01, PNorm = 42.3709, GNorm = 0.1329, lr_0 = 4.9109e-04
Loss = 1.2555e-01, PNorm = 42.4129, GNorm = 0.1471, lr_0 = 4.8819e-04
Loss = 1.2881e-01, PNorm = 42.4640, GNorm = 0.1841, lr_0 = 4.8531e-04
Loss = 1.3709e-01, PNorm = 42.5105, GNorm = 0.1673, lr_0 = 4.8245e-04
Loss = 1.4325e-01, PNorm = 42.5550, GNorm = 0.2063, lr_0 = 4.7961e-04
Loss = 1.1981e-01, PNorm = 42.5903, GNorm = 0.1699, lr_0 = 4.7678e-04
Loss = 1.3718e-01, PNorm = 42.6336, GNorm = 0.1569, lr_0 = 4.7396e-04
Loss = 1.4339e-01, PNorm = 42.6391, GNorm = 0.4141, lr_0 = 4.7368e-04
Validation auc = 0.819921
Epoch 11
Loss = 1.3703e-01, PNorm = 42.6844, GNorm = 0.1642, lr_0 = 4.7089e-04
Loss = 1.2453e-01, PNorm = 42.7398, GNorm = 0.1873, lr_0 = 4.6811e-04
Loss = 1.2968e-01, PNorm = 42.7744, GNorm = 0.1454, lr_0 = 4.6535e-04
Loss = 1.2695e-01, PNorm = 42.8173, GNorm = 0.1302, lr_0 = 4.6261e-04
Loss = 1.3976e-01, PNorm = 42.8543, GNorm = 0.2117, lr_0 = 4.5988e-04
Loss = 1.3568e-01, PNorm = 42.8950, GNorm = 0.1382, lr_0 = 4.5716e-04
Loss = 1.2252e-01, PNorm = 42.9319, GNorm = 0.1368, lr_0 = 4.5447e-04
Loss = 1.3358e-01, PNorm = 42.9705, GNorm = 0.1529, lr_0 = 4.5179e-04
Loss = 1.3007e-01, PNorm = 43.0071, GNorm = 0.1559, lr_0 = 4.4912e-04
Loss = 1.1840e-01, PNorm = 43.0432, GNorm = 0.2648, lr_0 = 4.4647e-04
Loss = 1.3826e-01, PNorm = 43.0698, GNorm = 0.2021, lr_0 = 4.4384e-04
Loss = 1.3964e-01, PNorm = 43.0991, GNorm = 0.1891, lr_0 = 4.4122e-04
Loss = 1.3488e-01, PNorm = 43.1430, GNorm = 0.1941, lr_0 = 4.3862e-04
Validation auc = 0.822801
Epoch 12
Loss = 1.7486e-01, PNorm = 43.1898, GNorm = 0.2019, lr_0 = 4.3577e-04
Loss = 1.2895e-01, PNorm = 43.2376, GNorm = 0.1274, lr_0 = 4.3320e-04
Loss = 1.2040e-01, PNorm = 43.2776, GNorm = 0.1750, lr_0 = 4.3065e-04
Loss = 1.2855e-01, PNorm = 43.3153, GNorm = 0.1500, lr_0 = 4.2811e-04
Loss = 1.3365e-01, PNorm = 43.3622, GNorm = 0.1690, lr_0 = 4.2558e-04
Loss = 1.1861e-01, PNorm = 43.4087, GNorm = 0.1516, lr_0 = 4.2307e-04
Loss = 1.3225e-01, PNorm = 43.4426, GNorm = 0.1589, lr_0 = 4.2058e-04
Loss = 1.4836e-01, PNorm = 43.4774, GNorm = 0.2124, lr_0 = 4.1809e-04
Loss = 1.3295e-01, PNorm = 43.5089, GNorm = 0.1538, lr_0 = 4.1563e-04
Loss = 1.2654e-01, PNorm = 43.5454, GNorm = 0.1463, lr_0 = 4.1318e-04
Loss = 1.1745e-01, PNorm = 43.5807, GNorm = 0.1295, lr_0 = 4.1074e-04
Loss = 1.3648e-01, PNorm = 43.6112, GNorm = 0.1136, lr_0 = 4.0832e-04
Loss = 1.2058e-01, PNorm = 43.6421, GNorm = 0.1353, lr_0 = 4.0591e-04
Loss = 1.3468e-01, PNorm = 43.6788, GNorm = 0.1184, lr_0 = 4.0351e-04
Validation auc = 0.822427
Epoch 13
Loss = 1.4971e-01, PNorm = 43.7176, GNorm = 0.1907, lr_0 = 4.0090e-04
Loss = 1.4169e-01, PNorm = 43.7444, GNorm = 0.2063, lr_0 = 3.9853e-04
Loss = 1.2937e-01, PNorm = 43.7794, GNorm = 0.1640, lr_0 = 3.9618e-04
Loss = 1.3046e-01, PNorm = 43.8150, GNorm = 0.2021, lr_0 = 3.9384e-04
Loss = 1.2916e-01, PNorm = 43.8479, GNorm = 0.2079, lr_0 = 3.9152e-04
Loss = 1.3681e-01, PNorm = 43.8848, GNorm = 0.1878, lr_0 = 3.8921e-04
Loss = 1.0349e-01, PNorm = 43.9287, GNorm = 0.1610, lr_0 = 3.8692e-04
Loss = 1.1963e-01, PNorm = 43.9620, GNorm = 0.2198, lr_0 = 3.8463e-04
Loss = 1.2971e-01, PNorm = 43.9971, GNorm = 0.1138, lr_0 = 3.8236e-04
Loss = 1.1510e-01, PNorm = 44.0249, GNorm = 0.1589, lr_0 = 3.8011e-04
Loss = 1.2114e-01, PNorm = 44.0588, GNorm = 0.1667, lr_0 = 3.7787e-04
Loss = 1.4143e-01, PNorm = 44.0886, GNorm = 0.1176, lr_0 = 3.7564e-04
Loss = 1.1385e-01, PNorm = 44.1229, GNorm = 0.1865, lr_0 = 3.7342e-04
Loss = 1.1819e-01, PNorm = 44.1529, GNorm = 0.1463, lr_0 = 3.7122e-04
Validation auc = 0.820981
Epoch 14
Loss = 1.2842e-01, PNorm = 44.1896, GNorm = 0.1590, lr_0 = 3.6881e-04
Loss = 1.0871e-01, PNorm = 44.2267, GNorm = 0.1186, lr_0 = 3.6664e-04
Loss = 1.2462e-01, PNorm = 44.2616, GNorm = 0.2018, lr_0 = 3.6447e-04
Loss = 1.1979e-01, PNorm = 44.2940, GNorm = 0.2212, lr_0 = 3.6232e-04
Loss = 1.1667e-01, PNorm = 44.3245, GNorm = 0.1307, lr_0 = 3.6019e-04
Loss = 1.2568e-01, PNorm = 44.3539, GNorm = 0.1494, lr_0 = 3.5806e-04
Loss = 1.2614e-01, PNorm = 44.3856, GNorm = 0.1453, lr_0 = 3.5595e-04
Loss = 1.2614e-01, PNorm = 44.4134, GNorm = 0.1653, lr_0 = 3.5385e-04
Loss = 1.2935e-01, PNorm = 44.4453, GNorm = 0.1454, lr_0 = 3.5176e-04
Loss = 1.3174e-01, PNorm = 44.4743, GNorm = 0.1648, lr_0 = 3.4969e-04
Loss = 1.1374e-01, PNorm = 44.5016, GNorm = 0.1468, lr_0 = 3.4762e-04
Loss = 1.2313e-01, PNorm = 44.5298, GNorm = 0.1399, lr_0 = 3.4557e-04
Loss = 1.2263e-01, PNorm = 44.5602, GNorm = 0.2114, lr_0 = 3.4354e-04
Loss = 1.3182e-01, PNorm = 44.5974, GNorm = 0.1796, lr_0 = 3.4151e-04
Validation auc = 0.825005
Epoch 15
Loss = 1.1933e-01, PNorm = 44.6294, GNorm = 0.1506, lr_0 = 3.3929e-04
Loss = 1.1810e-01, PNorm = 44.6683, GNorm = 0.2062, lr_0 = 3.3729e-04
Loss = 1.2918e-01, PNorm = 44.7000, GNorm = 0.1722, lr_0 = 3.3530e-04
Loss = 1.1459e-01, PNorm = 44.7350, GNorm = 0.1256, lr_0 = 3.3332e-04
Loss = 1.2453e-01, PNorm = 44.7668, GNorm = 0.1578, lr_0 = 3.3136e-04
Loss = 1.3518e-01, PNorm = 44.7968, GNorm = 0.1670, lr_0 = 3.2940e-04
Loss = 9.5412e-02, PNorm = 44.8346, GNorm = 0.1141, lr_0 = 3.2746e-04
Loss = 1.2488e-01, PNorm = 44.8575, GNorm = 0.2974, lr_0 = 3.2553e-04
Loss = 1.2382e-01, PNorm = 44.8838, GNorm = 0.1274, lr_0 = 3.2361e-04
Loss = 1.2878e-01, PNorm = 44.9056, GNorm = 0.1563, lr_0 = 3.2170e-04
Loss = 1.1770e-01, PNorm = 44.9392, GNorm = 0.1122, lr_0 = 3.1980e-04
Loss = 1.1114e-01, PNorm = 44.9636, GNorm = 0.1398, lr_0 = 3.1792e-04
Loss = 1.1645e-01, PNorm = 44.9882, GNorm = 0.2141, lr_0 = 3.1604e-04
Loss = 1.2661e-01, PNorm = 45.0100, GNorm = 0.1574, lr_0 = 3.1418e-04
Validation auc = 0.826020
Epoch 16
Loss = 1.0850e-01, PNorm = 45.0374, GNorm = 0.1584, lr_0 = 3.1214e-04
Loss = 1.2275e-01, PNorm = 45.0623, GNorm = 0.1477, lr_0 = 3.1030e-04
Loss = 1.1753e-01, PNorm = 45.0920, GNorm = 0.2244, lr_0 = 3.0847e-04
Loss = 1.0814e-01, PNorm = 45.1218, GNorm = 0.1343, lr_0 = 3.0665e-04
Loss = 1.2026e-01, PNorm = 45.1493, GNorm = 0.1663, lr_0 = 3.0484e-04
Loss = 1.2013e-01, PNorm = 45.1770, GNorm = 0.1645, lr_0 = 3.0304e-04
Loss = 1.1019e-01, PNorm = 45.2055, GNorm = 0.1554, lr_0 = 3.0125e-04
Loss = 1.2366e-01, PNorm = 45.2328, GNorm = 0.1384, lr_0 = 2.9948e-04
Loss = 1.2666e-01, PNorm = 45.2627, GNorm = 0.1639, lr_0 = 2.9771e-04
Loss = 1.2644e-01, PNorm = 45.2907, GNorm = 0.1938, lr_0 = 2.9595e-04
Loss = 1.1092e-01, PNorm = 45.3203, GNorm = 0.1608, lr_0 = 2.9421e-04
Loss = 1.2174e-01, PNorm = 45.3410, GNorm = 0.1596, lr_0 = 2.9247e-04
Loss = 1.0747e-01, PNorm = 45.3661, GNorm = 0.1685, lr_0 = 2.9075e-04
Loss = 1.1814e-01, PNorm = 45.3863, GNorm = 0.1547, lr_0 = 2.8903e-04
Validation auc = 0.826453
Epoch 17
Loss = 1.1417e-01, PNorm = 45.4076, GNorm = 0.1409, lr_0 = 2.8733e-04
Loss = 1.3411e-01, PNorm = 45.4336, GNorm = 0.1523, lr_0 = 2.8563e-04
Loss = 1.1493e-01, PNorm = 45.4581, GNorm = 0.1700, lr_0 = 2.8395e-04
Loss = 1.2606e-01, PNorm = 45.4823, GNorm = 0.1541, lr_0 = 2.8227e-04
Loss = 1.0377e-01, PNorm = 45.5065, GNorm = 0.1816, lr_0 = 2.8061e-04
Loss = 1.0849e-01, PNorm = 45.5280, GNorm = 0.2200, lr_0 = 2.7895e-04
Loss = 1.1625e-01, PNorm = 45.5495, GNorm = 0.1403, lr_0 = 2.7731e-04
Loss = 1.1262e-01, PNorm = 45.5714, GNorm = 0.1367, lr_0 = 2.7567e-04
Loss = 9.8672e-02, PNorm = 45.6004, GNorm = 0.1623, lr_0 = 2.7404e-04
Loss = 1.1540e-01, PNorm = 45.6256, GNorm = 0.1694, lr_0 = 2.7243e-04
Loss = 1.3667e-01, PNorm = 45.6503, GNorm = 0.1420, lr_0 = 2.7082e-04
Loss = 1.1124e-01, PNorm = 45.6782, GNorm = 0.1569, lr_0 = 2.6922e-04
Loss = 1.2585e-01, PNorm = 45.7017, GNorm = 0.1973, lr_0 = 2.6764e-04
Loss = 1.0557e-01, PNorm = 45.7261, GNorm = 0.1793, lr_0 = 2.6606e-04
Validation auc = 0.826824
Epoch 18
Loss = 1.3116e-01, PNorm = 45.7489, GNorm = 0.1598, lr_0 = 2.6433e-04
Loss = 1.1580e-01, PNorm = 45.7764, GNorm = 0.1836, lr_0 = 2.6277e-04
Loss = 1.1439e-01, PNorm = 45.8011, GNorm = 0.1501, lr_0 = 2.6122e-04
Loss = 1.0451e-01, PNorm = 45.8283, GNorm = 0.1898, lr_0 = 2.5968e-04
Loss = 1.1611e-01, PNorm = 45.8490, GNorm = 0.1772, lr_0 = 2.5815e-04
Loss = 1.1398e-01, PNorm = 45.8711, GNorm = 0.2061, lr_0 = 2.5663e-04
Loss = 1.1529e-01, PNorm = 45.8910, GNorm = 0.1689, lr_0 = 2.5511e-04
Loss = 1.2953e-01, PNorm = 45.9115, GNorm = 0.1584, lr_0 = 2.5361e-04
Loss = 1.1639e-01, PNorm = 45.9334, GNorm = 0.1511, lr_0 = 2.5211e-04
Loss = 9.8480e-02, PNorm = 45.9561, GNorm = 0.1325, lr_0 = 2.5062e-04
Loss = 1.0194e-01, PNorm = 45.9778, GNorm = 0.1423, lr_0 = 2.4915e-04
Loss = 1.1361e-01, PNorm = 45.9980, GNorm = 0.1669, lr_0 = 2.4768e-04
Loss = 1.1737e-01, PNorm = 46.0199, GNorm = 0.1361, lr_0 = 2.4622e-04
Loss = 1.0545e-01, PNorm = 46.0395, GNorm = 0.1529, lr_0 = 2.4476e-04
Validation auc = 0.822548
Epoch 19
Loss = 1.1345e-01, PNorm = 46.0600, GNorm = 0.2097, lr_0 = 2.4318e-04
Loss = 1.1738e-01, PNorm = 46.0852, GNorm = 0.1267, lr_0 = 2.4174e-04
Loss = 1.3636e-01, PNorm = 46.1069, GNorm = 0.2036, lr_0 = 2.4032e-04
Loss = 1.1497e-01, PNorm = 46.1287, GNorm = 0.2635, lr_0 = 2.3890e-04
Loss = 9.4061e-02, PNorm = 46.1503, GNorm = 0.2002, lr_0 = 2.3749e-04
Loss = 9.5242e-02, PNorm = 46.1689, GNorm = 0.1977, lr_0 = 2.3609e-04
Loss = 1.0624e-01, PNorm = 46.1861, GNorm = 0.1534, lr_0 = 2.3469e-04
Loss = 1.1344e-01, PNorm = 46.2044, GNorm = 0.2275, lr_0 = 2.3331e-04
Loss = 1.1294e-01, PNorm = 46.2258, GNorm = 0.1630, lr_0 = 2.3193e-04
Loss = 1.3273e-01, PNorm = 46.2447, GNorm = 0.1629, lr_0 = 2.3057e-04
Loss = 1.0427e-01, PNorm = 46.2697, GNorm = 0.1191, lr_0 = 2.2921e-04
Loss = 9.4734e-02, PNorm = 46.2894, GNorm = 0.2360, lr_0 = 2.2785e-04
Loss = 1.2154e-01, PNorm = 46.3088, GNorm = 0.1871, lr_0 = 2.2651e-04
Loss = 1.0331e-01, PNorm = 46.3311, GNorm = 0.1583, lr_0 = 2.2517e-04
Validation auc = 0.828380
Epoch 20
Loss = 1.0191e-01, PNorm = 46.3478, GNorm = 0.2056, lr_0 = 2.2371e-04
Loss = 1.1223e-01, PNorm = 46.3680, GNorm = 0.1539, lr_0 = 2.2239e-04
Loss = 1.0997e-01, PNorm = 46.3866, GNorm = 0.1387, lr_0 = 2.2108e-04
Loss = 1.1582e-01, PNorm = 46.4061, GNorm = 0.1876, lr_0 = 2.1978e-04
Loss = 9.9052e-02, PNorm = 46.4247, GNorm = 0.1808, lr_0 = 2.1848e-04
Loss = 1.0283e-01, PNorm = 46.4412, GNorm = 0.2137, lr_0 = 2.1719e-04
Loss = 1.2102e-01, PNorm = 46.4562, GNorm = 0.1607, lr_0 = 2.1591e-04
Loss = 1.0480e-01, PNorm = 46.4761, GNorm = 0.1455, lr_0 = 2.1464e-04
Loss = 1.1573e-01, PNorm = 46.4947, GNorm = 0.1703, lr_0 = 2.1337e-04
Loss = 1.1371e-01, PNorm = 46.5128, GNorm = 0.2443, lr_0 = 2.1211e-04
Loss = 1.1217e-01, PNorm = 46.5314, GNorm = 0.1905, lr_0 = 2.1086e-04
Loss = 9.9171e-02, PNorm = 46.5491, GNorm = 0.1276, lr_0 = 2.0962e-04
Loss = 9.9735e-02, PNorm = 46.5668, GNorm = 0.1530, lr_0 = 2.0838e-04
Loss = 1.2153e-01, PNorm = 46.5846, GNorm = 0.1887, lr_0 = 2.0715e-04
Validation auc = 0.827605
Epoch 21
Loss = 1.1720e-01, PNorm = 46.6052, GNorm = 0.2093, lr_0 = 2.0581e-04
Loss = 9.3793e-02, PNorm = 46.6257, GNorm = 0.1122, lr_0 = 2.0459e-04
Loss = 1.1483e-01, PNorm = 46.6429, GNorm = 0.1586, lr_0 = 2.0339e-04
Loss = 9.8938e-02, PNorm = 46.6610, GNorm = 0.2061, lr_0 = 2.0219e-04
Loss = 9.2161e-02, PNorm = 46.6786, GNorm = 0.1508, lr_0 = 2.0100e-04
Loss = 1.1790e-01, PNorm = 46.6916, GNorm = 0.2197, lr_0 = 1.9981e-04
Loss = 1.1572e-01, PNorm = 46.7128, GNorm = 0.1811, lr_0 = 1.9863e-04
Loss = 1.0526e-01, PNorm = 46.7315, GNorm = 0.1855, lr_0 = 1.9746e-04
Loss = 1.1000e-01, PNorm = 46.7458, GNorm = 0.1562, lr_0 = 1.9629e-04
Loss = 9.8690e-02, PNorm = 46.7600, GNorm = 0.1135, lr_0 = 1.9514e-04
Loss = 1.0622e-01, PNorm = 46.7752, GNorm = 0.1511, lr_0 = 1.9399e-04
Loss = 1.2266e-01, PNorm = 46.7876, GNorm = 0.1356, lr_0 = 1.9284e-04
Loss = 1.0941e-01, PNorm = 46.8031, GNorm = 0.1821, lr_0 = 1.9170e-04
Loss = 1.1270e-01, PNorm = 46.8194, GNorm = 0.1519, lr_0 = 1.9057e-04
Loss = 1.3051e-02, PNorm = 46.8210, GNorm = 0.1538, lr_0 = 1.9046e-04
Validation auc = 0.830368
Epoch 22
Loss = 9.4968e-02, PNorm = 46.8395, GNorm = 0.1516, lr_0 = 1.8934e-04
Loss = 1.0429e-01, PNorm = 46.8543, GNorm = 0.1656, lr_0 = 1.8822e-04
Loss = 1.1674e-01, PNorm = 46.8688, GNorm = 0.2077, lr_0 = 1.8711e-04
Loss = 1.0760e-01, PNorm = 46.8842, GNorm = 0.1729, lr_0 = 1.8601e-04
Loss = 9.6112e-02, PNorm = 46.9024, GNorm = 0.1869, lr_0 = 1.8491e-04
Loss = 1.0619e-01, PNorm = 46.9169, GNorm = 0.2299, lr_0 = 1.8382e-04
Loss = 1.0709e-01, PNorm = 46.9311, GNorm = 0.1862, lr_0 = 1.8273e-04
Loss = 1.0808e-01, PNorm = 46.9482, GNorm = 0.2064, lr_0 = 1.8166e-04
Loss = 1.1486e-01, PNorm = 46.9609, GNorm = 0.1419, lr_0 = 1.8058e-04
Loss = 1.1530e-01, PNorm = 46.9754, GNorm = 0.2786, lr_0 = 1.7952e-04
Loss = 1.0678e-01, PNorm = 46.9929, GNorm = 0.1600, lr_0 = 1.7846e-04
Loss = 1.0204e-01, PNorm = 47.0097, GNorm = 0.1596, lr_0 = 1.7741e-04
Loss = 9.8070e-02, PNorm = 47.0252, GNorm = 0.1597, lr_0 = 1.7636e-04
Validation auc = 0.828958
Epoch 23
Loss = 1.4001e-01, PNorm = 47.0377, GNorm = 0.2206, lr_0 = 1.7522e-04
Loss = 9.3291e-02, PNorm = 47.0547, GNorm = 0.1672, lr_0 = 1.7418e-04
Loss = 1.1209e-01, PNorm = 47.0684, GNorm = 0.2001, lr_0 = 1.7316e-04
Loss = 1.0299e-01, PNorm = 47.0833, GNorm = 0.2351, lr_0 = 1.7213e-04
Loss = 9.9721e-02, PNorm = 47.1014, GNorm = 0.2534, lr_0 = 1.7112e-04
Loss = 8.9893e-02, PNorm = 47.1169, GNorm = 0.1958, lr_0 = 1.7011e-04
Loss = 1.0005e-01, PNorm = 47.1296, GNorm = 0.2481, lr_0 = 1.6911e-04
Loss = 9.7267e-02, PNorm = 47.1447, GNorm = 0.2144, lr_0 = 1.6811e-04
Loss = 1.1742e-01, PNorm = 47.1566, GNorm = 0.1878, lr_0 = 1.6712e-04
Loss = 1.1798e-01, PNorm = 47.1714, GNorm = 0.2496, lr_0 = 1.6613e-04
Loss = 1.0032e-01, PNorm = 47.1874, GNorm = 0.2595, lr_0 = 1.6515e-04
Loss = 1.0883e-01, PNorm = 47.1983, GNorm = 0.1786, lr_0 = 1.6418e-04
Loss = 1.0071e-01, PNorm = 47.2108, GNorm = 0.1520, lr_0 = 1.6321e-04
Loss = 1.1173e-01, PNorm = 47.2250, GNorm = 0.1383, lr_0 = 1.6225e-04
Validation auc = 0.829702
Epoch 24
Loss = 1.2945e-01, PNorm = 47.2376, GNorm = 0.2799, lr_0 = 1.6119e-04
Loss = 1.0180e-01, PNorm = 47.2515, GNorm = 0.1523, lr_0 = 1.6024e-04
Loss = 1.0033e-01, PNorm = 47.2660, GNorm = 0.1610, lr_0 = 1.5930e-04
Loss = 9.5358e-02, PNorm = 47.2799, GNorm = 0.1380, lr_0 = 1.5836e-04
Loss = 1.0146e-01, PNorm = 47.2935, GNorm = 0.2245, lr_0 = 1.5742e-04
Loss = 1.0262e-01, PNorm = 47.3072, GNorm = 0.1555, lr_0 = 1.5650e-04
Loss = 1.0105e-01, PNorm = 47.3204, GNorm = 0.1805, lr_0 = 1.5557e-04
Loss = 1.1842e-01, PNorm = 47.3293, GNorm = 0.1800, lr_0 = 1.5465e-04
Loss = 9.8601e-02, PNorm = 47.3431, GNorm = 0.2390, lr_0 = 1.5374e-04
Loss = 9.6740e-02, PNorm = 47.3554, GNorm = 0.1724, lr_0 = 1.5284e-04
Loss = 1.0351e-01, PNorm = 47.3676, GNorm = 0.1983, lr_0 = 1.5193e-04
Loss = 1.1197e-01, PNorm = 47.3787, GNorm = 0.1718, lr_0 = 1.5104e-04
Loss = 1.0017e-01, PNorm = 47.3891, GNorm = 0.1388, lr_0 = 1.5015e-04
Loss = 1.0548e-01, PNorm = 47.4014, GNorm = 0.1499, lr_0 = 1.4926e-04
Validation auc = 0.829396
Epoch 25
Loss = 1.0242e-01, PNorm = 47.4146, GNorm = 0.1712, lr_0 = 1.4838e-04
Loss = 9.3754e-02, PNorm = 47.4280, GNorm = 0.1668, lr_0 = 1.4751e-04
Loss = 1.0693e-01, PNorm = 47.4379, GNorm = 0.1692, lr_0 = 1.4664e-04
Loss = 9.2846e-02, PNorm = 47.4512, GNorm = 0.2247, lr_0 = 1.4577e-04
Loss = 1.0432e-01, PNorm = 47.4635, GNorm = 0.1623, lr_0 = 1.4491e-04
Loss = 1.0566e-01, PNorm = 47.4773, GNorm = 0.1937, lr_0 = 1.4406e-04
Loss = 1.2061e-01, PNorm = 47.4915, GNorm = 0.1660, lr_0 = 1.4321e-04
Loss = 9.4580e-02, PNorm = 47.5056, GNorm = 0.1430, lr_0 = 1.4236e-04
Loss = 8.7544e-02, PNorm = 47.5177, GNorm = 0.1051, lr_0 = 1.4152e-04
Loss = 1.0251e-01, PNorm = 47.5279, GNorm = 0.2066, lr_0 = 1.4069e-04
Loss = 1.0375e-01, PNorm = 47.5378, GNorm = 0.1644, lr_0 = 1.3986e-04
Loss = 1.0820e-01, PNorm = 47.5487, GNorm = 0.2048, lr_0 = 1.3903e-04
Loss = 1.0892e-01, PNorm = 47.5576, GNorm = 0.1634, lr_0 = 1.3821e-04
Loss = 9.8098e-02, PNorm = 47.5688, GNorm = 0.1155, lr_0 = 1.3740e-04
Validation auc = 0.830946
Epoch 26
Loss = 9.4795e-02, PNorm = 47.5803, GNorm = 0.2009, lr_0 = 1.3651e-04
Loss = 1.1031e-01, PNorm = 47.5903, GNorm = 0.2941, lr_0 = 1.3570e-04
Loss = 1.0350e-01, PNorm = 47.6033, GNorm = 0.1889, lr_0 = 1.3490e-04
Loss = 1.1520e-01, PNorm = 47.6140, GNorm = 0.2471, lr_0 = 1.3410e-04
Loss = 1.0151e-01, PNorm = 47.6257, GNorm = 0.2492, lr_0 = 1.3331e-04
Loss = 9.3560e-02, PNorm = 47.6382, GNorm = 0.1609, lr_0 = 1.3253e-04
Loss = 1.0714e-01, PNorm = 47.6476, GNorm = 0.1995, lr_0 = 1.3174e-04
Loss = 9.3478e-02, PNorm = 47.6587, GNorm = 0.1692, lr_0 = 1.3097e-04
Loss = 9.8412e-02, PNorm = 47.6712, GNorm = 0.1507, lr_0 = 1.3019e-04
Loss = 9.8061e-02, PNorm = 47.6801, GNorm = 0.1884, lr_0 = 1.2943e-04
Loss = 9.9667e-02, PNorm = 47.6921, GNorm = 0.2167, lr_0 = 1.2866e-04
Loss = 1.0724e-01, PNorm = 47.7039, GNorm = 0.3220, lr_0 = 1.2790e-04
Loss = 8.6656e-02, PNorm = 47.7140, GNorm = 0.1633, lr_0 = 1.2715e-04
Loss = 1.0055e-01, PNorm = 47.7230, GNorm = 0.1305, lr_0 = 1.2640e-04
Validation auc = 0.832024
Epoch 27
Loss = 1.1058e-01, PNorm = 47.7339, GNorm = 0.1452, lr_0 = 1.2558e-04
Loss = 9.3391e-02, PNorm = 47.7440, GNorm = 0.3045, lr_0 = 1.2484e-04
Loss = 1.0147e-01, PNorm = 47.7529, GNorm = 0.2210, lr_0 = 1.2410e-04
Loss = 1.0438e-01, PNorm = 47.7634, GNorm = 0.1879, lr_0 = 1.2337e-04
Loss = 9.4364e-02, PNorm = 47.7753, GNorm = 0.1529, lr_0 = 1.2264e-04
Loss = 9.8932e-02, PNorm = 47.7846, GNorm = 0.1996, lr_0 = 1.2192e-04
Loss = 1.0549e-01, PNorm = 47.7938, GNorm = 0.2335, lr_0 = 1.2120e-04
Loss = 1.0166e-01, PNorm = 47.8032, GNorm = 0.1682, lr_0 = 1.2049e-04
Loss = 1.0412e-01, PNorm = 47.8135, GNorm = 0.1672, lr_0 = 1.1977e-04
Loss = 9.2605e-02, PNorm = 47.8238, GNorm = 0.2435, lr_0 = 1.1907e-04
Loss = 9.9893e-02, PNorm = 47.8328, GNorm = 0.2899, lr_0 = 1.1837e-04
Loss = 9.6236e-02, PNorm = 47.8416, GNorm = 0.1928, lr_0 = 1.1767e-04
Loss = 9.6527e-02, PNorm = 47.8493, GNorm = 0.2505, lr_0 = 1.1697e-04
Loss = 9.8932e-02, PNorm = 47.8582, GNorm = 0.1508, lr_0 = 1.1628e-04
Validation auc = 0.829412
Epoch 28
Loss = 8.6471e-02, PNorm = 47.8694, GNorm = 0.2557, lr_0 = 1.1553e-04
Loss = 9.0894e-02, PNorm = 47.8781, GNorm = 0.1975, lr_0 = 1.1485e-04
Loss = 9.6863e-02, PNorm = 47.8887, GNorm = 0.1537, lr_0 = 1.1417e-04
Loss = 1.0309e-01, PNorm = 47.8976, GNorm = 0.3015, lr_0 = 1.1350e-04
Loss = 9.8763e-02, PNorm = 47.9063, GNorm = 0.1937, lr_0 = 1.1283e-04
Loss = 9.9801e-02, PNorm = 47.9147, GNorm = 0.1548, lr_0 = 1.1216e-04
Loss = 9.8058e-02, PNorm = 47.9240, GNorm = 0.1741, lr_0 = 1.1150e-04
Loss = 1.1532e-01, PNorm = 47.9328, GNorm = 0.2113, lr_0 = 1.1084e-04
Loss = 1.0082e-01, PNorm = 47.9417, GNorm = 0.1768, lr_0 = 1.1019e-04
Loss = 1.0246e-01, PNorm = 47.9513, GNorm = 0.1754, lr_0 = 1.0954e-04
Loss = 9.6665e-02, PNorm = 47.9612, GNorm = 0.1645, lr_0 = 1.0889e-04
Loss = 9.6536e-02, PNorm = 47.9703, GNorm = 0.2592, lr_0 = 1.0825e-04
Loss = 8.7615e-02, PNorm = 47.9789, GNorm = 0.1591, lr_0 = 1.0761e-04
Loss = 1.0068e-01, PNorm = 47.9860, GNorm = 0.1928, lr_0 = 1.0698e-04
Validation auc = 0.832512
Epoch 29
Loss = 1.0193e-01, PNorm = 47.9955, GNorm = 0.2116, lr_0 = 1.0628e-04
Loss = 9.4573e-02, PNorm = 48.0020, GNorm = 0.2298, lr_0 = 1.0566e-04
Loss = 1.0825e-01, PNorm = 48.0125, GNorm = 0.1920, lr_0 = 1.0503e-04
Loss = 9.1337e-02, PNorm = 48.0201, GNorm = 0.2337, lr_0 = 1.0441e-04
Loss = 1.0878e-01, PNorm = 48.0285, GNorm = 0.1425, lr_0 = 1.0380e-04
Loss = 9.5696e-02, PNorm = 48.0373, GNorm = 0.2160, lr_0 = 1.0319e-04
Loss = 1.0493e-01, PNorm = 48.0441, GNorm = 0.1579, lr_0 = 1.0258e-04
Loss = 1.0549e-01, PNorm = 48.0531, GNorm = 0.2405, lr_0 = 1.0197e-04
Loss = 9.8823e-02, PNorm = 48.0616, GNorm = 0.1885, lr_0 = 1.0137e-04
Loss = 8.7367e-02, PNorm = 48.0700, GNorm = 0.1825, lr_0 = 1.0077e-04
Loss = 9.0873e-02, PNorm = 48.0788, GNorm = 0.1423, lr_0 = 1.0018e-04
Loss = 9.2864e-02, PNorm = 48.0871, GNorm = 0.1694, lr_0 = 1.0000e-04
Loss = 8.3916e-02, PNorm = 48.0949, GNorm = 0.1877, lr_0 = 1.0000e-04
Loss = 1.0439e-01, PNorm = 48.1004, GNorm = 0.2187, lr_0 = 1.0000e-04
Validation auc = 0.832330
Model 0 best validation auc = 0.832512 on epoch 28
Loading pretrained parameter "encoder.encoder.0.cached_zero_vector".
Loading pretrained parameter "encoder.encoder.0.W_i.weight".
Loading pretrained parameter "encoder.encoder.0.W_h.weight".
Loading pretrained parameter "encoder.encoder.0.W_o.weight".
Loading pretrained parameter "encoder.encoder.0.W_o.bias".
Loading pretrained parameter "ffn.1.weight".
Loading pretrained parameter "ffn.1.bias".
Loading pretrained parameter "ffn.4.weight".
Loading pretrained parameter "ffn.4.bias".
Moving model to cuda
Model 0 test auc = 0.828043
Ensemble test auc = 0.828043
1-fold cross validation
	Seed 0 ==> test auc = 0.828043
Overall test auc = 0.828043 +/- 0.000000
Elapsed time = 0:10:51
