Fold 0
Fold 0
Fold 0
Fold 0
Fold 0
Fold 0
Fold 0
Fold 0
Fold 0
Fold 0
Fold 0
Fold 0
Fold 0
Fold 0
Fold 0
Fold 0
Fold 0
Fold 0
Fold 0
Fold 0
Fold 0
Fold 0
Fold 0
Fold 0
Fold 0
Model 0 best validation auc = 0.841148 on epoch 27
Model 0 test auc = 0.783079
Ensemble test auc = 0.783079
1-fold cross validation
	Seed 0 ==> test auc = 0.783079
Overall test auc = 0.783079 +/- 0.000000
Elapsed time = 0:09:28
Fold 0
Fold 0
Model 0 best validation auc = 0.833045 on epoch 9
Model 0 test auc = 0.842180
Ensemble test auc = 0.842180
1-fold cross validation
	Seed 0 ==> test auc = 0.842180
Overall test auc = 0.842180 +/- 0.000000
Elapsed time = 0:06:28
Model 0 best validation auc = 0.833045 on epoch 9
Model 0 test auc = 0.842180
Ensemble test auc = 0.842180
1-fold cross validation
	Seed 0 ==> test auc = 0.842180
Overall test auc = 0.842180 +/- 0.000000
Elapsed time = 0:06:19
